# zsim stats
===
root: # Stats
 contention: # Contention simulation stats
  domain-0: # Domain stats
   time: 204479800 # Weave simulation time
 time: # Simulator time breakdown
  init: 3110896047
  bound: 50550361082
  weave: 852749474
  ff: 9602097
 trigger: 20000 # Reason for this stats dump
 phase: 39772 # Simulated phases
 westmere: # Core stats
  westmere-0: # Core stats
   cycles: 397719065 # Simulated unhalted cycles
   cCycles: 86349 # Cycles due to contention stalls
   instrs: 507838614 # Simulated instructions
   uops: 621931270 # Retired micro-ops
   bbls: 48855703 # Basic blocks
   approxInstrs: 6665768 # Instrs with approx uop decoding
   mispredBranches: 242356 # Mispredicted branches
   condBranches: 30583394 # conditional branches
  westmere-1: # Core stats
   cycles: 397564249 # Simulated unhalted cycles
   cCycles: 85299 # Cycles due to contention stalls
   instrs: 507826013 # Simulated instructions
   uops: 621914800 # Retired micro-ops
   bbls: 48856747 # Basic blocks
   approxInstrs: 6666304 # Instrs with approx uop decoding
   mispredBranches: 242322 # Mispredicted branches
   condBranches: 30582723 # conditional branches
  westmere-2: # Core stats
   cycles: 397559850 # Simulated unhalted cycles
   cCycles: 86094 # Cycles due to contention stalls
   instrs: 507838513 # Simulated instructions
   uops: 621931700 # Retired micro-ops
   bbls: 48854447 # Basic blocks
   approxInstrs: 6666504 # Instrs with approx uop decoding
   mispredBranches: 242499 # Mispredicted branches
   condBranches: 30582523 # conditional branches
  westmere-3: # Core stats
   cycles: 397596762 # Simulated unhalted cycles
   cCycles: 84561 # Cycles due to contention stalls
   instrs: 507819013 # Simulated instructions
   uops: 621906700 # Retired micro-ops
   bbls: 48856447 # Basic blocks
   approxInstrs: 6665804 # Instrs with approx uop decoding
   mispredBranches: 244689 # Mispredicted branches
   condBranches: 30582823 # conditional branches
  westmere-4: # Core stats
   cycles: 397599250 # Simulated unhalted cycles
   cCycles: 85109 # Cycles due to contention stalls
   instrs: 507858713 # Simulated instructions
   uops: 621955800 # Retired micro-ops
   bbls: 48856747 # Basic blocks
   approxInstrs: 6668804 # Instrs with approx uop decoding
   mispredBranches: 242392 # Mispredicted branches
   condBranches: 30582323 # conditional branches
  westmere-5: # Core stats
   cycles: 397587254 # Simulated unhalted cycles
   cCycles: 83771 # Cycles due to contention stalls
   instrs: 507846413 # Simulated instructions
   uops: 621940300 # Retired micro-ops
   bbls: 48859247 # Basic blocks
   approxInstrs: 6669604 # Instrs with approx uop decoding
   mispredBranches: 243301 # Mispredicted branches
   condBranches: 30582723 # conditional branches
  westmere-6: # Core stats
   cycles: 397614242 # Simulated unhalted cycles
   cCycles: 84015 # Cycles due to contention stalls
   instrs: 507837413 # Simulated instructions
   uops: 621928900 # Retired micro-ops
   bbls: 48855047 # Basic blocks
   approxInstrs: 6666004 # Instrs with approx uop decoding
   mispredBranches: 244958 # Mispredicted branches
   condBranches: 30582423 # conditional branches
  westmere-7: # Core stats
   cycles: 397562607 # Simulated unhalted cycles
   cCycles: 84700 # Cycles due to contention stalls
   instrs: 507835241 # Simulated instructions
   uops: 621928208 # Retired micro-ops
   bbls: 48857800 # Basic blocks
   approxInstrs: 6667526 # Instrs with approx uop decoding
   mispredBranches: 242672 # Mispredicted branches
   condBranches: 30583627 # conditional branches
 l1i: # Cache stats
  l1i-0: # Filter cache stats
   fhGETS: 54378936 # Filtered GETS hits
   fhGETX: 0 # Filtered GETX hits
   hGETS: 15624240 # GETS hits
   hGETX: 0 # GETX hits
   mGETS: 197 # GETS misses
   mGETXIM: 0 # GETX I->M misses
   mGETXSM: 0 # GETX S->M misses (upgrade misses)
   PUTS: 0 # Clean evictions (from lower level)
   PUTX: 0 # Dirty evictions (from lower level)
   INV: 0 # Invalidates (from upper level)
   INVX: 0 # Downgrades (from upper level)
   FWD: 0 # Forwards (from upper level)
   latGETnl: 16868 # GET request latency on next level
   latGETnet: 0 # GET request latency on network to next level
  l1i-1: # Filter cache stats
   fhGETS: 54385411 # Filtered GETS hits
   fhGETX: 0 # Filtered GETX hits
   hGETS: 15618608 # GETS hits
   hGETX: 0 # GETX hits
   mGETS: 85 # GETS misses
   mGETXIM: 0 # GETX I->M misses
   mGETXSM: 0 # GETX S->M misses (upgrade misses)
   PUTS: 0 # Clean evictions (from lower level)
   PUTX: 0 # Dirty evictions (from lower level)
   INV: 0 # Invalidates (from upper level)
   INVX: 0 # Downgrades (from upper level)
   FWD: 0 # Forwards (from upper level)
   latGETnl: 9010 # GET request latency on next level
   latGETnet: 0 # GET request latency on network to next level
  l1i-2: # Filter cache stats
   fhGETS: 54370557 # Filtered GETS hits
   fhGETX: 0 # Filtered GETX hits
   hGETS: 15632354 # GETS hits
   hGETX: 0 # GETX hits
   mGETS: 88 # GETS misses
   mGETXIM: 0 # GETX I->M misses
   mGETXSM: 0 # GETX S->M misses (upgrade misses)
   PUTS: 0 # Clean evictions (from lower level)
   PUTX: 0 # Dirty evictions (from lower level)
   INV: 0 # Invalidates (from upper level)
   INVX: 0 # Downgrades (from upper level)
   FWD: 0 # Forwards (from upper level)
   latGETnl: 3442 # GET request latency on next level
   latGETnet: 0 # GET request latency on network to next level
  l1i-3: # Filter cache stats
   fhGETS: 54387779 # Filtered GETS hits
   fhGETX: 0 # Filtered GETX hits
   hGETS: 15627583 # GETS hits
   hGETX: 0 # GETX hits
   mGETS: 88 # GETS misses
   mGETXIM: 0 # GETX I->M misses
   mGETXSM: 0 # GETX S->M misses (upgrade misses)
   PUTS: 0 # Clean evictions (from lower level)
   PUTX: 0 # Dirty evictions (from lower level)
   INV: 0 # Invalidates (from upper level)
   INVX: 0 # Downgrades (from upper level)
   FWD: 0 # Forwards (from upper level)
   latGETnl: 2992 # GET request latency on next level
   latGETnet: 0 # GET request latency on network to next level
  l1i-4: # Filter cache stats
   fhGETS: 54375496 # Filtered GETS hits
   fhGETX: 0 # Filtered GETX hits
   hGETS: 15629576 # GETS hits
   hGETX: 0 # GETX hits
   mGETS: 88 # GETS misses
   mGETXIM: 0 # GETX I->M misses
   mGETXSM: 0 # GETX S->M misses (upgrade misses)
   PUTS: 0 # Clean evictions (from lower level)
   PUTX: 0 # Dirty evictions (from lower level)
   INV: 0 # Invalidates (from upper level)
   INVX: 0 # Downgrades (from upper level)
   FWD: 0 # Forwards (from upper level)
   latGETnl: 2992 # GET request latency on next level
   latGETnet: 0 # GET request latency on network to next level
  l1i-5: # Filter cache stats
   fhGETS: 54385494 # Filtered GETS hits
   fhGETX: 0 # Filtered GETX hits
   hGETS: 15625723 # GETS hits
   hGETX: 0 # GETX hits
   mGETS: 85 # GETS misses
   mGETXIM: 0 # GETX I->M misses
   mGETXSM: 0 # GETX S->M misses (upgrade misses)
   PUTS: 0 # Clean evictions (from lower level)
   PUTX: 0 # Dirty evictions (from lower level)
   INV: 0 # Invalidates (from upper level)
   INVX: 0 # Downgrades (from upper level)
   FWD: 0 # Forwards (from upper level)
   latGETnl: 2890 # GET request latency on next level
   latGETnet: 0 # GET request latency on network to next level
  l1i-6: # Filter cache stats
   fhGETS: 54384882 # Filtered GETS hits
   fhGETX: 0 # Filtered GETX hits
   hGETS: 15631229 # GETS hits
   hGETX: 0 # GETX hits
   mGETS: 87 # GETS misses
   mGETXIM: 0 # GETX I->M misses
   mGETXSM: 0 # GETX S->M misses (upgrade misses)
   PUTS: 0 # Clean evictions (from lower level)
   PUTX: 0 # Dirty evictions (from lower level)
   INV: 0 # Invalidates (from upper level)
   INVX: 0 # Downgrades (from upper level)
   FWD: 0 # Forwards (from upper level)
   latGETnl: 2958 # GET request latency on next level
   latGETnet: 0 # GET request latency on network to next level
  l1i-7: # Filter cache stats
   fhGETS: 54376939 # Filtered GETS hits
   fhGETX: 0 # Filtered GETX hits
   hGETS: 15629286 # GETS hits
   hGETX: 0 # GETX hits
   mGETS: 237 # GETS misses
   mGETXIM: 0 # GETX I->M misses
   mGETXSM: 0 # GETX S->M misses (upgrade misses)
   PUTS: 0 # Clean evictions (from lower level)
   PUTX: 0 # Dirty evictions (from lower level)
   INV: 0 # Invalidates (from upper level)
   INVX: 0 # Downgrades (from upper level)
   FWD: 0 # Forwards (from upper level)
   latGETnl: 20118 # GET request latency on next level
   latGETnet: 0 # GET request latency on network to next level
 l1d: # Cache stats
  l1d-0: # Filter cache stats
   fhGETS: 96463019 # Filtered GETS hits
   fhGETX: 39154263 # Filtered GETX hits
   hGETS: 9704259 # GETS hits
   hGETX: 1995951 # GETX hits
   mGETS: 452907 # GETS misses
   mGETXIM: 51433 # GETX I->M misses
   mGETXSM: 11 # GETX S->M misses (upgrade misses)
   PUTS: 0 # Clean evictions (from lower level)
   PUTX: 0 # Dirty evictions (from lower level)
   INV: 36 # Invalidates (from upper level)
   INVX: 41 # Downgrades (from upper level)
   FWD: 0 # Forwards (from upper level)
   latGETnl: 7381650 # GET request latency on next level
   latGETnet: 0 # GET request latency on network to next level
  l1d-1: # Filter cache stats
   fhGETS: 96454885 # Filtered GETS hits
   fhGETX: 39148932 # Filtered GETX hits
   hGETS: 9700896 # GETS hits
   hGETX: 2000004 # GETX hits
   mGETS: 461980 # GETS misses
   mGETXIM: 51310 # GETX I->M misses
   mGETXSM: 2 # GETX S->M misses (upgrade misses)
   PUTS: 0 # Clean evictions (from lower level)
   PUTX: 0 # Dirty evictions (from lower level)
   INV: 106 # Invalidates (from upper level)
   INVX: 83 # Downgrades (from upper level)
   FWD: 0 # Forwards (from upper level)
   latGETnl: 6573443 # GET request latency on next level
   latGETnet: 0 # GET request latency on network to next level
  l1d-2: # Filter cache stats
   fhGETS: 96442608 # Filtered GETS hits
   fhGETX: 39157032 # Filtered GETX hits
   hGETS: 9727072 # GETS hits
   hGETX: 1992602 # GETX hits
   mGETS: 450081 # GETS misses
   mGETXIM: 51312 # GETX I->M misses
   mGETXSM: 2 # GETX S->M misses (upgrade misses)
   PUTS: 0 # Clean evictions (from lower level)
   PUTX: 0 # Dirty evictions (from lower level)
   INV: 106 # Invalidates (from upper level)
   INVX: 41 # Downgrades (from upper level)
   FWD: 0 # Forwards (from upper level)
   latGETnl: 6504545 # GET request latency on next level
   latGETnet: 0 # GET request latency on network to next level
  l1d-3: # Filter cache stats
   fhGETS: 96457110 # Filtered GETS hits
   fhGETX: 39154132 # Filtered GETX hits
   hGETS: 9703872 # GETS hits
   hGETX: 1994902 # GETX hits
   mGETS: 455379 # GETS misses
   mGETXIM: 51312 # GETX I->M misses
   mGETXSM: 2 # GETX S->M misses (upgrade misses)
   PUTS: 0 # Clean evictions (from lower level)
   PUTX: 0 # Dirty evictions (from lower level)
   INV: 104 # Invalidates (from upper level)
   INVX: 41 # Downgrades (from upper level)
   FWD: 0 # Forwards (from upper level)
   latGETnl: 6507333 # GET request latency on next level
   latGETnet: 0 # GET request latency on network to next level
  l1d-4: # Filter cache stats
   fhGETS: 96472711 # Filtered GETS hits
   fhGETX: 39162132 # Filtered GETX hits
   hGETS: 9696870 # GETS hits
   hGETX: 1988020 # GETX hits
   mGETS: 454280 # GETS misses
   mGETXIM: 51394 # GETX I->M misses
   mGETXSM: 2 # GETX S->M misses (upgrade misses)
   PUTS: 0 # Clean evictions (from lower level)
   PUTX: 0 # Dirty evictions (from lower level)
   INV: 106 # Invalidates (from upper level)
   INVX: 38 # Downgrades (from upper level)
   FWD: 0 # Forwards (from upper level)
   latGETnl: 6533407 # GET request latency on next level
   latGETnet: 0 # GET request latency on network to next level
  l1d-5: # Filter cache stats
   fhGETS: 96486801 # Filtered GETS hits
   fhGETX: 39161932 # Filtered GETX hits
   hGETS: 9657115 # GETS hits
   hGETX: 1987902 # GETX hits
   mGETS: 477145 # GETS misses
   mGETXIM: 51412 # GETX I->M misses
   mGETXSM: 2 # GETX S->M misses (upgrade misses)
   PUTS: 0 # Clean evictions (from lower level)
   PUTX: 0 # Dirty evictions (from lower level)
   INV: 286 # Invalidates (from upper level)
   INVX: 13 # Downgrades (from upper level)
   FWD: 0 # Forwards (from upper level)
   latGETnl: 6728643 # GET request latency on next level
   latGETnet: 0 # GET request latency on network to next level
  l1d-6: # Filter cache stats
   fhGETS: 96464823 # Filtered GETS hits
   fhGETX: 39151032 # Filtered GETX hits
   hGETS: 9686554 # GETS hits
   hGETX: 1997992 # GETX hits
   mGETS: 468784 # GETS misses
   mGETXIM: 51322 # GETX I->M misses
   mGETXSM: 2 # GETX S->M misses (upgrade misses)
   PUTS: 0 # Clean evictions (from lower level)
   PUTX: 0 # Dirty evictions (from lower level)
   INV: 19 # Invalidates (from upper level)
   INVX: 19 # Downgrades (from upper level)
   FWD: 0 # Forwards (from upper level)
   latGETnl: 6675544 # GET request latency on next level
   latGETnet: 0 # GET request latency on network to next level
  l1d-7: # Filter cache stats
   fhGETS: 96444325 # Filtered GETS hits
   fhGETX: 39161207 # Filtered GETX hits
   hGETS: 9720433 # GETS hits
   hGETX: 1989338 # GETX hits
   mGETS: 454370 # GETS misses
   mGETXIM: 51343 # GETX I->M misses
   mGETXSM: 22 # GETX S->M misses (upgrade misses)
   PUTS: 0 # Clean evictions (from lower level)
   PUTX: 0 # Dirty evictions (from lower level)
   INV: 213 # Invalidates (from upper level)
   INVX: 9 # Downgrades (from upper level)
   FWD: 0 # Forwards (from upper level)
   latGETnl: 6470351 # GET request latency on next level
   latGETnet: 0 # GET request latency on network to next level
 l2: # Cache stats
  l2-0: # Cache stats
   hGETS: 381658 # GETS hits
   hGETX: 39402 # GETX hits
   mGETS: 71446 # GETS misses
   mGETXIM: 12031 # GETX I->M misses
   mGETXSM: 11 # GETX S->M misses (upgrade misses)
   PUTS: 452462 # Clean evictions (from lower level)
   PUTX: 51331 # Dirty evictions (from lower level)
   INV: 154 # Invalidates (from upper level)
   INVX: 64 # Downgrades (from upper level)
   FWD: 0 # Forwards (from upper level)
   latGETnl: 2353038 # GET request latency on next level
   latGETnet: 0 # GET request latency on network to next level
  l2-1: # Cache stats
   hGETS: 422432 # GETS hits
   hGETX: 44649 # GETX hits
   mGETS: 39633 # GETS misses
   mGETXIM: 6661 # GETX I->M misses
   mGETXSM: 2 # GETX S->M misses (upgrade misses)
   PUTS: 461528 # Clean evictions (from lower level)
   PUTX: 51146 # Dirty evictions (from lower level)
   INV: 106 # Invalidates (from upper level)
   INVX: 83 # Downgrades (from upper level)
   FWD: 0 # Forwards (from upper level)
   latGETnl: 1448683 # GET request latency on next level
   latGETnet: 0 # GET request latency on network to next level
  l2-2: # Cache stats
   hGETS: 408751 # GETS hits
   hGETX: 44253 # GETX hits
   mGETS: 41418 # GETS misses
   mGETXIM: 7059 # GETX I->M misses
   mGETXSM: 2 # GETX S->M misses (upgrade misses)
   PUTS: 449631 # Clean evictions (from lower level)
   PUTX: 51147 # Dirty evictions (from lower level)
   INV: 206 # Invalidates (from upper level)
   INVX: 41 # Downgrades (from upper level)
   FWD: 0 # Forwards (from upper level)
   latGETnl: 1493157 # GET request latency on next level
   latGETnet: 0 # GET request latency on network to next level
  l2-3: # Cache stats
   hGETS: 415836 # GETS hits
   hGETX: 44550 # GETX hits
   mGETS: 39631 # GETS misses
   mGETXIM: 6762 # GETX I->M misses
   mGETXSM: 2 # GETX S->M misses (upgrade misses)
   PUTS: 454930 # Clean evictions (from lower level)
   PUTX: 51147 # Dirty evictions (from lower level)
   INV: 205 # Invalidates (from upper level)
   INVX: 42 # Downgrades (from upper level)
   FWD: 0 # Forwards (from upper level)
   latGETnl: 1442515 # GET request latency on next level
   latGETnet: 0 # GET request latency on network to next level
  l2-4: # Cache stats
   hGETS: 413548 # GETS hits
   hGETX: 44354 # GETX hits
   mGETS: 40820 # GETS misses
   mGETXIM: 7040 # GETX I->M misses
   mGETXSM: 2 # GETX S->M misses (upgrade misses)
   PUTS: 453831 # Clean evictions (from lower level)
   PUTX: 51228 # Dirty evictions (from lower level)
   INV: 286 # Invalidates (from upper level)
   INVX: 41 # Downgrades (from upper level)
   FWD: 0 # Forwards (from upper level)
   latGETnl: 1478759 # GET request latency on next level
   latGETnet: 0 # GET request latency on network to next level
  l2-5: # Cache stats
   hGETS: 437500 # GETS hits
   hGETX: 44570 # GETX hits
   mGETS: 39730 # GETS misses
   mGETXIM: 6842 # GETX I->M misses
   mGETXSM: 2 # GETX S->M misses (upgrade misses)
   PUTS: 476696 # Clean evictions (from lower level)
   PUTX: 51066 # Dirty evictions (from lower level)
   INV: 286 # Invalidates (from upper level)
   INVX: 13 # Downgrades (from upper level)
   FWD: 0 # Forwards (from upper level)
   latGETnl: 1445093 # GET request latency on next level
   latGETnet: 0 # GET request latency on network to next level
  l2-6: # Cache stats
   hGETS: 427950 # GETS hits
   hGETX: 44353 # GETX hits
   mGETS: 40921 # GETS misses
   mGETXIM: 6969 # GETX I->M misses
   mGETXSM: 2 # GETX S->M misses (upgrade misses)
   PUTS: 468335 # Clean evictions (from lower level)
   PUTX: 51242 # Dirty evictions (from lower level)
   INV: 213 # Invalidates (from upper level)
   INVX: 19 # Downgrades (from upper level)
   FWD: 0 # Forwards (from upper level)
   latGETnl: 1476552 # GET request latency on next level
   latGETnet: 0 # GET request latency on network to next level
  l2-7: # Cache stats
   hGETS: 415831 # GETS hits
   hGETX: 44753 # GETX hits
   mGETS: 38776 # GETS misses
   mGETXIM: 6590 # GETX I->M misses
   mGETXSM: 22 # GETX S->M misses (upgrade misses)
   PUTS: 453928 # Clean evictions (from lower level)
   PUTX: 51062 # Dirty evictions (from lower level)
   INV: 214 # Invalidates (from upper level)
   INVX: 9 # Downgrades (from upper level)
   FWD: 0 # Forwards (from upper level)
   latGETnl: 1430749 # GET request latency on next level
   latGETnet: 0 # GET request latency on network to next level
 l3: # Cache stats
  l3-0b0: # Cache stats
   hGETS: 51952 # GETS hits
   hGETX: 8817 # GETX hits
   mGETS: 3145 # GETS misses
   mGETXIM: 530 # GETX I->M misses
   mGETXSM: 0 # GETX S->M misses (upgrade misses)
   PUTS: 51738 # Clean evictions (from lower level)
   PUTX: 8882 # Dirty evictions (from lower level)
   INV: 0 # Invalidates (from upper level)
   INVX: 0 # Downgrades (from upper level)
   FWD: 0 # Forwards (from upper level)
   latGETnl: 330750 # GET request latency on next level
   latGETnet: 0 # GET request latency on network to next level
  l3-0b1: # Cache stats
   hGETS: 51987 # GETS hits
   hGETX: 8430 # GETX hits
   mGETS: 3152 # GETS misses
   mGETXIM: 537 # GETX I->M misses
   mGETXSM: 0 # GETX S->M misses (upgrade misses)
   PUTS: 51734 # Clean evictions (from lower level)
   PUTX: 8495 # Dirty evictions (from lower level)
   INV: 0 # Invalidates (from upper level)
   INVX: 0 # Downgrades (from upper level)
   FWD: 0 # Forwards (from upper level)
   latGETnl: 332010 # GET request latency on next level
   latGETnet: 0 # GET request latency on network to next level
  l3-0b2: # Cache stats
   hGETS: 37528 # GETS hits
   hGETX: 7144 # GETX hits
   mGETS: 3142 # GETS misses
   mGETXIM: 534 # GETX I->M misses
   mGETXSM: 0 # GETX S->M misses (upgrade misses)
   PUTS: 37283 # Clean evictions (from lower level)
   PUTX: 7198 # Dirty evictions (from lower level)
   INV: 0 # Invalidates (from upper level)
   INVX: 0 # Downgrades (from upper level)
   FWD: 0 # Forwards (from upper level)
   latGETnl: 330840 # GET request latency on next level
   latGETnet: 0 # GET request latency on network to next level
  l3-0b3: # Cache stats
   hGETS: 38194 # GETS hits
   hGETX: 5353 # GETX hits
   mGETS: 3146 # GETS misses
   mGETXIM: 533 # GETX I->M misses
   mGETXSM: 0 # GETX S->M misses (upgrade misses)
   PUTS: 37981 # Clean evictions (from lower level)
   PUTX: 5403 # Dirty evictions (from lower level)
   INV: 0 # Invalidates (from upper level)
   INVX: 0 # Downgrades (from upper level)
   FWD: 0 # Forwards (from upper level)
   latGETnl: 331110 # GET request latency on next level
   latGETnet: 0 # GET request latency on network to next level
  l3-0b4: # Cache stats
   hGETS: 35251 # GETS hits
   hGETX: 7732 # GETX hits
   mGETS: 3153 # GETS misses
   mGETXIM: 530 # GETX I->M misses
   mGETXSM: 0 # GETX S->M misses (upgrade misses)
   PUTS: 35017 # Clean evictions (from lower level)
   PUTX: 6198 # Dirty evictions (from lower level)
   INV: 0 # Invalidates (from upper level)
   INVX: 0 # Downgrades (from upper level)
   FWD: 0 # Forwards (from upper level)
   latGETnl: 331470 # GET request latency on next level
   latGETnet: 0 # GET request latency on network to next level
  l3-0b5: # Cache stats
   hGETS: 35545 # GETS hits
   hGETX: 5558 # GETX hits
   mGETS: 3145 # GETS misses
   mGETXIM: 536 # GETX I->M misses
   mGETXSM: 0 # GETX S->M misses (upgrade misses)
   PUTS: 35291 # Clean evictions (from lower level)
   PUTX: 5595 # Dirty evictions (from lower level)
   INV: 0 # Invalidates (from upper level)
   INVX: 0 # Downgrades (from upper level)
   FWD: 0 # Forwards (from upper level)
   latGETnl: 331290 # GET request latency on next level
   latGETnet: 0 # GET request latency on network to next level
  l3-0b6: # Cache stats
   hGETS: 38329 # GETS hits
   hGETX: 6355 # GETX hits
   mGETS: 3150 # GETS misses
   mGETXIM: 536 # GETX I->M misses
   mGETXSM: 0 # GETX S->M misses (upgrade misses)
   PUTS: 38077 # Clean evictions (from lower level)
   PUTX: 6391 # Dirty evictions (from lower level)
   INV: 0 # Invalidates (from upper level)
   INVX: 0 # Downgrades (from upper level)
   FWD: 0 # Forwards (from upper level)
   latGETnl: 331740 # GET request latency on next level
   latGETnet: 0 # GET request latency on network to next level
  l3-0b7: # Cache stats
   hGETS: 38407 # GETS hits
   hGETX: 6342 # GETX hits
   mGETS: 3149 # GETS misses
   mGETXIM: 532 # GETX I->M misses
   mGETXSM: 0 # GETX S->M misses (upgrade misses)
   PUTS: 38169 # Clean evictions (from lower level)
   PUTX: 6412 # Dirty evictions (from lower level)
   INV: 0 # Invalidates (from upper level)
   INVX: 0 # Downgrades (from upper level)
   FWD: 0 # Forwards (from upper level)
   latGETnl: 331290 # GET request latency on next level
   latGETnet: 0 # GET request latency on network to next level
 mem: # Memory controller stats
  mem-0: # Memory controller stats
   rd: 7377 # Read requests
   wr: 0 # Write requests
   rdlat: 1215371 # Total latency experienced by read requests
   wrlat: 0 # Total latency experienced by write requests
   rdhits: 3112 # Read row hits
   wrhits: 0 # Write row hits
   mlh: # latency histogram for memory requests
    0: 0
    1: 0
    2: 0
    3: 0
    4: 0
    5: 0
    6: 0
    7: 0
    8: 0
    9: 0
    10: 0
    11: 6
    12: 6
    13: 2093
    14: 1008
    15: 887
    16: 140
    17: 994
    18: 987
    19: 835
    20: 197
    21: 32
    22: 14
    23: 10
    24: 10
    25: 9
    26: 11
    27: 6
    28: 4
    29: 2
    30: 6
    31: 6
    32: 5
    33: 5
    34: 14
    35: 11
    36: 9
    37: 6
    38: 7
    39: 7
    40: 7
    41: 4
    42: 3
    43: 2
    44: 4
    45: 2
    46: 2
    47: 1
    48: 6
    49: 6
    50: 5
    51: 1
    52: 3
    53: 1
    54: 1
    55: 1
    56: 1
    57: 0
    58: 0
    59: 0
    60: 0
    61: 0
    62: 0
    63: 0
    64: 0
    65: 0
    66: 0
    67: 0
    68: 0
    69: 0
    70: 0
    71: 0
    72: 0
    73: 0
    74: 0
    75: 0
    76: 0
    77: 0
    78: 0
    79: 0
    80: 0
    81: 0
    82: 0
    83: 0
    84: 0
    85: 0
    86: 0
    87: 0
    88: 0
    89: 0
    90: 0
    91: 0
    92: 0
    93: 0
    94: 0
    95: 0
    96: 0
    97: 0
    98: 0
    99: 0
  mem-1: # Memory controller stats
   rd: 7354 # Read requests
   wr: 0 # Write requests
   rdlat: 1210245 # Total latency experienced by read requests
   wrlat: 0 # Total latency experienced by write requests
   rdhits: 3115 # Read row hits
   wrhits: 0 # Write row hits
   mlh: # latency histogram for memory requests
    0: 0
    1: 0
    2: 0
    3: 0
    4: 0
    5: 0
    6: 0
    7: 0
    8: 0
    9: 0
    10: 0
    11: 5
    12: 9
    13: 2078
    14: 1002
    15: 862
    16: 161
    17: 997
    18: 1002
    19: 815
    20: 204
    21: 32
    22: 10
    23: 12
    24: 11
    25: 10
    26: 8
    27: 9
    28: 6
    29: 6
    30: 9
    31: 8
    32: 10
    33: 4
    34: 8
    35: 3
    36: 5
    37: 6
    38: 5
    39: 4
    40: 6
    41: 3
    42: 9
    43: 5
    44: 3
    45: 6
    46: 5
    47: 4
    48: 3
    49: 5
    50: 4
    51: 0
    52: 0
    53: 0
    54: 0
    55: 0
    56: 0
    57: 0
    58: 0
    59: 0
    60: 0
    61: 0
    62: 0
    63: 0
    64: 0
    65: 0
    66: 0
    67: 0
    68: 0
    69: 0
    70: 0
    71: 0
    72: 0
    73: 0
    74: 0
    75: 0
    76: 0
    77: 0
    78: 0
    79: 0
    80: 0
    81: 0
    82: 0
    83: 0
    84: 0
    85: 0
    86: 0
    87: 0
    88: 0
    89: 0
    90: 0
    91: 0
    92: 0
    93: 0
    94: 0
    95: 0
    96: 0
    97: 0
    98: 0
    99: 0
  mem-2: # Memory controller stats
   rd: 7349 # Read requests
   wr: 0 # Write requests
   rdlat: 1198144 # Total latency experienced by read requests
   wrlat: 0 # Total latency experienced by write requests
   rdhits: 3098 # Read row hits
   wrhits: 0 # Write row hits
   mlh: # latency histogram for memory requests
    0: 0
    1: 0
    2: 0
    3: 0
    4: 0
    5: 0
    6: 0
    7: 0
    8: 0
    9: 0
    10: 0
    11: 4
    12: 10
    13: 2090
    14: 1010
    15: 874
    16: 164
    17: 1002
    18: 995
    19: 827
    20: 200
    21: 30
    22: 13
    23: 8
    24: 9
    25: 10
    26: 10
    27: 6
    28: 6
    29: 8
    30: 8
    31: 7
    32: 5
    33: 9
    34: 8
    35: 4
    36: 3
    37: 3
    38: 3
    39: 2
    40: 2
    41: 2
    42: 2
    43: 1
    44: 0
    45: 0
    46: 0
    47: 1
    48: 3
    49: 3
    50: 2
    51: 3
    52: 1
    53: 1
    54: 0
    55: 0
    56: 0
    57: 0
    58: 0
    59: 0
    60: 0
    61: 0
    62: 0
    63: 0
    64: 0
    65: 0
    66: 0
    67: 0
    68: 0
    69: 0
    70: 0
    71: 0
    72: 0
    73: 0
    74: 0
    75: 0
    76: 0
    77: 0
    78: 0
    79: 0
    80: 0
    81: 0
    82: 0
    83: 0
    84: 0
    85: 0
    86: 0
    87: 0
    88: 0
    89: 0
    90: 0
    91: 0
    92: 0
    93: 0
    94: 0
    95: 0
    96: 0
    97: 0
    98: 0
    99: 0
  mem-3: # Memory controller stats
   rd: 7354 # Read requests
   wr: 0 # Write requests
   rdlat: 1204388 # Total latency experienced by read requests
   wrlat: 0 # Total latency experienced by write requests
   rdhits: 3112 # Read row hits
   wrhits: 0 # Write row hits
   mlh: # latency histogram for memory requests
    0: 0
    1: 0
    2: 0
    3: 0
    4: 0
    5: 0
    6: 0
    7: 0
    8: 0
    9: 0
    10: 0
    11: 8
    12: 9
    13: 2105
    14: 1004
    15: 872
    16: 152
    17: 994
    18: 995
    19: 826
    20: 203
    21: 22
    22: 14
    23: 8
    24: 11
    25: 11
    26: 12
    27: 5
    28: 4
    29: 5
    30: 6
    31: 8
    32: 10
    33: 6
    34: 5
    35: 3
    36: 1
    37: 4
    38: 3
    39: 3
    40: 4
    41: 1
    42: 4
    43: 5
    44: 5
    45: 1
    46: 1
    47: 3
    48: 4
    49: 5
    50: 5
    51: 1
    52: 3
    53: 3
    54: 0
    55: 0
    56: 0
    57: 0
    58: 0
    59: 0
    60: 0
    61: 0
    62: 0
    63: 0
    64: 0
    65: 0
    66: 0
    67: 0
    68: 0
    69: 0
    70: 0
    71: 0
    72: 0
    73: 0
    74: 0
    75: 0
    76: 0
    77: 0
    78: 0
    79: 0
    80: 0
    81: 0
    82: 0
    83: 0
    84: 0
    85: 0
    86: 0
    87: 0
    88: 0
    89: 0
    90: 0
    91: 0
    92: 0
    93: 0
    94: 0
    95: 0
    96: 0
    97: 0
    98: 0
    99: 0
 sched: # Scheduler stats
  thCr: 9 # Threads created
  thFn: 9 # Threads finished
  schedEvs: 10 # Schedule events
  waitEvs: 1 # Wait events
  handoffEvs: 0 # Handoff events
  sleepEvs: 0 # Sleep events
  idlePhases: 0 # Phases with no thread active
  idlePeriods: 0 # Periods with no thread active
  occHist: # Occupancy histogram
   0: 0
   1: 1
   2: 10
   3: 2
   4: 0
   5: 1
   6: 3
   7: 0
   8: 39755
  rqSzHist: # Run queue size histogram
   0: 39772
   1: 0
   2: 0
   3: 0
   4: 0
   5: 0
   6: 0
   7: 0
   8: 0
   9: 0
   10: 0
   11: 0
   12: 0
   13: 0
   14: 0
   15: 0
   16: 0
 procCycles: # Per-process unhalted core cycles
  0: 3180802902
  1: 0
  2: 0
  3: 0
  4: 0
  5: 0
  6: 0
  7: 0
  8: 0
  9: 0
  10: 0
  11: 0
  12: 0
  13: 0
  14: 0
  15: 0
  16: 0
  17: 0
  18: 0
  19: 0
  20: 0
  21: 0
  22: 0
  23: 0
  24: 0
  25: 0
  26: 0
  27: 0
  28: 0
  29: 0
  30: 0
  31: 0
  32: 0
  33: 0
  34: 0
  35: 0
  36: 0
  37: 0
  38: 0
  39: 0
  40: 0
  41: 0
  42: 0
  43: 0
  44: 0
  45: 0
  46: 0
  47: 0
  48: 0
  49: 0
  50: 0
  51: 0
  52: 0
  53: 0
  54: 0
  55: 0
  56: 0
  57: 0
  58: 0
  59: 0
  60: 0
  61: 0
  62: 0
  63: 0
 procInstrs: # Per-process instructions
  0: 4062699933
  1: 0
  2: 0
  3: 0
  4: 0
  5: 0
  6: 0
  7: 0
  8: 0
  9: 0
  10: 0
  11: 0
  12: 0
  13: 0
  14: 0
  15: 0
  16: 0
  17: 0
  18: 0
  19: 0
  20: 0
  21: 0
  22: 0
  23: 0
  24: 0
  25: 0
  26: 0
  27: 0
  28: 0
  29: 0
  30: 0
  31: 0
  32: 0
  33: 0
  34: 0
  35: 0
  36: 0
  37: 0
  38: 0
  39: 0
  40: 0
  41: 0
  42: 0
  43: 0
  44: 0
  45: 0
  46: 0
  47: 0
  48: 0
  49: 0
  50: 0
  51: 0
  52: 0
  53: 0
  54: 0
  55: 0
  56: 0
  57: 0
  58: 0
  59: 0
  60: 0
  61: 0
  62: 0
  63: 0
 heartbeats: # Per-process heartbeats
  0: 0
  1: 0
  2: 0
  3: 0
  4: 0
  5: 0
  6: 0
  7: 0
  8: 0
  9: 0
  10: 0
  11: 0
  12: 0
  13: 0
  14: 0
  15: 0
  16: 0
  17: 0
  18: 0
  19: 0
  20: 0
  21: 0
  22: 0
  23: 0
  24: 0
  25: 0
  26: 0
  27: 0
  28: 0
  29: 0
  30: 0
  31: 0
  32: 0
  33: 0
  34: 0
  35: 0
  36: 0
  37: 0
  38: 0
  39: 0
  40: 0
  41: 0
  42: 0
  43: 0
  44: 0
  45: 0
  46: 0
  47: 0
  48: 0
  49: 0
  50: 0
  51: 0
  52: 0
  53: 0
  54: 0
  55: 0
  56: 0
  57: 0
  58: 0
  59: 0
  60: 0
  61: 0
  62: 0
  63: 0
===
