# zsim stats
===
root: # Stats
 contention: # Contention simulation stats
  domain-0: # Domain stats
   time: 225373374 # Weave simulation time
 time: # Simulator time breakdown
  init: 2682777286904
  bound: 10194511887
  weave: 281874949
  ff: 0
 trigger: 20000 # Reason for this stats dump
 phase: 6562 # Simulated phases
 westmere: # Core stats
  westmere-0: # Core stats
   cycles: 65620974 # Simulated unhalted cycles
   cCycles: 5962296 # Cycles due to contention stalls
   instrs: 100006598 # Simulated instructions
   uops: 142678263 # Retired micro-ops
   bbls: 4785593 # Basic blocks
   approxInstrs: 432 # Instrs with approx uop decoding
   mispredBranches: 23095 # Mispredicted branches
   condBranches: 4718283 # conditional branches
 l1i: # Cache stats
  l1i-0: # Filter cache stats
   fhGETS: 9440030 # Filtered GETS hits
   fhGETX: 0 # Filtered GETX hits
   hGETS: 19956 # GETS hits
   hGETX: 0 # GETX hits
   mGETS: 2536 # GETS misses
   mGETXIM: 0 # GETX I->M misses
   mGETXSM: 0 # GETX S->M misses (upgrade misses)
   PUTS: 0 # Clean evictions (from lower level)
   PUTX: 0 # Dirty evictions (from lower level)
   INV: 921 # Invalidates (from upper level)
   INVX: 0 # Downgrades (from upper level)
   FWD: 0 # Forwards (from upper level)
   latGETnl: 201514 # GET request latency on next level
   latGETnet: 0 # GET request latency on network to next level
 l1d: # Cache stats
  l1d-0: # Filter cache stats
   fhGETS: 27537903 # Filtered GETS hits
   fhGETX: 9098978 # Filtered GETX hits
   hGETS: 15295131 # GETS hits
   hGETX: 5955609 # GETX hits
   mGETS: 243082 # GETS misses
   mGETXIM: 291884 # GETX I->M misses
   mGETXSM: 0 # GETX S->M misses (upgrade misses)
   PUTS: 0 # Clean evictions (from lower level)
   PUTX: 0 # Dirty evictions (from lower level)
   INV: 2181 # Invalidates (from upper level)
   INVX: 0 # Downgrades (from upper level)
   FWD: 0 # Forwards (from upper level)
   latGETnl: 27723810 # GET request latency on next level
   latGETnet: 0 # GET request latency on network to next level
 l2: # Cache stats
  l2-0: # Cache stats
   hGETS: 211030 # GETS hits
   hGETX: 1486 # GETX hits
   mGETS: 34588 # GETS misses
   mGETXIM: 290398 # GETX I->M misses
   mGETXSM: 0 # GETX S->M misses (upgrade misses)
   PUTS: 241169 # Clean evictions (from lower level)
   PUTX: 292357 # Dirty evictions (from lower level)
   INV: 8549 # Invalidates (from upper level)
   INVX: 0 # Downgrades (from upper level)
   FWD: 0 # Forwards (from upper level)
   latGETnl: 22550304 # GET request latency on next level
   latGETnet: 0 # GET request latency on network to next level
 l3: # Cache stats
  l3-0: # Cache stats
   hGETS: 21313 # GETS hits
   hGETX: 139777 # GETX hits
   mGETS: 13275 # GETS misses
   mGETXIM: 150621 # GETX I->M misses
   mGETXSM: 0 # GETX S->M misses (upgrade misses)
   PUTS: 24923 # Clean evictions (from lower level)
   PUTX: 287435 # Dirty evictions (from lower level)
   INV: 0 # Invalidates (from upper level)
   INVX: 0 # Downgrades (from upper level)
   FWD: 0 # Forwards (from upper level)
   latGETnl: 14750640 # GET request latency on next level
   latGETnet: 0 # GET request latency on network to next level
 mem: # Memory controller stats
  mem-0: # Memory controller stats
   rd: 40957 # Read requests
   wr: 30165 # Write requests
   rdlat: 6128317 # Total latency experienced by read requests
   wrlat: 4576904 # Total latency experienced by write requests
   rdhits: 5 # Read row hits
   wrhits: 38 # Write row hits
   mlh: # latency histogram for memory requests
    0: 0
    1: 0
    2: 0
    3: 0
    4: 0
    5: 0
    6: 0
    7: 0
    8: 0
    9: 0
    10: 0
    11: 0
    12: 1
    13: 32306
    14: 2603
    15: 56
    16: 26
    17: 11
    18: 23
    19: 22
    20: 23
    21: 20
    22: 41
    23: 5207
    24: 27
    25: 56
    26: 31
    27: 36
    28: 14
    29: 20
    30: 32
    31: 24
    32: 21
    33: 25
    34: 24
    35: 27
    36: 24
    37: 27
    38: 27
    39: 22
    40: 22
    41: 29
    42: 30
    43: 18
    44: 3
    45: 6
    46: 4
    47: 28
    48: 9
    49: 10
    50: 7
    51: 5
    52: 8
    53: 2
    54: 0
    55: 0
    56: 0
    57: 0
    58: 0
    59: 0
    60: 0
    61: 0
    62: 0
    63: 0
    64: 0
    65: 0
    66: 0
    67: 0
    68: 0
    69: 0
    70: 0
    71: 0
    72: 0
    73: 0
    74: 0
    75: 0
    76: 0
    77: 0
    78: 0
    79: 0
    80: 0
    81: 0
    82: 0
    83: 0
    84: 0
    85: 0
    86: 0
    87: 0
    88: 0
    89: 0
    90: 0
    91: 0
    92: 0
    93: 0
    94: 0
    95: 0
    96: 0
    97: 0
    98: 0
    99: 0
  mem-1: # Memory controller stats
   rd: 41009 # Read requests
   wr: 30179 # Write requests
   rdlat: 6121434 # Total latency experienced by read requests
   wrlat: 4577415 # Total latency experienced by write requests
   rdhits: 3 # Read row hits
   wrhits: 19 # Write row hits
   mlh: # latency histogram for memory requests
    0: 0
    1: 0
    2: 0
    3: 0
    4: 0
    5: 0
    6: 0
    7: 0
    8: 0
    9: 0
    10: 0
    11: 1
    12: 0
    13: 32453
    14: 2588
    15: 71
    16: 29
    17: 9
    18: 22
    19: 12
    20: 18
    21: 17
    22: 35
    23: 5197
    24: 19
    25: 54
    26: 25
    27: 21
    28: 28
    29: 19
    30: 31
    31: 18
    32: 23
    33: 19
    34: 21
    35: 18
    36: 21
    37: 31
    38: 16
    39: 20
    40: 16
    41: 17
    42: 31
    43: 18
    44: 4
    45: 5
    46: 7
    47: 42
    48: 9
    49: 3
    50: 5
    51: 7
    52: 4
    53: 5
    54: 0
    55: 0
    56: 0
    57: 0
    58: 0
    59: 0
    60: 0
    61: 0
    62: 0
    63: 0
    64: 0
    65: 0
    66: 0
    67: 0
    68: 0
    69: 0
    70: 0
    71: 0
    72: 0
    73: 0
    74: 0
    75: 0
    76: 0
    77: 0
    78: 0
    79: 0
    80: 0
    81: 0
    82: 0
    83: 0
    84: 0
    85: 0
    86: 0
    87: 0
    88: 0
    89: 0
    90: 0
    91: 0
    92: 0
    93: 0
    94: 0
    95: 0
    96: 0
    97: 0
    98: 0
    99: 0
  mem-2: # Memory controller stats
   rd: 40990 # Read requests
   wr: 30148 # Write requests
   rdlat: 6121575 # Total latency experienced by read requests
   wrlat: 4569609 # Total latency experienced by write requests
   rdhits: 5 # Read row hits
   wrhits: 20 # Write row hits
   mlh: # latency histogram for memory requests
    0: 0
    1: 0
    2: 0
    3: 0
    4: 0
    5: 0
    6: 0
    7: 0
    8: 0
    9: 0
    10: 0
    11: 1
    12: 0
    13: 32324
    14: 2633
    15: 64
    16: 39
    17: 25
    18: 34
    19: 27
    20: 16
    21: 14
    22: 34
    23: 5221
    24: 35
    25: 56
    26: 23
    27: 26
    28: 19
    29: 22
    30: 22
    31: 22
    32: 23
    33: 23
    34: 17
    35: 22
    36: 15
    37: 21
    38: 19
    39: 20
    40: 23
    41: 36
    42: 25
    43: 10
    44: 2
    45: 2
    46: 4
    47: 31
    48: 9
    49: 6
    50: 6
    51: 13
    52: 5
    53: 1
    54: 0
    55: 0
    56: 0
    57: 0
    58: 0
    59: 0
    60: 0
    61: 0
    62: 0
    63: 0
    64: 0
    65: 0
    66: 0
    67: 0
    68: 0
    69: 0
    70: 0
    71: 0
    72: 0
    73: 0
    74: 0
    75: 0
    76: 0
    77: 0
    78: 0
    79: 0
    80: 0
    81: 0
    82: 0
    83: 0
    84: 0
    85: 0
    86: 0
    87: 0
    88: 0
    89: 0
    90: 0
    91: 0
    92: 0
    93: 0
    94: 0
    95: 0
    96: 0
    97: 0
    98: 0
    99: 0
  mem-3: # Memory controller stats
   rd: 40936 # Read requests
   wr: 30130 # Write requests
   rdlat: 6114383 # Total latency experienced by read requests
   wrlat: 4564851 # Total latency experienced by write requests
   rdhits: 8 # Read row hits
   wrhits: 20 # Write row hits
   mlh: # latency histogram for memory requests
    0: 0
    1: 0
    2: 0
    3: 0
    4: 0
    5: 0
    6: 0
    7: 0
    8: 0
    9: 0
    10: 0
    11: 0
    12: 2
    13: 32367
    14: 2585
    15: 75
    16: 27
    17: 15
    18: 12
    19: 15
    20: 15
    21: 13
    22: 35
    23: 5196
    24: 36
    25: 42
    26: 21
    27: 25
    28: 19
    29: 24
    30: 30
    31: 37
    32: 21
    33: 28
    34: 19
    35: 15
    36: 10
    37: 25
    38: 15
    39: 19
    40: 44
    41: 27
    42: 25
    43: 21
    44: 6
    45: 3
    46: 5
    47: 25
    48: 4
    49: 10
    50: 5
    51: 4
    52: 11
    53: 3
    54: 0
    55: 0
    56: 0
    57: 0
    58: 0
    59: 0
    60: 0
    61: 0
    62: 0
    63: 0
    64: 0
    65: 0
    66: 0
    67: 0
    68: 0
    69: 0
    70: 0
    71: 0
    72: 0
    73: 0
    74: 0
    75: 0
    76: 0
    77: 0
    78: 0
    79: 0
    80: 0
    81: 0
    82: 0
    83: 0
    84: 0
    85: 0
    86: 0
    87: 0
    88: 0
    89: 0
    90: 0
    91: 0
    92: 0
    93: 0
    94: 0
    95: 0
    96: 0
    97: 0
    98: 0
    99: 0
 sched: # Scheduler stats
  thCr: 1 # Threads created
  thFn: 1 # Threads finished
  schedEvs: 1 # Schedule events
  waitEvs: 0 # Wait events
  handoffEvs: 0 # Handoff events
  sleepEvs: 0 # Sleep events
  idlePhases: 0 # Phases with no thread active
  idlePeriods: 0 # Periods with no thread active
  occHist: # Occupancy histogram
   0: 0
   1: 6562
  rqSzHist: # Run queue size histogram
   0: 6562
   1: 0
   2: 0
   3: 0
   4: 0
   5: 0
   6: 0
   7: 0
   8: 0
   9: 0
   10: 0
   11: 0
   12: 0
   13: 0
   14: 0
   15: 0
   16: 0
 procCycles: # Per-process unhalted core cycles
  0: 65620974
  1: 0
  2: 0
  3: 0
  4: 0
  5: 0
  6: 0
  7: 0
  8: 0
  9: 0
  10: 0
  11: 0
  12: 0
  13: 0
  14: 0
  15: 0
  16: 0
  17: 0
  18: 0
  19: 0
  20: 0
  21: 0
  22: 0
  23: 0
  24: 0
  25: 0
  26: 0
  27: 0
  28: 0
  29: 0
  30: 0
  31: 0
  32: 0
  33: 0
  34: 0
  35: 0
  36: 0
  37: 0
  38: 0
  39: 0
  40: 0
  41: 0
  42: 0
  43: 0
  44: 0
  45: 0
  46: 0
  47: 0
  48: 0
  49: 0
  50: 0
  51: 0
  52: 0
  53: 0
  54: 0
  55: 0
  56: 0
  57: 0
  58: 0
  59: 0
  60: 0
  61: 0
  62: 0
  63: 0
 procInstrs: # Per-process instructions
  0: 100006598
  1: 0
  2: 0
  3: 0
  4: 0
  5: 0
  6: 0
  7: 0
  8: 0
  9: 0
  10: 0
  11: 0
  12: 0
  13: 0
  14: 0
  15: 0
  16: 0
  17: 0
  18: 0
  19: 0
  20: 0
  21: 0
  22: 0
  23: 0
  24: 0
  25: 0
  26: 0
  27: 0
  28: 0
  29: 0
  30: 0
  31: 0
  32: 0
  33: 0
  34: 0
  35: 0
  36: 0
  37: 0
  38: 0
  39: 0
  40: 0
  41: 0
  42: 0
  43: 0
  44: 0
  45: 0
  46: 0
  47: 0
  48: 0
  49: 0
  50: 0
  51: 0
  52: 0
  53: 0
  54: 0
  55: 0
  56: 0
  57: 0
  58: 0
  59: 0
  60: 0
  61: 0
  62: 0
  63: 0
 heartbeats: # Per-process heartbeats
  0: 0
  1: 0
  2: 0
  3: 0
  4: 0
  5: 0
  6: 0
  7: 0
  8: 0
  9: 0
  10: 0
  11: 0
  12: 0
  13: 0
  14: 0
  15: 0
  16: 0
  17: 0
  18: 0
  19: 0
  20: 0
  21: 0
  22: 0
  23: 0
  24: 0
  25: 0
  26: 0
  27: 0
  28: 0
  29: 0
  30: 0
  31: 0
  32: 0
  33: 0
  34: 0
  35: 0
  36: 0
  37: 0
  38: 0
  39: 0
  40: 0
  41: 0
  42: 0
  43: 0
  44: 0
  45: 0
  46: 0
  47: 0
  48: 0
  49: 0
  50: 0
  51: 0
  52: 0
  53: 0
  54: 0
  55: 0
  56: 0
  57: 0
  58: 0
  59: 0
  60: 0
  61: 0
  62: 0
  63: 0
===
