# zsim stats
===
root: # Stats
 contention: # Contention simulation stats
  domain-0: # Domain stats
   time: 404575995 # Weave simulation time
 time: # Simulator time breakdown
  init: 491205531340
  bound: 11427854717
  weave: 539431841
  ff: 0
 trigger: 20000 # Reason for this stats dump
 phase: 13747 # Simulated phases
 westmere: # Core stats
  westmere-0: # Core stats
   cycles: 137470044 # Simulated unhalted cycles
   cCycles: 12204415 # Cycles due to contention stalls
   instrs: 100006716 # Simulated instructions
   uops: 119767607 # Retired micro-ops
   bbls: 21927271 # Basic blocks
   approxInstrs: 221023 # Instrs with approx uop decoding
   mispredBranches: 1073568 # Mispredicted branches
   condBranches: 17140432 # conditional branches
 l1i: # Cache stats
  l1i-0: # Filter cache stats
   fhGETS: 24365258 # Filtered GETS hits
   fhGETX: 0 # Filtered GETX hits
   hGETS: 1889643 # GETS hits
   hGETX: 0 # GETX hits
   mGETS: 678670 # GETS misses
   mGETXIM: 0 # GETX I->M misses
   mGETXSM: 0 # GETX S->M misses (upgrade misses)
   PUTS: 0 # Clean evictions (from lower level)
   PUTX: 0 # Dirty evictions (from lower level)
   INV: 4903 # Invalidates (from upper level)
   INVX: 0 # Downgrades (from upper level)
   FWD: 0 # Forwards (from upper level)
   latGETnl: 9141070 # GET request latency on next level
   latGETnet: 0 # GET request latency on network to next level
 l1d: # Cache stats
  l1d-0: # Filter cache stats
   fhGETS: 22773675 # Filtered GETS hits
   fhGETX: 16013219 # Filtered GETX hits
   hGETS: 1798352 # GETS hits
   hGETX: 947165 # GETX hits
   mGETS: 1499699 # GETS misses
   mGETXIM: 1956316 # GETX I->M misses
   mGETXSM: 0 # GETX S->M misses (upgrade misses)
   PUTS: 0 # Clean evictions (from lower level)
   PUTX: 0 # Dirty evictions (from lower level)
   INV: 1669 # Invalidates (from upper level)
   INVX: 0 # Downgrades (from upper level)
   FWD: 0 # Forwards (from upper level)
   latGETnl: 114723330 # GET request latency on next level
   latGETnet: 0 # GET request latency on network to next level
 l2: # Cache stats
  l2-0: # Cache stats
   hGETS: 1123364 # GETS hits
   hGETX: 1206796 # GETX hits
   mGETS: 1055005 # GETS misses
   mGETXIM: 749520 # GETX I->M misses
   mGETXSM: 0 # GETX S->M misses (upgrade misses)
   PUTS: 1816805 # Clean evictions (from lower level)
   PUTX: 2310288 # Dirty evictions (from lower level)
   INV: 37639 # Invalidates (from upper level)
   INVX: 0 # Downgrades (from upper level)
   FWD: 0 # Forwards (from upper level)
   latGETnl: 82517550 # GET request latency on next level
   latGETnet: 0 # GET request latency on network to next level
 l3: # Cache stats
  l3-0: # Cache stats
   hGETS: 688862 # GETS hits
   hGETX: 680008 # GETX hits
   mGETS: 366143 # GETS misses
   mGETXIM: 69512 # GETX I->M misses
   mGETXSM: 0 # GETX S->M misses (upgrade misses)
   PUTS: 853801 # Clean evictions (from lower level)
   PUTX: 908989 # Dirty evictions (from lower level)
   INV: 0 # Invalidates (from upper level)
   INVX: 0 # Downgrades (from upper level)
   FWD: 0 # Forwards (from upper level)
   latGETnl: 39208950 # GET request latency on next level
   latGETnet: 0 # GET request latency on network to next level
 mem: # Memory controller stats
  mem-0: # Memory controller stats
   rd: 113688 # Read requests
   wr: 25731 # Write requests
   rdlat: 15248696 # Total latency experienced by read requests
   wrlat: 3716699 # Total latency experienced by write requests
   rdhits: 23 # Read row hits
   wrhits: 14 # Write row hits
   mlh: # latency histogram for memory requests
    0: 0
    1: 0
    2: 0
    3: 0
    4: 0
    5: 0
    6: 0
    7: 0
    8: 0
    9: 0
    10: 0
    11: 1
    12: 3
    13: 110328
    14: 948
    15: 492
    16: 245
    17: 65
    18: 57
    19: 66
    20: 74
    21: 81
    22: 66
    23: 63
    24: 47
    25: 67
    26: 48
    27: 60
    28: 46
    29: 62
    30: 59
    31: 61
    32: 55
    33: 79
    34: 54
    35: 70
    36: 70
    37: 67
    38: 63
    39: 61
    40: 67
    41: 58
    42: 67
    43: 23
    44: 2
    45: 6
    46: 5
    47: 0
    48: 1
    49: 0
    50: 0
    51: 0
    52: 0
    53: 0
    54: 1
    55: 0
    56: 0
    57: 0
    58: 0
    59: 0
    60: 0
    61: 0
    62: 0
    63: 0
    64: 0
    65: 0
    66: 0
    67: 0
    68: 0
    69: 0
    70: 0
    71: 0
    72: 0
    73: 0
    74: 0
    75: 0
    76: 0
    77: 0
    78: 0
    79: 0
    80: 0
    81: 0
    82: 0
    83: 0
    84: 0
    85: 0
    86: 0
    87: 0
    88: 0
    89: 0
    90: 0
    91: 0
    92: 0
    93: 0
    94: 0
    95: 0
    96: 0
    97: 0
    98: 0
    99: 0
  mem-1: # Memory controller stats
   rd: 103220 # Read requests
   wr: 25036 # Write requests
   rdlat: 13848511 # Total latency experienced by read requests
   wrlat: 3608938 # Total latency experienced by write requests
   rdhits: 43 # Read row hits
   wrhits: 29 # Write row hits
   mlh: # latency histogram for memory requests
    0: 0
    1: 0
    2: 0
    3: 0
    4: 0
    5: 0
    6: 0
    7: 0
    8: 0
    9: 0
    10: 0
    11: 2
    12: 8
    13: 100143
    14: 833
    15: 477
    16: 212
    17: 56
    18: 71
    19: 74
    20: 74
    21: 55
    22: 56
    23: 59
    24: 51
    25: 49
    26: 44
    27: 47
    28: 44
    29: 57
    30: 58
    31: 56
    32: 56
    33: 60
    34: 55
    35: 70
    36: 81
    37: 62
    38: 59
    39: 64
    40: 47
    41: 50
    42: 52
    43: 22
    44: 3
    45: 3
    46: 7
    47: 2
    48: 0
    49: 0
    50: 1
    51: 0
    52: 0
    53: 0
    54: 0
    55: 0
    56: 0
    57: 0
    58: 0
    59: 0
    60: 0
    61: 0
    62: 0
    63: 0
    64: 0
    65: 0
    66: 0
    67: 0
    68: 0
    69: 0
    70: 0
    71: 0
    72: 0
    73: 0
    74: 0
    75: 0
    76: 0
    77: 0
    78: 0
    79: 0
    80: 0
    81: 0
    82: 0
    83: 0
    84: 0
    85: 0
    86: 0
    87: 0
    88: 0
    89: 0
    90: 0
    91: 0
    92: 0
    93: 0
    94: 0
    95: 0
    96: 0
    97: 0
    98: 0
    99: 0
  mem-2: # Memory controller stats
   rd: 116038 # Read requests
   wr: 25830 # Write requests
   rdlat: 15577310 # Total latency experienced by read requests
   wrlat: 3740350 # Total latency experienced by write requests
   rdhits: 39 # Read row hits
   wrhits: 21 # Write row hits
   mlh: # latency histogram for memory requests
    0: 0
    1: 0
    2: 0
    3: 0
    4: 0
    5: 0
    6: 0
    7: 0
    8: 0
    9: 0
    10: 0
    11: 1
    12: 16
    13: 112627
    14: 866
    15: 518
    16: 241
    17: 59
    18: 70
    19: 64
    20: 80
    21: 58
    22: 68
    23: 86
    24: 63
    25: 61
    26: 50
    27: 63
    28: 43
    29: 67
    30: 63
    31: 70
    32: 60
    33: 77
    34: 59
    35: 94
    36: 74
    37: 61
    38: 73
    39: 65
    40: 53
    41: 53
    42: 83
    43: 31
    44: 3
    45: 6
    46: 6
    47: 2
    48: 2
    49: 0
    50: 0
    51: 0
    52: 0
    53: 0
    54: 1
    55: 1
    56: 0
    57: 0
    58: 0
    59: 0
    60: 0
    61: 0
    62: 0
    63: 0
    64: 0
    65: 0
    66: 0
    67: 0
    68: 0
    69: 0
    70: 0
    71: 0
    72: 0
    73: 0
    74: 0
    75: 0
    76: 0
    77: 0
    78: 0
    79: 0
    80: 0
    81: 0
    82: 0
    83: 0
    84: 0
    85: 0
    86: 0
    87: 0
    88: 0
    89: 0
    90: 0
    91: 0
    92: 0
    93: 0
    94: 0
    95: 0
    96: 0
    97: 0
    98: 0
    99: 0
  mem-3: # Memory controller stats
   rd: 102709 # Read requests
   wr: 25032 # Write requests
   rdlat: 13772633 # Total latency experienced by read requests
   wrlat: 3613184 # Total latency experienced by write requests
   rdhits: 47 # Read row hits
   wrhits: 22 # Write row hits
   mlh: # latency histogram for memory requests
    0: 0
    1: 0
    2: 0
    3: 0
    4: 0
    5: 0
    6: 0
    7: 0
    8: 0
    9: 0
    10: 0
    11: 8
    12: 32
    13: 99698
    14: 827
    15: 468
    16: 210
    17: 57
    18: 36
    19: 52
    20: 75
    21: 52
    22: 41
    23: 42
    24: 56
    25: 60
    26: 55
    27: 47
    28: 47
    29: 55
    30: 53
    31: 61
    32: 74
    33: 67
    34: 59
    35: 57
    36: 70
    37: 50
    38: 54
    39: 55
    40: 54
    41: 49
    42: 57
    43: 18
    44: 2
    45: 5
    46: 2
    47: 3
    48: 0
    49: 0
    50: 0
    51: 0
    52: 1
    53: 0
    54: 0
    55: 0
    56: 0
    57: 0
    58: 0
    59: 0
    60: 0
    61: 0
    62: 0
    63: 0
    64: 0
    65: 0
    66: 0
    67: 0
    68: 0
    69: 0
    70: 0
    71: 0
    72: 0
    73: 0
    74: 0
    75: 0
    76: 0
    77: 0
    78: 0
    79: 0
    80: 0
    81: 0
    82: 0
    83: 0
    84: 0
    85: 0
    86: 0
    87: 0
    88: 0
    89: 0
    90: 0
    91: 0
    92: 0
    93: 0
    94: 0
    95: 0
    96: 0
    97: 0
    98: 0
    99: 0
 sched: # Scheduler stats
  thCr: 1 # Threads created
  thFn: 1 # Threads finished
  schedEvs: 1 # Schedule events
  waitEvs: 0 # Wait events
  handoffEvs: 0 # Handoff events
  sleepEvs: 0 # Sleep events
  idlePhases: 0 # Phases with no thread active
  idlePeriods: 0 # Periods with no thread active
  occHist: # Occupancy histogram
   0: 0
   1: 13747
  rqSzHist: # Run queue size histogram
   0: 13747
   1: 0
   2: 0
   3: 0
   4: 0
   5: 0
   6: 0
   7: 0
   8: 0
   9: 0
   10: 0
   11: 0
   12: 0
   13: 0
   14: 0
   15: 0
   16: 0
 procCycles: # Per-process unhalted core cycles
  0: 137470044
  1: 0
  2: 0
  3: 0
  4: 0
  5: 0
  6: 0
  7: 0
  8: 0
  9: 0
  10: 0
  11: 0
  12: 0
  13: 0
  14: 0
  15: 0
  16: 0
  17: 0
  18: 0
  19: 0
  20: 0
  21: 0
  22: 0
  23: 0
  24: 0
  25: 0
  26: 0
  27: 0
  28: 0
  29: 0
  30: 0
  31: 0
  32: 0
  33: 0
  34: 0
  35: 0
  36: 0
  37: 0
  38: 0
  39: 0
  40: 0
  41: 0
  42: 0
  43: 0
  44: 0
  45: 0
  46: 0
  47: 0
  48: 0
  49: 0
  50: 0
  51: 0
  52: 0
  53: 0
  54: 0
  55: 0
  56: 0
  57: 0
  58: 0
  59: 0
  60: 0
  61: 0
  62: 0
  63: 0
 procInstrs: # Per-process instructions
  0: 100006716
  1: 0
  2: 0
  3: 0
  4: 0
  5: 0
  6: 0
  7: 0
  8: 0
  9: 0
  10: 0
  11: 0
  12: 0
  13: 0
  14: 0
  15: 0
  16: 0
  17: 0
  18: 0
  19: 0
  20: 0
  21: 0
  22: 0
  23: 0
  24: 0
  25: 0
  26: 0
  27: 0
  28: 0
  29: 0
  30: 0
  31: 0
  32: 0
  33: 0
  34: 0
  35: 0
  36: 0
  37: 0
  38: 0
  39: 0
  40: 0
  41: 0
  42: 0
  43: 0
  44: 0
  45: 0
  46: 0
  47: 0
  48: 0
  49: 0
  50: 0
  51: 0
  52: 0
  53: 0
  54: 0
  55: 0
  56: 0
  57: 0
  58: 0
  59: 0
  60: 0
  61: 0
  62: 0
  63: 0
 heartbeats: # Per-process heartbeats
  0: 0
  1: 0
  2: 0
  3: 0
  4: 0
  5: 0
  6: 0
  7: 0
  8: 0
  9: 0
  10: 0
  11: 0
  12: 0
  13: 0
  14: 0
  15: 0
  16: 0
  17: 0
  18: 0
  19: 0
  20: 0
  21: 0
  22: 0
  23: 0
  24: 0
  25: 0
  26: 0
  27: 0
  28: 0
  29: 0
  30: 0
  31: 0
  32: 0
  33: 0
  34: 0
  35: 0
  36: 0
  37: 0
  38: 0
  39: 0
  40: 0
  41: 0
  42: 0
  43: 0
  44: 0
  45: 0
  46: 0
  47: 0
  48: 0
  49: 0
  50: 0
  51: 0
  52: 0
  53: 0
  54: 0
  55: 0
  56: 0
  57: 0
  58: 0
  59: 0
  60: 0
  61: 0
  62: 0
  63: 0
===
