# zsim stats
===
root: # Stats
 contention: # Contention simulation stats
  domain-0: # Domain stats
   time: 3075087871 # Weave simulation time
 time: # Simulator time breakdown
  init: 705488464907
  bound: 12770351123
  weave: 3236526445
  ff: 0
 trigger: 20000 # Reason for this stats dump
 phase: 14656 # Simulated phases
 westmere: # Core stats
  westmere-0: # Core stats
   cycles: 146562359 # Simulated unhalted cycles
   cCycles: 26916000 # Cycles due to contention stalls
   instrs: 100001979 # Simulated instructions
   uops: 114164810 # Retired micro-ops
   bbls: 2330459 # Basic blocks
   approxInstrs: 553216 # Instrs with approx uop decoding
   mispredBranches: 3146 # Mispredicted branches
   condBranches: 916822 # conditional branches
 l1i: # Cache stats
  l1i-0: # Filter cache stats
   fhGETS: 9225078 # Filtered GETS hits
   fhGETX: 0 # Filtered GETX hits
   hGETS: 6 # GETS hits
   hGETX: 0 # GETX hits
   mGETS: 808 # GETS misses
   mGETXIM: 0 # GETX I->M misses
   mGETXSM: 0 # GETX S->M misses (upgrade misses)
   PUTS: 0 # Clean evictions (from lower level)
   PUTX: 0 # Dirty evictions (from lower level)
   INV: 695 # Invalidates (from upper level)
   INVX: 0 # Downgrades (from upper level)
   FWD: 0 # Forwards (from upper level)
   latGETnl: 100192 # GET request latency on next level
   latGETnet: 0 # GET request latency on network to next level
 l1d: # Cache stats
  l1d-0: # Filter cache stats
   fhGETS: 17980955 # Filtered GETS hits
   fhGETX: 5283615 # Filtered GETX hits
   hGETS: 1001901 # GETS hits
   hGETX: 873327 # GETX hits
   mGETS: 788906 # GETS misses
   mGETXIM: 4305953 # GETX I->M misses
   mGETXSM: 0 # GETX S->M misses (upgrade misses)
   PUTS: 0 # Clean evictions (from lower level)
   PUTX: 0 # Dirty evictions (from lower level)
   INV: 353 # Invalidates (from upper level)
   INVX: 0 # Downgrades (from upper level)
   FWD: 0 # Forwards (from upper level)
   latGETnl: 399383014 # GET request latency on next level
   latGETnet: 0 # GET request latency on network to next level
 l2: # Cache stats
  l2-0: # Cache stats
   hGETS: 96 # GETS hits
   hGETX: 1998067 # GETX hits
   mGETS: 789618 # GETS misses
   mGETXIM: 2307886 # GETX I->M misses
   mGETXSM: 0 # GETX S->M misses (upgrade misses)
   PUTS: 788320 # Clean evictions (from lower level)
   PUTX: 4305674 # Dirty evictions (from lower level)
   INV: 8740 # Invalidates (from upper level)
   INVX: 0 # Downgrades (from upper level)
   FWD: 0 # Forwards (from upper level)
   latGETnl: 348526536 # GET request latency on next level
   latGETnet: 0 # GET request latency on network to next level
 l3: # Cache stats
  l3-0: # Cache stats
   hGETS: 88 # GETS hits
   hGETX: 50900 # GETX hits
   mGETS: 789530 # GETS misses
   mGETXIM: 2256986 # GETX I->M misses
   mGETXSM: 0 # GETX S->M misses (upgrade misses)
   PUTS: 784094 # Clean evictions (from lower level)
   PUTX: 2300574 # Dirty evictions (from lower level)
   INV: 0 # Invalidates (from upper level)
   INVX: 0 # Downgrades (from upper level)
   FWD: 0 # Forwards (from upper level)
   latGETnl: 274186440 # GET request latency on next level
   latGETnet: 0 # GET request latency on network to next level
 mem: # Memory controller stats
  mem-0: # Memory controller stats
   rd: 761483 # Read requests
   wr: 561852 # Write requests
   rdlat: 108331680 # Total latency experienced by read requests
   wrlat: 96854684 # Total latency experienced by write requests
   rdhits: 44 # Read row hits
   wrhits: 16395 # Write row hits
   mlh: # latency histogram for memory requests
    0: 0
    1: 0
    2: 0
    3: 0
    4: 0
    5: 0
    6: 0
    7: 0
    8: 0
    9: 0
    10: 0
    11: 3
    12: 0
    13: 448861
    14: 154375
    15: 105432
    16: 7267
    17: 29772
    18: 1150
    19: 1664
    20: 1753
    21: 1843
    22: 1169
    23: 803
    24: 752
    25: 482
    26: 412
    27: 406
    28: 435
    29: 379
    30: 339
    31: 310
    32: 316
    33: 346
    34: 311
    35: 254
    36: 237
    37: 215
    38: 195
    39: 368
    40: 293
    41: 309
    42: 279
    43: 160
    44: 97
    45: 43
    46: 89
    47: 78
    48: 173
    49: 66
    50: 22
    51: 8
    52: 7
    53: 4
    54: 5
    55: 0
    56: 1
    57: 0
    58: 0
    59: 0
    60: 0
    61: 0
    62: 0
    63: 0
    64: 0
    65: 0
    66: 0
    67: 0
    68: 0
    69: 0
    70: 0
    71: 0
    72: 0
    73: 0
    74: 0
    75: 0
    76: 0
    77: 0
    78: 0
    79: 0
    80: 0
    81: 0
    82: 0
    83: 0
    84: 0
    85: 0
    86: 0
    87: 0
    88: 0
    89: 0
    90: 0
    91: 0
    92: 0
    93: 0
    94: 0
    95: 0
    96: 0
    97: 0
    98: 0
    99: 0
  mem-1: # Memory controller stats
   rd: 761720 # Read requests
   wr: 562101 # Write requests
   rdlat: 108500899 # Total latency experienced by read requests
   wrlat: 97407779 # Total latency experienced by write requests
   rdhits: 59 # Read row hits
   wrhits: 16304 # Write row hits
   mlh: # latency histogram for memory requests
    0: 0
    1: 0
    2: 0
    3: 0
    4: 0
    5: 0
    6: 0
    7: 0
    8: 0
    9: 1
    10: 0
    11: 3
    12: 3
    13: 449365
    14: 152512
    15: 104382
    16: 8843
    17: 29783
    18: 1104
    19: 1774
    20: 2016
    21: 2154
    22: 1267
    23: 961
    24: 704
    25: 499
    26: 435
    27: 443
    28: 438
    29: 410
    30: 349
    31: 295
    32: 291
    33: 331
    34: 345
    35: 239
    36: 257
    37: 225
    38: 203
    39: 376
    40: 291
    41: 309
    42: 320
    43: 172
    44: 102
    45: 38
    46: 82
    47: 77
    48: 190
    49: 88
    50: 30
    51: 1
    52: 5
    53: 2
    54: 2
    55: 1
    56: 1
    57: 0
    58: 1
    59: 0
    60: 0
    61: 0
    62: 0
    63: 0
    64: 0
    65: 0
    66: 0
    67: 0
    68: 0
    69: 0
    70: 0
    71: 0
    72: 0
    73: 0
    74: 0
    75: 0
    76: 0
    77: 0
    78: 0
    79: 0
    80: 0
    81: 0
    82: 0
    83: 0
    84: 0
    85: 0
    86: 0
    87: 0
    88: 0
    89: 0
    90: 0
    91: 0
    92: 0
    93: 0
    94: 0
    95: 0
    96: 0
    97: 0
    98: 0
    99: 0
  mem-2: # Memory controller stats
   rd: 761580 # Read requests
   wr: 561936 # Write requests
   rdlat: 108369767 # Total latency experienced by read requests
   wrlat: 97097401 # Total latency experienced by write requests
   rdhits: 60 # Read row hits
   wrhits: 16296 # Write row hits
   mlh: # latency histogram for memory requests
    0: 0
    1: 0
    2: 0
    3: 0
    4: 0
    5: 0
    6: 0
    7: 0
    8: 0
    9: 1
    10: 1
    11: 2
    12: 0
    13: 448114
    14: 154340
    15: 106514
    16: 7440
    17: 29309
    18: 1128
    19: 1642
    20: 1716
    21: 1905
    22: 1229
    23: 886
    24: 747
    25: 498
    26: 412
    27: 435
    28: 384
    29: 400
    30: 341
    31: 313
    32: 247
    33: 332
    34: 335
    35: 259
    36: 225
    37: 190
    38: 225
    39: 382
    40: 242
    41: 304
    42: 316
    43: 164
    44: 96
    45: 43
    46: 75
    47: 92
    48: 185
    49: 69
    50: 16
    51: 6
    52: 6
    53: 3
    54: 5
    55: 0
    56: 0
    57: 1
    58: 3
    59: 1
    60: 1
    61: 0
    62: 0
    63: 0
    64: 0
    65: 0
    66: 0
    67: 0
    68: 0
    69: 0
    70: 0
    71: 0
    72: 0
    73: 0
    74: 0
    75: 0
    76: 0
    77: 0
    78: 0
    79: 0
    80: 0
    81: 0
    82: 0
    83: 0
    84: 0
    85: 0
    86: 0
    87: 0
    88: 0
    89: 0
    90: 0
    91: 0
    92: 0
    93: 0
    94: 0
    95: 0
    96: 0
    97: 0
    98: 0
    99: 0
  mem-3: # Memory controller stats
   rd: 761674 # Read requests
   wr: 562061 # Write requests
   rdlat: 108463054 # Total latency experienced by read requests
   wrlat: 97131150 # Total latency experienced by write requests
   rdhits: 35 # Read row hits
   wrhits: 16332 # Write row hits
   mlh: # latency histogram for memory requests
    0: 0
    1: 0
    2: 0
    3: 0
    4: 0
    5: 0
    6: 0
    7: 0
    8: 0
    9: 0
    10: 0
    11: 1
    12: 3
    13: 448670
    14: 152453
    15: 105388
    16: 8580
    17: 30034
    18: 1091
    19: 1776
    20: 1986
    21: 2028
    22: 1208
    23: 957
    24: 761
    25: 523
    26: 455
    27: 462
    28: 413
    29: 438
    30: 326
    31: 345
    32: 306
    33: 342
    34: 303
    35: 226
    36: 204
    37: 196
    38: 220
    39: 345
    40: 244
    41: 306
    42: 306
    43: 189
    44: 110
    45: 36
    46: 71
    47: 76
    48: 177
    49: 76
    50: 19
    51: 8
    52: 8
    53: 3
    54: 2
    55: 1
    56: 0
    57: 0
    58: 1
    59: 0
    60: 0
    61: 1
    62: 0
    63: 0
    64: 0
    65: 0
    66: 0
    67: 0
    68: 0
    69: 0
    70: 0
    71: 0
    72: 0
    73: 0
    74: 0
    75: 0
    76: 0
    77: 0
    78: 0
    79: 0
    80: 0
    81: 0
    82: 0
    83: 0
    84: 0
    85: 0
    86: 0
    87: 0
    88: 0
    89: 0
    90: 0
    91: 0
    92: 0
    93: 0
    94: 0
    95: 0
    96: 0
    97: 0
    98: 0
    99: 0
 sched: # Scheduler stats
  thCr: 1 # Threads created
  thFn: 1 # Threads finished
  schedEvs: 1 # Schedule events
  waitEvs: 0 # Wait events
  handoffEvs: 0 # Handoff events
  sleepEvs: 0 # Sleep events
  idlePhases: 0 # Phases with no thread active
  idlePeriods: 0 # Periods with no thread active
  occHist: # Occupancy histogram
   0: 0
   1: 14656
  rqSzHist: # Run queue size histogram
   0: 14656
   1: 0
   2: 0
   3: 0
   4: 0
   5: 0
   6: 0
   7: 0
   8: 0
   9: 0
   10: 0
   11: 0
   12: 0
   13: 0
   14: 0
   15: 0
   16: 0
 procCycles: # Per-process unhalted core cycles
  0: 146562359
  1: 0
  2: 0
  3: 0
  4: 0
  5: 0
  6: 0
  7: 0
  8: 0
  9: 0
  10: 0
  11: 0
  12: 0
  13: 0
  14: 0
  15: 0
  16: 0
  17: 0
  18: 0
  19: 0
  20: 0
  21: 0
  22: 0
  23: 0
  24: 0
  25: 0
  26: 0
  27: 0
  28: 0
  29: 0
  30: 0
  31: 0
  32: 0
  33: 0
  34: 0
  35: 0
  36: 0
  37: 0
  38: 0
  39: 0
  40: 0
  41: 0
  42: 0
  43: 0
  44: 0
  45: 0
  46: 0
  47: 0
  48: 0
  49: 0
  50: 0
  51: 0
  52: 0
  53: 0
  54: 0
  55: 0
  56: 0
  57: 0
  58: 0
  59: 0
  60: 0
  61: 0
  62: 0
  63: 0
 procInstrs: # Per-process instructions
  0: 100001979
  1: 0
  2: 0
  3: 0
  4: 0
  5: 0
  6: 0
  7: 0
  8: 0
  9: 0
  10: 0
  11: 0
  12: 0
  13: 0
  14: 0
  15: 0
  16: 0
  17: 0
  18: 0
  19: 0
  20: 0
  21: 0
  22: 0
  23: 0
  24: 0
  25: 0
  26: 0
  27: 0
  28: 0
  29: 0
  30: 0
  31: 0
  32: 0
  33: 0
  34: 0
  35: 0
  36: 0
  37: 0
  38: 0
  39: 0
  40: 0
  41: 0
  42: 0
  43: 0
  44: 0
  45: 0
  46: 0
  47: 0
  48: 0
  49: 0
  50: 0
  51: 0
  52: 0
  53: 0
  54: 0
  55: 0
  56: 0
  57: 0
  58: 0
  59: 0
  60: 0
  61: 0
  62: 0
  63: 0
 heartbeats: # Per-process heartbeats
  0: 0
  1: 0
  2: 0
  3: 0
  4: 0
  5: 0
  6: 0
  7: 0
  8: 0
  9: 0
  10: 0
  11: 0
  12: 0
  13: 0
  14: 0
  15: 0
  16: 0
  17: 0
  18: 0
  19: 0
  20: 0
  21: 0
  22: 0
  23: 0
  24: 0
  25: 0
  26: 0
  27: 0
  28: 0
  29: 0
  30: 0
  31: 0
  32: 0
  33: 0
  34: 0
  35: 0
  36: 0
  37: 0
  38: 0
  39: 0
  40: 0
  41: 0
  42: 0
  43: 0
  44: 0
  45: 0
  46: 0
  47: 0
  48: 0
  49: 0
  50: 0
  51: 0
  52: 0
  53: 0
  54: 0
  55: 0
  56: 0
  57: 0
  58: 0
  59: 0
  60: 0
  61: 0
  62: 0
  63: 0
===
