# zsim stats
===
root: # Stats
 contention: # Contention simulation stats
  domain-0: # Domain stats
   time: 7420417483 # Weave simulation time
 time: # Simulator time breakdown
  init: 352167293568
  bound: 28892117478
  weave: 7981597270
  ff: 0
 trigger: 20000 # Reason for this stats dump
 phase: 66009 # Simulated phases
 westmere: # Core stats
  westmere-0: # Core stats
   cycles: 660092763 # Simulated unhalted cycles
   cCycles: 151295872 # Cycles due to contention stalls
   instrs: 100000915 # Simulated instructions
   uops: 101912987 # Retired micro-ops
   bbls: 27652753 # Basic blocks
   approxInstrs: 22402 # Instrs with approx uop decoding
   mispredBranches: 1591223 # Mispredicted branches
   condBranches: 25801035 # conditional branches
 l1i: # Cache stats
  l1i-0: # Filter cache stats
   fhGETS: 35451172 # Filtered GETS hits
   fhGETX: 0 # Filtered GETX hits
   hGETS: 0 # GETS hits
   hGETX: 0 # GETX hits
   mGETS: 5922 # GETS misses
   mGETXIM: 0 # GETX I->M misses
   mGETXSM: 0 # GETX S->M misses (upgrade misses)
   PUTS: 0 # Clean evictions (from lower level)
   PUTX: 0 # Dirty evictions (from lower level)
   INV: 5904 # Invalidates (from upper level)
   INVX: 0 # Downgrades (from upper level)
   FWD: 0 # Forwards (from upper level)
   latGETnl: 734328 # GET request latency on next level
   latGETnet: 0 # GET request latency on network to next level
 l1d: # Cache stats
  l1d-0: # Filter cache stats
   fhGETS: 22284113 # Filtered GETS hits
   fhGETX: 2284094 # Filtered GETX hits
   hGETS: 1829379 # GETS hits
   hGETX: 3247900 # GETX hits
   mGETS: 12463382 # GETS misses
   mGETXIM: 259190 # GETX I->M misses
   mGETXSM: 0 # GETX S->M misses (upgrade misses)
   PUTS: 0 # Clean evictions (from lower level)
   PUTX: 0 # Dirty evictions (from lower level)
   INV: 27990 # Invalidates (from upper level)
   INVX: 0 # Downgrades (from upper level)
   FWD: 0 # Forwards (from upper level)
   latGETnl: 1125327916 # GET request latency on next level
   latGETnet: 0 # GET request latency on network to next level
 l2: # Cache stats
  l2-0: # Cache stats
   hGETS: 2391418 # GETS hits
   hGETX: 84990 # GETX hits
   mGETS: 10077886 # GETS misses
   mGETXIM: 174200 # GETX I->M misses
   mGETXSM: 0 # GETX S->M misses (upgrade misses)
   PUTS: 9440234 # Clean evictions (from lower level)
   PUTX: 3253836 # Dirty evictions (from lower level)
   INV: 161659 # Invalidates (from upper level)
   INVX: 0 # Downgrades (from upper level)
   FWD: 0 # Forwards (from upper level)
   latGETnl: 998777304 # GET request latency on next level
   latGETnet: 0 # GET request latency on network to next level
 l3: # Cache stats
  l3-0: # Cache stats
   hGETS: 1838244 # GETS hits
   hGETX: 50206 # GETX hits
   mGETS: 8239642 # GETS misses
   mGETXIM: 123994 # GETX I->M misses
   mGETXSM: 0 # GETX S->M misses (upgrade misses)
   PUTS: 7344716 # Clean evictions (from lower level)
   PUTX: 2741619 # Dirty evictions (from lower level)
   INV: 0 # Invalidates (from upper level)
   INVX: 0 # Downgrades (from upper level)
   FWD: 0 # Forwards (from upper level)
   latGETnl: 752727240 # GET request latency on next level
   latGETnet: 0 # GET request latency on network to next level
 mem: # Memory controller stats
  mem-0: # Memory controller stats
   rd: 2087752 # Read requests
   wr: 661194 # Write requests
   rdlat: 284252230 # Total latency experienced by read requests
   wrlat: 96553651 # Total latency experienced by write requests
   rdhits: 2702 # Read row hits
   wrhits: 2256 # Write row hits
   mlh: # latency histogram for memory requests
    0: 0
    1: 0
    2: 0
    3: 0
    4: 0
    5: 0
    6: 0
    7: 0
    8: 0
    9: 0
    10: 0
    11: 350
    12: 541
    13: 1841558
    14: 144865
    15: 49450
    16: 14390
    17: 2915
    18: 1177
    19: 1183
    20: 1302
    21: 1529
    22: 1071
    23: 1523
    24: 3378
    25: 2035
    26: 544
    27: 599
    28: 701
    29: 758
    30: 1103
    31: 1498
    32: 1189
    33: 1181
    34: 1319
    35: 1474
    36: 1366
    37: 1265
    38: 1215
    39: 1220
    40: 1159
    41: 1135
    42: 1134
    43: 563
    44: 241
    45: 167
    46: 144
    47: 251
    48: 153
    49: 44
    50: 19
    51: 13
    52: 12
    53: 9
    54: 4
    55: 2
    56: 1
    57: 1
    58: 0
    59: 1
    60: 0
    61: 0
    62: 0
    63: 0
    64: 0
    65: 0
    66: 0
    67: 0
    68: 0
    69: 0
    70: 0
    71: 0
    72: 0
    73: 0
    74: 0
    75: 0
    76: 0
    77: 0
    78: 0
    79: 0
    80: 0
    81: 0
    82: 0
    83: 0
    84: 0
    85: 0
    86: 0
    87: 0
    88: 0
    89: 0
    90: 0
    91: 0
    92: 0
    93: 0
    94: 0
    95: 0
    96: 0
    97: 0
    98: 0
    99: 0
  mem-1: # Memory controller stats
   rd: 2086173 # Read requests
   wr: 661109 # Write requests
   rdlat: 284038531 # Total latency experienced by read requests
   wrlat: 96627911 # Total latency experienced by write requests
   rdhits: 2646 # Read row hits
   wrhits: 2120 # Write row hits
   mlh: # latency histogram for memory requests
    0: 0
    1: 0
    2: 0
    3: 0
    4: 0
    5: 0
    6: 0
    7: 0
    8: 0
    9: 0
    10: 0
    11: 328
    12: 594
    13: 1839405
    14: 144300
    15: 50534
    16: 14560
    17: 2811
    18: 1177
    19: 1191
    20: 1372
    21: 1459
    22: 1049
    23: 1537
    24: 3302
    25: 2222
    26: 535
    27: 662
    28: 690
    29: 755
    30: 1069
    31: 1480
    32: 1142
    33: 1230
    34: 1341
    35: 1406
    36: 1352
    37: 1237
    38: 1164
    39: 1241
    40: 1159
    41: 1147
    42: 1104
    43: 583
    44: 239
    45: 153
    46: 154
    47: 232
    48: 156
    49: 44
    50: 22
    51: 12
    52: 9
    53: 6
    54: 5
    55: 2
    56: 1
    57: 0
    58: 0
    59: 0
    60: 0
    61: 0
    62: 0
    63: 0
    64: 0
    65: 0
    66: 0
    67: 0
    68: 0
    69: 0
    70: 0
    71: 0
    72: 0
    73: 0
    74: 0
    75: 0
    76: 0
    77: 0
    78: 0
    79: 0
    80: 0
    81: 0
    82: 0
    83: 0
    84: 0
    85: 0
    86: 0
    87: 0
    88: 0
    89: 0
    90: 0
    91: 0
    92: 0
    93: 0
    94: 0
    95: 0
    96: 0
    97: 0
    98: 0
    99: 0
  mem-2: # Memory controller stats
   rd: 2105054 # Read requests
   wr: 660983 # Write requests
   rdlat: 286744669 # Total latency experienced by read requests
   wrlat: 96681359 # Total latency experienced by write requests
   rdhits: 2823 # Read row hits
   wrhits: 2219 # Write row hits
   mlh: # latency histogram for memory requests
    0: 0
    1: 0
    2: 0
    3: 0
    4: 0
    5: 0
    6: 0
    7: 0
    8: 0
    9: 0
    10: 1
    11: 362
    12: 738
    13: 1850207
    14: 152213
    15: 50729
    16: 13540
    17: 2533
    18: 1120
    19: 1255
    20: 1413
    21: 1506
    22: 1054
    23: 1596
    24: 3672
    25: 2470
    26: 547
    27: 588
    28: 649
    29: 715
    30: 1178
    31: 1524
    32: 1237
    33: 1226
    34: 1342
    35: 1401
    36: 1331
    37: 1272
    38: 1179
    39: 1225
    40: 1225
    41: 1189
    42: 1188
    43: 555
    44: 216
    45: 186
    46: 157
    47: 250
    48: 163
    49: 43
    50: 19
    51: 9
    52: 12
    53: 6
    54: 8
    55: 1
    56: 3
    57: 1
    58: 0
    59: 0
    60: 0
    61: 0
    62: 0
    63: 0
    64: 0
    65: 0
    66: 0
    67: 0
    68: 0
    69: 0
    70: 0
    71: 0
    72: 0
    73: 0
    74: 0
    75: 0
    76: 0
    77: 0
    78: 0
    79: 0
    80: 0
    81: 0
    82: 0
    83: 0
    84: 0
    85: 0
    86: 0
    87: 0
    88: 0
    89: 0
    90: 0
    91: 0
    92: 0
    93: 0
    94: 0
    95: 0
    96: 0
    97: 0
    98: 0
    99: 0
  mem-3: # Memory controller stats
   rd: 2084602 # Read requests
   wr: 660827 # Write requests
   rdlat: 283907553 # Total latency experienced by read requests
   wrlat: 96545365 # Total latency experienced by write requests
   rdhits: 2968 # Read row hits
   wrhits: 2136 # Write row hits
   mlh: # latency histogram for memory requests
    0: 0
    1: 0
    2: 0
    3: 0
    4: 0
    5: 0
    6: 0
    7: 0
    8: 0
    9: 0
    10: 0
    11: 431
    12: 627
    13: 1837531
    14: 143915
    15: 50384
    16: 15014
    17: 2718
    18: 1159
    19: 1206
    20: 1333
    21: 1490
    22: 1162
    23: 1534
    24: 3603
    25: 1990
    26: 538
    27: 615
    28: 667
    29: 777
    30: 1089
    31: 1418
    32: 1161
    33: 1181
    34: 1349
    35: 1462
    36: 1380
    37: 1254
    38: 1179
    39: 1161
    40: 1183
    41: 1228
    42: 1205
    43: 538
    44: 266
    45: 192
    46: 147
    47: 255
    48: 154
    49: 49
    50: 18
    51: 6
    52: 8
    53: 13
    54: 6
    55: 3
    56: 2
    57: 1
    58: 0
    59: 0
    60: 0
    61: 0
    62: 0
    63: 0
    64: 0
    65: 0
    66: 0
    67: 0
    68: 0
    69: 0
    70: 0
    71: 0
    72: 0
    73: 0
    74: 0
    75: 0
    76: 0
    77: 0
    78: 0
    79: 0
    80: 0
    81: 0
    82: 0
    83: 0
    84: 0
    85: 0
    86: 0
    87: 0
    88: 0
    89: 0
    90: 0
    91: 0
    92: 0
    93: 0
    94: 0
    95: 0
    96: 0
    97: 0
    98: 0
    99: 0
 sched: # Scheduler stats
  thCr: 1 # Threads created
  thFn: 1 # Threads finished
  schedEvs: 1 # Schedule events
  waitEvs: 0 # Wait events
  handoffEvs: 0 # Handoff events
  sleepEvs: 0 # Sleep events
  idlePhases: 0 # Phases with no thread active
  idlePeriods: 0 # Periods with no thread active
  occHist: # Occupancy histogram
   0: 0
   1: 66009
  rqSzHist: # Run queue size histogram
   0: 66009
   1: 0
   2: 0
   3: 0
   4: 0
   5: 0
   6: 0
   7: 0
   8: 0
   9: 0
   10: 0
   11: 0
   12: 0
   13: 0
   14: 0
   15: 0
   16: 0
 procCycles: # Per-process unhalted core cycles
  0: 660092763
  1: 0
  2: 0
  3: 0
  4: 0
  5: 0
  6: 0
  7: 0
  8: 0
  9: 0
  10: 0
  11: 0
  12: 0
  13: 0
  14: 0
  15: 0
  16: 0
  17: 0
  18: 0
  19: 0
  20: 0
  21: 0
  22: 0
  23: 0
  24: 0
  25: 0
  26: 0
  27: 0
  28: 0
  29: 0
  30: 0
  31: 0
  32: 0
  33: 0
  34: 0
  35: 0
  36: 0
  37: 0
  38: 0
  39: 0
  40: 0
  41: 0
  42: 0
  43: 0
  44: 0
  45: 0
  46: 0
  47: 0
  48: 0
  49: 0
  50: 0
  51: 0
  52: 0
  53: 0
  54: 0
  55: 0
  56: 0
  57: 0
  58: 0
  59: 0
  60: 0
  61: 0
  62: 0
  63: 0
 procInstrs: # Per-process instructions
  0: 100000915
  1: 0
  2: 0
  3: 0
  4: 0
  5: 0
  6: 0
  7: 0
  8: 0
  9: 0
  10: 0
  11: 0
  12: 0
  13: 0
  14: 0
  15: 0
  16: 0
  17: 0
  18: 0
  19: 0
  20: 0
  21: 0
  22: 0
  23: 0
  24: 0
  25: 0
  26: 0
  27: 0
  28: 0
  29: 0
  30: 0
  31: 0
  32: 0
  33: 0
  34: 0
  35: 0
  36: 0
  37: 0
  38: 0
  39: 0
  40: 0
  41: 0
  42: 0
  43: 0
  44: 0
  45: 0
  46: 0
  47: 0
  48: 0
  49: 0
  50: 0
  51: 0
  52: 0
  53: 0
  54: 0
  55: 0
  56: 0
  57: 0
  58: 0
  59: 0
  60: 0
  61: 0
  62: 0
  63: 0
 heartbeats: # Per-process heartbeats
  0: 0
  1: 0
  2: 0
  3: 0
  4: 0
  5: 0
  6: 0
  7: 0
  8: 0
  9: 0
  10: 0
  11: 0
  12: 0
  13: 0
  14: 0
  15: 0
  16: 0
  17: 0
  18: 0
  19: 0
  20: 0
  21: 0
  22: 0
  23: 0
  24: 0
  25: 0
  26: 0
  27: 0
  28: 0
  29: 0
  30: 0
  31: 0
  32: 0
  33: 0
  34: 0
  35: 0
  36: 0
  37: 0
  38: 0
  39: 0
  40: 0
  41: 0
  42: 0
  43: 0
  44: 0
  45: 0
  46: 0
  47: 0
  48: 0
  49: 0
  50: 0
  51: 0
  52: 0
  53: 0
  54: 0
  55: 0
  56: 0
  57: 0
  58: 0
  59: 0
  60: 0
  61: 0
  62: 0
  63: 0
===
