# zsim stats
===
root: # Stats
 contention: # Contention simulation stats
  domain-0: # Domain stats
   time: 334705633 # Weave simulation time
 time: # Simulator time breakdown
  init: 2507348699
  bound: 177754364053
  weave: 1068878238
  ff: 0
 trigger: 20000 # Reason for this stats dump
 phase: 46685 # Simulated phases
 westmere: # Core stats
  westmere-0: # Core stats
   cycles: 413125869 # Simulated unhalted cycles
   cCycles: 1277362 # Cycles due to contention stalls
   instrs: 691148769 # Simulated instructions
   uops: 774946019 # Retired micro-ops
   bbls: 68702273 # Basic blocks
   approxInstrs: 3217908 # Instrs with approx uop decoding
   mispredBranches: 836462 # Mispredicted branches
   condBranches: 57513094 # conditional branches
  westmere-1: # Core stats
   cycles: 376063444 # Simulated unhalted cycles
   cCycles: 347750 # Cycles due to contention stalls
   instrs: 617749288 # Simulated instructions
   uops: 696803208 # Retired micro-ops
   bbls: 63898194 # Basic blocks
   approxInstrs: 3105947 # Instrs with approx uop decoding
   mispredBranches: 802674 # Mispredicted branches
   condBranches: 53432821 # conditional branches
  westmere-2: # Core stats
   cycles: 377049129 # Simulated unhalted cycles
   cCycles: 427899 # Cycles due to contention stalls
   instrs: 618535657 # Simulated instructions
   uops: 697815208 # Retired micro-ops
   bbls: 63993259 # Basic blocks
   approxInstrs: 3139316 # Instrs with approx uop decoding
   mispredBranches: 818910 # Mispredicted branches
   condBranches: 53476009 # conditional branches
  westmere-3: # Core stats
   cycles: 377032449 # Simulated unhalted cycles
   cCycles: 394519 # Cycles due to contention stalls
   instrs: 619757370 # Simulated instructions
   uops: 698987038 # Retired micro-ops
   bbls: 64080879 # Basic blocks
   approxInstrs: 3131055 # Instrs with approx uop decoding
   mispredBranches: 799601 # Mispredicted branches
   condBranches: 53598730 # conditional branches
  westmere-4: # Core stats
   cycles: 367118958 # Simulated unhalted cycles
   cCycles: 344502 # Cycles due to contention stalls
   instrs: 606196660 # Simulated instructions
   uops: 682850534 # Retired micro-ops
   bbls: 62463911 # Basic blocks
   approxInstrs: 3009952 # Instrs with approx uop decoding
   mispredBranches: 776088 # Mispredicted branches
   condBranches: 52575384 # conditional branches
  westmere-5: # Core stats
   cycles: 382986930 # Simulated unhalted cycles
   cCycles: 448587 # Cycles due to contention stalls
   instrs: 626985035 # Simulated instructions
   uops: 707902687 # Retired micro-ops
   bbls: 64990562 # Basic blocks
   approxInstrs: 3195547 # Instrs with approx uop decoding
   mispredBranches: 811861 # Mispredicted branches
   condBranches: 54076299 # conditional branches
  westmere-6: # Core stats
   cycles: 373943741 # Simulated unhalted cycles
   cCycles: 438792 # Cycles due to contention stalls
   instrs: 614728045 # Simulated instructions
   uops: 693153017 # Retired micro-ops
   bbls: 63495855 # Basic blocks
   approxInstrs: 3090022 # Instrs with approx uop decoding
   mispredBranches: 795891 # Mispredicted branches
   condBranches: 53158748 # conditional branches
  westmere-7: # Core stats
   cycles: 366432073 # Simulated unhalted cycles
   cCycles: 329889 # Cycles due to contention stalls
   instrs: 605000638 # Simulated instructions
   uops: 681551176 # Retired micro-ops
   bbls: 62295100 # Basic blocks
   approxInstrs: 2999119 # Instrs with approx uop decoding
   mispredBranches: 772221 # Mispredicted branches
   condBranches: 52413759 # conditional branches
 l1i: # Cache stats
  l1i-0: # Filter cache stats
   fhGETS: 92173120 # Filtered GETS hits
   fhGETX: 0 # Filtered GETX hits
   hGETS: 2392405 # GETS hits
   hGETX: 0 # GETX hits
   mGETS: 767175 # GETS misses
   mGETXIM: 0 # GETX I->M misses
   mGETXSM: 0 # GETX S->M misses (upgrade misses)
   PUTS: 0 # Clean evictions (from lower level)
   PUTX: 0 # Dirty evictions (from lower level)
   INV: 1 # Invalidates (from upper level)
   INVX: 0 # Downgrades (from upper level)
   FWD: 0 # Forwards (from upper level)
   latGETnl: 8227164 # GET request latency on next level
   latGETnet: 0 # GET request latency on network to next level
  l1i-1: # Filter cache stats
   fhGETS: 84248809 # Filtered GETS hits
   fhGETX: 0 # Filtered GETX hits
   hGETS: 2364135 # GETS hits
   hGETX: 0 # GETX hits
   mGETS: 766083 # GETS misses
   mGETXIM: 0 # GETX I->M misses
   mGETXSM: 0 # GETX S->M misses (upgrade misses)
   PUTS: 0 # Clean evictions (from lower level)
   PUTX: 0 # Dirty evictions (from lower level)
   INV: 0 # Invalidates (from upper level)
   INVX: 0 # Downgrades (from upper level)
   FWD: 0 # Forwards (from upper level)
   latGETnl: 8029530 # GET request latency on next level
   latGETnet: 0 # GET request latency on network to next level
  l1i-2: # Filter cache stats
   fhGETS: 84431738 # Filtered GETS hits
   fhGETX: 0 # Filtered GETX hits
   hGETS: 2372223 # GETS hits
   hGETX: 0 # GETX hits
   mGETS: 769644 # GETS misses
   mGETXIM: 0 # GETX I->M misses
   mGETXSM: 0 # GETX S->M misses (upgrade misses)
   PUTS: 0 # Clean evictions (from lower level)
   PUTX: 0 # Dirty evictions (from lower level)
   INV: 0 # Invalidates (from upper level)
   INVX: 0 # Downgrades (from upper level)
   FWD: 0 # Forwards (from upper level)
   latGETnl: 8068728 # GET request latency on next level
   latGETnet: 0 # GET request latency on network to next level
  l1i-3: # Filter cache stats
   fhGETS: 84503861 # Filtered GETS hits
   fhGETX: 0 # Filtered GETX hits
   hGETS: 2362259 # GETS hits
   hGETX: 0 # GETX hits
   mGETS: 762960 # GETS misses
   mGETXIM: 0 # GETX I->M misses
   mGETXSM: 0 # GETX S->M misses (upgrade misses)
   PUTS: 0 # Clean evictions (from lower level)
   PUTX: 0 # Dirty evictions (from lower level)
   INV: 0 # Invalidates (from upper level)
   INVX: 0 # Downgrades (from upper level)
   FWD: 0 # Forwards (from upper level)
   latGETnl: 7955586 # GET request latency on next level
   latGETnet: 0 # GET request latency on network to next level
  l1i-4: # Filter cache stats
   fhGETS: 82361602 # Filtered GETS hits
   fhGETX: 0 # Filtered GETX hits
   hGETS: 2340068 # GETS hits
   hGETX: 0 # GETX hits
   mGETS: 766789 # GETS misses
   mGETXIM: 0 # GETX I->M misses
   mGETXSM: 0 # GETX S->M misses (upgrade misses)
   PUTS: 0 # Clean evictions (from lower level)
   PUTX: 0 # Dirty evictions (from lower level)
   INV: 3 # Invalidates (from upper level)
   INVX: 0 # Downgrades (from upper level)
   FWD: 0 # Forwards (from upper level)
   latGETnl: 8000152 # GET request latency on next level
   latGETnet: 0 # GET request latency on network to next level
  l1i-5: # Filter cache stats
   fhGETS: 85676134 # Filtered GETS hits
   fhGETX: 0 # Filtered GETX hits
   hGETS: 2381699 # GETS hits
   hGETX: 0 # GETX hits
   mGETS: 762822 # GETS misses
   mGETXIM: 0 # GETX I->M misses
   mGETXSM: 0 # GETX S->M misses (upgrade misses)
   PUTS: 0 # Clean evictions (from lower level)
   PUTX: 0 # Dirty evictions (from lower level)
   INV: 0 # Invalidates (from upper level)
   INVX: 0 # Downgrades (from upper level)
   FWD: 0 # Forwards (from upper level)
   latGETnl: 7982364 # GET request latency on next level
   latGETnet: 0 # GET request latency on network to next level
  l1i-6: # Filter cache stats
   fhGETS: 83737408 # Filtered GETS hits
   fhGETX: 0 # Filtered GETX hits
   hGETS: 2358852 # GETS hits
   hGETX: 0 # GETX hits
   mGETS: 768237 # GETS misses
   mGETXIM: 0 # GETX I->M misses
   mGETXSM: 0 # GETX S->M misses (upgrade misses)
   PUTS: 0 # Clean evictions (from lower level)
   PUTX: 0 # Dirty evictions (from lower level)
   INV: 0 # Invalidates (from upper level)
   INVX: 0 # Downgrades (from upper level)
   FWD: 0 # Forwards (from upper level)
   latGETnl: 8051358 # GET request latency on next level
   latGETnet: 0 # GET request latency on network to next level
  l1i-7: # Filter cache stats
   fhGETS: 82136637 # Filtered GETS hits
   fhGETX: 0 # Filtered GETX hits
   hGETS: 2337580 # GETS hits
   hGETX: 0 # GETX hits
   mGETS: 765142 # GETS misses
   mGETXIM: 0 # GETX I->M misses
   mGETXSM: 0 # GETX S->M misses (upgrade misses)
   PUTS: 0 # Clean evictions (from lower level)
   PUTX: 0 # Dirty evictions (from lower level)
   INV: 1 # Invalidates (from upper level)
   INVX: 0 # Downgrades (from upper level)
   FWD: 0 # Forwards (from upper level)
   latGETnl: 7980250 # GET request latency on next level
   latGETnet: 0 # GET request latency on network to next level
 l1d: # Cache stats
  l1d-0: # Filter cache stats
   fhGETS: 118917029 # Filtered GETS hits
   fhGETX: 35684548 # Filtered GETX hits
   hGETS: 7825607 # GETS hits
   hGETX: 3767828 # GETX hits
   mGETS: 6141985 # GETS misses
   mGETXIM: 420108 # GETX I->M misses
   mGETXSM: 7986 # GETX S->M misses (upgrade misses)
   PUTS: 0 # Clean evictions (from lower level)
   PUTX: 0 # Dirty evictions (from lower level)
   INV: 17598 # Invalidates (from upper level)
   INVX: 17179 # Downgrades (from upper level)
   FWD: 0 # Forwards (from upper level)
   latGETnl: 92900424 # GET request latency on next level
   latGETnet: 0 # GET request latency on network to next level
  l1d-1: # Filter cache stats
   fhGETS: 106160906 # Filtered GETS hits
   fhGETX: 32105883 # Filtered GETX hits
   hGETS: 5425427 # GETS hits
   hGETX: 1691485 # GETX hits
   mGETS: 5948975 # GETS misses
   mGETXIM: 256704 # GETX I->M misses
   mGETXSM: 5842 # GETX S->M misses (upgrade misses)
   PUTS: 0 # Clean evictions (from lower level)
   PUTX: 0 # Dirty evictions (from lower level)
   INV: 19390 # Invalidates (from upper level)
   INVX: 14473 # Downgrades (from upper level)
   FWD: 0 # Forwards (from upper level)
   latGETnl: 74916514 # GET request latency on next level
   latGETnet: 0 # GET request latency on network to next level
  l1d-2: # Filter cache stats
   fhGETS: 106377397 # Filtered GETS hits
   fhGETX: 32330444 # Filtered GETX hits
   hGETS: 5411433 # GETS hits
   hGETX: 1636704 # GETX hits
   mGETS: 5938988 # GETS misses
   mGETXIM: 274205 # GETX I->M misses
   mGETXSM: 7618 # GETX S->M misses (upgrade misses)
   PUTS: 0 # Clean evictions (from lower level)
   PUTX: 0 # Dirty evictions (from lower level)
   INV: 14160 # Invalidates (from upper level)
   INVX: 13405 # Downgrades (from upper level)
   FWD: 0 # Forwards (from upper level)
   latGETnl: 75316039 # GET request latency on next level
   latGETnet: 0 # GET request latency on network to next level
  l1d-3: # Filter cache stats
   fhGETS: 106593653 # Filtered GETS hits
   fhGETX: 32173001 # Filtered GETX hits
   hGETS: 5431843 # GETS hits
   hGETX: 1745336 # GETX hits
   mGETS: 5940275 # GETS misses
   mGETXIM: 264969 # GETX I->M misses
   mGETXSM: 8181 # GETX S->M misses (upgrade misses)
   PUTS: 0 # Clean evictions (from lower level)
   PUTX: 0 # Dirty evictions (from lower level)
   INV: 17923 # Invalidates (from upper level)
   INVX: 15983 # Downgrades (from upper level)
   FWD: 0 # Forwards (from upper level)
   latGETnl: 74982063 # GET request latency on next level
   latGETnet: 0 # GET request latency on network to next level
  l1d-4: # Filter cache stats
   fhGETS: 103803616 # Filtered GETS hits
   fhGETX: 30874652 # Filtered GETX hits
   hGETS: 5233625 # GETS hits
   hGETX: 1710031 # GETX hits
   mGETS: 5930873 # GETS misses
   mGETXIM: 246852 # GETX I->M misses
   mGETXSM: 6749 # GETX S->M misses (upgrade misses)
   PUTS: 0 # Clean evictions (from lower level)
   PUTX: 0 # Dirty evictions (from lower level)
   INV: 18461 # Invalidates (from upper level)
   INVX: 14608 # Downgrades (from upper level)
   FWD: 0 # Forwards (from upper level)
   latGETnl: 73521887 # GET request latency on next level
   latGETnet: 0 # GET request latency on network to next level
  l1d-5: # Filter cache stats
   fhGETS: 108182232 # Filtered GETS hits
   fhGETX: 33144461 # Filtered GETX hits
   hGETS: 5510377 # GETS hits
   hGETX: 1680924 # GETX hits
   mGETS: 5954478 # GETS misses
   mGETXIM: 282183 # GETX I->M misses
   mGETXSM: 7038 # GETX S->M misses (upgrade misses)
   PUTS: 0 # Clean evictions (from lower level)
   PUTX: 0 # Dirty evictions (from lower level)
   INV: 16128 # Invalidates (from upper level)
   INVX: 13996 # Downgrades (from upper level)
   FWD: 0 # Forwards (from upper level)
   latGETnl: 76281189 # GET request latency on next level
   latGETnet: 0 # GET request latency on network to next level
  l1d-6: # Filter cache stats
   fhGETS: 105630333 # Filtered GETS hits
   fhGETX: 31855475 # Filtered GETX hits
   hGETS: 5318879 # GETS hits
   hGETX: 1655072 # GETX hits
   mGETS: 5933950 # GETS misses
   mGETXIM: 257486 # GETX I->M misses
   mGETXSM: 7548 # GETX S->M misses (upgrade misses)
   PUTS: 0 # Clean evictions (from lower level)
   PUTX: 0 # Dirty evictions (from lower level)
   INV: 13828 # Invalidates (from upper level)
   INVX: 12629 # Downgrades (from upper level)
   FWD: 0 # Forwards (from upper level)
   latGETnl: 74670717 # GET request latency on next level
   latGETnet: 0 # GET request latency on network to next level
  l1d-7: # Filter cache stats
   fhGETS: 103677513 # Filtered GETS hits
   fhGETX: 30951263 # Filtered GETX hits
   hGETS: 5139111 # GETS hits
   hGETX: 1603379 # GETX hits
   mGETS: 5919424 # GETS misses
   mGETXIM: 247899 # GETX I->M misses
   mGETXSM: 6421 # GETX S->M misses (upgrade misses)
   PUTS: 0 # Clean evictions (from lower level)
   PUTX: 0 # Dirty evictions (from lower level)
   INV: 14536 # Invalidates (from upper level)
   INVX: 13136 # Downgrades (from upper level)
   FWD: 0 # Forwards (from upper level)
   latGETnl: 73701278 # GET request latency on next level
   latGETnet: 0 # GET request latency on network to next level
 l2: # Cache stats
  l2-0: # Cache stats
   hGETS: 6295534 # GETS hits
   hGETX: 211744 # GETX hits
   mGETS: 613626 # GETS misses
   mGETXIM: 204794 # GETX I->M misses
   mGETXSM: 11556 # GETX S->M misses (upgrade misses)
   PUTS: 6750843 # Clean evictions (from lower level)
   PUTX: 559876 # Dirty evictions (from lower level)
   INV: 28099 # Invalidates (from upper level)
   INVX: 29709 # Downgrades (from upper level)
   FWD: 0 # Forwards (from upper level)
   latGETnl: 27755048 # GET request latency on next level
   latGETnet: 0 # GET request latency on network to next level
  l2-1: # Cache stats
   hGETS: 6283323 # GETS hits
   hGETX: 206450 # GETX hits
   mGETS: 431735 # GETS misses
   mGETXIM: 46688 # GETX I->M misses
   mGETXSM: 9408 # GETX S->M misses (upgrade misses)
   PUTS: 6601705 # Clean evictions (from lower level)
   PUTX: 349732 # Dirty evictions (from lower level)
   INV: 32356 # Invalidates (from upper level)
   INVX: 25384 # Downgrades (from upper level)
   FWD: 0 # Forwards (from upper level)
   latGETnl: 13170004 # GET request latency on next level
   latGETnet: 0 # GET request latency on network to next level
  l2-2: # Cache stats
   hGETS: 6292500 # GETS hits
   hGETX: 214883 # GETX hits
   mGETS: 416132 # GETS misses
   mGETXIM: 57044 # GETX I->M misses
   mGETXSM: 9896 # GETX S->M misses (upgrade misses)
   PUTS: 6599869 # Clean evictions (from lower level)
   PUTX: 367864 # Dirty evictions (from lower level)
   INV: 34288 # Invalidates (from upper level)
   INVX: 24039 # Downgrades (from upper level)
   FWD: 0 # Forwards (from upper level)
   latGETnl: 13480217 # GET request latency on next level
   latGETnet: 0 # GET request latency on network to next level
  l2-3: # Cache stats
   hGETS: 6293397 # GETS hits
   hGETX: 211826 # GETX hits
   mGETS: 409838 # GETS misses
   mGETXIM: 49297 # GETX I->M misses
   mGETXSM: 12027 # GETX S->M misses (upgrade misses)
   PUTS: 6590107 # Clean evictions (from lower level)
   PUTX: 359232 # Dirty evictions (from lower level)
   INV: 31005 # Invalidates (from upper level)
   INVX: 27101 # Downgrades (from upper level)
   FWD: 0 # Forwards (from upper level)
   latGETnl: 13173799 # GET request latency on next level
   latGETnet: 0 # GET request latency on network to next level
  l2-4: # Cache stats
   hGETS: 6299971 # GETS hits
   hGETX: 211477 # GETX hits
   mGETS: 397691 # GETS misses
   mGETXIM: 31767 # GETX I->M misses
   mGETXSM: 10357 # GETX S->M misses (upgrade misses)
   PUTS: 6588196 # Clean evictions (from lower level)
   PUTX: 336927 # Dirty evictions (from lower level)
   INV: 31341 # Invalidates (from upper level)
   INVX: 26072 # Downgrades (from upper level)
   FWD: 0 # Forwards (from upper level)
   latGETnl: 12009409 # GET request latency on next level
   latGETnet: 0 # GET request latency on network to next level
  l2-5: # Cache stats
   hGETS: 6292484 # GETS hits
   hGETX: 214863 # GETX hits
   mGETS: 424816 # GETS misses
   mGETXIM: 64762 # GETX I->M misses
   mGETXSM: 9596 # GETX S->M misses (upgrade misses)
   PUTS: 6605206 # Clean evictions (from lower level)
   PUTX: 377217 # Dirty evictions (from lower level)
   INV: 33349 # Invalidates (from upper level)
   INVX: 24405 # Downgrades (from upper level)
   FWD: 0 # Forwards (from upper level)
   latGETnl: 14198343 # GET request latency on next level
   latGETnet: 0 # GET request latency on network to next level
  l2-6: # Cache stats
   hGETS: 6286447 # GETS hits
   hGETX: 212404 # GETX hits
   mGETS: 415740 # GETS misses
   mGETXIM: 43049 # GETX I->M misses
   mGETXSM: 9581 # GETX S->M misses (upgrade misses)
   PUTS: 6592672 # Clean evictions (from lower level)
   PUTX: 352262 # Dirty evictions (from lower level)
   INV: 25284 # Invalidates (from upper level)
   INVX: 24468 # Downgrades (from upper level)
   FWD: 0 # Forwards (from upper level)
   latGETnl: 13049865 # GET request latency on next level
   latGETnet: 0 # GET request latency on network to next level
  l2-7: # Cache stats
   hGETS: 6274355 # GETS hits
   hGETX: 209355 # GETX hits
   mGETS: 410211 # GETS misses
   mGETXIM: 36482 # GETX I->M misses
   mGETXSM: 8483 # GETX S->M misses (upgrade misses)
   PUTS: 6576747 # Clean evictions (from lower level)
   PUTX: 340266 # Dirty evictions (from lower level)
   INV: 26894 # Invalidates (from upper level)
   INVX: 25538 # Downgrades (from upper level)
   FWD: 0 # Forwards (from upper level)
   latGETnl: 12292668 # GET request latency on next level
   latGETnet: 0 # GET request latency on network to next level
 l3: # Cache stats
  l3-0b0: # Cache stats
   hGETS: 357707 # GETS hits
   hGETX: 53136 # GETX hits
   mGETS: 11365 # GETS misses
   mGETXIM: 9831 # GETX I->M misses
   mGETXSM: 0 # GETX S->M misses (upgrade misses)
   PUTS: 332631 # Clean evictions (from lower level)
   PUTX: 78565 # Dirty evictions (from lower level)
   INV: 0 # Invalidates (from upper level)
   INVX: 0 # Downgrades (from upper level)
   FWD: 0 # Forwards (from upper level)
   latGETnl: 1907640 # GET request latency on next level
   latGETnet: 0 # GET request latency on network to next level
  l3-0b1: # Cache stats
   hGETS: 493397 # GETS hits
   hGETX: 91680 # GETX hits
   mGETS: 11409 # GETS misses
   mGETXIM: 10003 # GETX I->M misses
   mGETXSM: 0 # GETX S->M misses (upgrade misses)
   PUTS: 433843 # Clean evictions (from lower level)
   PUTX: 79037 # Dirty evictions (from lower level)
   INV: 0 # Invalidates (from upper level)
   INVX: 0 # Downgrades (from upper level)
   FWD: 0 # Forwards (from upper level)
   latGETnl: 1927080 # GET request latency on next level
   latGETnet: 0 # GET request latency on network to next level
  l3-0b2: # Cache stats
   hGETS: 399096 # GETS hits
   hGETX: 72375 # GETX hits
   mGETS: 11409 # GETS misses
   mGETXIM: 9813 # GETX I->M misses
   mGETXSM: 0 # GETX S->M misses (upgrade misses)
   PUTS: 360828 # Clean evictions (from lower level)
   PUTX: 79933 # Dirty evictions (from lower level)
   INV: 0 # Invalidates (from upper level)
   INVX: 0 # Downgrades (from upper level)
   FWD: 0 # Forwards (from upper level)
   latGETnl: 1909980 # GET request latency on next level
   latGETnet: 0 # GET request latency on network to next level
  l3-0b3: # Cache stats
   hGETS: 452721 # GETS hits
   hGETX: 65160 # GETX hits
   mGETS: 11405 # GETS misses
   mGETXIM: 9975 # GETX I->M misses
   mGETXSM: 0 # GETX S->M misses (upgrade misses)
   PUTS: 421279 # Clean evictions (from lower level)
   PUTX: 80775 # Dirty evictions (from lower level)
   INV: 0 # Invalidates (from upper level)
   INVX: 0 # Downgrades (from upper level)
   FWD: 0 # Forwards (from upper level)
   latGETnl: 1924200 # GET request latency on next level
   latGETnet: 0 # GET request latency on network to next level
  l3-0b4: # Cache stats
   hGETS: 406650 # GETS hits
   hGETX: 71560 # GETX hits
   mGETS: 11390 # GETS misses
   mGETXIM: 9863 # GETX I->M misses
   mGETXSM: 0 # GETX S->M misses (upgrade misses)
   PUTS: 370300 # Clean evictions (from lower level)
   PUTX: 77421 # Dirty evictions (from lower level)
   INV: 0 # Invalidates (from upper level)
   INVX: 0 # Downgrades (from upper level)
   FWD: 0 # Forwards (from upper level)
   latGETnl: 1912770 # GET request latency on next level
   latGETnet: 0 # GET request latency on network to next level
  l3-0b5: # Cache stats
   hGETS: 449435 # GETS hits
   hGETX: 61697 # GETX hits
   mGETS: 11403 # GETS misses
   mGETXIM: 9968 # GETX I->M misses
   mGETXSM: 0 # GETX S->M misses (upgrade misses)
   PUTS: 421548 # Clean evictions (from lower level)
   PUTX: 76876 # Dirty evictions (from lower level)
   INV: 0 # Invalidates (from upper level)
   INVX: 0 # Downgrades (from upper level)
   FWD: 0 # Forwards (from upper level)
   latGETnl: 1923390 # GET request latency on next level
   latGETnet: 0 # GET request latency on network to next level
  l3-0b6: # Cache stats
   hGETS: 369443 # GETS hits
   hGETX: 60413 # GETX hits
   mGETS: 11384 # GETS misses
   mGETXIM: 9804 # GETX I->M misses
   mGETXSM: 0 # GETX S->M misses (upgrade misses)
   PUTS: 341274 # Clean evictions (from lower level)
   PUTX: 77765 # Dirty evictions (from lower level)
   INV: 0 # Invalidates (from upper level)
   INVX: 0 # Downgrades (from upper level)
   FWD: 0 # Forwards (from upper level)
   latGETnl: 1906920 # GET request latency on next level
   latGETnet: 0 # GET request latency on network to next level
  l3-0b7: # Cache stats
   hGETS: 500116 # GETS hits
   hGETX: 59527 # GETX hits
   mGETS: 11459 # GETS misses
   mGETXIM: 9982 # GETX I->M misses
   mGETXSM: 0 # GETX S->M misses (upgrade misses)
   PUTS: 468277 # Clean evictions (from lower level)
   PUTX: 78744 # Dirty evictions (from lower level)
   INV: 0 # Invalidates (from upper level)
   INVX: 0 # Downgrades (from upper level)
   FWD: 0 # Forwards (from upper level)
   latGETnl: 1929690 # GET request latency on next level
   latGETnet: 0 # GET request latency on network to next level
 mem: # Memory controller stats
  mem-0: # Memory controller stats
   rd: 42373 # Read requests
   wr: 7730 # Write requests
   rdlat: 5713131 # Total latency experienced by read requests
   wrlat: 1145244 # Total latency experienced by write requests
   rdhits: 297 # Read row hits
   wrhits: 26 # Write row hits
   mlh: # latency histogram for memory requests
    0: 0
    1: 0
    2: 0
    3: 0
    4: 0
    5: 0
    6: 0
    7: 0
    8: 0
    9: 0
    10: 0
    11: 22
    12: 48
    13: 39913
    14: 1330
    15: 174
    16: 106
    17: 43
    18: 48
    19: 44
    20: 40
    21: 48
    22: 24
    23: 30
    24: 23
    25: 36
    26: 21
    27: 13
    28: 17
    29: 28
    30: 38
    31: 39
    32: 26
    33: 29
    34: 30
    35: 27
    36: 29
    37: 21
    38: 34
    39: 28
    40: 22
    41: 18
    42: 12
    43: 3
    44: 1
    45: 1
    46: 3
    47: 2
    48: 1
    49: 0
    50: 0
    51: 0
    52: 0
    53: 0
    54: 0
    55: 0
    56: 1
    57: 0
    58: 0
    59: 0
    60: 0
    61: 0
    62: 0
    63: 0
    64: 0
    65: 0
    66: 0
    67: 0
    68: 0
    69: 0
    70: 0
    71: 0
    72: 0
    73: 0
    74: 0
    75: 0
    76: 0
    77: 0
    78: 0
    79: 0
    80: 0
    81: 0
    82: 0
    83: 0
    84: 0
    85: 0
    86: 0
    87: 0
    88: 0
    89: 0
    90: 0
    91: 0
    92: 0
    93: 0
    94: 0
    95: 0
    96: 0
    97: 0
    98: 0
    99: 0
  mem-1: # Memory controller stats
   rd: 42775 # Read requests
   wr: 8143 # Write requests
   rdlat: 5771144 # Total latency experienced by read requests
   wrlat: 1184536 # Total latency experienced by write requests
   rdhits: 303 # Read row hits
   wrhits: 22 # Write row hits
   mlh: # latency histogram for memory requests
    0: 0
    1: 0
    2: 0
    3: 0
    4: 0
    5: 0
    6: 0
    7: 0
    8: 0
    9: 0
    10: 0
    11: 28
    12: 41
    13: 40471
    14: 1070
    15: 201
    16: 121
    17: 66
    18: 39
    19: 61
    20: 57
    21: 66
    22: 19
    23: 24
    24: 42
    25: 36
    26: 16
    27: 12
    28: 18
    29: 30
    30: 36
    31: 34
    32: 20
    33: 28
    34: 32
    35: 31
    36: 20
    37: 28
    38: 26
    39: 27
    40: 20
    41: 23
    42: 19
    43: 5
    44: 1
    45: 0
    46: 2
    47: 2
    48: 2
    49: 0
    50: 0
    51: 0
    52: 1
    53: 0
    54: 0
    55: 0
    56: 0
    57: 0
    58: 0
    59: 0
    60: 0
    61: 0
    62: 0
    63: 0
    64: 0
    65: 0
    66: 0
    67: 0
    68: 0
    69: 0
    70: 0
    71: 0
    72: 0
    73: 0
    74: 0
    75: 0
    76: 0
    77: 0
    78: 0
    79: 0
    80: 0
    81: 0
    82: 0
    83: 0
    84: 0
    85: 0
    86: 0
    87: 0
    88: 0
    89: 0
    90: 0
    91: 0
    92: 0
    93: 0
    94: 0
    95: 0
    96: 0
    97: 0
    98: 0
    99: 0
  mem-2: # Memory controller stats
   rd: 42544 # Read requests
   wr: 7903 # Write requests
   rdlat: 5732611 # Total latency experienced by read requests
   wrlat: 1163380 # Total latency experienced by write requests
   rdhits: 299 # Read row hits
   wrhits: 12 # Write row hits
   mlh: # latency histogram for memory requests
    0: 0
    1: 0
    2: 0
    3: 0
    4: 0
    5: 0
    6: 0
    7: 0
    8: 0
    9: 0
    10: 0
    11: 25
    12: 48
    13: 40309
    14: 1108
    15: 178
    16: 111
    17: 62
    18: 40
    19: 57
    20: 38
    21: 44
    22: 19
    23: 14
    24: 23
    25: 38
    26: 17
    27: 12
    28: 11
    29: 20
    30: 31
    31: 34
    32: 28
    33: 30
    34: 24
    35: 29
    36: 25
    37: 25
    38: 35
    39: 11
    40: 26
    41: 19
    42: 25
    43: 10
    44: 6
    45: 5
    46: 1
    47: 3
    48: 0
    49: 0
    50: 0
    51: 1
    52: 1
    53: 0
    54: 1
    55: 0
    56: 0
    57: 0
    58: 0
    59: 0
    60: 0
    61: 0
    62: 0
    63: 0
    64: 0
    65: 0
    66: 0
    67: 0
    68: 0
    69: 0
    70: 0
    71: 0
    72: 0
    73: 0
    74: 0
    75: 0
    76: 0
    77: 0
    78: 0
    79: 0
    80: 0
    81: 0
    82: 0
    83: 0
    84: 0
    85: 0
    86: 0
    87: 0
    88: 0
    89: 0
    90: 0
    91: 0
    92: 0
    93: 0
    94: 0
    95: 0
    96: 0
    97: 0
    98: 0
    99: 0
  mem-3: # Memory controller stats
   rd: 42771 # Read requests
   wr: 8168 # Write requests
   rdlat: 5755921 # Total latency experienced by read requests
   wrlat: 1197818 # Total latency experienced by write requests
   rdhits: 284 # Read row hits
   wrhits: 20 # Write row hits
   mlh: # latency histogram for memory requests
    0: 0
    1: 0
    2: 0
    3: 0
    4: 0
    5: 0
    6: 0
    7: 0
    8: 0
    9: 0
    10: 0
    11: 24
    12: 42
    13: 40601
    14: 1044
    15: 210
    16: 123
    17: 51
    18: 57
    19: 48
    20: 52
    21: 42
    22: 15
    23: 13
    24: 22
    25: 21
    26: 17
    27: 15
    28: 15
    29: 28
    30: 34
    31: 32
    32: 25
    33: 24
    34: 33
    35: 21
    36: 27
    37: 26
    38: 24
    39: 17
    40: 17
    41: 20
    42: 18
    43: 7
    44: 1
    45: 1
    46: 1
    47: 2
    48: 0
    49: 0
    50: 0
    51: 0
    52: 1
    53: 0
    54: 0
    55: 0
    56: 0
    57: 0
    58: 0
    59: 0
    60: 0
    61: 0
    62: 0
    63: 0
    64: 0
    65: 0
    66: 0
    67: 0
    68: 0
    69: 0
    70: 0
    71: 0
    72: 0
    73: 0
    74: 0
    75: 0
    76: 0
    77: 0
    78: 0
    79: 0
    80: 0
    81: 0
    82: 0
    83: 0
    84: 0
    85: 0
    86: 0
    87: 0
    88: 0
    89: 0
    90: 0
    91: 0
    92: 0
    93: 0
    94: 0
    95: 0
    96: 0
    97: 0
    98: 0
    99: 0
 sched: # Scheduler stats
  thCr: 9 # Threads created
  thFn: 0 # Threads finished
  schedEvs: 447 # Schedule events
  waitEvs: 28 # Wait events
  handoffEvs: 0 # Handoff events
  sleepEvs: 0 # Sleep events
  idlePhases: 0 # Phases with no thread active
  idlePeriods: 0 # Periods with no thread active
  occHist: # Occupancy histogram
   0: 0
   1: 137
   2: 0
   3: 0
   4: 0
   5: 0
   6: 0
   7: 0
   8: 46548
  rqSzHist: # Run queue size histogram
   0: 46685
   1: 0
   2: 0
   3: 0
   4: 0
   5: 0
   6: 0
   7: 0
   8: 0
   9: 0
   10: 0
   11: 0
   12: 0
   13: 0
   14: 0
   15: 0
   16: 0
 procCycles: # Per-process unhalted core cycles
  0: 3033752593
  1: 0
  2: 0
  3: 0
  4: 0
  5: 0
  6: 0
  7: 0
  8: 0
  9: 0
  10: 0
  11: 0
  12: 0
  13: 0
  14: 0
  15: 0
  16: 0
  17: 0
  18: 0
  19: 0
  20: 0
  21: 0
  22: 0
  23: 0
  24: 0
  25: 0
  26: 0
  27: 0
  28: 0
  29: 0
  30: 0
  31: 0
  32: 0
  33: 0
  34: 0
  35: 0
  36: 0
  37: 0
  38: 0
  39: 0
  40: 0
  41: 0
  42: 0
  43: 0
  44: 0
  45: 0
  46: 0
  47: 0
  48: 0
  49: 0
  50: 0
  51: 0
  52: 0
  53: 0
  54: 0
  55: 0
  56: 0
  57: 0
  58: 0
  59: 0
  60: 0
  61: 0
  62: 0
  63: 0
 procInstrs: # Per-process instructions
  0: 5000101462
  1: 0
  2: 0
  3: 0
  4: 0
  5: 0
  6: 0
  7: 0
  8: 0
  9: 0
  10: 0
  11: 0
  12: 0
  13: 0
  14: 0
  15: 0
  16: 0
  17: 0
  18: 0
  19: 0
  20: 0
  21: 0
  22: 0
  23: 0
  24: 0
  25: 0
  26: 0
  27: 0
  28: 0
  29: 0
  30: 0
  31: 0
  32: 0
  33: 0
  34: 0
  35: 0
  36: 0
  37: 0
  38: 0
  39: 0
  40: 0
  41: 0
  42: 0
  43: 0
  44: 0
  45: 0
  46: 0
  47: 0
  48: 0
  49: 0
  50: 0
  51: 0
  52: 0
  53: 0
  54: 0
  55: 0
  56: 0
  57: 0
  58: 0
  59: 0
  60: 0
  61: 0
  62: 0
  63: 0
 heartbeats: # Per-process heartbeats
  0: 0
  1: 0
  2: 0
  3: 0
  4: 0
  5: 0
  6: 0
  7: 0
  8: 0
  9: 0
  10: 0
  11: 0
  12: 0
  13: 0
  14: 0
  15: 0
  16: 0
  17: 0
  18: 0
  19: 0
  20: 0
  21: 0
  22: 0
  23: 0
  24: 0
  25: 0
  26: 0
  27: 0
  28: 0
  29: 0
  30: 0
  31: 0
  32: 0
  33: 0
  34: 0
  35: 0
  36: 0
  37: 0
  38: 0
  39: 0
  40: 0
  41: 0
  42: 0
  43: 0
  44: 0
  45: 0
  46: 0
  47: 0
  48: 0
  49: 0
  50: 0
  51: 0
  52: 0
  53: 0
  54: 0
  55: 0
  56: 0
  57: 0
  58: 0
  59: 0
  60: 0
  61: 0
  62: 0
  63: 0
===
