# zsim stats
===
root: # Stats
 contention: # Contention simulation stats
  domain-0: # Domain stats
   time: 471794218 # Weave simulation time
 time: # Simulator time breakdown
  init: 2754541686528
  bound: 10524026934
  weave: 583711430
  ff: 0
 trigger: 20000 # Reason for this stats dump
 phase: 7001 # Simulated phases
 westmere: # Core stats
  westmere-0: # Core stats
   cycles: 70010752 # Simulated unhalted cycles
   cCycles: 4667791 # Cycles due to contention stalls
   instrs: 100000377 # Simulated instructions
   uops: 118364488 # Retired micro-ops
   bbls: 29396098 # Basic blocks
   approxInstrs: 348827 # Instrs with approx uop decoding
   mispredBranches: 249722 # Mispredicted branches
   condBranches: 21577452 # conditional branches
 l1i: # Cache stats
  l1i-0: # Filter cache stats
   fhGETS: 27300120 # Filtered GETS hits
   fhGETX: 0 # Filtered GETX hits
   hGETS: 3001840 # GETS hits
   hGETX: 0 # GETX hits
   mGETS: 445767 # GETS misses
   mGETXIM: 0 # GETX I->M misses
   mGETXSM: 0 # GETX S->M misses (upgrade misses)
   PUTS: 0 # Clean evictions (from lower level)
   PUTX: 0 # Dirty evictions (from lower level)
   INV: 3167 # Invalidates (from upper level)
   INVX: 0 # Downgrades (from upper level)
   FWD: 0 # Forwards (from upper level)
   latGETnl: 5804508 # GET request latency on next level
   latGETnet: 0 # GET request latency on network to next level
 l1d: # Cache stats
  l1d-0: # Filter cache stats
   fhGETS: 25460283 # Filtered GETS hits
   fhGETX: 9735862 # Filtered GETX hits
   hGETS: 4373722 # GETS hits
   hGETX: 1387096 # GETX hits
   mGETS: 1391466 # GETS misses
   mGETXIM: 228234 # GETX I->M misses
   mGETXSM: 0 # GETX S->M misses (upgrade misses)
   PUTS: 0 # Clean evictions (from lower level)
   PUTX: 0 # Dirty evictions (from lower level)
   INV: 2353 # Invalidates (from upper level)
   INVX: 0 # Downgrades (from upper level)
   FWD: 0 # Forwards (from upper level)
   latGETnl: 46125492 # GET request latency on next level
   latGETnet: 0 # GET request latency on network to next level
 l2: # Cache stats
  l2-0: # Cache stats
   hGETS: 1630721 # GETS hits
   hGETX: 33876 # GETX hits
   mGETS: 206512 # GETS misses
   mGETXIM: 194358 # GETX I->M misses
   mGETXSM: 0 # GETX S->M misses (upgrade misses)
   PUTS: 1685973 # Clean evictions (from lower level)
   PUTX: 373081 # Dirty evictions (from lower level)
   INV: 18981 # Invalidates (from upper level)
   INVX: 0 # Downgrades (from upper level)
   FWD: 0 # Forwards (from upper level)
   latGETnl: 31275330 # GET request latency on next level
   latGETnet: 0 # GET request latency on network to next level
 l3: # Cache stats
  l3-0: # Cache stats
   hGETS: 117788 # GETS hits
   hGETX: 42477 # GETX hits
   mGETS: 88724 # GETS misses
   mGETXIM: 151881 # GETX I->M misses
   mGETXSM: 0 # GETX S->M misses (upgrade misses)
   PUTS: 111039 # Clean evictions (from lower level)
   PUTX: 266770 # Dirty evictions (from lower level)
   INV: 0 # Invalidates (from upper level)
   INVX: 0 # Downgrades (from upper level)
   FWD: 0 # Forwards (from upper level)
   latGETnl: 21654450 # GET request latency on next level
   latGETnet: 0 # GET request latency on network to next level
 mem: # Memory controller stats
  mem-0: # Memory controller stats
   rd: 59684 # Read requests
   wr: 43728 # Write requests
   rdlat: 8055587 # Total latency experienced by read requests
   wrlat: 6742289 # Total latency experienced by write requests
   rdhits: 61 # Read row hits
   wrhits: 43 # Write row hits
   mlh: # latency histogram for memory requests
    0: 0
    1: 0
    2: 0
    3: 0
    4: 0
    5: 0
    6: 0
    7: 0
    8: 0
    9: 0
    10: 0
    11: 0
    12: 5
    13: 55981
    14: 1285
    15: 918
    16: 592
    17: 45
    18: 25
    19: 28
    20: 36
    21: 34
    22: 31
    23: 38
    24: 60
    25: 54
    26: 18
    27: 24
    28: 19
    29: 19
    30: 35
    31: 32
    32: 29
    33: 27
    34: 38
    35: 36
    36: 43
    37: 41
    38: 34
    39: 26
    40: 33
    41: 32
    42: 29
    43: 14
    44: 8
    45: 7
    46: 1
    47: 3
    48: 3
    49: 0
    50: 0
    51: 0
    52: 1
    53: 0
    54: 0
    55: 0
    56: 0
    57: 0
    58: 0
    59: 0
    60: 0
    61: 0
    62: 0
    63: 0
    64: 0
    65: 0
    66: 0
    67: 0
    68: 0
    69: 0
    70: 0
    71: 0
    72: 0
    73: 0
    74: 0
    75: 0
    76: 0
    77: 0
    78: 0
    79: 0
    80: 0
    81: 0
    82: 0
    83: 0
    84: 0
    85: 0
    86: 0
    87: 0
    88: 0
    89: 0
    90: 0
    91: 0
    92: 0
    93: 0
    94: 0
    95: 0
    96: 0
    97: 0
    98: 0
    99: 0
  mem-1: # Memory controller stats
   rd: 60310 # Read requests
   wr: 43986 # Write requests
   rdlat: 8149031 # Total latency experienced by read requests
   wrlat: 6805296 # Total latency experienced by write requests
   rdhits: 66 # Read row hits
   wrhits: 53 # Write row hits
   mlh: # latency histogram for memory requests
    0: 0
    1: 0
    2: 0
    3: 0
    4: 0
    5: 0
    6: 0
    7: 0
    8: 0
    9: 0
    10: 0
    11: 5
    12: 2
    13: 56410
    14: 1343
    15: 965
    16: 640
    17: 45
    18: 33
    19: 33
    20: 42
    21: 28
    22: 32
    23: 50
    24: 43
    25: 51
    26: 17
    27: 22
    28: 26
    29: 23
    30: 23
    31: 32
    32: 31
    33: 30
    34: 36
    35: 45
    36: 45
    37: 41
    38: 36
    39: 46
    40: 31
    41: 36
    42: 25
    43: 20
    44: 9
    45: 2
    46: 4
    47: 5
    48: 2
    49: 1
    50: 0
    51: 0
    52: 0
    53: 0
    54: 0
    55: 0
    56: 0
    57: 0
    58: 0
    59: 0
    60: 0
    61: 0
    62: 0
    63: 0
    64: 0
    65: 0
    66: 0
    67: 0
    68: 0
    69: 0
    70: 0
    71: 0
    72: 0
    73: 0
    74: 0
    75: 0
    76: 0
    77: 0
    78: 0
    79: 0
    80: 0
    81: 0
    82: 0
    83: 0
    84: 0
    85: 0
    86: 0
    87: 0
    88: 0
    89: 0
    90: 0
    91: 0
    92: 0
    93: 0
    94: 0
    95: 0
    96: 0
    97: 0
    98: 0
    99: 0
  mem-2: # Memory controller stats
   rd: 60288 # Read requests
   wr: 43862 # Write requests
   rdlat: 8129447 # Total latency experienced by read requests
   wrlat: 6799722 # Total latency experienced by write requests
   rdhits: 63 # Read row hits
   wrhits: 35 # Write row hits
   mlh: # latency histogram for memory requests
    0: 0
    1: 0
    2: 0
    3: 0
    4: 0
    5: 0
    6: 0
    7: 0
    8: 0
    9: 0
    10: 0
    11: 6
    12: 3
    13: 56512
    14: 1283
    15: 900
    16: 671
    17: 61
    18: 37
    19: 43
    20: 33
    21: 30
    22: 33
    23: 36
    24: 60
    25: 55
    26: 24
    27: 25
    28: 36
    29: 23
    30: 23
    31: 33
    32: 28
    33: 23
    34: 34
    35: 29
    36: 38
    37: 26
    38: 37
    39: 32
    40: 25
    41: 27
    42: 37
    43: 10
    44: 6
    45: 5
    46: 0
    47: 3
    48: 1
    49: 0
    50: 0
    51: 0
    52: 0
    53: 0
    54: 0
    55: 0
    56: 0
    57: 0
    58: 0
    59: 0
    60: 0
    61: 0
    62: 0
    63: 0
    64: 0
    65: 0
    66: 0
    67: 0
    68: 0
    69: 0
    70: 0
    71: 0
    72: 0
    73: 0
    74: 0
    75: 0
    76: 0
    77: 0
    78: 0
    79: 0
    80: 0
    81: 0
    82: 0
    83: 0
    84: 0
    85: 0
    86: 0
    87: 0
    88: 0
    89: 0
    90: 0
    91: 0
    92: 0
    93: 0
    94: 0
    95: 0
    96: 0
    97: 0
    98: 0
    99: 0
  mem-3: # Memory controller stats
   rd: 60323 # Read requests
   wr: 43917 # Write requests
   rdlat: 8149967 # Total latency experienced by read requests
   wrlat: 6803249 # Total latency experienced by write requests
   rdhits: 58 # Read row hits
   wrhits: 45 # Write row hits
   mlh: # latency histogram for memory requests
    0: 0
    1: 0
    2: 0
    3: 0
    4: 0
    5: 0
    6: 0
    7: 0
    8: 0
    9: 0
    10: 0
    11: 2
    12: 3
    13: 56548
    14: 1323
    15: 898
    16: 575
    17: 41
    18: 42
    19: 31
    20: 34
    21: 26
    22: 33
    23: 46
    24: 71
    25: 55
    26: 16
    27: 23
    28: 24
    29: 34
    30: 27
    31: 33
    32: 33
    33: 37
    34: 38
    35: 37
    36: 34
    37: 58
    38: 42
    39: 32
    40: 37
    41: 27
    42: 27
    43: 9
    44: 9
    45: 8
    46: 1
    47: 4
    48: 2
    49: 1
    50: 0
    51: 0
    52: 1
    53: 0
    54: 1
    55: 0
    56: 0
    57: 0
    58: 0
    59: 0
    60: 0
    61: 0
    62: 0
    63: 0
    64: 0
    65: 0
    66: 0
    67: 0
    68: 0
    69: 0
    70: 0
    71: 0
    72: 0
    73: 0
    74: 0
    75: 0
    76: 0
    77: 0
    78: 0
    79: 0
    80: 0
    81: 0
    82: 0
    83: 0
    84: 0
    85: 0
    86: 0
    87: 0
    88: 0
    89: 0
    90: 0
    91: 0
    92: 0
    93: 0
    94: 0
    95: 0
    96: 0
    97: 0
    98: 0
    99: 0
 sched: # Scheduler stats
  thCr: 1 # Threads created
  thFn: 1 # Threads finished
  schedEvs: 1 # Schedule events
  waitEvs: 0 # Wait events
  handoffEvs: 0 # Handoff events
  sleepEvs: 0 # Sleep events
  idlePhases: 0 # Phases with no thread active
  idlePeriods: 0 # Periods with no thread active
  occHist: # Occupancy histogram
   0: 0
   1: 7001
  rqSzHist: # Run queue size histogram
   0: 7001
   1: 0
   2: 0
   3: 0
   4: 0
   5: 0
   6: 0
   7: 0
   8: 0
   9: 0
   10: 0
   11: 0
   12: 0
   13: 0
   14: 0
   15: 0
   16: 0
 procCycles: # Per-process unhalted core cycles
  0: 70010752
  1: 0
  2: 0
  3: 0
  4: 0
  5: 0
  6: 0
  7: 0
  8: 0
  9: 0
  10: 0
  11: 0
  12: 0
  13: 0
  14: 0
  15: 0
  16: 0
  17: 0
  18: 0
  19: 0
  20: 0
  21: 0
  22: 0
  23: 0
  24: 0
  25: 0
  26: 0
  27: 0
  28: 0
  29: 0
  30: 0
  31: 0
  32: 0
  33: 0
  34: 0
  35: 0
  36: 0
  37: 0
  38: 0
  39: 0
  40: 0
  41: 0
  42: 0
  43: 0
  44: 0
  45: 0
  46: 0
  47: 0
  48: 0
  49: 0
  50: 0
  51: 0
  52: 0
  53: 0
  54: 0
  55: 0
  56: 0
  57: 0
  58: 0
  59: 0
  60: 0
  61: 0
  62: 0
  63: 0
 procInstrs: # Per-process instructions
  0: 100000377
  1: 0
  2: 0
  3: 0
  4: 0
  5: 0
  6: 0
  7: 0
  8: 0
  9: 0
  10: 0
  11: 0
  12: 0
  13: 0
  14: 0
  15: 0
  16: 0
  17: 0
  18: 0
  19: 0
  20: 0
  21: 0
  22: 0
  23: 0
  24: 0
  25: 0
  26: 0
  27: 0
  28: 0
  29: 0
  30: 0
  31: 0
  32: 0
  33: 0
  34: 0
  35: 0
  36: 0
  37: 0
  38: 0
  39: 0
  40: 0
  41: 0
  42: 0
  43: 0
  44: 0
  45: 0
  46: 0
  47: 0
  48: 0
  49: 0
  50: 0
  51: 0
  52: 0
  53: 0
  54: 0
  55: 0
  56: 0
  57: 0
  58: 0
  59: 0
  60: 0
  61: 0
  62: 0
  63: 0
 heartbeats: # Per-process heartbeats
  0: 0
  1: 0
  2: 0
  3: 0
  4: 0
  5: 0
  6: 0
  7: 0
  8: 0
  9: 0
  10: 0
  11: 0
  12: 0
  13: 0
  14: 0
  15: 0
  16: 0
  17: 0
  18: 0
  19: 0
  20: 0
  21: 0
  22: 0
  23: 0
  24: 0
  25: 0
  26: 0
  27: 0
  28: 0
  29: 0
  30: 0
  31: 0
  32: 0
  33: 0
  34: 0
  35: 0
  36: 0
  37: 0
  38: 0
  39: 0
  40: 0
  41: 0
  42: 0
  43: 0
  44: 0
  45: 0
  46: 0
  47: 0
  48: 0
  49: 0
  50: 0
  51: 0
  52: 0
  53: 0
  54: 0
  55: 0
  56: 0
  57: 0
  58: 0
  59: 0
  60: 0
  61: 0
  62: 0
  63: 0
===
