# zsim stats
===
root: # Stats
 contention: # Contention simulation stats
  domain-0: # Domain stats
   time: 25962701107 # Weave simulation time
 time: # Simulator time breakdown
  init: 513623565
  bound: 95573704647
  weave: 27922511125
  ff: 0
 trigger: 20000 # Reason for this stats dump
 phase: 95620 # Simulated phases
 westmere: # Core stats
  westmere-0: # Core stats
   cycles: 938164324 # Simulated unhalted cycles
   cCycles: 130621787 # Cycles due to contention stalls
   instrs: 733066821 # Simulated instructions
   uops: 881155425 # Retired micro-ops
   bbls: 64624621 # Basic blocks
   approxInstrs: 79723 # Instrs with approx uop decoding
   mispredBranches: 251660 # Mispredicted branches
   condBranches: 44642130 # conditional branches
  westmere-1: # Core stats
   cycles: 876980939 # Simulated unhalted cycles
   cCycles: 123461054 # Cycles due to contention stalls
   instrs: 617480546 # Simulated instructions
   uops: 730533479 # Retired micro-ops
   bbls: 46120872 # Basic blocks
   approxInstrs: 10839 # Instrs with approx uop decoding
   mispredBranches: 250201 # Mispredicted branches
   condBranches: 38027664 # conditional branches
  westmere-2: # Core stats
   cycles: 869141131 # Simulated unhalted cycles
   cCycles: 126333311 # Cycles due to contention stalls
   instrs: 606461820 # Simulated instructions
   uops: 716730040 # Retired micro-ops
   bbls: 44471973 # Basic blocks
   approxInstrs: 80109 # Instrs with approx uop decoding
   mispredBranches: 247948 # Mispredicted branches
   condBranches: 37072016 # conditional branches
  westmere-3: # Core stats
   cycles: 870220324 # Simulated unhalted cycles
   cCycles: 127772918 # Cycles due to contention stalls
   instrs: 599022794 # Simulated instructions
   uops: 709274503 # Retired micro-ops
   bbls: 42819547 # Basic blocks
   approxInstrs: 79813 # Instrs with approx uop decoding
   mispredBranches: 255023 # Mispredicted branches
   condBranches: 35428365 # conditional branches
  westmere-4: # Core stats
   cycles: 873435264 # Simulated unhalted cycles
   cCycles: 128395145 # Cycles due to contention stalls
   instrs: 603072320 # Simulated instructions
   uops: 713320816 # Retired micro-ops
   bbls: 43717233 # Basic blocks
   approxInstrs: 79796 # Instrs with approx uop decoding
   mispredBranches: 252577 # Mispredicted branches
   condBranches: 36323495 # conditional branches
  westmere-5: # Core stats
   cycles: 873617339 # Simulated unhalted cycles
   cCycles: 126857001 # Cycles due to contention stalls
   instrs: 611141957 # Simulated instructions
   uops: 721382617 # Retired micro-ops
   bbls: 45511420 # Basic blocks
   approxInstrs: 79936 # Instrs with approx uop decoding
   mispredBranches: 248409 # Mispredicted branches
   condBranches: 38115725 # conditional branches
  westmere-6: # Core stats
   cycles: 871734957 # Simulated unhalted cycles
   cCycles: 127023949 # Cycles due to contention stalls
   instrs: 606829353 # Simulated instructions
   uops: 717053011 # Retired micro-ops
   bbls: 44544566 # Basic blocks
   approxInstrs: 80195 # Instrs with approx uop decoding
   mispredBranches: 252667 # Mispredicted branches
   condBranches: 37154952 # conditional branches
  westmere-7: # Core stats
   cycles: 868199988 # Simulated unhalted cycles
   cCycles: 124062406 # Cycles due to contention stalls
   instrs: 622956956 # Simulated instructions
   uops: 733232727 # Retired micro-ops
   bbls: 48137313 # Basic blocks
   approxInstrs: 79979 # Instrs with approx uop decoding
   mispredBranches: 248098 # Mispredicted branches
   condBranches: 40736743 # conditional branches
 l1i: # Cache stats
  l1i-0: # Filter cache stats
   fhGETS: 98384353 # Filtered GETS hits
   fhGETX: 0 # Filtered GETX hits
   hGETS: 18216 # GETS hits
   hGETX: 0 # GETX hits
   mGETS: 662 # GETS misses
   mGETXIM: 0 # GETX I->M misses
   mGETXSM: 0 # GETX S->M misses (upgrade misses)
   PUTS: 0 # Clean evictions (from lower level)
   PUTX: 0 # Dirty evictions (from lower level)
   INV: 3 # Invalidates (from upper level)
   INVX: 0 # Downgrades (from upper level)
   FWD: 0 # Forwards (from upper level)
   latGETnl: 57986 # GET request latency on next level
   latGETnet: 0 # GET request latency on network to next level
  l1i-1: # Filter cache stats
   fhGETS: 79917086 # Filtered GETS hits
   fhGETX: 0 # Filtered GETX hits
   hGETS: 42239 # GETS hits
   hGETX: 0 # GETX hits
   mGETS: 519 # GETS misses
   mGETXIM: 0 # GETX I->M misses
   mGETXSM: 0 # GETX S->M misses (upgrade misses)
   PUTS: 0 # Clean evictions (from lower level)
   PUTX: 0 # Dirty evictions (from lower level)
   INV: 1 # Invalidates (from upper level)
   INVX: 0 # Downgrades (from upper level)
   FWD: 0 # Forwards (from upper level)
   latGETnl: 39960 # GET request latency on next level
   latGETnet: 0 # GET request latency on network to next level
  l1i-2: # Filter cache stats
   fhGETS: 78206371 # Filtered GETS hits
   fhGETX: 0 # Filtered GETX hits
   hGETS: 18378 # GETS hits
   hGETX: 0 # GETX hits
   mGETS: 333 # GETS misses
   mGETXIM: 0 # GETX I->M misses
   mGETXSM: 0 # GETX S->M misses (upgrade misses)
   PUTS: 0 # Clean evictions (from lower level)
   PUTX: 0 # Dirty evictions (from lower level)
   INV: 0 # Invalidates (from upper level)
   INVX: 0 # Downgrades (from upper level)
   FWD: 0 # Forwards (from upper level)
   latGETnl: 15012 # GET request latency on next level
   latGETnet: 0 # GET request latency on network to next level
  l1i-3: # Filter cache stats
   fhGETS: 76589495 # Filtered GETS hits
   fhGETX: 0 # Filtered GETX hits
   hGETS: 17449 # GETS hits
   hGETX: 0 # GETX hits
   mGETS: 331 # GETS misses
   mGETXIM: 0 # GETX I->M misses
   mGETXSM: 0 # GETX S->M misses (upgrade misses)
   PUTS: 0 # Clean evictions (from lower level)
   PUTX: 0 # Dirty evictions (from lower level)
   INV: 0 # Invalidates (from upper level)
   INVX: 0 # Downgrades (from upper level)
   FWD: 0 # Forwards (from upper level)
   latGETnl: 13324 # GET request latency on next level
   latGETnet: 0 # GET request latency on network to next level
  l1i-4: # Filter cache stats
   fhGETS: 77476663 # Filtered GETS hits
   fhGETX: 0 # Filtered GETX hits
   hGETS: 16445 # GETS hits
   hGETX: 0 # GETX hits
   mGETS: 330 # GETS misses
   mGETXIM: 0 # GETX I->M misses
   mGETXSM: 0 # GETX S->M misses (upgrade misses)
   PUTS: 0 # Clean evictions (from lower level)
   PUTX: 0 # Dirty evictions (from lower level)
   INV: 0 # Invalidates (from upper level)
   INVX: 0 # Downgrades (from upper level)
   FWD: 0 # Forwards (from upper level)
   latGETnl: 14280 # GET request latency on next level
   latGETnet: 0 # GET request latency on network to next level
  l1i-5: # Filter cache stats
   fhGETS: 79249998 # Filtered GETS hits
   fhGETX: 0 # Filtered GETX hits
   hGETS: 16037 # GETS hits
   hGETX: 0 # GETX hits
   mGETS: 333 # GETS misses
   mGETXIM: 0 # GETX I->M misses
   mGETXSM: 0 # GETX S->M misses (upgrade misses)
   PUTS: 0 # Clean evictions (from lower level)
   PUTX: 0 # Dirty evictions (from lower level)
   INV: 0 # Invalidates (from upper level)
   INVX: 0 # Downgrades (from upper level)
   FWD: 0 # Forwards (from upper level)
   latGETnl: 13302 # GET request latency on next level
   latGETnet: 0 # GET request latency on network to next level
  l1i-6: # Filter cache stats
   fhGETS: 78305590 # Filtered GETS hits
   fhGETX: 0 # Filtered GETX hits
   hGETS: 17313 # GETS hits
   hGETX: 0 # GETX hits
   mGETS: 331 # GETS misses
   mGETXIM: 0 # GETX I->M misses
   mGETXSM: 0 # GETX S->M misses (upgrade misses)
   PUTS: 0 # Clean evictions (from lower level)
   PUTX: 0 # Dirty evictions (from lower level)
   INV: 0 # Invalidates (from upper level)
   INVX: 0 # Downgrades (from upper level)
   FWD: 0 # Forwards (from upper level)
   latGETnl: 14494 # GET request latency on next level
   latGETnet: 0 # GET request latency on network to next level
  l1i-7: # Filter cache stats
   fhGETS: 81872800 # Filtered GETS hits
   fhGETX: 0 # Filtered GETX hits
   hGETS: 18341 # GETS hits
   hGETX: 0 # GETX hits
   mGETS: 332 # GETS misses
   mGETXIM: 0 # GETX I->M misses
   mGETXSM: 0 # GETX S->M misses (upgrade misses)
   PUTS: 0 # Clean evictions (from lower level)
   PUTX: 0 # Dirty evictions (from lower level)
   INV: 0 # Invalidates (from upper level)
   INVX: 0 # Downgrades (from upper level)
   FWD: 0 # Forwards (from upper level)
   latGETnl: 12548 # GET request latency on next level
   latGETnet: 0 # GET request latency on network to next level
 l1d: # Cache stats
  l1d-0: # Filter cache stats
   fhGETS: 257224870 # Filtered GETS hits
   fhGETX: 30715490 # Filtered GETX hits
   hGETS: 28734904 # GETS hits
   hGETX: 386904 # GETX hits
   mGETS: 8450955 # GETS misses
   mGETXIM: 182088 # GETX I->M misses
   mGETXSM: 473430 # GETX S->M misses (upgrade misses)
   PUTS: 0 # Clean evictions (from lower level)
   PUTX: 0 # Dirty evictions (from lower level)
   INV: 521159 # Invalidates (from upper level)
   INVX: 490983 # Downgrades (from upper level)
   FWD: 0 # Forwards (from upper level)
   latGETnl: 777118144 # GET request latency on next level
   latGETnet: 0 # GET request latency on network to next level
  l1d-1: # Filter cache stats
   fhGETS: 224330986 # Filtered GETS hits
   fhGETX: 10230828 # Filtered GETX hits
   hGETS: 28572414 # GETS hits
   hGETX: 254139 # GETX hits
   mGETS: 8577490 # GETS misses
   mGETXIM: 41406 # GETX I->M misses
   mGETXSM: 492557 # GETX S->M misses (upgrade misses)
   PUTS: 0 # Clean evictions (from lower level)
   PUTX: 0 # Dirty evictions (from lower level)
   INV: 519432 # Invalidates (from upper level)
   INVX: 489117 # Downgrades (from upper level)
   FWD: 0 # Forwards (from upper level)
   latGETnl: 747747698 # GET request latency on next level
   latGETnet: 0 # GET request latency on network to next level
  l1d-2: # Filter cache stats
   fhGETS: 221542371 # Filtered GETS hits
   fhGETX: 8469572 # Filtered GETX hits
   hGETS: 28072547 # GETS hits
   hGETX: 147550 # GETX hits
   mGETS: 8442961 # GETS misses
   mGETXIM: 41284 # GETX I->M misses
   mGETXSM: 475731 # GETX S->M misses (upgrade misses)
   PUTS: 0 # Clean evictions (from lower level)
   PUTX: 0 # Dirty evictions (from lower level)
   INV: 521603 # Invalidates (from upper level)
   INVX: 492180 # Downgrades (from upper level)
   FWD: 0 # Forwards (from upper level)
   latGETnl: 763983870 # GET request latency on next level
   latGETnet: 0 # GET request latency on network to next level
  l1d-3: # Filter cache stats
   fhGETS: 218771139 # Filtered GETS hits
   fhGETX: 7652421 # Filtered GETX hits
   hGETS: 28353881 # GETS hits
   hGETX: 142582 # GETX hits
   mGETS: 8441770 # GETS misses
   mGETXIM: 40337 # GETX I->M misses
   mGETXSM: 477654 # GETX S->M misses (upgrade misses)
   PUTS: 0 # Clean evictions (from lower level)
   PUTX: 0 # Dirty evictions (from lower level)
   INV: 520934 # Invalidates (from upper level)
   INVX: 493668 # Downgrades (from upper level)
   FWD: 0 # Forwards (from upper level)
   latGETnl: 770102293 # GET request latency on next level
   latGETnet: 0 # GET request latency on network to next level
  l1d-4: # Filter cache stats
   fhGETS: 220338234 # Filtered GETS hits
   fhGETX: 8088129 # Filtered GETX hits
   hGETS: 28149124 # GETS hits
   hGETX: 151999 # GETX hits
   mGETS: 8439836 # GETS misses
   mGETXIM: 40337 # GETX I->M misses
   mGETXSM: 477519 # GETX S->M misses (upgrade misses)
   PUTS: 0 # Clean evictions (from lower level)
   PUTX: 0 # Dirty evictions (from lower level)
   INV: 521240 # Invalidates (from upper level)
   INVX: 490054 # Downgrades (from upper level)
   FWD: 0 # Forwards (from upper level)
   latGETnl: 771356343 # GET request latency on next level
   latGETnet: 0 # GET request latency on network to next level
  l1d-5: # Filter cache stats
   fhGETS: 222812844 # Filtered GETS hits
   fhGETX: 8991052 # Filtered GETX hits
   hGETS: 28368509 # GETS hits
   hGETX: 139631 # GETX hits
   mGETS: 8443150 # GETS misses
   mGETXIM: 39746 # GETX I->M misses
   mGETXSM: 481528 # GETX S->M misses (upgrade misses)
   PUTS: 0 # Clean evictions (from lower level)
   PUTX: 0 # Dirty evictions (from lower level)
   INV: 523621 # Invalidates (from upper level)
   INVX: 500058 # Downgrades (from upper level)
   FWD: 0 # Forwards (from upper level)
   latGETnl: 766652462 # GET request latency on next level
   latGETnet: 0 # GET request latency on network to next level
  l1d-6: # Filter cache stats
   fhGETS: 221635854 # Filtered GETS hits
   fhGETX: 8497650 # Filtered GETX hits
   hGETS: 28114530 # GETS hits
   hGETX: 147574 # GETX hits
   mGETS: 8442462 # GETS misses
   mGETXIM: 39282 # GETX I->M misses
   mGETXSM: 480680 # GETX S->M misses (upgrade misses)
   PUTS: 0 # Clean evictions (from lower level)
   PUTX: 0 # Dirty evictions (from lower level)
   INV: 520637 # Invalidates (from upper level)
   INVX: 494667 # Downgrades (from upper level)
   FWD: 0 # Forwards (from upper level)
   latGETnl: 767121748 # GET request latency on next level
   latGETnet: 0 # GET request latency on network to next level
  l1d-7: # Filter cache stats
   fhGETS: 227069070 # Filtered GETS hits
   fhGETX: 10306938 # Filtered GETX hits
   hGETS: 28049169 # GETS hits
   hGETX: 146352 # GETX hits
   mGETS: 8436986 # GETS misses
   mGETXIM: 39971 # GETX I->M misses
   mGETXSM: 476413 # GETX S->M misses (upgrade misses)
   PUTS: 0 # Clean evictions (from lower level)
   PUTX: 0 # Dirty evictions (from lower level)
   INV: 517040 # Invalidates (from upper level)
   INVX: 489465 # Downgrades (from upper level)
   FWD: 0 # Forwards (from upper level)
   latGETnl: 753924034 # GET request latency on next level
   latGETnet: 0 # GET request latency on network to next level
 l2: # Cache stats
  l2-0: # Cache stats
   hGETS: 20165 # GETS hits
   hGETX: 4028 # GETX hits
   mGETS: 8431452 # GETS misses
   mGETXIM: 181556 # GETX I->M misses
   mGETXSM: 469934 # GETX S->M misses (upgrade misses)
   PUTS: 7934503 # Clean evictions (from lower level)
   PUTX: 189942 # Dirty evictions (from lower level)
   INV: 522410 # Invalidates (from upper level)
   INVX: 629127 # Downgrades (from upper level)
   FWD: 0 # Forwards (from upper level)
   latGETnl: 686104780 # GET request latency on next level
   latGETnet: 0 # GET request latency on network to next level
  l2-1: # Cache stats
   hGETS: 62617 # GETS hits
   hGETX: 2207 # GETX hits
   mGETS: 8515392 # GETS misses
   mGETXIM: 42834 # GETX I->M misses
   mGETXSM: 488922 # GETX S->M misses (upgrade misses)
   PUTS: 7987994 # Clean evictions (from lower level)
   PUTX: 124732 # Dirty evictions (from lower level)
   INV: 522454 # Invalidates (from upper level)
   INVX: 629089 # Downgrades (from upper level)
   FWD: 0 # Forwards (from upper level)
   latGETnl: 656667938 # GET request latency on next level
   latGETnet: 0 # GET request latency on network to next level
  l2-2: # Cache stats
   hGETS: 22580 # GETS hits
   hGETX: 3639 # GETX hits
   mGETS: 8420714 # GETS misses
   mGETXIM: 41053 # GETX I->M misses
   mGETXSM: 472323 # GETX S->M misses (upgrade misses)
   PUTS: 7935375 # Clean evictions (from lower level)
   PUTX: 41166 # Dirty evictions (from lower level)
   INV: 522879 # Invalidates (from upper level)
   INVX: 648012 # Downgrades (from upper level)
   FWD: 0 # Forwards (from upper level)
   latGETnl: 674395792 # GET request latency on next level
   latGETnet: 0 # GET request latency on network to next level
  l2-3: # Cache stats
   hGETS: 22933 # GETS hits
   hGETX: 3176 # GETX hits
   mGETS: 8419168 # GETS misses
   mGETXIM: 40659 # GETX I->M misses
   mGETXSM: 474156 # GETX S->M misses (upgrade misses)
   PUTS: 7934949 # Clean evictions (from lower level)
   PUTX: 41193 # Dirty evictions (from lower level)
   INV: 522207 # Invalidates (from upper level)
   INVX: 633645 # Downgrades (from upper level)
   FWD: 0 # Forwards (from upper level)
   latGETnl: 680514697 # GET request latency on next level
   latGETnet: 0 # GET request latency on network to next level
  l2-4: # Cache stats
   hGETS: 18154 # GETS hits
   hGETX: 2813 # GETX hits
   mGETS: 8422012 # GETS misses
   mGETXIM: 40621 # GETX I->M misses
   mGETXSM: 474422 # GETX S->M misses (upgrade misses)
   PUTS: 7932907 # Clean evictions (from lower level)
   PUTX: 41089 # Dirty evictions (from lower level)
   INV: 522514 # Invalidates (from upper level)
   INVX: 633465 # Downgrades (from upper level)
   FWD: 0 # Forwards (from upper level)
   latGETnl: 681790403 # GET request latency on next level
   latGETnet: 0 # GET request latency on network to next level
  l2-5: # Cache stats
   hGETS: 23880 # GETS hits
   hGETX: 4412 # GETX hits
   mGETS: 8419603 # GETS misses
   mGETXIM: 38464 # GETX I->M misses
   mGETXSM: 478398 # GETX S->M misses (upgrade misses)
   PUTS: 7933678 # Clean evictions (from lower level)
   PUTX: 41221 # Dirty evictions (from lower level)
   INV: 524894 # Invalidates (from upper level)
   INVX: 651375 # Downgrades (from upper level)
   FWD: 0 # Forwards (from upper level)
   latGETnl: 677018194 # GET request latency on next level
   latGETnet: 0 # GET request latency on network to next level
  l2-6: # Cache stats
   hGETS: 24719 # GETS hits
   hGETX: 3183 # GETX hits
   mGETS: 8418074 # GETS misses
   mGETXIM: 38929 # GETX I->M misses
   mGETXSM: 477850 # GETX S->M misses (upgrade misses)
   PUTS: 7934786 # Clean evictions (from lower level)
   PUTX: 41476 # Dirty evictions (from lower level)
   INV: 521913 # Invalidates (from upper level)
   INVX: 641740 # Downgrades (from upper level)
   FWD: 0 # Forwards (from upper level)
   latGETnl: 677508692 # GET request latency on next level
   latGETnet: 0 # GET request latency on network to next level
  l2-7: # Cache stats
   hGETS: 22719 # GETS hits
   hGETX: 3237 # GETX hits
   mGETS: 8414599 # GETS misses
   mGETXIM: 39722 # GETX I->M misses
   mGETXSM: 473425 # GETX S->M misses (upgrade misses)
   PUTS: 7935456 # Clean evictions (from lower level)
   PUTX: 41613 # Dirty evictions (from lower level)
   INV: 518314 # Invalidates (from upper level)
   INVX: 634547 # Downgrades (from upper level)
   FWD: 0 # Forwards (from upper level)
   latGETnl: 664399562 # GET request latency on next level
   latGETnet: 0 # GET request latency on network to next level
 l3: # Cache stats
  l3-0b0: # Cache stats
   hGETS: 2040816 # GETS hits
   hGETX: 15489 # GETX hits
   mGETS: 5259276 # GETS misses
   mGETXIM: 24697 # GETX I->M misses
   mGETXSM: 0 # GETX S->M misses (upgrade misses)
   PUTS: 7272326 # Clean evictions (from lower level)
   PUTX: 59314 # Dirty evictions (from lower level)
   INV: 0 # Invalidates (from upper level)
   INVX: 0 # Downgrades (from upper level)
   FWD: 0 # Forwards (from upper level)
   latGETnl: 475557570 # GET request latency on next level
   latGETnet: 0 # GET request latency on network to next level
  l3-0b1: # Cache stats
   hGETS: 1779396 # GETS hits
   hGETX: 23385 # GETX hits
   mGETS: 5354163 # GETS misses
   mGETXIM: 22605 # GETX I->M misses
   mGETXSM: 0 # GETX S->M misses (upgrade misses)
   PUTS: 7105200 # Clean evictions (from lower level)
   PUTX: 63393 # Dirty evictions (from lower level)
   INV: 0 # Invalidates (from upper level)
   INVX: 0 # Downgrades (from upper level)
   FWD: 0 # Forwards (from upper level)
   latGETnl: 483909120 # GET request latency on next level
   latGETnet: 0 # GET request latency on network to next level
  l3-0b2: # Cache stats
   hGETS: 2597586 # GETS hits
   hGETX: 881364 # GETX hits
   mGETS: 5388805 # GETS misses
   mGETXIM: 24586 # GETX I->M misses
   mGETXSM: 0 # GETX S->M misses (upgrade misses)
   PUTS: 7104410 # Clean evictions (from lower level)
   PUTX: 59471 # Dirty evictions (from lower level)
   INV: 0 # Invalidates (from upper level)
   INVX: 0 # Downgrades (from upper level)
   FWD: 0 # Forwards (from upper level)
   latGETnl: 487205190 # GET request latency on next level
   latGETnet: 0 # GET request latency on network to next level
  l3-0b3: # Cache stats
   hGETS: 2938642 # GETS hits
   hGETX: 1279957 # GETX hits
   mGETS: 5375154 # GETS misses
   mGETXIM: 24835 # GETX I->M misses
   mGETXSM: 0 # GETX S->M misses (upgrade misses)
   PUTS: 7107400 # Clean evictions (from lower level)
   PUTX: 59388 # Dirty evictions (from lower level)
   INV: 0 # Invalidates (from upper level)
   INVX: 0 # Downgrades (from upper level)
   FWD: 0 # Forwards (from upper level)
   latGETnl: 485999010 # GET request latency on next level
   latGETnet: 0 # GET request latency on network to next level
  l3-0b4: # Cache stats
   hGETS: 2769283 # GETS hits
   hGETX: 957516 # GETX hits
   mGETS: 5384052 # GETS misses
   mGETXIM: 23047 # GETX I->M misses
   mGETXSM: 0 # GETX S->M misses (upgrade misses)
   PUTS: 7108467 # Clean evictions (from lower level)
   PUTX: 61801 # Dirty evictions (from lower level)
   INV: 0 # Invalidates (from upper level)
   INVX: 0 # Downgrades (from upper level)
   FWD: 0 # Forwards (from upper level)
   latGETnl: 486638910 # GET request latency on next level
   latGETnet: 0 # GET request latency on network to next level
  l3-0b5: # Cache stats
   hGETS: 2602662 # GETS hits
   hGETX: 885732 # GETX hits
   mGETS: 5393431 # GETS misses
   mGETXIM: 23837 # GETX I->M misses
   mGETXSM: 0 # GETX S->M misses (upgrade misses)
   PUTS: 7105284 # Clean evictions (from lower level)
   PUTX: 60143 # Dirty evictions (from lower level)
   INV: 0 # Invalidates (from upper level)
   INVX: 0 # Downgrades (from upper level)
   FWD: 0 # Forwards (from upper level)
   latGETnl: 487554120 # GET request latency on next level
   latGETnet: 0 # GET request latency on network to next level
  l3-0b6: # Cache stats
   hGETS: 6467162 # GETS hits
   hGETX: 18963 # GETX hits
   mGETS: 3747689 # GETS misses
   mGETXIM: 23965 # GETX I->M misses
   mGETXSM: 0 # GETX S->M misses (upgrade misses)
   PUTS: 10185544 # Clean evictions (from lower level)
   PUTX: 61679 # Dirty evictions (from lower level)
   INV: 0 # Invalidates (from upper level)
   INVX: 0 # Downgrades (from upper level)
   FWD: 0 # Forwards (from upper level)
   latGETnl: 339448860 # GET request latency on next level
   latGETnet: 0 # GET request latency on network to next level
  l3-0b7: # Cache stats
   hGETS: 6697428 # GETS hits
   hGETX: 19836 # GETX hits
   mGETS: 3665469 # GETS misses
   mGETXIM: 23454 # GETX I->M misses
   mGETXSM: 0 # GETX S->M misses (upgrade misses)
   PUTS: 10334589 # Clean evictions (from lower level)
   PUTX: 61505 # Dirty evictions (from lower level)
   INV: 0 # Invalidates (from upper level)
   INVX: 0 # Downgrades (from upper level)
   FWD: 0 # Forwards (from upper level)
   latGETnl: 332003070 # GET request latency on next level
   latGETnet: 0 # GET request latency on network to next level
 mem: # Memory controller stats
  mem-0: # Memory controller stats
   rd: 7124894 # Read requests
   wr: 66102 # Write requests
   rdlat: 967176545 # Total latency experienced by read requests
   wrlat: 10114063 # Total latency experienced by write requests
   rdhits: 58251 # Read row hits
   wrhits: 261 # Write row hits
   mlh: # latency histogram for memory requests
    0: 0
    1: 0
    2: 0
    3: 0
    4: 0
    5: 0
    6: 0
    7: 0
    8: 0
    9: 0
    10: 0
    11: 6418
    12: 9081
    13: 6661136
    14: 251255
    15: 21283
    16: 11438
    17: 14211
    18: 13346
    19: 11565
    20: 9529
    21: 9024
    22: 5980
    23: 7900
    24: 8569
    25: 5211
    26: 3675
    27: 3886
    28: 4260
    29: 4328
    30: 4413
    31: 3865
    32: 4659
    33: 4498
    34: 4373
    35: 4007
    36: 4211
    37: 4671
    38: 4325
    39: 4452
    40: 3911
    41: 4565
    42: 4523
    43: 2489
    44: 1149
    45: 959
    46: 685
    47: 669
    48: 212
    49: 42
    50: 33
    51: 27
    52: 23
    53: 18
    54: 12
    55: 4
    56: 0
    57: 1
    58: 2
    59: 0
    60: 1
    61: 0
    62: 0
    63: 0
    64: 0
    65: 0
    66: 0
    67: 0
    68: 0
    69: 0
    70: 0
    71: 0
    72: 0
    73: 0
    74: 0
    75: 0
    76: 0
    77: 0
    78: 0
    79: 0
    80: 0
    81: 0
    82: 0
    83: 0
    84: 0
    85: 0
    86: 0
    87: 0
    88: 0
    89: 0
    90: 0
    91: 0
    92: 0
    93: 0
    94: 0
    95: 0
    96: 0
    97: 0
    98: 0
    99: 0
  mem-1: # Memory controller stats
   rd: 11008691 # Read requests
   wr: 70430 # Write requests
   rdlat: 1504608610 # Total latency experienced by read requests
   wrlat: 11886725 # Total latency experienced by write requests
   rdhits: 118791 # Read row hits
   wrhits: 486 # Write row hits
   mlh: # latency histogram for memory requests
    0: 0
    1: 0
    2: 0
    3: 0
    4: 0
    5: 0
    6: 0
    7: 0
    8: 0
    9: 0
    10: 0
    11: 17009
    12: 21487
    13: 9812794
    14: 720849
    15: 75354
    16: 33484
    17: 39155
    18: 29960
    19: 26704
    20: 24734
    21: 25381
    22: 11335
    23: 17953
    24: 11758
    25: 8512
    26: 5844
    27: 5938
    28: 6773
    29: 6604
    30: 7005
    31: 6642
    32: 7383
    33: 7140
    34: 6935
    35: 6913
    36: 6987
    37: 7779
    38: 7146
    39: 7165
    40: 6891
    41: 7246
    42: 7251
    43: 4702
    44: 2868
    45: 2434
    46: 2190
    47: 1280
    48: 598
    49: 159
    50: 114
    51: 74
    52: 61
    53: 30
    54: 35
    55: 9
    56: 10
    57: 8
    58: 4
    59: 2
    60: 1
    61: 0
    62: 0
    63: 1
    64: 0
    65: 0
    66: 0
    67: 0
    68: 0
    69: 0
    70: 0
    71: 0
    72: 0
    73: 0
    74: 0
    75: 0
    76: 0
    77: 0
    78: 0
    79: 0
    80: 0
    81: 0
    82: 0
    83: 0
    84: 0
    85: 0
    86: 0
    87: 0
    88: 0
    89: 0
    90: 0
    91: 0
    92: 0
    93: 0
    94: 0
    95: 0
    96: 0
    97: 0
    98: 0
    99: 0
  mem-2: # Memory controller stats
   rd: 10813542 # Read requests
   wr: 71288 # Write requests
   rdlat: 1475526645 # Total latency experienced by read requests
   wrlat: 11695038 # Total latency experienced by write requests
   rdhits: 111538 # Read row hits
   wrhits: 408 # Write row hits
   mlh: # latency histogram for memory requests
    0: 0
    1: 0
    2: 0
    3: 0
    4: 0
    5: 0
    6: 0
    7: 0
    8: 0
    9: 0
    10: 0
    11: 15438
    12: 21691
    13: 9717223
    14: 672045
    15: 68096
    16: 30558
    17: 26037
    18: 25307
    19: 23913
    20: 24628
    21: 23690
    22: 10339
    23: 10321
    24: 10112
    25: 7818
    26: 5296
    27: 5266
    28: 6152
    29: 6448
    30: 6464
    31: 6384
    32: 7267
    33: 7001
    34: 7126
    35: 6894
    36: 6751
    37: 7202
    38: 7053
    39: 6945
    40: 6396
    41: 7353
    42: 7077
    43: 4649
    44: 2769
    45: 2065
    46: 1632
    47: 1211
    48: 605
    49: 118
    50: 61
    51: 44
    52: 36
    53: 26
    54: 14
    55: 13
    56: 2
    57: 5
    58: 0
    59: 1
    60: 0
    61: 0
    62: 0
    63: 0
    64: 0
    65: 0
    66: 0
    67: 0
    68: 0
    69: 0
    70: 0
    71: 0
    72: 0
    73: 0
    74: 0
    75: 0
    76: 0
    77: 0
    78: 0
    79: 0
    80: 0
    81: 0
    82: 0
    83: 0
    84: 0
    85: 0
    86: 0
    87: 0
    88: 0
    89: 0
    90: 0
    91: 0
    92: 0
    93: 0
    94: 0
    95: 0
    96: 0
    97: 0
    98: 0
    99: 0
  mem-3: # Memory controller stats
   rd: 10811859 # Read requests
   wr: 71663 # Write requests
   rdlat: 1469429866 # Total latency experienced by read requests
   wrlat: 11689630 # Total latency experienced by write requests
   rdhits: 110589 # Read row hits
   wrhits: 391 # Write row hits
   mlh: # latency histogram for memory requests
    0: 0
    1: 0
    2: 0
    3: 0
    4: 0
    5: 0
    6: 0
    7: 0
    8: 0
    9: 0
    10: 0
    11: 11169
    12: 15235
    13: 10149363
    14: 366202
    15: 23362
    16: 13306
    17: 10819
    18: 10207
    19: 12230
    20: 13200
    21: 14678
    22: 9826
    23: 11858
    24: 11604
    25: 9068
    26: 6097
    27: 5957
    28: 6860
    29: 7096
    30: 6839
    31: 6141
    32: 7657
    33: 7061
    34: 7306
    35: 6350
    36: 6708
    37: 7723
    38: 7423
    39: 7126
    40: 5995
    41: 7245
    42: 7125
    43: 4666
    44: 2501
    45: 2266
    46: 1724
    47: 1362
    48: 258
    49: 63
    50: 48
    51: 35
    52: 30
    53: 31
    54: 15
    55: 9
    56: 3
    57: 3
    58: 4
    59: 2
    60: 1
    61: 1
    62: 0
    63: 0
    64: 0
    65: 0
    66: 0
    67: 0
    68: 1
    69: 0
    70: 0
    71: 0
    72: 0
    73: 0
    74: 0
    75: 0
    76: 0
    77: 0
    78: 0
    79: 0
    80: 0
    81: 0
    82: 0
    83: 0
    84: 0
    85: 0
    86: 0
    87: 0
    88: 0
    89: 0
    90: 0
    91: 0
    92: 0
    93: 0
    94: 0
    95: 0
    96: 0
    97: 0
    98: 0
    99: 0
 sched: # Scheduler stats
  thCr: 9 # Threads created
  thFn: 0 # Threads finished
  schedEvs: 9 # Schedule events
  waitEvs: 1 # Wait events
  handoffEvs: 0 # Handoff events
  sleepEvs: 0 # Sleep events
  idlePhases: 0 # Phases with no thread active
  idlePeriods: 0 # Periods with no thread active
  occHist: # Occupancy histogram
   0: 0
   1: 6875
   2: 0
   3: 0
   4: 1
   5: 0
   6: 0
   7: 0
   8: 88744
  rqSzHist: # Run queue size histogram
   0: 95620
   1: 0
   2: 0
   3: 0
   4: 0
   5: 0
   6: 0
   7: 0
   8: 0
   9: 0
   10: 0
   11: 0
   12: 0
   13: 0
   14: 0
   15: 0
   16: 0
 procCycles: # Per-process unhalted core cycles
  0: 7041494266
  1: 0
  2: 0
  3: 0
  4: 0
  5: 0
  6: 0
  7: 0
  8: 0
  9: 0
  10: 0
  11: 0
  12: 0
  13: 0
  14: 0
  15: 0
  16: 0
  17: 0
  18: 0
  19: 0
  20: 0
  21: 0
  22: 0
  23: 0
  24: 0
  25: 0
  26: 0
  27: 0
  28: 0
  29: 0
  30: 0
  31: 0
  32: 0
  33: 0
  34: 0
  35: 0
  36: 0
  37: 0
  38: 0
  39: 0
  40: 0
  41: 0
  42: 0
  43: 0
  44: 0
  45: 0
  46: 0
  47: 0
  48: 0
  49: 0
  50: 0
  51: 0
  52: 0
  53: 0
  54: 0
  55: 0
  56: 0
  57: 0
  58: 0
  59: 0
  60: 0
  61: 0
  62: 0
  63: 0
 procInstrs: # Per-process instructions
  0: 5000032567
  1: 0
  2: 0
  3: 0
  4: 0
  5: 0
  6: 0
  7: 0
  8: 0
  9: 0
  10: 0
  11: 0
  12: 0
  13: 0
  14: 0
  15: 0
  16: 0
  17: 0
  18: 0
  19: 0
  20: 0
  21: 0
  22: 0
  23: 0
  24: 0
  25: 0
  26: 0
  27: 0
  28: 0
  29: 0
  30: 0
  31: 0
  32: 0
  33: 0
  34: 0
  35: 0
  36: 0
  37: 0
  38: 0
  39: 0
  40: 0
  41: 0
  42: 0
  43: 0
  44: 0
  45: 0
  46: 0
  47: 0
  48: 0
  49: 0
  50: 0
  51: 0
  52: 0
  53: 0
  54: 0
  55: 0
  56: 0
  57: 0
  58: 0
  59: 0
  60: 0
  61: 0
  62: 0
  63: 0
 heartbeats: # Per-process heartbeats
  0: 0
  1: 0
  2: 0
  3: 0
  4: 0
  5: 0
  6: 0
  7: 0
  8: 0
  9: 0
  10: 0
  11: 0
  12: 0
  13: 0
  14: 0
  15: 0
  16: 0
  17: 0
  18: 0
  19: 0
  20: 0
  21: 0
  22: 0
  23: 0
  24: 0
  25: 0
  26: 0
  27: 0
  28: 0
  29: 0
  30: 0
  31: 0
  32: 0
  33: 0
  34: 0
  35: 0
  36: 0
  37: 0
  38: 0
  39: 0
  40: 0
  41: 0
  42: 0
  43: 0
  44: 0
  45: 0
  46: 0
  47: 0
  48: 0
  49: 0
  50: 0
  51: 0
  52: 0
  53: 0
  54: 0
  55: 0
  56: 0
  57: 0
  58: 0
  59: 0
  60: 0
  61: 0
  62: 0
  63: 0
===
