# zsim stats
===
root: # Stats
 contention: # Contention simulation stats
  domain-0: # Domain stats
   time: 501750259 # Weave simulation time
 time: # Simulator time breakdown
  init: 2883653736415
  bound: 10684267645
  weave: 580008362
  ff: 0
 trigger: 20000 # Reason for this stats dump
 phase: 8436 # Simulated phases
 westmere: # Core stats
  westmere-0: # Core stats
   cycles: 84360997 # Simulated unhalted cycles
   cCycles: 9962058 # Cycles due to contention stalls
   instrs: 100006392 # Simulated instructions
   uops: 132221870 # Retired micro-ops
   bbls: 1458035 # Basic blocks
   approxInstrs: 967615 # Instrs with approx uop decoding
   mispredBranches: 1055 # Mispredicted branches
   condBranches: 120270 # conditional branches
 l1i: # Cache stats
  l1i-0: # Filter cache stats
   fhGETS: 6773264 # Filtered GETS hits
   fhGETX: 0 # Filtered GETX hits
   hGETS: 4032419 # GETS hits
   hGETX: 0 # GETX hits
   mGETS: 1909 # GETS misses
   mGETXIM: 0 # GETX I->M misses
   mGETXSM: 0 # GETX S->M misses (upgrade misses)
   PUTS: 0 # Clean evictions (from lower level)
   PUTX: 0 # Dirty evictions (from lower level)
   INV: 1707 # Invalidates (from upper level)
   INVX: 0 # Downgrades (from upper level)
   FWD: 0 # Forwards (from upper level)
   latGETnl: 235366 # GET request latency on next level
   latGETnet: 0 # GET request latency on network to next level
 l1d: # Cache stats
  l1d-0: # Filter cache stats
   fhGETS: 36221085 # Filtered GETS hits
   fhGETX: 9507082 # Filtered GETX hits
   hGETS: 5983252 # GETS hits
   hGETX: 1701978 # GETX hits
   mGETS: 617700 # GETS misses
   mGETXIM: 140025 # GETX I->M misses
   mGETXSM: 0 # GETX S->M misses (upgrade misses)
   PUTS: 0 # Clean evictions (from lower level)
   PUTX: 0 # Dirty evictions (from lower level)
   INV: 774 # Invalidates (from upper level)
   INVX: 0 # Downgrades (from upper level)
   FWD: 0 # Forwards (from upper level)
   latGETnl: 62407704 # GET request latency on next level
   latGETnet: 0 # GET request latency on network to next level
 l2: # Cache stats
  l2-0: # Cache stats
   hGETS: 257576 # GETS hits
   hGETX: 3 # GETX hits
   mGETS: 362033 # GETS misses
   mGETXIM: 140022 # GETX I->M misses
   mGETXSM: 0 # GETX S->M misses (upgrade misses)
   PUTS: 615839 # Clean evictions (from lower level)
   PUTX: 140600 # Dirty evictions (from lower level)
   INV: 6932 # Invalidates (from upper level)
   INVX: 0 # Downgrades (from upper level)
   FWD: 0 # Forwards (from upper level)
   latGETnl: 55046730 # GET request latency on next level
   latGETnet: 0 # GET request latency on network to next level
 l3: # Cache stats
  l3-0: # Cache stats
   hGETS: 18918 # GETS hits
   hGETX: 5388 # GETX hits
   mGETS: 343115 # GETS misses
   mGETXIM: 134634 # GETX I->M misses
   mGETXSM: 0 # GETX S->M misses (upgrade misses)
   PUTS: 353383 # Clean evictions (from lower level)
   PUTX: 137652 # Dirty evictions (from lower level)
   INV: 0 # Invalidates (from upper level)
   INVX: 0 # Downgrades (from upper level)
   FWD: 0 # Forwards (from upper level)
   latGETnl: 42997410 # GET request latency on next level
   latGETnet: 0 # GET request latency on network to next level
 mem: # Memory controller stats
  mem-0: # Memory controller stats
   rd: 119356 # Read requests
   wr: 33706 # Write requests
   rdlat: 17431312 # Total latency experienced by read requests
   wrlat: 5589840 # Total latency experienced by write requests
   rdhits: 10 # Read row hits
   wrhits: 116 # Write row hits
   mlh: # latency histogram for memory requests
    0: 0
    1: 0
    2: 0
    3: 0
    4: 0
    5: 0
    6: 0
    7: 0
    8: 0
    9: 0
    10: 0
    11: 0
    12: 0
    13: 76999
    14: 20748
    15: 6206
    16: 1549
    17: 5011
    18: 1039
    19: 1110
    20: 801
    21: 171
    22: 532
    23: 128
    24: 386
    25: 2970
    26: 420
    27: 52
    28: 85
    29: 55
    30: 65
    31: 56
    32: 47
    33: 61
    34: 48
    35: 58
    36: 79
    37: 73
    38: 65
    39: 54
    40: 79
    41: 60
    42: 69
    43: 44
    44: 24
    45: 14
    46: 14
    47: 33
    48: 55
    49: 29
    50: 13
    51: 16
    52: 13
    53: 4
    54: 3
    55: 10
    56: 3
    57: 2
    58: 1
    59: 2
    60: 0
    61: 0
    62: 0
    63: 0
    64: 0
    65: 0
    66: 0
    67: 0
    68: 0
    69: 0
    70: 0
    71: 0
    72: 0
    73: 0
    74: 0
    75: 0
    76: 0
    77: 0
    78: 0
    79: 0
    80: 0
    81: 0
    82: 0
    83: 0
    84: 0
    85: 0
    86: 0
    87: 0
    88: 0
    89: 0
    90: 0
    91: 0
    92: 0
    93: 0
    94: 0
    95: 0
    96: 0
    97: 0
    98: 0
    99: 0
  mem-1: # Memory controller stats
   rd: 119423 # Read requests
   wr: 33687 # Write requests
   rdlat: 17451426 # Total latency experienced by read requests
   wrlat: 5616023 # Total latency experienced by write requests
   rdhits: 7 # Read row hits
   wrhits: 124 # Write row hits
   mlh: # latency histogram for memory requests
    0: 0
    1: 0
    2: 0
    3: 0
    4: 0
    5: 0
    6: 0
    7: 0
    8: 0
    9: 0
    10: 0
    11: 0
    12: 0
    13: 77058
    14: 20719
    15: 6252
    16: 1567
    17: 5012
    18: 1001
    19: 1076
    20: 818
    21: 156
    22: 498
    23: 167
    24: 447
    25: 2919
    26: 381
    27: 65
    28: 67
    29: 65
    30: 53
    31: 57
    32: 52
    33: 64
    34: 69
    35: 73
    36: 63
    37: 76
    38: 57
    39: 64
    40: 66
    41: 65
    42: 79
    43: 59
    44: 35
    45: 23
    46: 19
    47: 51
    48: 44
    49: 18
    50: 13
    51: 14
    52: 7
    53: 8
    54: 4
    55: 6
    56: 6
    57: 3
    58: 4
    59: 3
    60: 0
    61: 0
    62: 0
    63: 0
    64: 0
    65: 0
    66: 0
    67: 0
    68: 0
    69: 0
    70: 0
    71: 0
    72: 0
    73: 0
    74: 0
    75: 0
    76: 0
    77: 0
    78: 0
    79: 0
    80: 0
    81: 0
    82: 0
    83: 0
    84: 0
    85: 0
    86: 0
    87: 0
    88: 0
    89: 0
    90: 0
    91: 0
    92: 0
    93: 0
    94: 0
    95: 0
    96: 0
    97: 0
    98: 0
    99: 0
  mem-2: # Memory controller stats
   rd: 119494 # Read requests
   wr: 33696 # Write requests
   rdlat: 17444613 # Total latency experienced by read requests
   wrlat: 5576043 # Total latency experienced by write requests
   rdhits: 6 # Read row hits
   wrhits: 94 # Write row hits
   mlh: # latency histogram for memory requests
    0: 0
    1: 0
    2: 0
    3: 0
    4: 0
    5: 0
    6: 0
    7: 0
    8: 0
    9: 0
    10: 0
    11: 0
    12: 0
    13: 77159
    14: 20830
    15: 6143
    16: 1550
    17: 4980
    18: 1040
    19: 1105
    20: 813
    21: 161
    22: 474
    23: 160
    24: 431
    25: 2962
    26: 381
    27: 51
    28: 95
    29: 60
    30: 54
    31: 60
    32: 58
    33: 49
    34: 57
    35: 62
    36: 79
    37: 60
    38: 68
    39: 73
    40: 71
    41: 67
    42: 73
    43: 51
    44: 21
    45: 23
    46: 18
    47: 36
    48: 55
    49: 25
    50: 9
    51: 10
    52: 5
    53: 3
    54: 1
    55: 5
    56: 2
    57: 2
    58: 1
    59: 1
    60: 0
    61: 0
    62: 0
    63: 0
    64: 0
    65: 0
    66: 0
    67: 0
    68: 0
    69: 0
    70: 0
    71: 0
    72: 0
    73: 0
    74: 0
    75: 0
    76: 0
    77: 0
    78: 0
    79: 0
    80: 0
    81: 0
    82: 0
    83: 0
    84: 0
    85: 0
    86: 0
    87: 0
    88: 0
    89: 0
    90: 0
    91: 0
    92: 0
    93: 0
    94: 0
    95: 0
    96: 0
    97: 0
    98: 0
    99: 0
  mem-3: # Memory controller stats
   rd: 119469 # Read requests
   wr: 33691 # Write requests
   rdlat: 17437319 # Total latency experienced by read requests
   wrlat: 5608693 # Total latency experienced by write requests
   rdhits: 2 # Read row hits
   wrhits: 119 # Write row hits
   mlh: # latency histogram for memory requests
    0: 0
    1: 0
    2: 0
    3: 0
    4: 0
    5: 0
    6: 0
    7: 0
    8: 0
    9: 0
    10: 0
    11: 0
    12: 0
    13: 77195
    14: 20701
    15: 6161
    16: 1553
    17: 5042
    18: 993
    19: 1089
    20: 854
    21: 181
    22: 515
    23: 196
    24: 463
    25: 2897
    26: 381
    27: 50
    28: 64
    29: 64
    30: 65
    31: 48
    32: 44
    33: 67
    34: 62
    35: 77
    36: 58
    37: 41
    38: 70
    39: 64
    40: 61
    41: 65
    42: 62
    43: 47
    44: 34
    45: 25
    46: 27
    47: 36
    48: 38
    49: 16
    50: 17
    51: 13
    52: 11
    53: 2
    54: 2
    55: 8
    56: 2
    57: 2
    58: 1
    59: 4
    60: 1
    61: 0
    62: 0
    63: 0
    64: 0
    65: 0
    66: 0
    67: 0
    68: 0
    69: 0
    70: 0
    71: 0
    72: 0
    73: 0
    74: 0
    75: 0
    76: 0
    77: 0
    78: 0
    79: 0
    80: 0
    81: 0
    82: 0
    83: 0
    84: 0
    85: 0
    86: 0
    87: 0
    88: 0
    89: 0
    90: 0
    91: 0
    92: 0
    93: 0
    94: 0
    95: 0
    96: 0
    97: 0
    98: 0
    99: 0
 sched: # Scheduler stats
  thCr: 1 # Threads created
  thFn: 1 # Threads finished
  schedEvs: 1 # Schedule events
  waitEvs: 0 # Wait events
  handoffEvs: 0 # Handoff events
  sleepEvs: 0 # Sleep events
  idlePhases: 0 # Phases with no thread active
  idlePeriods: 0 # Periods with no thread active
  occHist: # Occupancy histogram
   0: 0
   1: 8436
  rqSzHist: # Run queue size histogram
   0: 8436
   1: 0
   2: 0
   3: 0
   4: 0
   5: 0
   6: 0
   7: 0
   8: 0
   9: 0
   10: 0
   11: 0
   12: 0
   13: 0
   14: 0
   15: 0
   16: 0
 procCycles: # Per-process unhalted core cycles
  0: 84360997
  1: 0
  2: 0
  3: 0
  4: 0
  5: 0
  6: 0
  7: 0
  8: 0
  9: 0
  10: 0
  11: 0
  12: 0
  13: 0
  14: 0
  15: 0
  16: 0
  17: 0
  18: 0
  19: 0
  20: 0
  21: 0
  22: 0
  23: 0
  24: 0
  25: 0
  26: 0
  27: 0
  28: 0
  29: 0
  30: 0
  31: 0
  32: 0
  33: 0
  34: 0
  35: 0
  36: 0
  37: 0
  38: 0
  39: 0
  40: 0
  41: 0
  42: 0
  43: 0
  44: 0
  45: 0
  46: 0
  47: 0
  48: 0
  49: 0
  50: 0
  51: 0
  52: 0
  53: 0
  54: 0
  55: 0
  56: 0
  57: 0
  58: 0
  59: 0
  60: 0
  61: 0
  62: 0
  63: 0
 procInstrs: # Per-process instructions
  0: 100006392
  1: 0
  2: 0
  3: 0
  4: 0
  5: 0
  6: 0
  7: 0
  8: 0
  9: 0
  10: 0
  11: 0
  12: 0
  13: 0
  14: 0
  15: 0
  16: 0
  17: 0
  18: 0
  19: 0
  20: 0
  21: 0
  22: 0
  23: 0
  24: 0
  25: 0
  26: 0
  27: 0
  28: 0
  29: 0
  30: 0
  31: 0
  32: 0
  33: 0
  34: 0
  35: 0
  36: 0
  37: 0
  38: 0
  39: 0
  40: 0
  41: 0
  42: 0
  43: 0
  44: 0
  45: 0
  46: 0
  47: 0
  48: 0
  49: 0
  50: 0
  51: 0
  52: 0
  53: 0
  54: 0
  55: 0
  56: 0
  57: 0
  58: 0
  59: 0
  60: 0
  61: 0
  62: 0
  63: 0
 heartbeats: # Per-process heartbeats
  0: 0
  1: 0
  2: 0
  3: 0
  4: 0
  5: 0
  6: 0
  7: 0
  8: 0
  9: 0
  10: 0
  11: 0
  12: 0
  13: 0
  14: 0
  15: 0
  16: 0
  17: 0
  18: 0
  19: 0
  20: 0
  21: 0
  22: 0
  23: 0
  24: 0
  25: 0
  26: 0
  27: 0
  28: 0
  29: 0
  30: 0
  31: 0
  32: 0
  33: 0
  34: 0
  35: 0
  36: 0
  37: 0
  38: 0
  39: 0
  40: 0
  41: 0
  42: 0
  43: 0
  44: 0
  45: 0
  46: 0
  47: 0
  48: 0
  49: 0
  50: 0
  51: 0
  52: 0
  53: 0
  54: 0
  55: 0
  56: 0
  57: 0
  58: 0
  59: 0
  60: 0
  61: 0
  62: 0
  63: 0
===
