# zsim stats
===
root: # Stats
 contention: # Contention simulation stats
  domain-0: # Domain stats
   time: 212041893 # Weave simulation time
 time: # Simulator time breakdown
  init: 2739614161797
  bound: 10165077531
  weave: 270042799
  ff: 0
 trigger: 20000 # Reason for this stats dump
 phase: 6590 # Simulated phases
 westmere: # Core stats
  westmere-0: # Core stats
   cycles: 65901765 # Simulated unhalted cycles
   cCycles: 6456766 # Cycles due to contention stalls
   instrs: 100005747 # Simulated instructions
   uops: 142677015 # Retired micro-ops
   bbls: 4785564 # Basic blocks
   approxInstrs: 432 # Instrs with approx uop decoding
   mispredBranches: 23096 # Mispredicted branches
   condBranches: 4718254 # conditional branches
 l1i: # Cache stats
  l1i-0: # Filter cache stats
   fhGETS: 9439533 # Filtered GETS hits
   fhGETX: 0 # Filtered GETX hits
   hGETS: 19205 # GETS hits
   hGETX: 0 # GETX hits
   mGETS: 3192 # GETS misses
   mGETXIM: 0 # GETX I->M misses
   mGETXSM: 0 # GETX S->M misses (upgrade misses)
   PUTS: 0 # Clean evictions (from lower level)
   PUTX: 0 # Dirty evictions (from lower level)
   INV: 1862 # Invalidates (from upper level)
   INVX: 0 # Downgrades (from upper level)
   FWD: 0 # Forwards (from upper level)
   latGETnl: 306870 # GET request latency on next level
   latGETnet: 0 # GET request latency on network to next level
 l1d: # Cache stats
  l1d-0: # Filter cache stats
   fhGETS: 27529017 # Filtered GETS hits
   fhGETX: 9109188 # Filtered GETX hits
   hGETS: 15301817 # GETS hits
   hGETX: 5945279 # GETX hits
   mGETS: 244901 # GETS misses
   mGETXIM: 291857 # GETX I->M misses
   mGETXSM: 0 # GETX S->M misses (upgrade misses)
   PUTS: 0 # Clean evictions (from lower level)
   PUTX: 0 # Dirty evictions (from lower level)
   INV: 1155 # Invalidates (from upper level)
   INVX: 0 # Downgrades (from upper level)
   FWD: 0 # Forwards (from upper level)
   latGETnl: 27704494 # GET request latency on next level
   latGETnet: 0 # GET request latency on network to next level
 l2: # Cache stats
  l2-0: # Cache stats
   hGETS: 216509 # GETS hits
   hGETX: 1605 # GETX hits
   mGETS: 31584 # GETS misses
   mGETXIM: 290252 # GETX I->M misses
   mGETXSM: 0 # GETX S->M misses (upgrade misses)
   PUTS: 243649 # Clean evictions (from lower level)
   PUTX: 292574 # Dirty evictions (from lower level)
   INV: 6482 # Invalidates (from upper level)
   INVX: 0 # Downgrades (from upper level)
   FWD: 0 # Forwards (from upper level)
   latGETnl: 22611864 # GET request latency on next level
   latGETnet: 0 # GET request latency on network to next level
 l3: # Cache stats
  l3-0: # Cache stats
   hGETS: 22514 # GETS hits
   hGETX: 133902 # GETX hits
   mGETS: 9070 # GETS misses
   mGETXIM: 156350 # GETX I->M misses
   mGETXSM: 0 # GETX S->M misses (upgrade misses)
   PUTS: 25323 # Clean evictions (from lower level)
   PUTX: 285947 # Dirty evictions (from lower level)
   INV: 0 # Invalidates (from upper level)
   INVX: 0 # Downgrades (from upper level)
   FWD: 0 # Forwards (from upper level)
   latGETnl: 14887800 # GET request latency on next level
   latGETnet: 0 # GET request latency on network to next level
 mem: # Memory controller stats
  mem-0: # Memory controller stats
   rd: 41331 # Read requests
   wr: 32322 # Write requests
   rdlat: 6331450 # Total latency experienced by read requests
   wrlat: 4754907 # Total latency experienced by write requests
   rdhits: 5 # Read row hits
   wrhits: 24 # Write row hits
   mlh: # latency histogram for memory requests
    0: 0
    1: 0
    2: 0
    3: 0
    4: 0
    5: 0
    6: 0
    7: 0
    8: 0
    9: 0
    10: 0
    11: 0
    12: 1
    13: 31405
    14: 2312
    15: 52
    16: 24
    17: 20
    18: 28
    19: 27
    20: 25
    21: 19
    22: 40
    23: 6747
    24: 41
    25: 61
    26: 23
    27: 36
    28: 34
    29: 33
    30: 25
    31: 18
    32: 22
    33: 21
    34: 20
    35: 31
    36: 19
    37: 17
    38: 20
    39: 20
    40: 30
    41: 19
    42: 14
    43: 18
    44: 8
    45: 8
    46: 7
    47: 46
    48: 8
    49: 5
    50: 11
    51: 8
    52: 4
    53: 4
    54: 0
    55: 0
    56: 0
    57: 0
    58: 0
    59: 0
    60: 0
    61: 0
    62: 0
    63: 0
    64: 0
    65: 0
    66: 0
    67: 0
    68: 0
    69: 0
    70: 0
    71: 0
    72: 0
    73: 0
    74: 0
    75: 0
    76: 0
    77: 0
    78: 0
    79: 0
    80: 0
    81: 0
    82: 0
    83: 0
    84: 0
    85: 0
    86: 0
    87: 0
    88: 0
    89: 0
    90: 0
    91: 0
    92: 0
    93: 0
    94: 0
    95: 0
    96: 0
    97: 0
    98: 0
    99: 0
  mem-1: # Memory controller stats
   rd: 41405 # Read requests
   wr: 32335 # Write requests
   rdlat: 6317253 # Total latency experienced by read requests
   wrlat: 4751248 # Total latency experienced by write requests
   rdhits: 4 # Read row hits
   wrhits: 20 # Write row hits
   mlh: # latency histogram for memory requests
    0: 0
    1: 0
    2: 0
    3: 0
    4: 0
    5: 0
    6: 0
    7: 0
    8: 0
    9: 0
    10: 0
    11: 1
    12: 0
    13: 31602
    14: 2313
    15: 54
    16: 35
    17: 15
    18: 20
    19: 20
    20: 12
    21: 19
    22: 38
    23: 6746
    24: 33
    25: 66
    26: 23
    27: 17
    28: 30
    29: 20
    30: 18
    31: 25
    32: 10
    33: 21
    34: 20
    35: 16
    36: 21
    37: 26
    38: 11
    39: 18
    40: 24
    41: 22
    42: 18
    43: 14
    44: 1
    45: 3
    46: 6
    47: 30
    48: 8
    49: 6
    50: 4
    51: 7
    52: 7
    53: 5
    54: 0
    55: 0
    56: 0
    57: 0
    58: 0
    59: 0
    60: 0
    61: 0
    62: 0
    63: 0
    64: 0
    65: 0
    66: 0
    67: 0
    68: 0
    69: 0
    70: 0
    71: 0
    72: 0
    73: 0
    74: 0
    75: 0
    76: 0
    77: 0
    78: 0
    79: 0
    80: 0
    81: 0
    82: 0
    83: 0
    84: 0
    85: 0
    86: 0
    87: 0
    88: 0
    89: 0
    90: 0
    91: 0
    92: 0
    93: 0
    94: 0
    95: 0
    96: 0
    97: 0
    98: 0
    99: 0
  mem-2: # Memory controller stats
   rd: 41351 # Read requests
   wr: 32297 # Write requests
   rdlat: 6328879 # Total latency experienced by read requests
   wrlat: 4745394 # Total latency experienced by write requests
   rdhits: 5 # Read row hits
   wrhits: 18 # Write row hits
   mlh: # latency histogram for memory requests
    0: 0
    1: 0
    2: 0
    3: 0
    4: 0
    5: 0
    6: 0
    7: 0
    8: 0
    9: 0
    10: 0
    11: 0
    12: 0
    13: 31456
    14: 2355
    15: 39
    16: 29
    17: 17
    18: 17
    19: 18
    20: 19
    21: 14
    22: 42
    23: 6743
    24: 26
    25: 60
    26: 28
    27: 30
    28: 28
    29: 21
    30: 19
    31: 34
    32: 20
    33: 23
    34: 13
    35: 16
    36: 14
    37: 26
    38: 19
    39: 20
    40: 28
    41: 31
    42: 36
    43: 24
    44: 4
    45: 3
    46: 3
    47: 28
    48: 10
    49: 6
    50: 9
    51: 7
    52: 9
    53: 7
    54: 0
    55: 0
    56: 0
    57: 0
    58: 0
    59: 0
    60: 0
    61: 0
    62: 0
    63: 0
    64: 0
    65: 0
    66: 0
    67: 0
    68: 0
    69: 0
    70: 0
    71: 0
    72: 0
    73: 0
    74: 0
    75: 0
    76: 0
    77: 0
    78: 0
    79: 0
    80: 0
    81: 0
    82: 0
    83: 0
    84: 0
    85: 0
    86: 0
    87: 0
    88: 0
    89: 0
    90: 0
    91: 0
    92: 0
    93: 0
    94: 0
    95: 0
    96: 0
    97: 0
    98: 0
    99: 0
  mem-3: # Memory controller stats
   rd: 41320 # Read requests
   wr: 32314 # Write requests
   rdlat: 6326408 # Total latency experienced by read requests
   wrlat: 4739839 # Total latency experienced by write requests
   rdhits: 10 # Read row hits
   wrhits: 26 # Write row hits
   mlh: # latency histogram for memory requests
    0: 0
    1: 0
    2: 0
    3: 0
    4: 0
    5: 0
    6: 0
    7: 0
    8: 0
    9: 0
    10: 0
    11: 0
    12: 3
    13: 31455
    14: 2337
    15: 48
    16: 25
    17: 19
    18: 18
    19: 10
    20: 24
    21: 13
    22: 30
    23: 6715
    24: 42
    25: 64
    26: 15
    27: 22
    28: 21
    29: 19
    30: 36
    31: 22
    32: 23
    33: 24
    34: 22
    35: 30
    36: 16
    37: 15
    38: 19
    39: 30
    40: 33
    41: 25
    42: 25
    43: 7
    44: 4
    45: 10
    46: 4
    47: 43
    48: 7
    49: 9
    50: 6
    51: 11
    52: 13
    53: 6
    54: 0
    55: 0
    56: 0
    57: 0
    58: 0
    59: 0
    60: 0
    61: 0
    62: 0
    63: 0
    64: 0
    65: 0
    66: 0
    67: 0
    68: 0
    69: 0
    70: 0
    71: 0
    72: 0
    73: 0
    74: 0
    75: 0
    76: 0
    77: 0
    78: 0
    79: 0
    80: 0
    81: 0
    82: 0
    83: 0
    84: 0
    85: 0
    86: 0
    87: 0
    88: 0
    89: 0
    90: 0
    91: 0
    92: 0
    93: 0
    94: 0
    95: 0
    96: 0
    97: 0
    98: 0
    99: 0
 sched: # Scheduler stats
  thCr: 1 # Threads created
  thFn: 1 # Threads finished
  schedEvs: 1 # Schedule events
  waitEvs: 0 # Wait events
  handoffEvs: 0 # Handoff events
  sleepEvs: 0 # Sleep events
  idlePhases: 0 # Phases with no thread active
  idlePeriods: 0 # Periods with no thread active
  occHist: # Occupancy histogram
   0: 0
   1: 6590
  rqSzHist: # Run queue size histogram
   0: 6590
   1: 0
   2: 0
   3: 0
   4: 0
   5: 0
   6: 0
   7: 0
   8: 0
   9: 0
   10: 0
   11: 0
   12: 0
   13: 0
   14: 0
   15: 0
   16: 0
 procCycles: # Per-process unhalted core cycles
  0: 65901765
  1: 0
  2: 0
  3: 0
  4: 0
  5: 0
  6: 0
  7: 0
  8: 0
  9: 0
  10: 0
  11: 0
  12: 0
  13: 0
  14: 0
  15: 0
  16: 0
  17: 0
  18: 0
  19: 0
  20: 0
  21: 0
  22: 0
  23: 0
  24: 0
  25: 0
  26: 0
  27: 0
  28: 0
  29: 0
  30: 0
  31: 0
  32: 0
  33: 0
  34: 0
  35: 0
  36: 0
  37: 0
  38: 0
  39: 0
  40: 0
  41: 0
  42: 0
  43: 0
  44: 0
  45: 0
  46: 0
  47: 0
  48: 0
  49: 0
  50: 0
  51: 0
  52: 0
  53: 0
  54: 0
  55: 0
  56: 0
  57: 0
  58: 0
  59: 0
  60: 0
  61: 0
  62: 0
  63: 0
 procInstrs: # Per-process instructions
  0: 100005747
  1: 0
  2: 0
  3: 0
  4: 0
  5: 0
  6: 0
  7: 0
  8: 0
  9: 0
  10: 0
  11: 0
  12: 0
  13: 0
  14: 0
  15: 0
  16: 0
  17: 0
  18: 0
  19: 0
  20: 0
  21: 0
  22: 0
  23: 0
  24: 0
  25: 0
  26: 0
  27: 0
  28: 0
  29: 0
  30: 0
  31: 0
  32: 0
  33: 0
  34: 0
  35: 0
  36: 0
  37: 0
  38: 0
  39: 0
  40: 0
  41: 0
  42: 0
  43: 0
  44: 0
  45: 0
  46: 0
  47: 0
  48: 0
  49: 0
  50: 0
  51: 0
  52: 0
  53: 0
  54: 0
  55: 0
  56: 0
  57: 0
  58: 0
  59: 0
  60: 0
  61: 0
  62: 0
  63: 0
 heartbeats: # Per-process heartbeats
  0: 0
  1: 0
  2: 0
  3: 0
  4: 0
  5: 0
  6: 0
  7: 0
  8: 0
  9: 0
  10: 0
  11: 0
  12: 0
  13: 0
  14: 0
  15: 0
  16: 0
  17: 0
  18: 0
  19: 0
  20: 0
  21: 0
  22: 0
  23: 0
  24: 0
  25: 0
  26: 0
  27: 0
  28: 0
  29: 0
  30: 0
  31: 0
  32: 0
  33: 0
  34: 0
  35: 0
  36: 0
  37: 0
  38: 0
  39: 0
  40: 0
  41: 0
  42: 0
  43: 0
  44: 0
  45: 0
  46: 0
  47: 0
  48: 0
  49: 0
  50: 0
  51: 0
  52: 0
  53: 0
  54: 0
  55: 0
  56: 0
  57: 0
  58: 0
  59: 0
  60: 0
  61: 0
  62: 0
  63: 0
===
