# zsim stats
===
root: # Stats
 contention: # Contention simulation stats
  domain-0: # Domain stats
   time: 2195789279 # Weave simulation time
 time: # Simulator time breakdown
  init: 1446662530681
  bound: 12620625864
  weave: 2391238543
  ff: 0
 trigger: 20000 # Reason for this stats dump
 phase: 22633 # Simulated phases
 westmere: # Core stats
  westmere-0: # Core stats
   cycles: 226331574 # Simulated unhalted cycles
   cCycles: 43121980 # Cycles due to contention stalls
   instrs: 100001910 # Simulated instructions
   uops: 109396123 # Retired micro-ops
   bbls: 20124972 # Basic blocks
   approxInstrs: 1763944 # Instrs with approx uop decoding
   mispredBranches: 1071924 # Mispredicted branches
   condBranches: 19086328 # conditional branches
 l1i: # Cache stats
  l1i-0: # Filter cache stats
   fhGETS: 25658616 # Filtered GETS hits
   fhGETX: 0 # Filtered GETX hits
   hGETS: 200851 # GETS hits
   hGETX: 0 # GETX hits
   mGETS: 4684 # GETS misses
   mGETXIM: 0 # GETX I->M misses
   mGETXSM: 0 # GETX S->M misses (upgrade misses)
   PUTS: 0 # Clean evictions (from lower level)
   PUTX: 0 # Dirty evictions (from lower level)
   INV: 4545 # Invalidates (from upper level)
   INVX: 0 # Downgrades (from upper level)
   FWD: 0 # Forwards (from upper level)
   latGETnl: 580474 # GET request latency on next level
   latGETnet: 0 # GET request latency on network to next level
 l1d: # Cache stats
  l1d-0: # Filter cache stats
   fhGETS: 22848689 # Filtered GETS hits
   fhGETX: 4097921 # Filtered GETX hits
   hGETS: 2354489 # GETS hits
   hGETX: 2527813 # GETX hits
   mGETS: 3455013 # GETS misses
   mGETXIM: 732669 # GETX I->M misses
   mGETXSM: 0 # GETX S->M misses (upgrade misses)
   PUTS: 0 # Clean evictions (from lower level)
   PUTX: 0 # Dirty evictions (from lower level)
   INV: 1312 # Invalidates (from upper level)
   INVX: 0 # Downgrades (from upper level)
   FWD: 0 # Forwards (from upper level)
   latGETnl: 314974620 # GET request latency on next level
   latGETnet: 0 # GET request latency on network to next level
 l2: # Cache stats
  l2-0: # Cache stats
   hGETS: 746887 # GETS hits
   hGETX: 128168 # GETX hits
   mGETS: 2712810 # GETS misses
   mGETXIM: 604501 # GETX I->M misses
   mGETXSM: 0 # GETX S->M misses (upgrade misses)
   PUTS: 2408964 # Clean evictions (from lower level)
   PUTX: 1776949 # Dirty evictions (from lower level)
   INV: 15500 # Invalidates (from upper level)
   INVX: 0 # Downgrades (from upper level)
   FWD: 0 # Forwards (from upper level)
   latGETnl: 273631434 # GET request latency on next level
   latGETnet: 0 # GET request latency on network to next level
 l3: # Cache stats
  l3-0: # Cache stats
   hGETS: 957404 # GETS hits
   hGETX: 204174 # GETX hits
   mGETS: 1755406 # GETS misses
   mGETXIM: 400327 # GETX I->M misses
   mGETXSM: 0 # GETX S->M misses (upgrade misses)
   PUTS: 1995086 # Clean evictions (from lower level)
   PUTX: 1302629 # Dirty evictions (from lower level)
   INV: 0 # Invalidates (from upper level)
   INVX: 0 # Downgrades (from upper level)
   FWD: 0 # Forwards (from upper level)
   latGETnl: 194015970 # GET request latency on next level
   latGETnet: 0 # GET request latency on network to next level
 mem: # Memory controller stats
  mem-0: # Memory controller stats
   rd: 537827 # Read requests
   wr: 208309 # Write requests
   rdlat: 73087326 # Total latency experienced by read requests
   wrlat: 31229473 # Total latency experienced by write requests
   rdhits: 12515 # Read row hits
   wrhits: 1190 # Write row hits
   mlh: # latency histogram for memory requests
    0: 0
    1: 0
    2: 0
    3: 0
    4: 0
    5: 0
    6: 0
    7: 0
    8: 0
    9: 0
    10: 0
    11: 574
    12: 513
    13: 478088
    14: 36889
    15: 8010
    16: 3168
    17: 957
    18: 415
    19: 421
    20: 457
    21: 618
    22: 423
    23: 517
    24: 848
    25: 652
    26: 194
    27: 197
    28: 230
    29: 264
    30: 307
    31: 288
    32: 327
    33: 319
    34: 293
    35: 355
    36: 324
    37: 333
    38: 277
    39: 331
    40: 298
    41: 290
    42: 285
    43: 129
    44: 48
    45: 22
    46: 52
    47: 40
    48: 51
    49: 8
    50: 2
    51: 4
    52: 2
    53: 2
    54: 1
    55: 0
    56: 0
    57: 0
    58: 0
    59: 0
    60: 2
    61: 1
    62: 0
    63: 0
    64: 1
    65: 0
    66: 0
    67: 0
    68: 0
    69: 0
    70: 0
    71: 0
    72: 0
    73: 0
    74: 0
    75: 0
    76: 0
    77: 0
    78: 0
    79: 0
    80: 0
    81: 0
    82: 0
    83: 0
    84: 0
    85: 0
    86: 0
    87: 0
    88: 0
    89: 0
    90: 0
    91: 0
    92: 0
    93: 0
    94: 0
    95: 0
    96: 0
    97: 0
    98: 0
    99: 0
  mem-1: # Memory controller stats
   rd: 540116 # Read requests
   wr: 209139 # Write requests
   rdlat: 73428014 # Total latency experienced by read requests
   wrlat: 31400285 # Total latency experienced by write requests
   rdhits: 12366 # Read row hits
   wrhits: 1188 # Write row hits
   mlh: # latency histogram for memory requests
    0: 0
    1: 0
    2: 0
    3: 0
    4: 0
    5: 0
    6: 0
    7: 0
    8: 0
    9: 0
    10: 0
    11: 626
    12: 458
    13: 479940
    14: 37188
    15: 7635
    16: 3245
    17: 1101
    18: 421
    19: 482
    20: 508
    21: 566
    22: 460
    23: 532
    24: 872
    25: 650
    26: 214
    27: 215
    28: 232
    29: 266
    30: 321
    31: 330
    32: 341
    33: 317
    34: 364
    35: 347
    36: 327
    37: 279
    38: 268
    39: 328
    40: 296
    41: 295
    42: 316
    43: 144
    44: 54
    45: 38
    46: 36
    47: 46
    48: 42
    49: 3
    50: 3
    51: 4
    52: 2
    53: 1
    54: 1
    55: 1
    56: 0
    57: 1
    58: 0
    59: 0
    60: 0
    61: 0
    62: 0
    63: 0
    64: 0
    65: 0
    66: 0
    67: 0
    68: 0
    69: 0
    70: 0
    71: 0
    72: 0
    73: 0
    74: 0
    75: 0
    76: 0
    77: 0
    78: 0
    79: 0
    80: 0
    81: 0
    82: 0
    83: 0
    84: 0
    85: 0
    86: 0
    87: 0
    88: 0
    89: 0
    90: 0
    91: 0
    92: 0
    93: 0
    94: 0
    95: 0
    96: 0
    97: 0
    98: 0
    99: 0
  mem-2: # Memory controller stats
   rd: 537738 # Read requests
   wr: 207648 # Write requests
   rdlat: 73096272 # Total latency experienced by read requests
   wrlat: 31110535 # Total latency experienced by write requests
   rdhits: 12396 # Read row hits
   wrhits: 1192 # Write row hits
   mlh: # latency histogram for memory requests
    0: 0
    1: 0
    2: 0
    3: 0
    4: 0
    5: 0
    6: 0
    7: 0
    8: 0
    9: 0
    10: 0
    11: 619
    12: 500
    13: 476779
    14: 38880
    15: 7315
    16: 3018
    17: 958
    18: 387
    19: 354
    20: 484
    21: 527
    22: 402
    23: 556
    24: 1035
    25: 619
    26: 203
    27: 207
    28: 207
    29: 294
    30: 325
    31: 307
    32: 332
    33: 310
    34: 280
    35: 328
    36: 305
    37: 335
    38: 326
    39: 297
    40: 290
    41: 313
    42: 270
    43: 150
    44: 60
    45: 38
    46: 30
    47: 39
    48: 44
    49: 7
    50: 2
    51: 2
    52: 1
    53: 2
    54: 1
    55: 0
    56: 0
    57: 0
    58: 0
    59: 0
    60: 0
    61: 0
    62: 0
    63: 0
    64: 0
    65: 0
    66: 0
    67: 0
    68: 0
    69: 0
    70: 0
    71: 0
    72: 0
    73: 0
    74: 0
    75: 0
    76: 0
    77: 0
    78: 0
    79: 0
    80: 0
    81: 0
    82: 0
    83: 0
    84: 0
    85: 0
    86: 0
    87: 0
    88: 0
    89: 0
    90: 0
    91: 0
    92: 0
    93: 0
    94: 0
    95: 0
    96: 0
    97: 0
    98: 0
    99: 0
  mem-3: # Memory controller stats
   rd: 540037 # Read requests
   wr: 208577 # Write requests
   rdlat: 73405649 # Total latency experienced by read requests
   wrlat: 31268944 # Total latency experienced by write requests
   rdhits: 12410 # Read row hits
   wrhits: 1242 # Write row hits
   mlh: # latency histogram for memory requests
    0: 0
    1: 0
    2: 0
    3: 0
    4: 0
    5: 0
    6: 0
    7: 0
    8: 0
    9: 0
    10: 0
    11: 614
    12: 446
    13: 480462
    14: 37168
    15: 7204
    16: 3072
    17: 1087
    18: 392
    19: 458
    20: 519
    21: 525
    22: 496
    23: 532
    24: 1039
    25: 615
    26: 199
    27: 195
    28: 259
    29: 281
    30: 316
    31: 331
    32: 346
    33: 318
    34: 345
    35: 338
    36: 341
    37: 319
    38: 303
    39: 296
    40: 309
    41: 279
    42: 293
    43: 142
    44: 29
    45: 31
    46: 36
    47: 45
    48: 42
    49: 6
    50: 4
    51: 2
    52: 1
    53: 1
    54: 1
    55: 0
    56: 0
    57: 0
    58: 0
    59: 0
    60: 0
    61: 0
    62: 0
    63: 0
    64: 0
    65: 0
    66: 0
    67: 0
    68: 0
    69: 0
    70: 0
    71: 0
    72: 0
    73: 0
    74: 0
    75: 0
    76: 0
    77: 0
    78: 0
    79: 0
    80: 0
    81: 0
    82: 0
    83: 0
    84: 0
    85: 0
    86: 0
    87: 0
    88: 0
    89: 0
    90: 0
    91: 0
    92: 0
    93: 0
    94: 0
    95: 0
    96: 0
    97: 0
    98: 0
    99: 0
 sched: # Scheduler stats
  thCr: 1 # Threads created
  thFn: 1 # Threads finished
  schedEvs: 1 # Schedule events
  waitEvs: 0 # Wait events
  handoffEvs: 0 # Handoff events
  sleepEvs: 0 # Sleep events
  idlePhases: 0 # Phases with no thread active
  idlePeriods: 0 # Periods with no thread active
  occHist: # Occupancy histogram
   0: 0
   1: 22633
  rqSzHist: # Run queue size histogram
   0: 22633
   1: 0
   2: 0
   3: 0
   4: 0
   5: 0
   6: 0
   7: 0
   8: 0
   9: 0
   10: 0
   11: 0
   12: 0
   13: 0
   14: 0
   15: 0
   16: 0
 procCycles: # Per-process unhalted core cycles
  0: 226331574
  1: 0
  2: 0
  3: 0
  4: 0
  5: 0
  6: 0
  7: 0
  8: 0
  9: 0
  10: 0
  11: 0
  12: 0
  13: 0
  14: 0
  15: 0
  16: 0
  17: 0
  18: 0
  19: 0
  20: 0
  21: 0
  22: 0
  23: 0
  24: 0
  25: 0
  26: 0
  27: 0
  28: 0
  29: 0
  30: 0
  31: 0
  32: 0
  33: 0
  34: 0
  35: 0
  36: 0
  37: 0
  38: 0
  39: 0
  40: 0
  41: 0
  42: 0
  43: 0
  44: 0
  45: 0
  46: 0
  47: 0
  48: 0
  49: 0
  50: 0
  51: 0
  52: 0
  53: 0
  54: 0
  55: 0
  56: 0
  57: 0
  58: 0
  59: 0
  60: 0
  61: 0
  62: 0
  63: 0
 procInstrs: # Per-process instructions
  0: 100001910
  1: 0
  2: 0
  3: 0
  4: 0
  5: 0
  6: 0
  7: 0
  8: 0
  9: 0
  10: 0
  11: 0
  12: 0
  13: 0
  14: 0
  15: 0
  16: 0
  17: 0
  18: 0
  19: 0
  20: 0
  21: 0
  22: 0
  23: 0
  24: 0
  25: 0
  26: 0
  27: 0
  28: 0
  29: 0
  30: 0
  31: 0
  32: 0
  33: 0
  34: 0
  35: 0
  36: 0
  37: 0
  38: 0
  39: 0
  40: 0
  41: 0
  42: 0
  43: 0
  44: 0
  45: 0
  46: 0
  47: 0
  48: 0
  49: 0
  50: 0
  51: 0
  52: 0
  53: 0
  54: 0
  55: 0
  56: 0
  57: 0
  58: 0
  59: 0
  60: 0
  61: 0
  62: 0
  63: 0
 heartbeats: # Per-process heartbeats
  0: 0
  1: 0
  2: 0
  3: 0
  4: 0
  5: 0
  6: 0
  7: 0
  8: 0
  9: 0
  10: 0
  11: 0
  12: 0
  13: 0
  14: 0
  15: 0
  16: 0
  17: 0
  18: 0
  19: 0
  20: 0
  21: 0
  22: 0
  23: 0
  24: 0
  25: 0
  26: 0
  27: 0
  28: 0
  29: 0
  30: 0
  31: 0
  32: 0
  33: 0
  34: 0
  35: 0
  36: 0
  37: 0
  38: 0
  39: 0
  40: 0
  41: 0
  42: 0
  43: 0
  44: 0
  45: 0
  46: 0
  47: 0
  48: 0
  49: 0
  50: 0
  51: 0
  52: 0
  53: 0
  54: 0
  55: 0
  56: 0
  57: 0
  58: 0
  59: 0
  60: 0
  61: 0
  62: 0
  63: 0
===
