# zsim stats
===
root: # Stats
 contention: # Contention simulation stats
  domain-0: # Domain stats
   time: 2127999768 # Weave simulation time
 time: # Simulator time breakdown
  init: 1491673460488
  bound: 13140325337
  weave: 2391846470
  ff: 0
 trigger: 20000 # Reason for this stats dump
 phase: 23121 # Simulated phases
 westmere: # Core stats
  westmere-0: # Core stats
   cycles: 231211665 # Simulated unhalted cycles
   cCycles: 44900464 # Cycles due to contention stalls
   instrs: 100000483 # Simulated instructions
   uops: 108913049 # Retired micro-ops
   bbls: 19844385 # Basic blocks
   approxInstrs: 1672476 # Instrs with approx uop decoding
   mispredBranches: 1185081 # Mispredicted branches
   condBranches: 18692322 # conditional branches
 l1i: # Cache stats
  l1i-0: # Filter cache stats
   fhGETS: 25982967 # Filtered GETS hits
   fhGETX: 0 # Filtered GETX hits
   hGETS: 188348 # GETS hits
   hGETX: 0 # GETX hits
   mGETS: 4959 # GETS misses
   mGETXIM: 0 # GETX I->M misses
   mGETXSM: 0 # GETX S->M misses (upgrade misses)
   PUTS: 0 # Clean evictions (from lower level)
   PUTX: 0 # Dirty evictions (from lower level)
   INV: 4914 # Invalidates (from upper level)
   INVX: 0 # Downgrades (from upper level)
   FWD: 0 # Forwards (from upper level)
   latGETnl: 614622 # GET request latency on next level
   latGETnet: 0 # GET request latency on network to next level
 l1d: # Cache stats
  l1d-0: # Filter cache stats
   fhGETS: 22576872 # Filtered GETS hits
   fhGETX: 4149336 # Filtered GETX hits
   hGETS: 2345030 # GETS hits
   hGETX: 2570514 # GETX hits
   mGETS: 3382284 # GETS misses
   mGETXIM: 691320 # GETX I->M misses
   mGETXSM: 0 # GETX S->M misses (upgrade misses)
   PUTS: 0 # Clean evictions (from lower level)
   PUTX: 0 # Dirty evictions (from lower level)
   INV: 5457 # Invalidates (from upper level)
   INVX: 0 # Downgrades (from upper level)
   FWD: 0 # Forwards (from upper level)
   latGETnl: 320676450 # GET request latency on next level
   latGETnet: 0 # GET request latency on network to next level
 l2: # Cache stats
  l2-0: # Cache stats
   hGETS: 728857 # GETS hits
   hGETX: 104958 # GETX hits
   mGETS: 2658386 # GETS misses
   mGETXIM: 586362 # GETX I->M misses
   mGETXSM: 0 # GETX S->M misses (upgrade misses)
   PUTS: 2313500 # Clean evictions (from lower level)
   PUTX: 1754148 # Dirty evictions (from lower level)
   INV: 136642 # Invalidates (from upper level)
   INVX: 0 # Downgrades (from upper level)
   FWD: 0 # Forwards (from upper level)
   latGETnl: 280505442 # GET request latency on next level
   latGETnet: 0 # GET request latency on network to next level
 l3: # Cache stats
  l3-0: # Cache stats
   hGETS: 835021 # GETS hits
   hGETX: 158266 # GETX hits
   mGETS: 1823365 # GETS misses
   mGETXIM: 428096 # GETX I->M misses
   mGETXSM: 0 # GETX S->M misses (upgrade misses)
   PUTS: 1853667 # Clean evictions (from lower level)
   PUTX: 1250343 # Dirty evictions (from lower level)
   INV: 0 # Invalidates (from upper level)
   INVX: 0 # Downgrades (from upper level)
   FWD: 0 # Forwards (from upper level)
   latGETnl: 202631490 # GET request latency on next level
   latGETnet: 0 # GET request latency on network to next level
 mem: # Memory controller stats
  mem-0: # Memory controller stats
   rd: 562221 # Read requests
   wr: 222814 # Write requests
   rdlat: 76466975 # Total latency experienced by read requests
   wrlat: 33602270 # Total latency experienced by write requests
   rdhits: 13287 # Read row hits
   wrhits: 1562 # Write row hits
   mlh: # latency histogram for memory requests
    0: 0
    1: 0
    2: 0
    3: 0
    4: 0
    5: 0
    6: 0
    7: 0
    8: 0
    9: 1
    10: 0
    11: 678
    12: 544
    13: 499094
    14: 37939
    15: 8134
    16: 3680
    17: 1308
    18: 592
    19: 646
    20: 598
    21: 628
    22: 491
    23: 591
    24: 1048
    25: 676
    26: 219
    27: 230
    28: 272
    29: 275
    30: 310
    31: 309
    32: 361
    33: 319
    34: 348
    35: 372
    36: 329
    37: 354
    38: 288
    39: 307
    40: 299
    41: 315
    42: 302
    43: 120
    44: 47
    45: 31
    46: 48
    47: 62
    48: 35
    49: 6
    50: 6
    51: 2
    52: 3
    53: 1
    54: 1
    55: 2
    56: 0
    57: 0
    58: 0
    59: 0
    60: 0
    61: 0
    62: 0
    63: 0
    64: 0
    65: 0
    66: 0
    67: 0
    68: 0
    69: 0
    70: 0
    71: 0
    72: 0
    73: 0
    74: 0
    75: 0
    76: 0
    77: 0
    78: 0
    79: 0
    80: 0
    81: 0
    82: 0
    83: 0
    84: 0
    85: 0
    86: 0
    87: 0
    88: 0
    89: 0
    90: 0
    91: 0
    92: 0
    93: 0
    94: 0
    95: 0
    96: 0
    97: 0
    98: 0
    99: 0
  mem-1: # Memory controller stats
   rd: 563503 # Read requests
   wr: 223239 # Write requests
   rdlat: 76651634 # Total latency experienced by read requests
   wrlat: 33648490 # Total latency experienced by write requests
   rdhits: 13413 # Read row hits
   wrhits: 1568 # Write row hits
   mlh: # latency histogram for memory requests
    0: 0
    1: 0
    2: 0
    3: 0
    4: 0
    5: 0
    6: 0
    7: 0
    8: 0
    9: 0
    10: 0
    11: 672
    12: 531
    13: 499537
    14: 37884
    15: 8822
    16: 4081
    17: 1280
    18: 494
    19: 619
    20: 645
    21: 685
    22: 537
    23: 622
    24: 904
    25: 613
    26: 224
    27: 224
    28: 271
    29: 280
    30: 314
    31: 335
    32: 332
    33: 311
    34: 339
    35: 353
    36: 326
    37: 326
    38: 301
    39: 309
    40: 310
    41: 331
    42: 296
    43: 145
    44: 50
    45: 33
    46: 45
    47: 39
    48: 50
    49: 15
    50: 7
    51: 4
    52: 5
    53: 0
    54: 1
    55: 0
    56: 0
    57: 0
    58: 0
    59: 1
    60: 0
    61: 0
    62: 0
    63: 0
    64: 0
    65: 0
    66: 0
    67: 0
    68: 0
    69: 0
    70: 0
    71: 0
    72: 0
    73: 0
    74: 0
    75: 0
    76: 0
    77: 0
    78: 0
    79: 0
    80: 0
    81: 0
    82: 0
    83: 0
    84: 0
    85: 0
    86: 0
    87: 0
    88: 0
    89: 0
    90: 0
    91: 0
    92: 0
    93: 0
    94: 0
    95: 0
    96: 0
    97: 0
    98: 0
    99: 0
  mem-2: # Memory controller stats
   rd: 562147 # Read requests
   wr: 222379 # Write requests
   rdlat: 76512191 # Total latency experienced by read requests
   wrlat: 33419285 # Total latency experienced by write requests
   rdhits: 13008 # Read row hits
   wrhits: 1590 # Write row hits
   mlh: # latency histogram for memory requests
    0: 0
    1: 0
    2: 0
    3: 0
    4: 0
    5: 0
    6: 0
    7: 0
    8: 0
    9: 0
    10: 0
    11: 627
    12: 485
    13: 497306
    14: 39838
    15: 8008
    16: 3694
    17: 1302
    18: 533
    19: 533
    20: 616
    21: 623
    22: 479
    23: 700
    24: 1026
    25: 733
    26: 229
    27: 224
    28: 258
    29: 297
    30: 321
    31: 332
    32: 326
    33: 326
    34: 319
    35: 397
    36: 343
    37: 324
    38: 294
    39: 318
    40: 313
    41: 314
    42: 324
    43: 131
    44: 47
    45: 38
    46: 42
    47: 60
    48: 44
    49: 6
    50: 5
    51: 1
    52: 4
    53: 5
    54: 2
    55: 0
    56: 0
    57: 0
    58: 0
    59: 0
    60: 0
    61: 0
    62: 0
    63: 0
    64: 0
    65: 0
    66: 0
    67: 0
    68: 0
    69: 0
    70: 0
    71: 0
    72: 0
    73: 0
    74: 0
    75: 0
    76: 0
    77: 0
    78: 0
    79: 0
    80: 0
    81: 0
    82: 0
    83: 0
    84: 0
    85: 0
    86: 0
    87: 0
    88: 0
    89: 0
    90: 0
    91: 0
    92: 0
    93: 0
    94: 0
    95: 0
    96: 0
    97: 0
    98: 0
    99: 0
  mem-3: # Memory controller stats
   rd: 563577 # Read requests
   wr: 222647 # Write requests
   rdlat: 76677854 # Total latency experienced by read requests
   wrlat: 33556997 # Total latency experienced by write requests
   rdhits: 13311 # Read row hits
   wrhits: 1599 # Write row hits
   mlh: # latency histogram for memory requests
    0: 0
    1: 0
    2: 0
    3: 0
    4: 0
    5: 0
    6: 0
    7: 0
    8: 0
    9: 0
    10: 0
    11: 717
    12: 492
    13: 499705
    14: 38843
    15: 8126
    16: 3656
    17: 1300
    18: 509
    19: 588
    20: 614
    21: 572
    22: 533
    23: 552
    24: 1006
    25: 695
    26: 205
    27: 223
    28: 261
    29: 258
    30: 326
    31: 360
    32: 333
    33: 326
    34: 361
    35: 357
    36: 334
    37: 340
    38: 305
    39: 300
    40: 297
    41: 344
    42: 333
    43: 157
    44: 48
    45: 29
    46: 49
    47: 58
    48: 43
    49: 7
    50: 3
    51: 5
    52: 2
    53: 2
    54: 0
    55: 0
    56: 1
    57: 0
    58: 1
    59: 1
    60: 0
    61: 0
    62: 0
    63: 0
    64: 0
    65: 0
    66: 0
    67: 0
    68: 0
    69: 0
    70: 0
    71: 0
    72: 0
    73: 0
    74: 0
    75: 0
    76: 0
    77: 0
    78: 0
    79: 0
    80: 0
    81: 0
    82: 0
    83: 0
    84: 0
    85: 0
    86: 0
    87: 0
    88: 0
    89: 0
    90: 0
    91: 0
    92: 0
    93: 0
    94: 0
    95: 0
    96: 0
    97: 0
    98: 0
    99: 0
 sched: # Scheduler stats
  thCr: 1 # Threads created
  thFn: 1 # Threads finished
  schedEvs: 1 # Schedule events
  waitEvs: 0 # Wait events
  handoffEvs: 0 # Handoff events
  sleepEvs: 0 # Sleep events
  idlePhases: 0 # Phases with no thread active
  idlePeriods: 0 # Periods with no thread active
  occHist: # Occupancy histogram
   0: 0
   1: 23121
  rqSzHist: # Run queue size histogram
   0: 23121
   1: 0
   2: 0
   3: 0
   4: 0
   5: 0
   6: 0
   7: 0
   8: 0
   9: 0
   10: 0
   11: 0
   12: 0
   13: 0
   14: 0
   15: 0
   16: 0
 procCycles: # Per-process unhalted core cycles
  0: 231211665
  1: 0
  2: 0
  3: 0
  4: 0
  5: 0
  6: 0
  7: 0
  8: 0
  9: 0
  10: 0
  11: 0
  12: 0
  13: 0
  14: 0
  15: 0
  16: 0
  17: 0
  18: 0
  19: 0
  20: 0
  21: 0
  22: 0
  23: 0
  24: 0
  25: 0
  26: 0
  27: 0
  28: 0
  29: 0
  30: 0
  31: 0
  32: 0
  33: 0
  34: 0
  35: 0
  36: 0
  37: 0
  38: 0
  39: 0
  40: 0
  41: 0
  42: 0
  43: 0
  44: 0
  45: 0
  46: 0
  47: 0
  48: 0
  49: 0
  50: 0
  51: 0
  52: 0
  53: 0
  54: 0
  55: 0
  56: 0
  57: 0
  58: 0
  59: 0
  60: 0
  61: 0
  62: 0
  63: 0
 procInstrs: # Per-process instructions
  0: 100000483
  1: 0
  2: 0
  3: 0
  4: 0
  5: 0
  6: 0
  7: 0
  8: 0
  9: 0
  10: 0
  11: 0
  12: 0
  13: 0
  14: 0
  15: 0
  16: 0
  17: 0
  18: 0
  19: 0
  20: 0
  21: 0
  22: 0
  23: 0
  24: 0
  25: 0
  26: 0
  27: 0
  28: 0
  29: 0
  30: 0
  31: 0
  32: 0
  33: 0
  34: 0
  35: 0
  36: 0
  37: 0
  38: 0
  39: 0
  40: 0
  41: 0
  42: 0
  43: 0
  44: 0
  45: 0
  46: 0
  47: 0
  48: 0
  49: 0
  50: 0
  51: 0
  52: 0
  53: 0
  54: 0
  55: 0
  56: 0
  57: 0
  58: 0
  59: 0
  60: 0
  61: 0
  62: 0
  63: 0
 heartbeats: # Per-process heartbeats
  0: 0
  1: 0
  2: 0
  3: 0
  4: 0
  5: 0
  6: 0
  7: 0
  8: 0
  9: 0
  10: 0
  11: 0
  12: 0
  13: 0
  14: 0
  15: 0
  16: 0
  17: 0
  18: 0
  19: 0
  20: 0
  21: 0
  22: 0
  23: 0
  24: 0
  25: 0
  26: 0
  27: 0
  28: 0
  29: 0
  30: 0
  31: 0
  32: 0
  33: 0
  34: 0
  35: 0
  36: 0
  37: 0
  38: 0
  39: 0
  40: 0
  41: 0
  42: 0
  43: 0
  44: 0
  45: 0
  46: 0
  47: 0
  48: 0
  49: 0
  50: 0
  51: 0
  52: 0
  53: 0
  54: 0
  55: 0
  56: 0
  57: 0
  58: 0
  59: 0
  60: 0
  61: 0
  62: 0
  63: 0
===
