# zsim stats
===
root: # Stats
 contention: # Contention simulation stats
  domain-0: # Domain stats
   time: 403330709 # Weave simulation time
 time: # Simulator time breakdown
  init: 46402139761
  bound: 9323612643
  weave: 498004494
  ff: 0
 trigger: 20000 # Reason for this stats dump
 phase: 11411 # Simulated phases
 westmere: # Core stats
  westmere-0: # Core stats
   cycles: 114110126 # Simulated unhalted cycles
   cCycles: 10309872 # Cycles due to contention stalls
   instrs: 100020048 # Simulated instructions
   uops: 113820280 # Retired micro-ops
   bbls: 14848314 # Basic blocks
   approxInstrs: 596117 # Instrs with approx uop decoding
   mispredBranches: 789680 # Mispredicted branches
   condBranches: 12877327 # conditional branches
 l1i: # Cache stats
  l1i-0: # Filter cache stats
   fhGETS: 19608886 # Filtered GETS hits
   fhGETX: 0 # Filtered GETX hits
   hGETS: 195 # GETS hits
   hGETX: 0 # GETX hits
   mGETS: 936 # GETS misses
   mGETXIM: 0 # GETX I->M misses
   mGETXSM: 0 # GETX S->M misses (upgrade misses)
   PUTS: 0 # Clean evictions (from lower level)
   PUTX: 0 # Dirty evictions (from lower level)
   INV: 907 # Invalidates (from upper level)
   INVX: 0 # Downgrades (from upper level)
   FWD: 0 # Forwards (from upper level)
   latGETnl: 116064 # GET request latency on next level
   latGETnet: 0 # GET request latency on network to next level
 l1d: # Cache stats
  l1d-0: # Filter cache stats
   fhGETS: 25379863 # Filtered GETS hits
   fhGETX: 11421249 # Filtered GETX hits
   hGETS: 983135 # GETS hits
   hGETX: 1645792 # GETX hits
   mGETS: 1935435 # GETS misses
   mGETXIM: 1092884 # GETX I->M misses
   mGETXSM: 0 # GETX S->M misses (upgrade misses)
   PUTS: 0 # Clean evictions (from lower level)
   PUTX: 0 # Dirty evictions (from lower level)
   INV: 4019 # Invalidates (from upper level)
   INVX: 0 # Downgrades (from upper level)
   FWD: 0 # Forwards (from upper level)
   latGETnl: 109890476 # GET request latency on next level
   latGETnet: 0 # GET request latency on network to next level
 l2: # Cache stats
  l2-0: # Cache stats
   hGETS: 944257 # GETS hits
   hGETX: 120748 # GETX hits
   mGETS: 992114 # GETS misses
   mGETXIM: 972136 # GETX I->M misses
   mGETXSM: 0 # GETX S->M misses (upgrade misses)
   PUTS: 941142 # Clean evictions (from lower level)
   PUTX: 2082646 # Dirty evictions (from lower level)
   INV: 30555 # Invalidates (from upper level)
   INVX: 0 # Downgrades (from upper level)
   FWD: 0 # Forwards (from upper level)
   latGETnl: 79713990 # GET request latency on next level
   latGETnet: 0 # GET request latency on network to next level
 l3: # Cache stats
  l3-0: # Cache stats
   hGETS: 844425 # GETS hits
   hGETX: 757914 # GETX hits
   mGETS: 147689 # GETS misses
   mGETXIM: 214222 # GETX I->M misses
   mGETXSM: 0 # GETX S->M misses (upgrade misses)
   PUTS: 567259 # Clean evictions (from lower level)
   PUTX: 1362342 # Dirty evictions (from lower level)
   INV: 0 # Invalidates (from upper level)
   INVX: 0 # Downgrades (from upper level)
   FWD: 0 # Forwards (from upper level)
   latGETnl: 32571990 # GET request latency on next level
   latGETnet: 0 # GET request latency on network to next level
 mem: # Memory controller stats
  mem-0: # Memory controller stats
   rd: 90463 # Read requests
   wr: 61861 # Write requests
   rdlat: 12260768 # Total latency experienced by read requests
   wrlat: 8867416 # Total latency experienced by write requests
   rdhits: 1284 # Read row hits
   wrhits: 413 # Write row hits
   mlh: # latency histogram for memory requests
    0: 0
    1: 0
    2: 0
    3: 0
    4: 0
    5: 0
    6: 0
    7: 0
    8: 0
    9: 0
    10: 0
    11: 190
    12: 243
    13: 83872
    14: 1679
    15: 1142
    16: 641
    17: 270
    18: 301
    19: 344
    20: 387
    21: 241
    22: 67
    23: 82
    24: 68
    25: 62
    26: 48
    27: 33
    28: 45
    29: 60
    30: 46
    31: 46
    32: 54
    33: 54
    34: 47
    35: 47
    36: 40
    37: 47
    38: 45
    39: 48
    40: 64
    41: 53
    42: 48
    43: 19
    44: 4
    45: 2
    46: 6
    47: 7
    48: 5
    49: 2
    50: 0
    51: 1
    52: 0
    53: 0
    54: 1
    55: 2
    56: 0
    57: 0
    58: 0
    59: 0
    60: 0
    61: 0
    62: 0
    63: 0
    64: 0
    65: 0
    66: 0
    67: 0
    68: 0
    69: 0
    70: 0
    71: 0
    72: 0
    73: 0
    74: 0
    75: 0
    76: 0
    77: 0
    78: 0
    79: 0
    80: 0
    81: 0
    82: 0
    83: 0
    84: 0
    85: 0
    86: 0
    87: 0
    88: 0
    89: 0
    90: 0
    91: 0
    92: 0
    93: 0
    94: 0
    95: 0
    96: 0
    97: 0
    98: 0
    99: 0
  mem-1: # Memory controller stats
   rd: 90656 # Read requests
   wr: 62061 # Write requests
   rdlat: 12301370 # Total latency experienced by read requests
   wrlat: 8894749 # Total latency experienced by write requests
   rdhits: 1366 # Read row hits
   wrhits: 343 # Write row hits
   mlh: # latency histogram for memory requests
    0: 0
    1: 0
    2: 0
    3: 0
    4: 0
    5: 0
    6: 0
    7: 0
    8: 0
    9: 0
    10: 0
    11: 218
    12: 283
    13: 83853
    14: 1714
    15: 1147
    16: 654
    17: 289
    18: 306
    19: 332
    20: 453
    21: 251
    22: 58
    23: 67
    24: 80
    25: 66
    26: 48
    27: 23
    28: 41
    29: 45
    30: 56
    31: 47
    32: 48
    33: 51
    34: 47
    35: 50
    36: 49
    37: 53
    38: 53
    39: 57
    40: 57
    41: 60
    42: 56
    43: 18
    44: 4
    45: 10
    46: 3
    47: 2
    48: 5
    49: 1
    50: 1
    51: 0
    52: 0
    53: 0
    54: 0
    55: 0
    56: 0
    57: 0
    58: 0
    59: 0
    60: 0
    61: 0
    62: 0
    63: 0
    64: 0
    65: 0
    66: 0
    67: 0
    68: 0
    69: 0
    70: 0
    71: 0
    72: 0
    73: 0
    74: 0
    75: 0
    76: 0
    77: 0
    78: 0
    79: 0
    80: 0
    81: 0
    82: 0
    83: 0
    84: 0
    85: 0
    86: 0
    87: 0
    88: 0
    89: 0
    90: 0
    91: 0
    92: 0
    93: 0
    94: 0
    95: 0
    96: 0
    97: 0
    98: 0
    99: 0
  mem-2: # Memory controller stats
   rd: 90483 # Read requests
   wr: 61785 # Write requests
   rdlat: 12279192 # Total latency experienced by read requests
   wrlat: 8868386 # Total latency experienced by write requests
   rdhits: 1500 # Read row hits
   wrhits: 403 # Write row hits
   mlh: # latency histogram for memory requests
    0: 0
    1: 0
    2: 0
    3: 0
    4: 0
    5: 0
    6: 0
    7: 0
    8: 0
    9: 0
    10: 0
    11: 216
    12: 247
    13: 83594
    14: 1637
    15: 1198
    16: 712
    17: 321
    18: 311
    19: 336
    20: 463
    21: 260
    22: 87
    23: 72
    24: 77
    25: 51
    26: 40
    27: 53
    28: 51
    29: 54
    30: 52
    31: 54
    32: 54
    33: 49
    34: 54
    35: 44
    36: 43
    37: 62
    38: 47
    39: 41
    40: 49
    41: 49
    42: 53
    43: 21
    44: 10
    45: 8
    46: 5
    47: 7
    48: 1
    49: 0
    50: 0
    51: 0
    52: 0
    53: 0
    54: 0
    55: 0
    56: 0
    57: 0
    58: 0
    59: 0
    60: 0
    61: 0
    62: 0
    63: 0
    64: 0
    65: 0
    66: 0
    67: 0
    68: 0
    69: 0
    70: 0
    71: 0
    72: 0
    73: 0
    74: 0
    75: 0
    76: 0
    77: 0
    78: 0
    79: 0
    80: 0
    81: 0
    82: 0
    83: 0
    84: 0
    85: 0
    86: 0
    87: 0
    88: 0
    89: 0
    90: 0
    91: 0
    92: 0
    93: 0
    94: 0
    95: 0
    96: 0
    97: 0
    98: 0
    99: 0
  mem-3: # Memory controller stats
   rd: 90309 # Read requests
   wr: 61803 # Write requests
   rdlat: 12245478 # Total latency experienced by read requests
   wrlat: 8852405 # Total latency experienced by write requests
   rdhits: 1350 # Read row hits
   wrhits: 397 # Write row hits
   mlh: # latency histogram for memory requests
    0: 0
    1: 0
    2: 0
    3: 0
    4: 0
    5: 0
    6: 0
    7: 0
    8: 0
    9: 0
    10: 0
    11: 239
    12: 244
    13: 83656
    14: 1669
    15: 1107
    16: 696
    17: 280
    18: 281
    19: 347
    20: 400
    21: 238
    22: 63
    23: 83
    24: 71
    25: 52
    26: 32
    27: 38
    28: 44
    29: 48
    30: 49
    31: 51
    32: 64
    33: 69
    34: 52
    35: 52
    36: 55
    37: 52
    38: 49
    39: 54
    40: 44
    41: 36
    42: 46
    43: 24
    44: 5
    45: 6
    46: 6
    47: 4
    48: 1
    49: 2
    50: 0
    51: 0
    52: 0
    53: 0
    54: 0
    55: 0
    56: 0
    57: 0
    58: 0
    59: 0
    60: 0
    61: 0
    62: 0
    63: 0
    64: 0
    65: 0
    66: 0
    67: 0
    68: 0
    69: 0
    70: 0
    71: 0
    72: 0
    73: 0
    74: 0
    75: 0
    76: 0
    77: 0
    78: 0
    79: 0
    80: 0
    81: 0
    82: 0
    83: 0
    84: 0
    85: 0
    86: 0
    87: 0
    88: 0
    89: 0
    90: 0
    91: 0
    92: 0
    93: 0
    94: 0
    95: 0
    96: 0
    97: 0
    98: 0
    99: 0
 sched: # Scheduler stats
  thCr: 1 # Threads created
  thFn: 1 # Threads finished
  schedEvs: 1 # Schedule events
  waitEvs: 0 # Wait events
  handoffEvs: 0 # Handoff events
  sleepEvs: 0 # Sleep events
  idlePhases: 0 # Phases with no thread active
  idlePeriods: 0 # Periods with no thread active
  occHist: # Occupancy histogram
   0: 0
   1: 11411
  rqSzHist: # Run queue size histogram
   0: 11411
   1: 0
   2: 0
   3: 0
   4: 0
   5: 0
   6: 0
   7: 0
   8: 0
   9: 0
   10: 0
   11: 0
   12: 0
   13: 0
   14: 0
   15: 0
   16: 0
 procCycles: # Per-process unhalted core cycles
  0: 114110126
  1: 0
  2: 0
  3: 0
  4: 0
  5: 0
  6: 0
  7: 0
  8: 0
  9: 0
  10: 0
  11: 0
  12: 0
  13: 0
  14: 0
  15: 0
  16: 0
  17: 0
  18: 0
  19: 0
  20: 0
  21: 0
  22: 0
  23: 0
  24: 0
  25: 0
  26: 0
  27: 0
  28: 0
  29: 0
  30: 0
  31: 0
  32: 0
  33: 0
  34: 0
  35: 0
  36: 0
  37: 0
  38: 0
  39: 0
  40: 0
  41: 0
  42: 0
  43: 0
  44: 0
  45: 0
  46: 0
  47: 0
  48: 0
  49: 0
  50: 0
  51: 0
  52: 0
  53: 0
  54: 0
  55: 0
  56: 0
  57: 0
  58: 0
  59: 0
  60: 0
  61: 0
  62: 0
  63: 0
 procInstrs: # Per-process instructions
  0: 100020048
  1: 0
  2: 0
  3: 0
  4: 0
  5: 0
  6: 0
  7: 0
  8: 0
  9: 0
  10: 0
  11: 0
  12: 0
  13: 0
  14: 0
  15: 0
  16: 0
  17: 0
  18: 0
  19: 0
  20: 0
  21: 0
  22: 0
  23: 0
  24: 0
  25: 0
  26: 0
  27: 0
  28: 0
  29: 0
  30: 0
  31: 0
  32: 0
  33: 0
  34: 0
  35: 0
  36: 0
  37: 0
  38: 0
  39: 0
  40: 0
  41: 0
  42: 0
  43: 0
  44: 0
  45: 0
  46: 0
  47: 0
  48: 0
  49: 0
  50: 0
  51: 0
  52: 0
  53: 0
  54: 0
  55: 0
  56: 0
  57: 0
  58: 0
  59: 0
  60: 0
  61: 0
  62: 0
  63: 0
 heartbeats: # Per-process heartbeats
  0: 0
  1: 0
  2: 0
  3: 0
  4: 0
  5: 0
  6: 0
  7: 0
  8: 0
  9: 0
  10: 0
  11: 0
  12: 0
  13: 0
  14: 0
  15: 0
  16: 0
  17: 0
  18: 0
  19: 0
  20: 0
  21: 0
  22: 0
  23: 0
  24: 0
  25: 0
  26: 0
  27: 0
  28: 0
  29: 0
  30: 0
  31: 0
  32: 0
  33: 0
  34: 0
  35: 0
  36: 0
  37: 0
  38: 0
  39: 0
  40: 0
  41: 0
  42: 0
  43: 0
  44: 0
  45: 0
  46: 0
  47: 0
  48: 0
  49: 0
  50: 0
  51: 0
  52: 0
  53: 0
  54: 0
  55: 0
  56: 0
  57: 0
  58: 0
  59: 0
  60: 0
  61: 0
  62: 0
  63: 0
===
