# zsim stats
===
root: # Stats
 contention: # Contention simulation stats
  domain-0: # Domain stats
   time: 279288760 # Weave simulation time
 time: # Simulator time breakdown
  init: 507782349344
  bound: 11631486840
  weave: 385615837
  ff: 0
 trigger: 20000 # Reason for this stats dump
 phase: 12148 # Simulated phases
 westmere: # Core stats
  westmere-0: # Core stats
   cycles: 121480244 # Simulated unhalted cycles
   cCycles: 7696455 # Cycles due to contention stalls
   instrs: 100010671 # Simulated instructions
   uops: 119754299 # Retired micro-ops
   bbls: 21931777 # Basic blocks
   approxInstrs: 221016 # Instrs with approx uop decoding
   mispredBranches: 1073207 # Mispredicted branches
   condBranches: 17145303 # conditional branches
 l1i: # Cache stats
  l1i-0: # Filter cache stats
   fhGETS: 24369164 # Filtered GETS hits
   fhGETX: 0 # Filtered GETX hits
   hGETS: 1890424 # GETS hits
   hGETX: 0 # GETX hits
   mGETS: 677511 # GETS misses
   mGETXIM: 0 # GETX I->M misses
   mGETXSM: 0 # GETX S->M misses (upgrade misses)
   PUTS: 0 # Clean evictions (from lower level)
   PUTX: 0 # Dirty evictions (from lower level)
   INV: 2384 # Invalidates (from upper level)
   INVX: 0 # Downgrades (from upper level)
   FWD: 0 # Forwards (from upper level)
   latGETnl: 8683704 # GET request latency on next level
   latGETnet: 0 # GET request latency on network to next level
 l1d: # Cache stats
  l1d-0: # Filter cache stats
   fhGETS: 22826946 # Filtered GETS hits
   fhGETX: 16004450 # Filtered GETX hits
   hGETS: 1762380 # GETS hits
   hGETX: 930849 # GETX hits
   mGETS: 1503181 # GETS misses
   mGETXIM: 1950297 # GETX I->M misses
   mGETXSM: 0 # GETX S->M misses (upgrade misses)
   PUTS: 0 # Clean evictions (from lower level)
   PUTX: 0 # Dirty evictions (from lower level)
   INV: 2613 # Invalidates (from upper level)
   INVX: 0 # Downgrades (from upper level)
   FWD: 0 # Forwards (from upper level)
   latGETnl: 99522232 # GET request latency on next level
   latGETnet: 0 # GET request latency on network to next level
 l2: # Cache stats
  l2-0: # Cache stats
   hGETS: 1127869 # GETS hits
   hGETX: 1206156 # GETX hits
   mGETS: 1052823 # GETS misses
   mGETXIM: 744141 # GETX I->M misses
   mGETXSM: 0 # GETX S->M misses (upgrade misses)
   PUTS: 1817574 # Clean evictions (from lower level)
   PUTX: 2307398 # Dirty evictions (from lower level)
   INV: 18700 # Invalidates (from upper level)
   INVX: 0 # Downgrades (from upper level)
   FWD: 0 # Forwards (from upper level)
   latGETnl: 66896046 # GET request latency on next level
   latGETnet: 0 # GET request latency on network to next level
 l3: # Cache stats
  l3-0: # Cache stats
   hGETS: 847008 # GETS hits
   hGETX: 685857 # GETX hits
   mGETS: 205815 # GETS misses
   mGETXIM: 58284 # GETX I->M misses
   mGETXSM: 0 # GETX S->M misses (upgrade misses)
   PUTS: 864113 # Clean evictions (from lower level)
   PUTX: 910060 # Dirty evictions (from lower level)
   INV: 0 # Invalidates (from upper level)
   INVX: 0 # Downgrades (from upper level)
   FWD: 0 # Forwards (from upper level)
   latGETnl: 23768910 # GET request latency on next level
   latGETnet: 0 # GET request latency on network to next level
 mem: # Memory controller stats
  mem-0: # Memory controller stats
   rd: 68815 # Read requests
   wr: 19124 # Write requests
   rdlat: 9226396 # Total latency experienced by read requests
   wrlat: 2764861 # Total latency experienced by write requests
   rdhits: 21 # Read row hits
   wrhits: 24 # Write row hits
   mlh: # latency histogram for memory requests
    0: 0
    1: 0
    2: 0
    3: 0
    4: 0
    5: 0
    6: 0
    7: 0
    8: 0
    9: 0
    10: 0
    11: 1
    12: 3
    13: 66703
    14: 489
    15: 426
    16: 193
    17: 46
    18: 39
    19: 32
    20: 46
    21: 26
    22: 47
    23: 39
    24: 53
    25: 33
    26: 24
    27: 40
    28: 32
    29: 25
    30: 37
    31: 47
    32: 37
    33: 47
    34: 28
    35: 42
    36: 41
    37: 44
    38: 41
    39: 32
    40: 29
    41: 40
    42: 35
    43: 13
    44: 2
    45: 2
    46: 0
    47: 0
    48: 1
    49: 0
    50: 0
    51: 0
    52: 0
    53: 0
    54: 0
    55: 0
    56: 0
    57: 0
    58: 0
    59: 0
    60: 0
    61: 0
    62: 0
    63: 0
    64: 0
    65: 0
    66: 0
    67: 0
    68: 0
    69: 0
    70: 0
    71: 0
    72: 0
    73: 0
    74: 0
    75: 0
    76: 0
    77: 0
    78: 0
    79: 0
    80: 0
    81: 0
    82: 0
    83: 0
    84: 0
    85: 0
    86: 0
    87: 0
    88: 0
    89: 0
    90: 0
    91: 0
    92: 0
    93: 0
    94: 0
    95: 0
    96: 0
    97: 0
    98: 0
    99: 0
  mem-1: # Memory controller stats
   rd: 63080 # Read requests
   wr: 18420 # Write requests
   rdlat: 8465273 # Total latency experienced by read requests
   wrlat: 2662126 # Total latency experienced by write requests
   rdhits: 29 # Read row hits
   wrhits: 24 # Write row hits
   mlh: # latency histogram for memory requests
    0: 0
    1: 0
    2: 0
    3: 0
    4: 0
    5: 0
    6: 0
    7: 0
    8: 0
    9: 0
    10: 0
    11: 2
    12: 5
    13: 61080
    14: 468
    15: 409
    16: 160
    17: 41
    18: 38
    19: 43
    20: 42
    21: 31
    22: 28
    23: 36
    24: 43
    25: 40
    26: 32
    27: 28
    28: 41
    29: 21
    30: 38
    31: 40
    32: 28
    33: 37
    34: 28
    35: 41
    36: 44
    37: 45
    38: 33
    39: 42
    40: 28
    41: 37
    42: 34
    43: 8
    44: 1
    45: 2
    46: 3
    47: 1
    48: 2
    49: 0
    50: 0
    51: 0
    52: 0
    53: 0
    54: 0
    55: 0
    56: 0
    57: 0
    58: 0
    59: 0
    60: 0
    61: 0
    62: 0
    63: 0
    64: 0
    65: 0
    66: 0
    67: 0
    68: 0
    69: 0
    70: 0
    71: 0
    72: 0
    73: 0
    74: 0
    75: 0
    76: 0
    77: 0
    78: 0
    79: 0
    80: 0
    81: 0
    82: 0
    83: 0
    84: 0
    85: 0
    86: 0
    87: 0
    88: 0
    89: 0
    90: 0
    91: 0
    92: 0
    93: 0
    94: 0
    95: 0
    96: 0
    97: 0
    98: 0
    99: 0
  mem-2: # Memory controller stats
   rd: 69616 # Read requests
   wr: 19232 # Write requests
   rdlat: 9339036 # Total latency experienced by read requests
   wrlat: 2782861 # Total latency experienced by write requests
   rdhits: 26 # Read row hits
   wrhits: 12 # Write row hits
   mlh: # latency histogram for memory requests
    0: 0
    1: 0
    2: 0
    3: 0
    4: 0
    5: 0
    6: 0
    7: 0
    8: 0
    9: 0
    10: 0
    11: 3
    12: 12
    13: 67463
    14: 470
    15: 440
    16: 181
    17: 56
    18: 32
    19: 41
    20: 53
    21: 46
    22: 43
    23: 37
    24: 35
    25: 41
    26: 34
    27: 39
    28: 33
    29: 30
    30: 28
    31: 33
    32: 46
    33: 50
    34: 42
    35: 34
    36: 30
    37: 48
    38: 29
    39: 39
    40: 37
    41: 48
    42: 39
    43: 16
    44: 4
    45: 2
    46: 2
    47: 0
    48: 0
    49: 0
    50: 0
    51: 0
    52: 0
    53: 0
    54: 0
    55: 0
    56: 0
    57: 0
    58: 0
    59: 0
    60: 0
    61: 0
    62: 0
    63: 0
    64: 0
    65: 0
    66: 0
    67: 0
    68: 0
    69: 0
    70: 0
    71: 0
    72: 0
    73: 0
    74: 0
    75: 0
    76: 0
    77: 0
    78: 0
    79: 0
    80: 0
    81: 0
    82: 0
    83: 0
    84: 0
    85: 0
    86: 0
    87: 0
    88: 0
    89: 0
    90: 0
    91: 0
    92: 0
    93: 0
    94: 0
    95: 0
    96: 0
    97: 0
    98: 0
    99: 0
  mem-3: # Memory controller stats
   rd: 62588 # Read requests
   wr: 18449 # Write requests
   rdlat: 8388523 # Total latency experienced by read requests
   wrlat: 2657428 # Total latency experienced by write requests
   rdhits: 27 # Read row hits
   wrhits: 23 # Write row hits
   mlh: # latency histogram for memory requests
    0: 0
    1: 0
    2: 0
    3: 0
    4: 0
    5: 0
    6: 0
    7: 0
    8: 0
    9: 0
    10: 0
    11: 3
    12: 16
    13: 60665
    14: 443
    15: 373
    16: 189
    17: 50
    18: 50
    19: 44
    20: 36
    21: 36
    22: 27
    23: 33
    24: 43
    25: 24
    26: 22
    27: 19
    28: 35
    29: 27
    30: 27
    31: 35
    32: 30
    33: 39
    34: 24
    35: 36
    36: 34
    37: 47
    38: 34
    39: 27
    40: 42
    41: 32
    42: 29
    43: 12
    44: 2
    45: 1
    46: 1
    47: 1
    48: 0
    49: 0
    50: 0
    51: 0
    52: 0
    53: 0
    54: 0
    55: 0
    56: 0
    57: 0
    58: 0
    59: 0
    60: 0
    61: 0
    62: 0
    63: 0
    64: 0
    65: 0
    66: 0
    67: 0
    68: 0
    69: 0
    70: 0
    71: 0
    72: 0
    73: 0
    74: 0
    75: 0
    76: 0
    77: 0
    78: 0
    79: 0
    80: 0
    81: 0
    82: 0
    83: 0
    84: 0
    85: 0
    86: 0
    87: 0
    88: 0
    89: 0
    90: 0
    91: 0
    92: 0
    93: 0
    94: 0
    95: 0
    96: 0
    97: 0
    98: 0
    99: 0
 sched: # Scheduler stats
  thCr: 1 # Threads created
  thFn: 1 # Threads finished
  schedEvs: 1 # Schedule events
  waitEvs: 0 # Wait events
  handoffEvs: 0 # Handoff events
  sleepEvs: 0 # Sleep events
  idlePhases: 0 # Phases with no thread active
  idlePeriods: 0 # Periods with no thread active
  occHist: # Occupancy histogram
   0: 0
   1: 12148
  rqSzHist: # Run queue size histogram
   0: 12148
   1: 0
   2: 0
   3: 0
   4: 0
   5: 0
   6: 0
   7: 0
   8: 0
   9: 0
   10: 0
   11: 0
   12: 0
   13: 0
   14: 0
   15: 0
   16: 0
 procCycles: # Per-process unhalted core cycles
  0: 121480244
  1: 0
  2: 0
  3: 0
  4: 0
  5: 0
  6: 0
  7: 0
  8: 0
  9: 0
  10: 0
  11: 0
  12: 0
  13: 0
  14: 0
  15: 0
  16: 0
  17: 0
  18: 0
  19: 0
  20: 0
  21: 0
  22: 0
  23: 0
  24: 0
  25: 0
  26: 0
  27: 0
  28: 0
  29: 0
  30: 0
  31: 0
  32: 0
  33: 0
  34: 0
  35: 0
  36: 0
  37: 0
  38: 0
  39: 0
  40: 0
  41: 0
  42: 0
  43: 0
  44: 0
  45: 0
  46: 0
  47: 0
  48: 0
  49: 0
  50: 0
  51: 0
  52: 0
  53: 0
  54: 0
  55: 0
  56: 0
  57: 0
  58: 0
  59: 0
  60: 0
  61: 0
  62: 0
  63: 0
 procInstrs: # Per-process instructions
  0: 100010671
  1: 0
  2: 0
  3: 0
  4: 0
  5: 0
  6: 0
  7: 0
  8: 0
  9: 0
  10: 0
  11: 0
  12: 0
  13: 0
  14: 0
  15: 0
  16: 0
  17: 0
  18: 0
  19: 0
  20: 0
  21: 0
  22: 0
  23: 0
  24: 0
  25: 0
  26: 0
  27: 0
  28: 0
  29: 0
  30: 0
  31: 0
  32: 0
  33: 0
  34: 0
  35: 0
  36: 0
  37: 0
  38: 0
  39: 0
  40: 0
  41: 0
  42: 0
  43: 0
  44: 0
  45: 0
  46: 0
  47: 0
  48: 0
  49: 0
  50: 0
  51: 0
  52: 0
  53: 0
  54: 0
  55: 0
  56: 0
  57: 0
  58: 0
  59: 0
  60: 0
  61: 0
  62: 0
  63: 0
 heartbeats: # Per-process heartbeats
  0: 0
  1: 0
  2: 0
  3: 0
  4: 0
  5: 0
  6: 0
  7: 0
  8: 0
  9: 0
  10: 0
  11: 0
  12: 0
  13: 0
  14: 0
  15: 0
  16: 0
  17: 0
  18: 0
  19: 0
  20: 0
  21: 0
  22: 0
  23: 0
  24: 0
  25: 0
  26: 0
  27: 0
  28: 0
  29: 0
  30: 0
  31: 0
  32: 0
  33: 0
  34: 0
  35: 0
  36: 0
  37: 0
  38: 0
  39: 0
  40: 0
  41: 0
  42: 0
  43: 0
  44: 0
  45: 0
  46: 0
  47: 0
  48: 0
  49: 0
  50: 0
  51: 0
  52: 0
  53: 0
  54: 0
  55: 0
  56: 0
  57: 0
  58: 0
  59: 0
  60: 0
  61: 0
  62: 0
  63: 0
===
