# zsim stats
===
root: # Stats
 contention: # Contention simulation stats
  domain-0: # Domain stats
   time: 2175308034 # Weave simulation time
 time: # Simulator time breakdown
  init: 1459176400088
  bound: 12924222449
  weave: 2429597002
  ff: 0
 trigger: 20000 # Reason for this stats dump
 phase: 23556 # Simulated phases
 westmere: # Core stats
  westmere-0: # Core stats
   cycles: 235561513 # Simulated unhalted cycles
   cCycles: 46480731 # Cycles due to contention stalls
   instrs: 100001910 # Simulated instructions
   uops: 109396123 # Retired micro-ops
   bbls: 20124972 # Basic blocks
   approxInstrs: 1763944 # Instrs with approx uop decoding
   mispredBranches: 1071924 # Mispredicted branches
   condBranches: 19086328 # conditional branches
 l1i: # Cache stats
  l1i-0: # Filter cache stats
   fhGETS: 25658194 # Filtered GETS hits
   fhGETX: 0 # Filtered GETX hits
   hGETS: 200807 # GETS hits
   hGETX: 0 # GETX hits
   mGETS: 5037 # GETS misses
   mGETXIM: 0 # GETX I->M misses
   mGETXSM: 0 # GETX S->M misses (upgrade misses)
   PUTS: 0 # Clean evictions (from lower level)
   PUTX: 0 # Dirty evictions (from lower level)
   INV: 4922 # Invalidates (from upper level)
   INVX: 0 # Downgrades (from upper level)
   FWD: 0 # Forwards (from upper level)
   latGETnl: 624360 # GET request latency on next level
   latGETnet: 0 # GET request latency on network to next level
 l1d: # Cache stats
  l1d-0: # Filter cache stats
   fhGETS: 22848296 # Filtered GETS hits
   fhGETX: 4097672 # Filtered GETX hits
   hGETS: 2353477 # GETS hits
   hGETX: 2527538 # GETX hits
   mGETS: 3456418 # GETS misses
   mGETXIM: 733193 # GETX I->M misses
   mGETXSM: 0 # GETX S->M misses (upgrade misses)
   PUTS: 0 # Clean evictions (from lower level)
   PUTX: 0 # Dirty evictions (from lower level)
   INV: 83283 # Invalidates (from upper level)
   INVX: 0 # Downgrades (from upper level)
   FWD: 0 # Forwards (from upper level)
   latGETnl: 329826882 # GET request latency on next level
   latGETnet: 0 # GET request latency on network to next level
 l2: # Cache stats
  l2-0: # Cache stats
   hGETS: 732170 # GETS hits
   hGETX: 125625 # GETX hits
   mGETS: 2729285 # GETS misses
   mGETXIM: 607568 # GETX I->M misses
   mGETXSM: 0 # GETX S->M misses (upgrade misses)
   PUTS: 2365042 # Clean evictions (from lower level)
   PUTX: 1740810 # Dirty evictions (from lower level)
   INV: 358880 # Invalidates (from upper level)
   INVX: 0 # Downgrades (from upper level)
   FWD: 0 # Forwards (from upper level)
   latGETnl: 288504762 # GET request latency on next level
   latGETnet: 0 # GET request latency on network to next level
 l3: # Cache stats
  l3-0: # Cache stats
   hGETS: 847186 # GETS hits
   hGETX: 173886 # GETX hits
   mGETS: 1882099 # GETS misses
   mGETXIM: 433682 # GETX I->M misses
   mGETXSM: 0 # GETX S->M misses (upgrade misses)
   PUTS: 1798590 # Clean evictions (from lower level)
   PUTX: 1175331 # Dirty evictions (from lower level)
   INV: 0 # Invalidates (from upper level)
   INVX: 0 # Downgrades (from upper level)
   FWD: 0 # Forwards (from upper level)
   latGETnl: 208420290 # GET request latency on next level
   latGETnet: 0 # GET request latency on network to next level
 mem: # Memory controller stats
  mem-0: # Memory controller stats
   rd: 577448 # Read requests
   wr: 227176 # Write requests
   rdlat: 78516330 # Total latency experienced by read requests
   wrlat: 34042076 # Total latency experienced by write requests
   rdhits: 12682 # Read row hits
   wrhits: 994 # Write row hits
   mlh: # latency histogram for memory requests
    0: 0
    1: 0
    2: 0
    3: 0
    4: 0
    5: 0
    6: 0
    7: 0
    8: 0
    9: 1
    10: 0
    11: 568
    12: 573
    13: 514518
    14: 37710
    15: 8626
    16: 3516
    17: 967
    18: 554
    19: 544
    20: 608
    21: 669
    22: 468
    23: 636
    24: 971
    25: 736
    26: 243
    27: 224
    28: 252
    29: 279
    30: 330
    31: 359
    32: 368
    33: 338
    34: 356
    35: 360
    36: 343
    37: 327
    38: 339
    39: 316
    40: 325
    41: 296
    42: 341
    43: 124
    44: 50
    45: 46
    46: 58
    47: 50
    48: 40
    49: 7
    50: 0
    51: 0
    52: 4
    53: 5
    54: 1
    55: 0
    56: 1
    57: 0
    58: 0
    59: 1
    60: 0
    61: 0
    62: 0
    63: 0
    64: 0
    65: 0
    66: 0
    67: 0
    68: 0
    69: 0
    70: 0
    71: 0
    72: 0
    73: 0
    74: 0
    75: 0
    76: 0
    77: 0
    78: 0
    79: 0
    80: 0
    81: 0
    82: 0
    83: 0
    84: 0
    85: 0
    86: 0
    87: 0
    88: 0
    89: 0
    90: 0
    91: 0
    92: 0
    93: 0
    94: 0
    95: 0
    96: 0
    97: 0
    98: 0
    99: 0
  mem-1: # Memory controller stats
   rd: 580807 # Read requests
   wr: 228703 # Write requests
   rdlat: 78995261 # Total latency experienced by read requests
   wrlat: 34351130 # Total latency experienced by write requests
   rdhits: 12598 # Read row hits
   wrhits: 1036 # Write row hits
   mlh: # latency histogram for memory requests
    0: 0
    1: 0
    2: 0
    3: 0
    4: 0
    5: 0
    6: 0
    7: 0
    8: 0
    9: 0
    10: 0
    11: 616
    12: 527
    13: 516838
    14: 38449
    15: 8413
    16: 3609
    17: 1058
    18: 530
    19: 660
    20: 664
    21: 649
    22: 543
    23: 685
    24: 1011
    25: 719
    26: 233
    27: 239
    28: 249
    29: 304
    30: 345
    31: 357
    32: 365
    33: 373
    34: 381
    35: 368
    36: 358
    37: 329
    38: 322
    39: 302
    40: 328
    41: 313
    42: 288
    43: 132
    44: 48
    45: 38
    46: 46
    47: 63
    48: 40
    49: 4
    50: 7
    51: 1
    52: 2
    53: 1
    54: 0
    55: 0
    56: 0
    57: 0
    58: 0
    59: 0
    60: 0
    61: 0
    62: 0
    63: 0
    64: 0
    65: 0
    66: 0
    67: 0
    68: 0
    69: 0
    70: 0
    71: 0
    72: 0
    73: 0
    74: 0
    75: 0
    76: 0
    77: 0
    78: 0
    79: 0
    80: 0
    81: 0
    82: 0
    83: 0
    84: 0
    85: 0
    86: 0
    87: 0
    88: 0
    89: 0
    90: 0
    91: 0
    92: 0
    93: 0
    94: 0
    95: 0
    96: 0
    97: 0
    98: 0
    99: 0
  mem-2: # Memory controller stats
   rd: 577438 # Read requests
   wr: 226789 # Write requests
   rdlat: 78546923 # Total latency experienced by read requests
   wrlat: 33969408 # Total latency experienced by write requests
   rdhits: 12548 # Read row hits
   wrhits: 984 # Write row hits
   mlh: # latency histogram for memory requests
    0: 0
    1: 0
    2: 0
    3: 0
    4: 0
    5: 0
    6: 0
    7: 0
    8: 0
    9: 1
    10: 0
    11: 604
    12: 506
    13: 512240
    14: 40371
    15: 8335
    16: 3417
    17: 998
    18: 479
    19: 506
    20: 612
    21: 639
    22: 501
    23: 645
    24: 1144
    25: 685
    26: 241
    27: 217
    28: 243
    29: 302
    30: 348
    31: 348
    32: 317
    33: 325
    34: 338
    35: 358
    36: 362
    37: 359
    38: 335
    39: 366
    40: 286
    41: 307
    42: 326
    43: 137
    44: 35
    45: 39
    46: 51
    47: 48
    48: 48
    49: 3
    50: 4
    51: 5
    52: 2
    53: 3
    54: 0
    55: 1
    56: 1
    57: 0
    58: 0
    59: 0
    60: 0
    61: 0
    62: 0
    63: 0
    64: 0
    65: 0
    66: 0
    67: 0
    68: 0
    69: 0
    70: 0
    71: 0
    72: 0
    73: 0
    74: 0
    75: 0
    76: 0
    77: 0
    78: 0
    79: 0
    80: 0
    81: 0
    82: 0
    83: 0
    84: 0
    85: 0
    86: 0
    87: 0
    88: 0
    89: 0
    90: 0
    91: 0
    92: 0
    93: 0
    94: 0
    95: 0
    96: 0
    97: 0
    98: 0
    99: 0
  mem-3: # Memory controller stats
   rd: 580075 # Read requests
   wr: 227937 # Write requests
   rdlat: 78887135 # Total latency experienced by read requests
   wrlat: 34178864 # Total latency experienced by write requests
   rdhits: 12617 # Read row hits
   wrhits: 997 # Write row hits
   mlh: # latency histogram for memory requests
    0: 0
    1: 0
    2: 0
    3: 0
    4: 0
    5: 0
    6: 0
    7: 0
    8: 0
    9: 0
    10: 0
    11: 629
    12: 493
    13: 516838
    14: 38408
    15: 8134
    16: 3499
    17: 1052
    18: 507
    19: 557
    20: 556
    21: 596
    22: 577
    23: 562
    24: 1073
    25: 635
    26: 222
    27: 234
    28: 299
    29: 288
    30: 342
    31: 353
    32: 356
    33: 353
    34: 353
    35: 387
    36: 364
    37: 373
    38: 320
    39: 338
    40: 360
    41: 291
    42: 364
    43: 145
    44: 43
    45: 40
    46: 30
    47: 49
    48: 39
    49: 1
    50: 5
    51: 3
    52: 4
    53: 2
    54: 1
    55: 0
    56: 0
    57: 0
    58: 0
    59: 0
    60: 0
    61: 0
    62: 0
    63: 0
    64: 0
    65: 0
    66: 0
    67: 0
    68: 0
    69: 0
    70: 0
    71: 0
    72: 0
    73: 0
    74: 0
    75: 0
    76: 0
    77: 0
    78: 0
    79: 0
    80: 0
    81: 0
    82: 0
    83: 0
    84: 0
    85: 0
    86: 0
    87: 0
    88: 0
    89: 0
    90: 0
    91: 0
    92: 0
    93: 0
    94: 0
    95: 0
    96: 0
    97: 0
    98: 0
    99: 0
 sched: # Scheduler stats
  thCr: 1 # Threads created
  thFn: 1 # Threads finished
  schedEvs: 1 # Schedule events
  waitEvs: 0 # Wait events
  handoffEvs: 0 # Handoff events
  sleepEvs: 0 # Sleep events
  idlePhases: 0 # Phases with no thread active
  idlePeriods: 0 # Periods with no thread active
  occHist: # Occupancy histogram
   0: 0
   1: 23556
  rqSzHist: # Run queue size histogram
   0: 23556
   1: 0
   2: 0
   3: 0
   4: 0
   5: 0
   6: 0
   7: 0
   8: 0
   9: 0
   10: 0
   11: 0
   12: 0
   13: 0
   14: 0
   15: 0
   16: 0
 procCycles: # Per-process unhalted core cycles
  0: 235561513
  1: 0
  2: 0
  3: 0
  4: 0
  5: 0
  6: 0
  7: 0
  8: 0
  9: 0
  10: 0
  11: 0
  12: 0
  13: 0
  14: 0
  15: 0
  16: 0
  17: 0
  18: 0
  19: 0
  20: 0
  21: 0
  22: 0
  23: 0
  24: 0
  25: 0
  26: 0
  27: 0
  28: 0
  29: 0
  30: 0
  31: 0
  32: 0
  33: 0
  34: 0
  35: 0
  36: 0
  37: 0
  38: 0
  39: 0
  40: 0
  41: 0
  42: 0
  43: 0
  44: 0
  45: 0
  46: 0
  47: 0
  48: 0
  49: 0
  50: 0
  51: 0
  52: 0
  53: 0
  54: 0
  55: 0
  56: 0
  57: 0
  58: 0
  59: 0
  60: 0
  61: 0
  62: 0
  63: 0
 procInstrs: # Per-process instructions
  0: 100001910
  1: 0
  2: 0
  3: 0
  4: 0
  5: 0
  6: 0
  7: 0
  8: 0
  9: 0
  10: 0
  11: 0
  12: 0
  13: 0
  14: 0
  15: 0
  16: 0
  17: 0
  18: 0
  19: 0
  20: 0
  21: 0
  22: 0
  23: 0
  24: 0
  25: 0
  26: 0
  27: 0
  28: 0
  29: 0
  30: 0
  31: 0
  32: 0
  33: 0
  34: 0
  35: 0
  36: 0
  37: 0
  38: 0
  39: 0
  40: 0
  41: 0
  42: 0
  43: 0
  44: 0
  45: 0
  46: 0
  47: 0
  48: 0
  49: 0
  50: 0
  51: 0
  52: 0
  53: 0
  54: 0
  55: 0
  56: 0
  57: 0
  58: 0
  59: 0
  60: 0
  61: 0
  62: 0
  63: 0
 heartbeats: # Per-process heartbeats
  0: 0
  1: 0
  2: 0
  3: 0
  4: 0
  5: 0
  6: 0
  7: 0
  8: 0
  9: 0
  10: 0
  11: 0
  12: 0
  13: 0
  14: 0
  15: 0
  16: 0
  17: 0
  18: 0
  19: 0
  20: 0
  21: 0
  22: 0
  23: 0
  24: 0
  25: 0
  26: 0
  27: 0
  28: 0
  29: 0
  30: 0
  31: 0
  32: 0
  33: 0
  34: 0
  35: 0
  36: 0
  37: 0
  38: 0
  39: 0
  40: 0
  41: 0
  42: 0
  43: 0
  44: 0
  45: 0
  46: 0
  47: 0
  48: 0
  49: 0
  50: 0
  51: 0
  52: 0
  53: 0
  54: 0
  55: 0
  56: 0
  57: 0
  58: 0
  59: 0
  60: 0
  61: 0
  62: 0
  63: 0
===
