# zsim stats
===
root: # Stats
 contention: # Contention simulation stats
  domain-0: # Domain stats
   time: 3421691680 # Weave simulation time
 time: # Simulator time breakdown
  init: 715080715354
  bound: 12671453344
  weave: 3565294081
  ff: 0
 trigger: 20000 # Reason for this stats dump
 phase: 14628 # Simulated phases
 westmere: # Core stats
  westmere-0: # Core stats
   cycles: 146282261 # Simulated unhalted cycles
   cCycles: 27093381 # Cycles due to contention stalls
   instrs: 100000327 # Simulated instructions
   uops: 114162822 # Retired micro-ops
   bbls: 2330403 # Basic blocks
   approxInstrs: 553216 # Instrs with approx uop decoding
   mispredBranches: 3146 # Mispredicted branches
   condBranches: 916766 # conditional branches
 l1i: # Cache stats
  l1i-0: # Filter cache stats
   fhGETS: 9222500 # Filtered GETS hits
   fhGETX: 0 # Filtered GETX hits
   hGETS: 6 # GETS hits
   hGETX: 0 # GETX hits
   mGETS: 3209 # GETS misses
   mGETXIM: 0 # GETX I->M misses
   mGETXSM: 0 # GETX S->M misses (upgrade misses)
   PUTS: 0 # Clean evictions (from lower level)
   PUTX: 0 # Dirty evictions (from lower level)
   INV: 3163 # Invalidates (from upper level)
   INVX: 0 # Downgrades (from upper level)
   FWD: 0 # Forwards (from upper level)
   latGETnl: 397916 # GET request latency on next level
   latGETnet: 0 # GET request latency on network to next level
 l1d: # Cache stats
  l1d-0: # Filter cache stats
   fhGETS: 18030850 # Filtered GETS hits
   fhGETX: 5400216 # Filtered GETX hits
   hGETS: 951018 # GETS hits
   hGETX: 755875 # GETX hits
   mGETS: 789166 # GETS misses
   mGETXIM: 4306608 # GETX I->M misses
   mGETXSM: 0 # GETX S->M misses (upgrade misses)
   PUTS: 0 # Clean evictions (from lower level)
   PUTX: 0 # Dirty evictions (from lower level)
   INV: 137808 # Invalidates (from upper level)
   INVX: 0 # Downgrades (from upper level)
   FWD: 0 # Forwards (from upper level)
   latGETnl: 409006138 # GET request latency on next level
   latGETnet: 0 # GET request latency on network to next level
 l2: # Cache stats
  l2-0: # Cache stats
   hGETS: 100 # GETS hits
   hGETX: 1898482 # GETX hits
   mGETS: 792275 # GETS misses
   mGETXIM: 2408126 # GETX I->M misses
   mGETXSM: 0 # GETX S->M misses (upgrade misses)
   PUTS: 758509 # Clean evictions (from lower level)
   PUTX: 4198951 # Dirty evictions (from lower level)
   INV: 513912 # Invalidates (from upper level)
   INVX: 0 # Downgrades (from upper level)
   FWD: 0 # Forwards (from upper level)
   latGETnl: 358414224 # GET request latency on next level
   latGETnet: 0 # GET request latency on network to next level
 l3: # Cache stats
  l3-0: # Cache stats
   hGETS: 71 # GETS hits
   hGETX: 71390 # GETX hits
   mGETS: 792204 # GETS misses
   mGETXIM: 2336736 # GETX I->M misses
   mGETXSM: 0 # GETX S->M misses (upgrade misses)
   PUTS: 665804 # Clean evictions (from lower level)
   PUTX: 2016633 # Dirty evictions (from lower level)
   INV: 0 # Invalidates (from upper level)
   INVX: 0 # Downgrades (from upper level)
   FWD: 0 # Forwards (from upper level)
   latGETnl: 281604600 # GET request latency on next level
   latGETnet: 0 # GET request latency on network to next level
 mem: # Memory controller stats
  mem-0: # Memory controller stats
   rd: 782041 # Read requests
   wr: 580632 # Write requests
   rdlat: 112031548 # Total latency experienced by read requests
   wrlat: 101381660 # Total latency experienced by write requests
   rdhits: 636 # Read row hits
   wrhits: 17527 # Write row hits
   mlh: # latency histogram for memory requests
    0: 0
    1: 0
    2: 0
    3: 0
    4: 0
    5: 0
    6: 0
    7: 0
    8: 0
    9: 2
    10: 0
    11: 10
    12: 15
    13: 448151
    14: 167180
    15: 106203
    16: 13221
    17: 26628
    18: 1290
    19: 2231
    20: 2295
    21: 2354
    22: 1575
    23: 1018
    24: 850
    25: 539
    26: 463
    27: 492
    28: 537
    29: 484
    30: 441
    31: 425
    32: 408
    33: 441
    34: 451
    35: 402
    36: 351
    37: 377
    38: 389
    39: 460
    40: 391
    41: 435
    42: 416
    43: 256
    44: 168
    45: 81
    46: 129
    47: 108
    48: 208
    49: 92
    50: 31
    51: 11
    52: 11
    53: 7
    54: 7
    55: 4
    56: 1
    57: 1
    58: 0
    59: 1
    60: 0
    61: 0
    62: 0
    63: 0
    64: 0
    65: 0
    66: 0
    67: 0
    68: 0
    69: 0
    70: 0
    71: 0
    72: 0
    73: 0
    74: 0
    75: 0
    76: 0
    77: 0
    78: 0
    79: 0
    80: 0
    81: 0
    82: 0
    83: 0
    84: 0
    85: 0
    86: 0
    87: 0
    88: 0
    89: 0
    90: 0
    91: 0
    92: 0
    93: 0
    94: 0
    95: 0
    96: 0
    97: 0
    98: 0
    99: 0
  mem-1: # Memory controller stats
   rd: 781895 # Read requests
   wr: 580528 # Write requests
   rdlat: 111985592 # Total latency experienced by read requests
   wrlat: 101581576 # Total latency experienced by write requests
   rdhits: 695 # Read row hits
   wrhits: 17696 # Write row hits
   mlh: # latency histogram for memory requests
    0: 0
    1: 0
    2: 0
    3: 0
    4: 0
    5: 0
    6: 0
    7: 0
    8: 0
    9: 2
    10: 0
    11: 6
    12: 21
    13: 450123
    14: 165661
    15: 105176
    16: 13591
    17: 26790
    18: 1188
    19: 2356
    20: 2433
    21: 2401
    22: 1521
    23: 1016
    24: 787
    25: 519
    26: 451
    27: 490
    28: 516
    29: 445
    30: 393
    31: 381
    32: 353
    33: 433
    34: 452
    35: 395
    36: 388
    37: 359
    38: 392
    39: 485
    40: 407
    41: 408
    42: 408
    43: 247
    44: 156
    45: 81
    46: 115
    47: 115
    48: 250
    49: 108
    50: 36
    51: 15
    52: 8
    53: 4
    54: 5
    55: 2
    56: 3
    57: 2
    58: 1
    59: 0
    60: 0
    61: 0
    62: 0
    63: 0
    64: 0
    65: 0
    66: 0
    67: 0
    68: 0
    69: 0
    70: 0
    71: 0
    72: 0
    73: 0
    74: 0
    75: 0
    76: 0
    77: 0
    78: 0
    79: 0
    80: 0
    81: 0
    82: 0
    83: 0
    84: 0
    85: 0
    86: 0
    87: 0
    88: 0
    89: 0
    90: 0
    91: 0
    92: 0
    93: 0
    94: 0
    95: 0
    96: 0
    97: 0
    98: 0
    99: 0
  mem-2: # Memory controller stats
   rd: 782416 # Read requests
   wr: 581012 # Write requests
   rdlat: 112083051 # Total latency experienced by read requests
   wrlat: 101638682 # Total latency experienced by write requests
   rdhits: 705 # Read row hits
   wrhits: 17481 # Write row hits
   mlh: # latency histogram for memory requests
    0: 0
    1: 0
    2: 0
    3: 0
    4: 0
    5: 0
    6: 0
    7: 0
    8: 0
    9: 1
    10: 0
    11: 9
    12: 12
    13: 447527
    14: 167283
    15: 106977
    16: 13602
    17: 26466
    18: 1288
    19: 2316
    20: 2382
    21: 2364
    22: 1520
    23: 999
    24: 860
    25: 517
    26: 451
    27: 500
    28: 489
    29: 473
    30: 409
    31: 376
    32: 366
    33: 430
    34: 429
    35: 363
    36: 367
    37: 383
    38: 360
    39: 468
    40: 404
    41: 449
    42: 413
    43: 243
    44: 141
    45: 63
    46: 129
    47: 136
    48: 255
    49: 124
    50: 34
    51: 15
    52: 8
    53: 5
    54: 5
    55: 1
    56: 1
    57: 1
    58: 1
    59: 1
    60: 0
    61: 0
    62: 0
    63: 0
    64: 0
    65: 0
    66: 0
    67: 0
    68: 0
    69: 0
    70: 0
    71: 0
    72: 0
    73: 0
    74: 0
    75: 0
    76: 0
    77: 0
    78: 0
    79: 0
    80: 0
    81: 0
    82: 0
    83: 0
    84: 0
    85: 0
    86: 0
    87: 0
    88: 0
    89: 0
    90: 0
    91: 0
    92: 0
    93: 0
    94: 0
    95: 0
    96: 0
    97: 0
    98: 0
    99: 0
  mem-3: # Memory controller stats
   rd: 782532 # Read requests
   wr: 581268 # Write requests
   rdlat: 112151846 # Total latency experienced by read requests
   wrlat: 101658771 # Total latency experienced by write requests
   rdhits: 648 # Read row hits
   wrhits: 17617 # Write row hits
   mlh: # latency histogram for memory requests
    0: 0
    1: 0
    2: 0
    3: 0
    4: 0
    5: 0
    6: 0
    7: 0
    8: 0
    9: 0
    10: 0
    11: 12
    12: 16
    13: 449286
    14: 166122
    15: 105381
    16: 13968
    17: 26805
    18: 1263
    19: 2248
    20: 2455
    21: 2407
    22: 1562
    23: 1082
    24: 864
    25: 516
    26: 487
    27: 533
    28: 523
    29: 497
    30: 439
    31: 426
    32: 380
    33: 410
    34: 406
    35: 369
    36: 401
    37: 381
    38: 358
    39: 465
    40: 428
    41: 436
    42: 439
    43: 259
    44: 147
    45: 91
    46: 133
    47: 132
    48: 231
    49: 109
    50: 31
    51: 10
    52: 7
    53: 9
    54: 4
    55: 1
    56: 0
    57: 0
    58: 1
    59: 1
    60: 0
    61: 0
    62: 0
    63: 1
    64: 0
    65: 0
    66: 0
    67: 0
    68: 0
    69: 0
    70: 0
    71: 0
    72: 0
    73: 0
    74: 0
    75: 0
    76: 0
    77: 0
    78: 0
    79: 0
    80: 0
    81: 0
    82: 0
    83: 0
    84: 0
    85: 0
    86: 0
    87: 0
    88: 0
    89: 0
    90: 0
    91: 0
    92: 0
    93: 0
    94: 0
    95: 0
    96: 0
    97: 0
    98: 0
    99: 0
 sched: # Scheduler stats
  thCr: 1 # Threads created
  thFn: 1 # Threads finished
  schedEvs: 1 # Schedule events
  waitEvs: 0 # Wait events
  handoffEvs: 0 # Handoff events
  sleepEvs: 0 # Sleep events
  idlePhases: 0 # Phases with no thread active
  idlePeriods: 0 # Periods with no thread active
  occHist: # Occupancy histogram
   0: 0
   1: 14628
  rqSzHist: # Run queue size histogram
   0: 14628
   1: 0
   2: 0
   3: 0
   4: 0
   5: 0
   6: 0
   7: 0
   8: 0
   9: 0
   10: 0
   11: 0
   12: 0
   13: 0
   14: 0
   15: 0
   16: 0
 procCycles: # Per-process unhalted core cycles
  0: 146282261
  1: 0
  2: 0
  3: 0
  4: 0
  5: 0
  6: 0
  7: 0
  8: 0
  9: 0
  10: 0
  11: 0
  12: 0
  13: 0
  14: 0
  15: 0
  16: 0
  17: 0
  18: 0
  19: 0
  20: 0
  21: 0
  22: 0
  23: 0
  24: 0
  25: 0
  26: 0
  27: 0
  28: 0
  29: 0
  30: 0
  31: 0
  32: 0
  33: 0
  34: 0
  35: 0
  36: 0
  37: 0
  38: 0
  39: 0
  40: 0
  41: 0
  42: 0
  43: 0
  44: 0
  45: 0
  46: 0
  47: 0
  48: 0
  49: 0
  50: 0
  51: 0
  52: 0
  53: 0
  54: 0
  55: 0
  56: 0
  57: 0
  58: 0
  59: 0
  60: 0
  61: 0
  62: 0
  63: 0
 procInstrs: # Per-process instructions
  0: 100000327
  1: 0
  2: 0
  3: 0
  4: 0
  5: 0
  6: 0
  7: 0
  8: 0
  9: 0
  10: 0
  11: 0
  12: 0
  13: 0
  14: 0
  15: 0
  16: 0
  17: 0
  18: 0
  19: 0
  20: 0
  21: 0
  22: 0
  23: 0
  24: 0
  25: 0
  26: 0
  27: 0
  28: 0
  29: 0
  30: 0
  31: 0
  32: 0
  33: 0
  34: 0
  35: 0
  36: 0
  37: 0
  38: 0
  39: 0
  40: 0
  41: 0
  42: 0
  43: 0
  44: 0
  45: 0
  46: 0
  47: 0
  48: 0
  49: 0
  50: 0
  51: 0
  52: 0
  53: 0
  54: 0
  55: 0
  56: 0
  57: 0
  58: 0
  59: 0
  60: 0
  61: 0
  62: 0
  63: 0
 heartbeats: # Per-process heartbeats
  0: 0
  1: 0
  2: 0
  3: 0
  4: 0
  5: 0
  6: 0
  7: 0
  8: 0
  9: 0
  10: 0
  11: 0
  12: 0
  13: 0
  14: 0
  15: 0
  16: 0
  17: 0
  18: 0
  19: 0
  20: 0
  21: 0
  22: 0
  23: 0
  24: 0
  25: 0
  26: 0
  27: 0
  28: 0
  29: 0
  30: 0
  31: 0
  32: 0
  33: 0
  34: 0
  35: 0
  36: 0
  37: 0
  38: 0
  39: 0
  40: 0
  41: 0
  42: 0
  43: 0
  44: 0
  45: 0
  46: 0
  47: 0
  48: 0
  49: 0
  50: 0
  51: 0
  52: 0
  53: 0
  54: 0
  55: 0
  56: 0
  57: 0
  58: 0
  59: 0
  60: 0
  61: 0
  62: 0
  63: 0
===
