# zsim stats
===
root: # Stats
 contention: # Contention simulation stats
  domain-0: # Domain stats
   time: 213548876 # Weave simulation time
 time: # Simulator time breakdown
  init: 619661946
  bound: 56256482609
  weave: 947160769
  ff: 0
 trigger: 20000 # Reason for this stats dump
 phase: 40172 # Simulated phases
 westmere: # Core stats
  westmere-0: # Core stats
   cycles: 401720033 # Simulated unhalted cycles
   cCycles: 29332 # Cycles due to contention stalls
   instrs: 625002713 # Simulated instructions
   uops: 750417760 # Retired micro-ops
   bbls: 83820307 # Basic blocks
   approxInstrs: 6871026 # Instrs with approx uop decoding
   mispredBranches: 1800346 # Mispredicted branches
   condBranches: 64862796 # conditional branches
  westmere-1: # Core stats
   cycles: 401720001 # Simulated unhalted cycles
   cCycles: 29840 # Cycles due to contention stalls
   instrs: 625000459 # Simulated instructions
   uops: 750414647 # Retired micro-ops
   bbls: 83819710 # Basic blocks
   approxInstrs: 6871090 # Instrs with approx uop decoding
   mispredBranches: 1800326 # Mispredicted branches
   condBranches: 64862265 # conditional branches
  westmere-2: # Core stats
   cycles: 401710001 # Simulated unhalted cycles
   cCycles: 26159 # Cycles due to contention stalls
   instrs: 625000185 # Simulated instructions
   uops: 750414289 # Retired micro-ops
   bbls: 83819675 # Basic blocks
   approxInstrs: 6871083 # Instrs with approx uop decoding
   mispredBranches: 1800324 # Mispredicted branches
   condBranches: 64862246 # conditional branches
  westmere-3: # Core stats
   cycles: 401710058 # Simulated unhalted cycles
   cCycles: 29059 # Cycles due to contention stalls
   instrs: 625002399 # Simulated instructions
   uops: 750417044 # Retired micro-ops
   bbls: 83819974 # Basic blocks
   approxInstrs: 6871164 # Instrs with approx uop decoding
   mispredBranches: 1800342 # Mispredicted branches
   condBranches: 64862414 # conditional branches
  westmere-4: # Core stats
   cycles: 401710009 # Simulated unhalted cycles
   cCycles: 26701 # Cycles due to contention stalls
   instrs: 625005063 # Simulated instructions
   uops: 750420389 # Retired micro-ops
   bbls: 83820315 # Basic blocks
   approxInstrs: 6871252 # Instrs with approx uop decoding
   mispredBranches: 1800371 # Mispredicted branches
   condBranches: 64862610 # conditional branches
  westmere-5: # Core stats
   cycles: 401710005 # Simulated unhalted cycles
   cCycles: 29287 # Cycles due to contention stalls
   instrs: 625000229 # Simulated instructions
   uops: 750414338 # Retired micro-ops
   bbls: 83819676 # Basic blocks
   approxInstrs: 6871083 # Instrs with approx uop decoding
   mispredBranches: 1800323 # Mispredicted branches
   condBranches: 64862251 # conditional branches
  westmere-6: # Core stats
   cycles: 401710004 # Simulated unhalted cycles
   cCycles: 28891 # Cycles due to contention stalls
   instrs: 625002539 # Simulated instructions
   uops: 750417210 # Retired micro-ops
   bbls: 83819998 # Basic blocks
   approxInstrs: 6871172 # Instrs with approx uop decoding
   mispredBranches: 1800343 # Mispredicted branches
   condBranches: 64862430 # conditional branches
  westmere-7: # Core stats
   cycles: 401710010 # Simulated unhalted cycles
   cCycles: 28675 # Cycles due to contention stalls
   instrs: 624992434 # Simulated instructions
   uops: 750404672 # Retired micro-ops
   bbls: 83818632 # Basic blocks
   approxInstrs: 6870812 # Instrs with approx uop decoding
   mispredBranches: 1800243 # Mispredicted branches
   condBranches: 64861643 # conditional branches
 l1i: # Cache stats
  l1i-0: # Filter cache stats
   fhGETS: 112020788 # Filtered GETS hits
   fhGETX: 0 # Filtered GETX hits
   hGETS: 1226586 # GETS hits
   hGETX: 0 # GETX hits
   mGETS: 45528 # GETS misses
   mGETXIM: 0 # GETX I->M misses
   mGETXSM: 0 # GETX S->M misses (upgrade misses)
   PUTS: 0 # Clean evictions (from lower level)
   PUTX: 0 # Dirty evictions (from lower level)
   INV: 0 # Invalidates (from upper level)
   INVX: 0 # Downgrades (from upper level)
   FWD: 0 # Forwards (from upper level)
   latGETnl: 482148 # GET request latency on next level
   latGETnet: 0 # GET request latency on network to next level
  l1i-1: # Filter cache stats
   fhGETS: 112020384 # Filtered GETS hits
   fhGETX: 0 # Filtered GETX hits
   hGETS: 1226459 # GETS hits
   hGETX: 0 # GETX hits
   mGETS: 45445 # GETS misses
   mGETXIM: 0 # GETX I->M misses
   mGETXSM: 0 # GETX S->M misses (upgrade misses)
   PUTS: 0 # Clean evictions (from lower level)
   PUTX: 0 # Dirty evictions (from lower level)
   INV: 0 # Invalidates (from upper level)
   INVX: 0 # Downgrades (from upper level)
   FWD: 0 # Forwards (from upper level)
   latGETnl: 486412 # GET request latency on next level
   latGETnet: 0 # GET request latency on network to next level
  l1i-2: # Filter cache stats
   fhGETS: 112020353 # Filtered GETS hits
   fhGETX: 0 # Filtered GETX hits
   hGETS: 1226460 # GETS hits
   hGETX: 0 # GETX hits
   mGETS: 45450 # GETS misses
   mGETXIM: 0 # GETX I->M misses
   mGETXSM: 0 # GETX S->M misses (upgrade misses)
   PUTS: 0 # Clean evictions (from lower level)
   PUTX: 0 # Dirty evictions (from lower level)
   INV: 0 # Invalidates (from upper level)
   INVX: 0 # Downgrades (from upper level)
   FWD: 0 # Forwards (from upper level)
   latGETnl: 477126 # GET request latency on next level
   latGETnet: 0 # GET request latency on network to next level
  l1i-3: # Filter cache stats
   fhGETS: 112020855 # Filtered GETS hits
   fhGETX: 0 # Filtered GETX hits
   hGETS: 1226465 # GETS hits
   hGETX: 0 # GETX hits
   mGETS: 45451 # GETS misses
   mGETXIM: 0 # GETX I->M misses
   mGETXSM: 0 # GETX S->M misses (upgrade misses)
   PUTS: 0 # Clean evictions (from lower level)
   PUTX: 0 # Dirty evictions (from lower level)
   INV: 0 # Invalidates (from upper level)
   INVX: 0 # Downgrades (from upper level)
   FWD: 0 # Forwards (from upper level)
   latGETnl: 473134 # GET request latency on next level
   latGETnet: 0 # GET request latency on network to next level
  l1i-4: # Filter cache stats
   fhGETS: 112021452 # Filtered GETS hits
   fhGETX: 0 # Filtered GETX hits
   hGETS: 1226461 # GETS hits
   hGETX: 0 # GETX hits
   mGETS: 45452 # GETS misses
   mGETXIM: 0 # GETX I->M misses
   mGETXSM: 0 # GETX S->M misses (upgrade misses)
   PUTS: 0 # Clean evictions (from lower level)
   PUTX: 0 # Dirty evictions (from lower level)
   INV: 0 # Invalidates (from upper level)
   INVX: 0 # Downgrades (from upper level)
   FWD: 0 # Forwards (from upper level)
   latGETnl: 475256 # GET request latency on next level
   latGETnet: 0 # GET request latency on network to next level
  l1i-5: # Filter cache stats
   fhGETS: 112020424 # Filtered GETS hits
   fhGETX: 0 # Filtered GETX hits
   hGETS: 1226460 # GETS hits
   hGETX: 0 # GETX hits
   mGETS: 45450 # GETS misses
   mGETXIM: 0 # GETX I->M misses
   mGETXSM: 0 # GETX S->M misses (upgrade misses)
   PUTS: 0 # Clean evictions (from lower level)
   PUTX: 0 # Dirty evictions (from lower level)
   INV: 0 # Invalidates (from upper level)
   INVX: 0 # Downgrades (from upper level)
   FWD: 0 # Forwards (from upper level)
   latGETnl: 476178 # GET request latency on next level
   latGETnet: 0 # GET request latency on network to next level
  l1i-6: # Filter cache stats
   fhGETS: 112020877 # Filtered GETS hits
   fhGETX: 0 # Filtered GETX hits
   hGETS: 1226461 # GETS hits
   hGETX: 0 # GETX hits
   mGETS: 45450 # GETS misses
   mGETXIM: 0 # GETX I->M misses
   mGETXSM: 0 # GETX S->M misses (upgrade misses)
   PUTS: 0 # Clean evictions (from lower level)
   PUTX: 0 # Dirty evictions (from lower level)
   INV: 0 # Invalidates (from upper level)
   INVX: 0 # Downgrades (from upper level)
   FWD: 0 # Forwards (from upper level)
   latGETnl: 473796 # GET request latency on next level
   latGETnet: 0 # GET request latency on network to next level
  l1i-7: # Filter cache stats
   fhGETS: 112018645 # Filtered GETS hits
   fhGETX: 0 # Filtered GETX hits
   hGETS: 1226456 # GETS hits
   hGETX: 0 # GETX hits
   mGETS: 45449 # GETS misses
   mGETXIM: 0 # GETX I->M misses
   mGETXSM: 0 # GETX S->M misses (upgrade misses)
   PUTS: 0 # Clean evictions (from lower level)
   PUTX: 0 # Dirty evictions (from lower level)
   INV: 0 # Invalidates (from upper level)
   INVX: 0 # Downgrades (from upper level)
   FWD: 0 # Forwards (from upper level)
   latGETnl: 472454 # GET request latency on next level
   latGETnet: 0 # GET request latency on network to next level
 l1d: # Cache stats
  l1d-0: # Filter cache stats
   fhGETS: 160972357 # Filtered GETS hits
   fhGETX: 38007293 # Filtered GETX hits
   hGETS: 11096786 # GETS hits
   hGETX: 11692519 # GETX hits
   mGETS: 1335888 # GETS misses
   mGETXIM: 1105302 # GETX I->M misses
   mGETXSM: 19 # GETX S->M misses (upgrade misses)
   PUTS: 0 # Clean evictions (from lower level)
   PUTX: 0 # Dirty evictions (from lower level)
   INV: 47 # Invalidates (from upper level)
   INVX: 44 # Downgrades (from upper level)
   FWD: 0 # Forwards (from upper level)
   latGETnl: 24583344 # GET request latency on next level
   latGETnet: 0 # GET request latency on network to next level
  l1d-1: # Filter cache stats
   fhGETS: 157363101 # Filtered GETS hits
   fhGETX: 37716107 # Filtered GETX hits
   hGETS: 14703904 # GETS hits
   hGETX: 11989288 # GETX hits
   mGETS: 1337984 # GETS misses
   mGETXIM: 1098616 # GETX I->M misses
   mGETXSM: 3 # GETX S->M misses (upgrade misses)
   PUTS: 0 # Clean evictions (from lower level)
   PUTX: 0 # Dirty evictions (from lower level)
   INV: 11 # Invalidates (from upper level)
   INVX: 93 # Downgrades (from upper level)
   FWD: 0 # Forwards (from upper level)
   latGETnl: 24527677 # GET request latency on next level
   latGETnet: 0 # GET request latency on network to next level
  l1d-2: # Filter cache stats
   fhGETS: 160965555 # Filtered GETS hits
   fhGETX: 38008056 # Filtered GETX hits
   hGETS: 11102024 # GETS hits
   hGETX: 11691870 # GETX hits
   mGETS: 1337302 # GETS misses
   mGETXIM: 1104069 # GETX I->M misses
   mGETXSM: 5 # GETX S->M misses (upgrade misses)
   PUTS: 0 # Clean evictions (from lower level)
   PUTX: 0 # Dirty evictions (from lower level)
   INV: 8 # Invalidates (from upper level)
   INVX: 85 # Downgrades (from upper level)
   FWD: 0 # Forwards (from upper level)
   latGETnl: 24573958 # GET request latency on next level
   latGETnet: 0 # GET request latency on network to next level
  l1d-3: # Filter cache stats
   fhGETS: 160981087 # Filtered GETS hits
   fhGETX: 38008631 # Filtered GETX hits
   hGETS: 11088726 # GETS hits
   hGETX: 11690848 # GETX hits
   mGETS: 1335761 # GETS misses
   mGETXIM: 1104640 # GETX I->M misses
   mGETXSM: 5 # GETX S->M misses (upgrade misses)
   PUTS: 0 # Clean evictions (from lower level)
   PUTX: 0 # Dirty evictions (from lower level)
   INV: 8 # Invalidates (from upper level)
   INVX: 52 # Downgrades (from upper level)
   FWD: 0 # Forwards (from upper level)
   latGETnl: 24561014 # GET request latency on next level
   latGETnet: 0 # GET request latency on network to next level
  l1d-4: # Filter cache stats
   fhGETS: 160887675 # Filtered GETS hits
   fhGETX: 38019539 # Filtered GETX hits
   hGETS: 11182681 # GETS hits
   hGETX: 11672378 # GETX hits
   mGETS: 1336083 # GETS misses
   mGETXIM: 1112353 # GETX I->M misses
   mGETXSM: 6 # GETX S->M misses (upgrade misses)
   PUTS: 0 # Clean evictions (from lower level)
   PUTX: 0 # Dirty evictions (from lower level)
   INV: 10 # Invalidates (from upper level)
   INVX: 42 # Downgrades (from upper level)
   FWD: 0 # Forwards (from upper level)
   latGETnl: 24640852 # GET request latency on next level
   latGETnet: 0 # GET request latency on network to next level
  l1d-5: # Filter cache stats
   fhGETS: 158856151 # Filtered GETS hits
   fhGETX: 38011864 # Filtered GETX hits
   hGETS: 13210557 # GETS hits
   hGETX: 11684623 # GETX hits
   mGETS: 1338188 # GETS misses
   mGETXIM: 1107506 # GETX I->M misses
   mGETXSM: 6 # GETX S->M misses (upgrade misses)
   PUTS: 0 # Clean evictions (from lower level)
   PUTX: 0 # Dirty evictions (from lower level)
   INV: 9 # Invalidates (from upper level)
   INVX: 37 # Downgrades (from upper level)
   FWD: 0 # Forwards (from upper level)
   latGETnl: 24612452 # GET request latency on next level
   latGETnet: 0 # GET request latency on network to next level
  l1d-6: # Filter cache stats
   fhGETS: 156616838 # Filtered GETS hits
   fhGETX: 37728166 # Filtered GETX hits
   hGETS: 15449463 # GETS hits
   hGETX: 11975936 # GETX hits
   mGETS: 1339308 # GETS misses
   mGETXIM: 1100025 # GETX I->M misses
   mGETXSM: 6 # GETX S->M misses (upgrade misses)
   PUTS: 0 # Clean evictions (from lower level)
   PUTX: 0 # Dirty evictions (from lower level)
   INV: 8 # Invalidates (from upper level)
   INVX: 53 # Downgrades (from upper level)
   FWD: 0 # Forwards (from upper level)
   latGETnl: 24550489 # GET request latency on next level
   latGETnet: 0 # GET request latency on network to next level
  l1d-7: # Filter cache stats
   fhGETS: 161147541 # Filtered GETS hits
   fhGETX: 38008944 # Filtered GETX hits
   hGETS: 10917291 # GETS hits
   hGETX: 11694365 # GETX hits
   mGETS: 1337679 # GETS misses
   mGETXIM: 1100243 # GETX I->M misses
   mGETXSM: 6 # GETX S->M misses (upgrade misses)
   PUTS: 0 # Clean evictions (from lower level)
   PUTX: 0 # Dirty evictions (from lower level)
   INV: 7 # Invalidates (from upper level)
   INVX: 50 # Downgrades (from upper level)
   FWD: 0 # Forwards (from upper level)
   latGETnl: 24535788 # GET request latency on next level
   latGETnet: 0 # GET request latency on network to next level
 l2: # Cache stats
  l2-0: # Cache stats
   hGETS: 1380153 # GETS hits
   hGETX: 1104082 # GETX hits
   mGETS: 1263 # GETS misses
   mGETXIM: 1220 # GETX I->M misses
   mGETXSM: 19 # GETX S->M misses (upgrade misses)
   PUTS: 1190434 # Clean evictions (from lower level)
   PUTX: 1295232 # Dirty evictions (from lower level)
   INV: 47 # Invalidates (from upper level)
   INVX: 45 # Downgrades (from upper level)
   FWD: 0 # Forwards (from upper level)
   latGETnl: 198122 # GET request latency on next level
   latGETnet: 0 # GET request latency on network to next level
  l2-1: # Cache stats
   hGETS: 1382264 # GETS hits
   hGETX: 1097521 # GETX hits
   mGETS: 1165 # GETS misses
   mGETXIM: 1095 # GETX I->M misses
   mGETXSM: 3 # GETX S->M misses (upgrade misses)
   PUTS: 1192755 # Clean evictions (from lower level)
   PUTX: 1288285 # Dirty evictions (from lower level)
   INV: 11 # Invalidates (from upper level)
   INVX: 93 # Downgrades (from upper level)
   FWD: 0 # Forwards (from upper level)
   latGETnl: 193609 # GET request latency on next level
   latGETnet: 0 # GET request latency on network to next level
  l2-2: # Cache stats
   hGETS: 1381588 # GETS hits
   hGETX: 1102974 # GETX hits
   mGETS: 1164 # GETS misses
   mGETXIM: 1095 # GETX I->M misses
   mGETXSM: 5 # GETX S->M misses (upgrade misses)
   PUTS: 1191084 # Clean evictions (from lower level)
   PUTX: 1294735 # Dirty evictions (from lower level)
   INV: 8 # Invalidates (from upper level)
   INVX: 85 # Downgrades (from upper level)
   FWD: 0 # Forwards (from upper level)
   latGETnl: 182824 # GET request latency on next level
   latGETnet: 0 # GET request latency on network to next level
  l2-3: # Cache stats
   hGETS: 1380046 # GETS hits
   hGETX: 1103545 # GETX hits
   mGETS: 1166 # GETS misses
   mGETXIM: 1095 # GETX I->M misses
   mGETXSM: 5 # GETX S->M misses (upgrade misses)
   PUTS: 1190002 # Clean evictions (from lower level)
   PUTX: 1294848 # Dirty evictions (from lower level)
   INV: 8 # Invalidates (from upper level)
   INVX: 52 # Downgrades (from upper level)
   FWD: 0 # Forwards (from upper level)
   latGETnl: 175578 # GET request latency on next level
   latGETnet: 0 # GET request latency on network to next level
  l2-4: # Cache stats
   hGETS: 1380369 # GETS hits
   hGETX: 1111258 # GETX hits
   mGETS: 1166 # GETS misses
   mGETXIM: 1095 # GETX I->M misses
   mGETXSM: 6 # GETX S->M misses (upgrade misses)
   PUTS: 1190067 # Clean evictions (from lower level)
   PUTX: 1302818 # Dirty evictions (from lower level)
   INV: 10 # Invalidates (from upper level)
   INVX: 42 # Downgrades (from upper level)
   FWD: 0 # Forwards (from upper level)
   latGETnl: 177168 # GET request latency on next level
   latGETnet: 0 # GET request latency on network to next level
  l2-5: # Cache stats
   hGETS: 1382475 # GETS hits
   hGETX: 1106411 # GETX hits
   mGETS: 1163 # GETS misses
   mGETXIM: 1095 # GETX I->M misses
   mGETXSM: 6 # GETX S->M misses (upgrade misses)
   PUTS: 1191917 # Clean evictions (from lower level)
   PUTX: 1298227 # Dirty evictions (from lower level)
   INV: 9 # Invalidates (from upper level)
   INVX: 37 # Downgrades (from upper level)
   FWD: 0 # Forwards (from upper level)
   latGETnl: 177130 # GET request latency on next level
   latGETnet: 0 # GET request latency on network to next level
  l2-6: # Cache stats
   hGETS: 1383594 # GETS hits
   hGETX: 1098930 # GETX hits
   mGETS: 1164 # GETS misses
   mGETXIM: 1095 # GETX I->M misses
   mGETXSM: 6 # GETX S->M misses (upgrade misses)
   PUTS: 1191401 # Clean evictions (from lower level)
   PUTX: 1292381 # Dirty evictions (from lower level)
   INV: 8 # Invalidates (from upper level)
   INVX: 53 # Downgrades (from upper level)
   FWD: 0 # Forwards (from upper level)
   latGETnl: 176395 # GET request latency on next level
   latGETnet: 0 # GET request latency on network to next level
  l2-7: # Cache stats
   hGETS: 1381968 # GETS hits
   hGETX: 1099148 # GETX hits
   mGETS: 1160 # GETS misses
   mGETXIM: 1095 # GETX I->M misses
   mGETXSM: 6 # GETX S->M misses (upgrade misses)
   PUTS: 1192947 # Clean evictions (from lower level)
   PUTX: 1289426 # Dirty evictions (from lower level)
   INV: 7 # Invalidates (from upper level)
   INVX: 50 # Downgrades (from upper level)
   FWD: 0 # Forwards (from upper level)
   latGETnl: 174472 # GET request latency on next level
   latGETnet: 0 # GET request latency on network to next level
 l3: # Cache stats
  l3-0b0: # Cache stats
   hGETS: 872 # GETS hits
   hGETX: 8 # GETX hits
   mGETS: 297 # GETS misses
   mGETXIM: 1105 # GETX I->M misses
   mGETXSM: 0 # GETX S->M misses (upgrade misses)
   PUTS: 0 # Clean evictions (from lower level)
   PUTX: 0 # Dirty evictions (from lower level)
   INV: 0 # Invalidates (from upper level)
   INVX: 0 # Downgrades (from upper level)
   FWD: 0 # Forwards (from upper level)
   latGETnl: 126180 # GET request latency on next level
   latGETnet: 0 # GET request latency on network to next level
  l3-0b1: # Cache stats
   hGETS: 907 # GETS hits
   hGETX: 11 # GETX hits
   mGETS: 306 # GETS misses
   mGETXIM: 1094 # GETX I->M misses
   mGETXSM: 0 # GETX S->M misses (upgrade misses)
   PUTS: 3 # Clean evictions (from lower level)
   PUTX: 0 # Dirty evictions (from lower level)
   INV: 0 # Invalidates (from upper level)
   INVX: 0 # Downgrades (from upper level)
   FWD: 0 # Forwards (from upper level)
   latGETnl: 126000 # GET request latency on next level
   latGETnet: 0 # GET request latency on network to next level
  l3-0b2: # Cache stats
   hGETS: 900 # GETS hits
   hGETX: 3 # GETX hits
   mGETS: 278 # GETS misses
   mGETXIM: 1122 # GETX I->M misses
   mGETXSM: 0 # GETX S->M misses (upgrade misses)
   PUTS: 1 # Clean evictions (from lower level)
   PUTX: 2 # Dirty evictions (from lower level)
   INV: 0 # Invalidates (from upper level)
   INVX: 0 # Downgrades (from upper level)
   FWD: 0 # Forwards (from upper level)
   latGETnl: 126000 # GET request latency on next level
   latGETnet: 0 # GET request latency on network to next level
  l3-0b3: # Cache stats
   hGETS: 860 # GETS hits
   hGETX: 3 # GETX hits
   mGETS: 301 # GETS misses
   mGETXIM: 1093 # GETX I->M misses
   mGETXSM: 0 # GETX S->M misses (upgrade misses)
   PUTS: 0 # Clean evictions (from lower level)
   PUTX: 1 # Dirty evictions (from lower level)
   INV: 0 # Invalidates (from upper level)
   INVX: 0 # Downgrades (from upper level)
   FWD: 0 # Forwards (from upper level)
   latGETnl: 125460 # GET request latency on next level
   latGETnet: 0 # GET request latency on network to next level
  l3-0b4: # Cache stats
   hGETS: 844 # GETS hits
   hGETX: 6 # GETX hits
   mGETS: 278 # GETS misses
   mGETXIM: 1126 # GETX I->M misses
   mGETXSM: 0 # GETX S->M misses (upgrade misses)
   PUTS: 1 # Clean evictions (from lower level)
   PUTX: 2 # Dirty evictions (from lower level)
   INV: 0 # Invalidates (from upper level)
   INVX: 0 # Downgrades (from upper level)
   FWD: 0 # Forwards (from upper level)
   latGETnl: 126360 # GET request latency on next level
   latGETnet: 0 # GET request latency on network to next level
  l3-0b5: # Cache stats
   hGETS: 908 # GETS hits
   hGETX: 22 # GETX hits
   mGETS: 302 # GETS misses
   mGETXIM: 1103 # GETX I->M misses
   mGETXSM: 0 # GETX S->M misses (upgrade misses)
   PUTS: 2 # Clean evictions (from lower level)
   PUTX: 0 # Dirty evictions (from lower level)
   INV: 0 # Invalidates (from upper level)
   INVX: 0 # Downgrades (from upper level)
   FWD: 0 # Forwards (from upper level)
   latGETnl: 126450 # GET request latency on next level
   latGETnet: 0 # GET request latency on network to next level
  l3-0b6: # Cache stats
   hGETS: 872 # GETS hits
   hGETX: 13 # GETX hits
   mGETS: 293 # GETS misses
   mGETXIM: 1095 # GETX I->M misses
   mGETXSM: 0 # GETX S->M misses (upgrade misses)
   PUTS: 0 # Clean evictions (from lower level)
   PUTX: 0 # Dirty evictions (from lower level)
   INV: 0 # Invalidates (from upper level)
   INVX: 0 # Downgrades (from upper level)
   FWD: 0 # Forwards (from upper level)
   latGETnl: 124920 # GET request latency on next level
   latGETnet: 0 # GET request latency on network to next level
  l3-0b7: # Cache stats
   hGETS: 895 # GETS hits
   hGETX: 18 # GETX hits
   mGETS: 298 # GETS misses
   mGETXIM: 1119 # GETX I->M misses
   mGETXSM: 0 # GETX S->M misses (upgrade misses)
   PUTS: 1 # Clean evictions (from lower level)
   PUTX: 0 # Dirty evictions (from lower level)
   INV: 0 # Invalidates (from upper level)
   INVX: 0 # Downgrades (from upper level)
   FWD: 0 # Forwards (from upper level)
   latGETnl: 127530 # GET request latency on next level
   latGETnet: 0 # GET request latency on network to next level
 mem: # Memory controller stats
  mem-0: # Memory controller stats
   rd: 2845 # Read requests
   wr: 0 # Write requests
   rdlat: 597644 # Total latency experienced by read requests
   wrlat: 0 # Total latency experienced by write requests
   rdhits: 298 # Read row hits
   wrhits: 0 # Write row hits
   mlh: # latency histogram for memory requests
    0: 0
    1: 0
    2: 0
    3: 0
    4: 0
    5: 0
    6: 0
    7: 0
    8: 0
    9: 0
    10: 0
    11: 7
    12: 27
    13: 1700
    14: 228
    15: 89
    16: 85
    17: 47
    18: 34
    19: 26
    20: 46
    21: 28
    22: 33
    23: 22
    24: 27
    25: 25
    26: 12
    27: 16
    28: 12
    29: 10
    30: 2
    31: 3
    32: 9
    33: 6
    34: 7
    35: 8
    36: 5
    37: 5
    38: 3
    39: 2
    40: 3
    41: 2
    42: 2
    43: 5
    44: 1
    45: 4
    46: 6
    47: 2
    48: 2
    49: 5
    50: 1
    51: 4
    52: 8
    53: 7
    54: 10
    55: 5
    56: 8
    57: 15
    58: 7
    59: 3
    60: 8
    61: 5
    62: 4
    63: 12
    64: 6
    65: 7
    66: 5
    67: 5
    68: 8
    69: 6
    70: 7
    71: 7
    72: 10
    73: 11
    74: 7
    75: 11
    76: 20
    77: 18
    78: 8
    79: 4
    80: 10
    81: 4
    82: 3
    83: 4
    84: 7
    85: 1
    86: 3
    87: 5
    88: 5
    89: 4
    90: 1
    91: 0
    92: 0
    93: 0
    94: 0
    95: 0
    96: 0
    97: 2
    98: 1
    99: 2
  mem-1: # Memory controller stats
   rd: 2787 # Read requests
   wr: 0 # Write requests
   rdlat: 538898 # Total latency experienced by read requests
   wrlat: 0 # Total latency experienced by write requests
   rdhits: 315 # Read row hits
   wrhits: 0 # Write row hits
   mlh: # latency histogram for memory requests
    0: 0
    1: 0
    2: 0
    3: 0
    4: 0
    5: 0
    6: 0
    7: 0
    8: 0
    9: 0
    10: 0
    11: 18
    12: 25
    13: 1716
    14: 235
    15: 104
    16: 69
    17: 42
    18: 32
    19: 37
    20: 32
    21: 39
    22: 16
    23: 22
    24: 22
    25: 17
    26: 14
    27: 18
    28: 10
    29: 9
    30: 8
    31: 6
    32: 6
    33: 16
    34: 11
    35: 10
    36: 3
    37: 10
    38: 4
    39: 6
    40: 4
    41: 6
    42: 4
    43: 3
    44: 4
    45: 6
    46: 6
    47: 3
    48: 2
    49: 0
    50: 2
    51: 4
    52: 2
    53: 3
    54: 1
    55: 2
    56: 5
    57: 3
    58: 2
    59: 8
    60: 11
    61: 7
    62: 6
    63: 1
    64: 10
    65: 7
    66: 4
    67: 7
    68: 7
    69: 3
    70: 4
    71: 4
    72: 6
    73: 4
    74: 7
    75: 8
    76: 16
    77: 11
    78: 6
    79: 3
    80: 6
    81: 6
    82: 10
    83: 2
    84: 1
    85: 1
    86: 0
    87: 0
    88: 0
    89: 0
    90: 0
    91: 0
    92: 0
    93: 0
    94: 0
    95: 0
    96: 0
    97: 0
    98: 0
    99: 2
  mem-2: # Memory controller stats
   rd: 2794 # Read requests
   wr: 0 # Write requests
   rdlat: 567954 # Total latency experienced by read requests
   wrlat: 0 # Total latency experienced by write requests
   rdhits: 313 # Read row hits
   wrhits: 0 # Write row hits
   mlh: # latency histogram for memory requests
    0: 0
    1: 0
    2: 0
    3: 0
    4: 0
    5: 0
    6: 0
    7: 0
    8: 0
    9: 0
    10: 0
    11: 12
    12: 24
    13: 1653
    14: 211
    15: 115
    16: 77
    17: 47
    18: 38
    19: 26
    20: 38
    21: 36
    22: 23
    23: 32
    24: 35
    25: 26
    26: 15
    27: 13
    28: 5
    29: 9
    30: 3
    31: 6
    32: 6
    33: 7
    34: 10
    35: 6
    36: 4
    37: 4
    38: 3
    39: 7
    40: 7
    41: 2
    42: 2
    43: 8
    44: 11
    45: 9
    46: 7
    47: 0
    48: 2
    49: 2
    50: 5
    51: 1
    52: 2
    53: 6
    54: 8
    55: 9
    56: 7
    57: 5
    58: 11
    59: 7
    60: 7
    61: 6
    62: 12
    63: 17
    64: 15
    65: 11
    66: 14
    67: 15
    68: 17
    69: 6
    70: 7
    71: 8
    72: 7
    73: 2
    74: 5
    75: 4
    76: 7
    77: 3
    78: 3
    79: 2
    80: 4
    81: 4
    82: 5
    83: 1
    84: 2
    85: 1
    86: 0
    87: 0
    88: 0
    89: 0
    90: 1
    91: 3
    92: 1
    93: 0
    94: 0
    95: 0
    96: 0
    97: 0
    98: 1
    99: 1
  mem-3: # Memory controller stats
   rd: 2784 # Read requests
   wr: 0 # Write requests
   rdlat: 515347 # Total latency experienced by read requests
   wrlat: 0 # Total latency experienced by write requests
   rdhits: 283 # Read row hits
   wrhits: 0 # Write row hits
   mlh: # latency histogram for memory requests
    0: 0
    1: 0
    2: 0
    3: 0
    4: 0
    5: 0
    6: 0
    7: 0
    8: 0
    9: 0
    10: 0
    11: 9
    12: 29
    13: 1733
    14: 238
    15: 100
    16: 72
    17: 49
    18: 50
    19: 34
    20: 27
    21: 30
    22: 22
    23: 19
    24: 19
    25: 25
    26: 8
    27: 12
    28: 12
    29: 9
    30: 7
    31: 11
    32: 10
    33: 12
    34: 7
    35: 6
    36: 3
    37: 4
    38: 8
    39: 4
    40: 9
    41: 2
    42: 10
    43: 8
    44: 3
    45: 3
    46: 5
    47: 3
    48: 5
    49: 8
    50: 6
    51: 5
    52: 4
    53: 5
    54: 6
    55: 6
    56: 3
    57: 5
    58: 8
    59: 2
    60: 2
    61: 4
    62: 5
    63: 4
    64: 3
    65: 5
    66: 2
    67: 8
    68: 6
    69: 10
    70: 13
    71: 19
    72: 15
    73: 8
    74: 1
    75: 1
    76: 2
    77: 0
    78: 1
    79: 0
    80: 0
    81: 0
    82: 0
    83: 0
    84: 0
    85: 0
    86: 0
    87: 0
    88: 0
    89: 0
    90: 0
    91: 0
    92: 0
    93: 0
    94: 0
    95: 0
    96: 0
    97: 0
    98: 0
    99: 0
 sched: # Scheduler stats
  thCr: 9 # Threads created
  thFn: 0 # Threads finished
  schedEvs: 9 # Schedule events
  waitEvs: 1 # Wait events
  handoffEvs: 0 # Handoff events
  sleepEvs: 0 # Sleep events
  idlePhases: 0 # Phases with no thread active
  idlePeriods: 0 # Periods with no thread active
  occHist: # Occupancy histogram
   0: 0
   1: 0
   2: 1
   3: 0
   4: 0
   5: 0
   6: 0
   7: 0
   8: 40171
  rqSzHist: # Run queue size histogram
   0: 40171
   1: 1
   2: 0
   3: 0
   4: 0
   5: 0
   6: 0
   7: 0
   8: 0
   9: 0
   10: 0
   11: 0
   12: 0
   13: 0
   14: 0
   15: 0
   16: 0
 procCycles: # Per-process unhalted core cycles
  0: 3213700121
  1: 0
  2: 0
  3: 0
  4: 0
  5: 0
  6: 0
  7: 0
  8: 0
  9: 0
  10: 0
  11: 0
  12: 0
  13: 0
  14: 0
  15: 0
  16: 0
  17: 0
  18: 0
  19: 0
  20: 0
  21: 0
  22: 0
  23: 0
  24: 0
  25: 0
  26: 0
  27: 0
  28: 0
  29: 0
  30: 0
  31: 0
  32: 0
  33: 0
  34: 0
  35: 0
  36: 0
  37: 0
  38: 0
  39: 0
  40: 0
  41: 0
  42: 0
  43: 0
  44: 0
  45: 0
  46: 0
  47: 0
  48: 0
  49: 0
  50: 0
  51: 0
  52: 0
  53: 0
  54: 0
  55: 0
  56: 0
  57: 0
  58: 0
  59: 0
  60: 0
  61: 0
  62: 0
  63: 0
 procInstrs: # Per-process instructions
  0: 5000006021
  1: 0
  2: 0
  3: 0
  4: 0
  5: 0
  6: 0
  7: 0
  8: 0
  9: 0
  10: 0
  11: 0
  12: 0
  13: 0
  14: 0
  15: 0
  16: 0
  17: 0
  18: 0
  19: 0
  20: 0
  21: 0
  22: 0
  23: 0
  24: 0
  25: 0
  26: 0
  27: 0
  28: 0
  29: 0
  30: 0
  31: 0
  32: 0
  33: 0
  34: 0
  35: 0
  36: 0
  37: 0
  38: 0
  39: 0
  40: 0
  41: 0
  42: 0
  43: 0
  44: 0
  45: 0
  46: 0
  47: 0
  48: 0
  49: 0
  50: 0
  51: 0
  52: 0
  53: 0
  54: 0
  55: 0
  56: 0
  57: 0
  58: 0
  59: 0
  60: 0
  61: 0
  62: 0
  63: 0
 heartbeats: # Per-process heartbeats
  0: 0
  1: 0
  2: 0
  3: 0
  4: 0
  5: 0
  6: 0
  7: 0
  8: 0
  9: 0
  10: 0
  11: 0
  12: 0
  13: 0
  14: 0
  15: 0
  16: 0
  17: 0
  18: 0
  19: 0
  20: 0
  21: 0
  22: 0
  23: 0
  24: 0
  25: 0
  26: 0
  27: 0
  28: 0
  29: 0
  30: 0
  31: 0
  32: 0
  33: 0
  34: 0
  35: 0
  36: 0
  37: 0
  38: 0
  39: 0
  40: 0
  41: 0
  42: 0
  43: 0
  44: 0
  45: 0
  46: 0
  47: 0
  48: 0
  49: 0
  50: 0
  51: 0
  52: 0
  53: 0
  54: 0
  55: 0
  56: 0
  57: 0
  58: 0
  59: 0
  60: 0
  61: 0
  62: 0
  63: 0
===
