# zsim stats
===
root: # Stats
 contention: # Contention simulation stats
  domain-0: # Domain stats
   time: 6546028702 # Weave simulation time
 time: # Simulator time breakdown
  init: 350799732791
  bound: 23626344803
  weave: 7105766780
  ff: 0
 trigger: 20000 # Reason for this stats dump
 phase: 63018 # Simulated phases
 westmere: # Core stats
  westmere-0: # Core stats
   cycles: 630182730 # Simulated unhalted cycles
   cCycles: 142338709 # Cycles due to contention stalls
   instrs: 100001016 # Simulated instructions
   uops: 101913117 # Retired micro-ops
   bbls: 27652769 # Basic blocks
   approxInstrs: 22402 # Instrs with approx uop decoding
   mispredBranches: 1591222 # Mispredicted branches
   condBranches: 25801051 # conditional branches
 l1i: # Cache stats
  l1i-0: # Filter cache stats
   fhGETS: 35450585 # Filtered GETS hits
   fhGETX: 0 # Filtered GETX hits
   hGETS: 0 # GETS hits
   hGETX: 0 # GETX hits
   mGETS: 5545 # GETS misses
   mGETXIM: 0 # GETX I->M misses
   mGETXSM: 0 # GETX S->M misses (upgrade misses)
   PUTS: 0 # Clean evictions (from lower level)
   PUTX: 0 # Dirty evictions (from lower level)
   INV: 5516 # Invalidates (from upper level)
   INVX: 0 # Downgrades (from upper level)
   FWD: 0 # Forwards (from upper level)
   latGETnl: 687580 # GET request latency on next level
   latGETnet: 0 # GET request latency on network to next level
 l1d: # Cache stats
  l1d-0: # Filter cache stats
   fhGETS: 22269922 # Filtered GETS hits
   fhGETX: 2292679 # Filtered GETX hits
   hGETS: 1843712 # GETS hits
   hGETX: 3241073 # GETX hits
   mGETS: 12463283 # GETS misses
   mGETXIM: 257448 # GETX I->M misses
   mGETXSM: 0 # GETX S->M misses (upgrade misses)
   PUTS: 0 # Clean evictions (from lower level)
   PUTX: 0 # Dirty evictions (from lower level)
   INV: 8950 # Invalidates (from upper level)
   INVX: 0 # Downgrades (from upper level)
   FWD: 0 # Forwards (from upper level)
   latGETnl: 1080870962 # GET request latency on next level
   latGETnet: 0 # GET request latency on network to next level
 l2: # Cache stats
  l2-0: # Cache stats
   hGETS: 2408258 # GETS hits
   hGETX: 83490 # GETX hits
   mGETS: 10060570 # GETS misses
   mGETXIM: 173958 # GETX I->M misses
   mGETXSM: 0 # GETX S->M misses (upgrade misses)
   PUTS: 9454139 # Clean evictions (from lower level)
   PUTX: 3257130 # Dirty evictions (from lower level)
   INV: 182658 # Invalidates (from upper level)
   INVX: 0 # Downgrades (from upper level)
   FWD: 0 # Forwards (from upper level)
   latGETnl: 954295782 # GET request latency on next level
   latGETnet: 0 # GET request latency on network to next level
 l3: # Cache stats
  l3-0: # Cache stats
   hGETS: 2310076 # GETS hits
   hGETX: 50373 # GETX hits
   mGETS: 7750494 # GETS misses
   mGETXIM: 123585 # GETX I->M misses
   mGETXSM: 0 # GETX S->M misses (upgrade misses)
   PUTS: 7327174 # Clean evictions (from lower level)
   PUTX: 2720602 # Dirty evictions (from lower level)
   INV: 0 # Invalidates (from upper level)
   INVX: 0 # Downgrades (from upper level)
   FWD: 0 # Forwards (from upper level)
   latGETnl: 708667110 # GET request latency on next level
   latGETnet: 0 # GET request latency on network to next level
 mem: # Memory controller stats
  mem-0: # Memory controller stats
   rd: 1969826 # Read requests
   wr: 593216 # Write requests
   rdlat: 268302973 # Total latency experienced by read requests
   wrlat: 86030435 # Total latency experienced by write requests
   rdhits: 2153 # Read row hits
   wrhits: 1677 # Write row hits
   mlh: # latency histogram for memory requests
    0: 0
    1: 0
    2: 0
    3: 0
    4: 0
    5: 0
    6: 0
    7: 0
    8: 0
    9: 0
    10: 0
    11: 321
    12: 396
    13: 1738434
    14: 131102
    15: 50118
    16: 14516
    17: 2793
    18: 1024
    19: 1093
    20: 1453
    21: 1497
    22: 1037
    23: 1461
    24: 3207
    25: 1819
    26: 525
    27: 611
    28: 679
    29: 712
    30: 1077
    31: 1367
    32: 1158
    33: 1113
    34: 1293
    35: 1349
    36: 1273
    37: 1246
    38: 1145
    39: 1175
    40: 1078
    41: 1101
    42: 1108
    43: 524
    44: 241
    45: 162
    46: 120
    47: 247
    48: 140
    49: 50
    50: 30
    51: 14
    52: 6
    53: 6
    54: 2
    55: 1
    56: 1
    57: 1
    58: 0
    59: 0
    60: 0
    61: 0
    62: 0
    63: 0
    64: 0
    65: 0
    66: 0
    67: 0
    68: 0
    69: 0
    70: 0
    71: 0
    72: 0
    73: 0
    74: 0
    75: 0
    76: 0
    77: 0
    78: 0
    79: 0
    80: 0
    81: 0
    82: 0
    83: 0
    84: 0
    85: 0
    86: 0
    87: 0
    88: 0
    89: 0
    90: 0
    91: 0
    92: 0
    93: 0
    94: 0
    95: 0
    96: 0
    97: 0
    98: 0
    99: 0
  mem-1: # Memory controller stats
   rd: 1963672 # Read requests
   wr: 590314 # Write requests
   rdlat: 267374738 # Total latency experienced by read requests
   wrlat: 85538907 # Total latency experienced by write requests
   rdhits: 2117 # Read row hits
   wrhits: 1585 # Write row hits
   mlh: # latency histogram for memory requests
    0: 0
    1: 0
    2: 0
    3: 0
    4: 0
    5: 0
    6: 0
    7: 0
    8: 0
    9: 0
    10: 0
    11: 293
    12: 441
    13: 1733844
    14: 130665
    15: 49813
    16: 14431
    17: 2690
    18: 1000
    19: 1080
    20: 1506
    21: 1448
    22: 909
    23: 1284
    24: 2966
    25: 1869
    26: 531
    27: 608
    28: 671
    29: 752
    30: 1113
    31: 1314
    32: 1111
    33: 1175
    34: 1296
    35: 1369
    36: 1335
    37: 1198
    38: 1121
    39: 1190
    40: 1133
    41: 1011
    42: 1040
    43: 544
    44: 232
    45: 158
    46: 130
    47: 188
    48: 141
    49: 30
    50: 13
    51: 8
    52: 4
    53: 8
    54: 7
    55: 0
    56: 2
    57: 0
    58: 0
    59: 0
    60: 0
    61: 0
    62: 0
    63: 0
    64: 0
    65: 0
    66: 0
    67: 0
    68: 0
    69: 0
    70: 0
    71: 0
    72: 0
    73: 0
    74: 0
    75: 0
    76: 0
    77: 0
    78: 0
    79: 0
    80: 0
    81: 0
    82: 0
    83: 0
    84: 0
    85: 0
    86: 0
    87: 0
    88: 0
    89: 0
    90: 0
    91: 0
    92: 0
    93: 0
    94: 0
    95: 0
    96: 0
    97: 0
    98: 0
    99: 0
  mem-2: # Memory controller stats
   rd: 1981256 # Read requests
   wr: 590019 # Write requests
   rdlat: 269909964 # Total latency experienced by read requests
   wrlat: 85582792 # Total latency experienced by write requests
   rdhits: 2410 # Read row hits
   wrhits: 1747 # Write row hits
   mlh: # latency histogram for memory requests
    0: 0
    1: 0
    2: 0
    3: 0
    4: 0
    5: 0
    6: 0
    7: 0
    8: 0
    9: 0
    10: 0
    11: 350
    12: 554
    13: 1743303
    14: 137903
    15: 50143
    16: 13646
    17: 2455
    18: 1095
    19: 1118
    20: 1556
    21: 1726
    22: 934
    23: 1467
    24: 3415
    25: 1950
    26: 567
    27: 590
    28: 656
    29: 737
    30: 1133
    31: 1381
    32: 1146
    33: 1120
    34: 1268
    35: 1286
    36: 1302
    37: 1239
    38: 1168
    39: 1152
    40: 1084
    41: 1105
    42: 1113
    43: 544
    44: 245
    45: 187
    46: 146
    47: 249
    48: 134
    49: 37
    50: 16
    51: 11
    52: 7
    53: 4
    54: 8
    55: 2
    56: 3
    57: 0
    58: 0
    59: 1
    60: 0
    61: 0
    62: 0
    63: 0
    64: 0
    65: 0
    66: 0
    67: 0
    68: 0
    69: 0
    70: 0
    71: 0
    72: 0
    73: 0
    74: 0
    75: 0
    76: 0
    77: 0
    78: 0
    79: 0
    80: 0
    81: 0
    82: 0
    83: 0
    84: 0
    85: 0
    86: 0
    87: 0
    88: 0
    89: 0
    90: 0
    91: 0
    92: 0
    93: 0
    94: 0
    95: 0
    96: 0
    97: 0
    98: 0
    99: 0
  mem-3: # Memory controller stats
   rd: 1959269 # Read requests
   wr: 590562 # Write requests
   rdlat: 266836320 # Total latency experienced by read requests
   wrlat: 85603799 # Total latency experienced by write requests
   rdhits: 2259 # Read row hits
   wrhits: 1626 # Write row hits
   mlh: # latency histogram for memory requests
    0: 0
    1: 0
    2: 0
    3: 0
    4: 0
    5: 0
    6: 0
    7: 0
    8: 0
    9: 0
    10: 0
    11: 360
    12: 439
    13: 1728243
    14: 130630
    15: 50090
    16: 14991
    17: 2550
    18: 1073
    19: 1089
    20: 1622
    21: 1543
    22: 937
    23: 1337
    24: 3237
    25: 1804
    26: 557
    27: 634
    28: 684
    29: 749
    30: 1124
    31: 1344
    32: 1083
    33: 1134
    34: 1228
    35: 1294
    36: 1297
    37: 1159
    38: 1136
    39: 1143
    40: 1105
    41: 1138
    42: 1082
    43: 501
    44: 227
    45: 169
    46: 116
    47: 212
    48: 131
    49: 42
    50: 12
    51: 7
    52: 8
    53: 5
    54: 2
    55: 1
    56: 0
    57: 0
    58: 0
    59: 0
    60: 0
    61: 0
    62: 0
    63: 0
    64: 0
    65: 0
    66: 0
    67: 0
    68: 0
    69: 0
    70: 0
    71: 0
    72: 0
    73: 0
    74: 0
    75: 0
    76: 0
    77: 0
    78: 0
    79: 0
    80: 0
    81: 0
    82: 0
    83: 0
    84: 0
    85: 0
    86: 0
    87: 0
    88: 0
    89: 0
    90: 0
    91: 0
    92: 0
    93: 0
    94: 0
    95: 0
    96: 0
    97: 0
    98: 0
    99: 0
 sched: # Scheduler stats
  thCr: 1 # Threads created
  thFn: 1 # Threads finished
  schedEvs: 1 # Schedule events
  waitEvs: 0 # Wait events
  handoffEvs: 0 # Handoff events
  sleepEvs: 0 # Sleep events
  idlePhases: 0 # Phases with no thread active
  idlePeriods: 0 # Periods with no thread active
  occHist: # Occupancy histogram
   0: 0
   1: 63018
  rqSzHist: # Run queue size histogram
   0: 63018
   1: 0
   2: 0
   3: 0
   4: 0
   5: 0
   6: 0
   7: 0
   8: 0
   9: 0
   10: 0
   11: 0
   12: 0
   13: 0
   14: 0
   15: 0
   16: 0
 procCycles: # Per-process unhalted core cycles
  0: 630182730
  1: 0
  2: 0
  3: 0
  4: 0
  5: 0
  6: 0
  7: 0
  8: 0
  9: 0
  10: 0
  11: 0
  12: 0
  13: 0
  14: 0
  15: 0
  16: 0
  17: 0
  18: 0
  19: 0
  20: 0
  21: 0
  22: 0
  23: 0
  24: 0
  25: 0
  26: 0
  27: 0
  28: 0
  29: 0
  30: 0
  31: 0
  32: 0
  33: 0
  34: 0
  35: 0
  36: 0
  37: 0
  38: 0
  39: 0
  40: 0
  41: 0
  42: 0
  43: 0
  44: 0
  45: 0
  46: 0
  47: 0
  48: 0
  49: 0
  50: 0
  51: 0
  52: 0
  53: 0
  54: 0
  55: 0
  56: 0
  57: 0
  58: 0
  59: 0
  60: 0
  61: 0
  62: 0
  63: 0
 procInstrs: # Per-process instructions
  0: 100001016
  1: 0
  2: 0
  3: 0
  4: 0
  5: 0
  6: 0
  7: 0
  8: 0
  9: 0
  10: 0
  11: 0
  12: 0
  13: 0
  14: 0
  15: 0
  16: 0
  17: 0
  18: 0
  19: 0
  20: 0
  21: 0
  22: 0
  23: 0
  24: 0
  25: 0
  26: 0
  27: 0
  28: 0
  29: 0
  30: 0
  31: 0
  32: 0
  33: 0
  34: 0
  35: 0
  36: 0
  37: 0
  38: 0
  39: 0
  40: 0
  41: 0
  42: 0
  43: 0
  44: 0
  45: 0
  46: 0
  47: 0
  48: 0
  49: 0
  50: 0
  51: 0
  52: 0
  53: 0
  54: 0
  55: 0
  56: 0
  57: 0
  58: 0
  59: 0
  60: 0
  61: 0
  62: 0
  63: 0
 heartbeats: # Per-process heartbeats
  0: 0
  1: 0
  2: 0
  3: 0
  4: 0
  5: 0
  6: 0
  7: 0
  8: 0
  9: 0
  10: 0
  11: 0
  12: 0
  13: 0
  14: 0
  15: 0
  16: 0
  17: 0
  18: 0
  19: 0
  20: 0
  21: 0
  22: 0
  23: 0
  24: 0
  25: 0
  26: 0
  27: 0
  28: 0
  29: 0
  30: 0
  31: 0
  32: 0
  33: 0
  34: 0
  35: 0
  36: 0
  37: 0
  38: 0
  39: 0
  40: 0
  41: 0
  42: 0
  43: 0
  44: 0
  45: 0
  46: 0
  47: 0
  48: 0
  49: 0
  50: 0
  51: 0
  52: 0
  53: 0
  54: 0
  55: 0
  56: 0
  57: 0
  58: 0
  59: 0
  60: 0
  61: 0
  62: 0
  63: 0
===
