# zsim stats
===
root: # Stats
 contention: # Contention simulation stats
  domain-0: # Domain stats
   time: 1815568457 # Weave simulation time
 time: # Simulator time breakdown
  init: 1424530142398
  bound: 13071994517
  weave: 1998340862
  ff: 0
 trigger: 20000 # Reason for this stats dump
 phase: 22157 # Simulated phases
 westmere: # Core stats
  westmere-0: # Core stats
   cycles: 221571866 # Simulated unhalted cycles
   cCycles: 41413015 # Cycles due to contention stalls
   instrs: 100007418 # Simulated instructions
   uops: 108920806 # Retired micro-ops
   bbls: 19846409 # Basic blocks
   approxInstrs: 1672516 # Instrs with approx uop decoding
   mispredBranches: 1185131 # Mispredicted branches
   condBranches: 18694346 # conditional branches
 l1i: # Cache stats
  l1i-0: # Filter cache stats
   fhGETS: 25987540 # Filtered GETS hits
   fhGETX: 0 # Filtered GETX hits
   hGETS: 190211 # GETS hits
   hGETX: 0 # GETX hits
   mGETS: 2283 # GETS misses
   mGETXIM: 0 # GETX I->M misses
   mGETXSM: 0 # GETX S->M misses (upgrade misses)
   PUTS: 0 # Clean evictions (from lower level)
   PUTX: 0 # Dirty evictions (from lower level)
   INV: 7 # Invalidates (from upper level)
   INVX: 0 # Downgrades (from upper level)
   FWD: 0 # Forwards (from upper level)
   latGETnl: 270054 # GET request latency on next level
   latGETnet: 0 # GET request latency on network to next level
 l1d: # Cache stats
  l1d-0: # Filter cache stats
   fhGETS: 22579136 # Filtered GETS hits
   fhGETX: 4149521 # Filtered GETX hits
   hGETS: 2345706 # GETS hits
   hGETX: 2570462 # GETX hits
   mGETS: 3381489 # GETS misses
   mGETXIM: 691267 # GETX I->M misses
   mGETXSM: 0 # GETX S->M misses (upgrade misses)
   PUTS: 0 # Clean evictions (from lower level)
   PUTX: 0 # Dirty evictions (from lower level)
   INV: 0 # Invalidates (from upper level)
   INVX: 0 # Downgrades (from upper level)
   FWD: 0 # Forwards (from upper level)
   latGETnl: 303938272 # GET request latency on next level
   latGETnet: 0 # GET request latency on network to next level
 l2: # Cache stats
  l2-0: # Cache stats
   hGETS: 691657 # GETS hits
   hGETX: 100743 # GETX hits
   mGETS: 2692115 # GETS misses
   mGETXIM: 590524 # GETX I->M misses
   mGETXSM: 0 # GETX S->M misses (upgrade misses)
   PUTS: 2317122 # Clean evictions (from lower level)
   PUTX: 1756889 # Dirty evictions (from lower level)
   INV: 0 # Invalidates (from upper level)
   INVX: 0 # Downgrades (from upper level)
   FWD: 0 # Forwards (from upper level)
   latGETnl: 263457936 # GET request latency on next level
   latGETnet: 0 # GET request latency on network to next level
 l3: # Cache stats
  l3-0: # Cache stats
   hGETS: 1013187 # GETS hits
   hGETX: 217512 # GETX hits
   mGETS: 1678928 # GETS misses
   mGETXIM: 373012 # GETX I->M misses
   mGETXSM: 0 # GETX S->M misses (upgrade misses)
   PUTS: 1956243 # Clean evictions (from lower level)
   PUTX: 1322300 # Dirty evictions (from lower level)
   INV: 0 # Invalidates (from upper level)
   INVX: 0 # Downgrades (from upper level)
   FWD: 0 # Forwards (from upper level)
   latGETnl: 184674600 # GET request latency on next level
   latGETnet: 0 # GET request latency on network to next level
 mem: # Memory controller stats
  mem-0: # Memory controller stats
   rd: 512391 # Read requests
   wr: 202369 # Write requests
   rdlat: 69609421 # Total latency experienced by read requests
   wrlat: 30324828 # Total latency experienced by write requests
   rdhits: 12313 # Read row hits
   wrhits: 1298 # Write row hits
   mlh: # latency histogram for memory requests
    0: 0
    1: 0
    2: 0
    3: 0
    4: 0
    5: 0
    6: 0
    7: 0
    8: 0
    9: 0
    10: 0
    11: 538
    12: 598
    13: 457670
    14: 33131
    15: 7030
    16: 3001
    17: 1024
    18: 430
    19: 429
    20: 454
    21: 509
    22: 439
    23: 542
    24: 931
    25: 605
    26: 171
    27: 180
    28: 215
    29: 263
    30: 318
    31: 319
    32: 318
    33: 286
    34: 283
    35: 311
    36: 298
    37: 327
    38: 286
    39: 297
    40: 297
    41: 291
    42: 271
    43: 124
    44: 44
    45: 36
    46: 33
    47: 44
    48: 35
    49: 3
    50: 3
    51: 4
    52: 2
    53: 1
    54: 0
    55: 0
    56: 0
    57: 0
    58: 0
    59: 0
    60: 0
    61: 0
    62: 0
    63: 0
    64: 0
    65: 0
    66: 0
    67: 0
    68: 0
    69: 0
    70: 0
    71: 0
    72: 0
    73: 0
    74: 0
    75: 0
    76: 0
    77: 0
    78: 0
    79: 0
    80: 0
    81: 0
    82: 0
    83: 0
    84: 0
    85: 0
    86: 0
    87: 0
    88: 0
    89: 0
    90: 0
    91: 0
    92: 0
    93: 0
    94: 0
    95: 0
    96: 0
    97: 0
    98: 0
    99: 0
  mem-1: # Memory controller stats
   rd: 513581 # Read requests
   wr: 202704 # Write requests
   rdlat: 69769541 # Total latency experienced by read requests
   wrlat: 30394005 # Total latency experienced by write requests
   rdhits: 12158 # Read row hits
   wrhits: 1285 # Write row hits
   mlh: # latency histogram for memory requests
    0: 0
    1: 0
    2: 0
    3: 0
    4: 0
    5: 0
    6: 0
    7: 0
    8: 0
    9: 0
    10: 0
    11: 520
    12: 572
    13: 458172
    14: 33158
    15: 7340
    16: 3634
    17: 1035
    18: 366
    19: 419
    20: 510
    21: 545
    22: 441
    23: 487
    24: 821
    25: 551
    26: 171
    27: 192
    28: 224
    29: 252
    30: 284
    31: 260
    32: 299
    33: 293
    34: 302
    35: 316
    36: 326
    37: 276
    38: 286
    39: 287
    40: 291
    41: 304
    42: 287
    43: 141
    44: 41
    45: 29
    46: 29
    47: 45
    48: 39
    49: 11
    50: 7
    51: 5
    52: 7
    53: 4
    54: 0
    55: 0
    56: 1
    57: 0
    58: 0
    59: 1
    60: 0
    61: 0
    62: 0
    63: 0
    64: 0
    65: 0
    66: 0
    67: 0
    68: 0
    69: 0
    70: 0
    71: 0
    72: 0
    73: 0
    74: 0
    75: 0
    76: 0
    77: 0
    78: 0
    79: 0
    80: 0
    81: 0
    82: 0
    83: 0
    84: 0
    85: 0
    86: 0
    87: 0
    88: 0
    89: 0
    90: 0
    91: 0
    92: 0
    93: 0
    94: 0
    95: 0
    96: 0
    97: 0
    98: 0
    99: 0
  mem-2: # Memory controller stats
   rd: 512660 # Read requests
   wr: 201546 # Write requests
   rdlat: 69649481 # Total latency experienced by read requests
   wrlat: 30194551 # Total latency experienced by write requests
   rdhits: 11694 # Read row hits
   wrhits: 1329 # Write row hits
   mlh: # latency histogram for memory requests
    0: 0
    1: 0
    2: 0
    3: 0
    4: 0
    5: 0
    6: 0
    7: 0
    8: 0
    9: 0
    10: 0
    11: 471
    12: 560
    13: 456889
    14: 34611
    15: 6792
    16: 2892
    17: 1022
    18: 407
    19: 384
    20: 490
    21: 530
    22: 408
    23: 625
    24: 1000
    25: 617
    26: 157
    27: 218
    28: 224
    29: 260
    30: 283
    31: 269
    32: 312
    33: 280
    34: 333
    35: 316
    36: 308
    37: 312
    38: 286
    39: 287
    40: 267
    41: 273
    42: 274
    43: 113
    44: 42
    45: 26
    46: 27
    47: 43
    48: 41
    49: 3
    50: 2
    51: 1
    52: 1
    53: 2
    54: 1
    55: 0
    56: 0
    57: 0
    58: 0
    59: 1
    60: 0
    61: 0
    62: 0
    63: 0
    64: 0
    65: 0
    66: 0
    67: 0
    68: 0
    69: 0
    70: 0
    71: 0
    72: 0
    73: 0
    74: 0
    75: 0
    76: 0
    77: 0
    78: 0
    79: 0
    80: 0
    81: 0
    82: 0
    83: 0
    84: 0
    85: 0
    86: 0
    87: 0
    88: 0
    89: 0
    90: 0
    91: 0
    92: 0
    93: 0
    94: 0
    95: 0
    96: 0
    97: 0
    98: 0
    99: 0
  mem-3: # Memory controller stats
   rd: 513287 # Read requests
   wr: 202047 # Write requests
   rdlat: 69764067 # Total latency experienced by read requests
   wrlat: 30329051 # Total latency experienced by write requests
   rdhits: 11969 # Read row hits
   wrhits: 1338 # Write row hits
   mlh: # latency histogram for memory requests
    0: 0
    1: 0
    2: 0
    3: 0
    4: 0
    5: 0
    6: 0
    7: 0
    8: 0
    9: 0
    10: 0
    11: 571
    12: 547
    13: 457832
    14: 33861
    15: 6909
    16: 2927
    17: 1112
    18: 450
    19: 393
    20: 528
    21: 451
    22: 482
    23: 496
    24: 951
    25: 618
    26: 202
    27: 201
    28: 243
    29: 270
    30: 261
    31: 318
    32: 310
    33: 287
    34: 318
    35: 338
    36: 310
    37: 314
    38: 264
    39: 281
    40: 292
    41: 301
    42: 285
    43: 146
    44: 39
    45: 23
    46: 38
    47: 46
    48: 42
    49: 10
    50: 5
    51: 2
    52: 4
    53: 3
    54: 2
    55: 2
    56: 1
    57: 0
    58: 1
    59: 0
    60: 0
    61: 0
    62: 0
    63: 0
    64: 0
    65: 0
    66: 0
    67: 0
    68: 0
    69: 0
    70: 0
    71: 0
    72: 0
    73: 0
    74: 0
    75: 0
    76: 0
    77: 0
    78: 0
    79: 0
    80: 0
    81: 0
    82: 0
    83: 0
    84: 0
    85: 0
    86: 0
    87: 0
    88: 0
    89: 0
    90: 0
    91: 0
    92: 0
    93: 0
    94: 0
    95: 0
    96: 0
    97: 0
    98: 0
    99: 0
 sched: # Scheduler stats
  thCr: 1 # Threads created
  thFn: 1 # Threads finished
  schedEvs: 1 # Schedule events
  waitEvs: 0 # Wait events
  handoffEvs: 0 # Handoff events
  sleepEvs: 0 # Sleep events
  idlePhases: 0 # Phases with no thread active
  idlePeriods: 0 # Periods with no thread active
  occHist: # Occupancy histogram
   0: 0
   1: 22157
  rqSzHist: # Run queue size histogram
   0: 22157
   1: 0
   2: 0
   3: 0
   4: 0
   5: 0
   6: 0
   7: 0
   8: 0
   9: 0
   10: 0
   11: 0
   12: 0
   13: 0
   14: 0
   15: 0
   16: 0
 procCycles: # Per-process unhalted core cycles
  0: 221571866
  1: 0
  2: 0
  3: 0
  4: 0
  5: 0
  6: 0
  7: 0
  8: 0
  9: 0
  10: 0
  11: 0
  12: 0
  13: 0
  14: 0
  15: 0
  16: 0
  17: 0
  18: 0
  19: 0
  20: 0
  21: 0
  22: 0
  23: 0
  24: 0
  25: 0
  26: 0
  27: 0
  28: 0
  29: 0
  30: 0
  31: 0
  32: 0
  33: 0
  34: 0
  35: 0
  36: 0
  37: 0
  38: 0
  39: 0
  40: 0
  41: 0
  42: 0
  43: 0
  44: 0
  45: 0
  46: 0
  47: 0
  48: 0
  49: 0
  50: 0
  51: 0
  52: 0
  53: 0
  54: 0
  55: 0
  56: 0
  57: 0
  58: 0
  59: 0
  60: 0
  61: 0
  62: 0
  63: 0
 procInstrs: # Per-process instructions
  0: 100007418
  1: 0
  2: 0
  3: 0
  4: 0
  5: 0
  6: 0
  7: 0
  8: 0
  9: 0
  10: 0
  11: 0
  12: 0
  13: 0
  14: 0
  15: 0
  16: 0
  17: 0
  18: 0
  19: 0
  20: 0
  21: 0
  22: 0
  23: 0
  24: 0
  25: 0
  26: 0
  27: 0
  28: 0
  29: 0
  30: 0
  31: 0
  32: 0
  33: 0
  34: 0
  35: 0
  36: 0
  37: 0
  38: 0
  39: 0
  40: 0
  41: 0
  42: 0
  43: 0
  44: 0
  45: 0
  46: 0
  47: 0
  48: 0
  49: 0
  50: 0
  51: 0
  52: 0
  53: 0
  54: 0
  55: 0
  56: 0
  57: 0
  58: 0
  59: 0
  60: 0
  61: 0
  62: 0
  63: 0
 heartbeats: # Per-process heartbeats
  0: 0
  1: 0
  2: 0
  3: 0
  4: 0
  5: 0
  6: 0
  7: 0
  8: 0
  9: 0
  10: 0
  11: 0
  12: 0
  13: 0
  14: 0
  15: 0
  16: 0
  17: 0
  18: 0
  19: 0
  20: 0
  21: 0
  22: 0
  23: 0
  24: 0
  25: 0
  26: 0
  27: 0
  28: 0
  29: 0
  30: 0
  31: 0
  32: 0
  33: 0
  34: 0
  35: 0
  36: 0
  37: 0
  38: 0
  39: 0
  40: 0
  41: 0
  42: 0
  43: 0
  44: 0
  45: 0
  46: 0
  47: 0
  48: 0
  49: 0
  50: 0
  51: 0
  52: 0
  53: 0
  54: 0
  55: 0
  56: 0
  57: 0
  58: 0
  59: 0
  60: 0
  61: 0
  62: 0
  63: 0
===
