# zsim stats
===
root: # Stats
 contention: # Contention simulation stats
  domain-0: # Domain stats
   time: 194130042 # Weave simulation time
 time: # Simulator time breakdown
  init: 597645707
  bound: 55475462876
  weave: 872825915
  ff: 0
 trigger: 20000 # Reason for this stats dump
 phase: 40173 # Simulated phases
 westmere: # Core stats
  westmere-0: # Core stats
   cycles: 401730024 # Simulated unhalted cycles
   cCycles: 30239 # Cycles due to contention stalls
   instrs: 625009700 # Simulated instructions
   uops: 750426407 # Retired micro-ops
   bbls: 83821249 # Basic blocks
   approxInstrs: 6871274 # Instrs with approx uop decoding
   mispredBranches: 1800414 # Mispredicted branches
   condBranches: 64863340 # conditional branches
  westmere-1: # Core stats
   cycles: 401730013 # Simulated unhalted cycles
   cCycles: 32063 # Cycles due to contention stalls
   instrs: 625004954 # Simulated instructions
   uops: 750420256 # Retired micro-ops
   bbls: 83820305 # Basic blocks
   approxInstrs: 6871248 # Instrs with approx uop decoding
   mispredBranches: 1800369 # Mispredicted branches
   condBranches: 64862601 # conditional branches
  westmere-2: # Core stats
   cycles: 401720049 # Simulated unhalted cycles
   cCycles: 30074 # Cycles due to contention stalls
   instrs: 625005427 # Simulated instructions
   uops: 750420825 # Retired micro-ops
   bbls: 83820366 # Basic blocks
   approxInstrs: 6871264 # Instrs with approx uop decoding
   mispredBranches: 1800375 # Mispredicted branches
   condBranches: 64862642 # conditional branches
  westmere-3: # Core stats
   cycles: 401720013 # Simulated unhalted cycles
   cCycles: 32082 # Cycles due to contention stalls
   instrs: 625004933 # Simulated instructions
   uops: 750420230 # Retired micro-ops
   bbls: 83820295 # Basic blocks
   approxInstrs: 6871246 # Instrs with approx uop decoding
   mispredBranches: 1800367 # Mispredicted branches
   condBranches: 64862599 # conditional branches
  westmere-4: # Core stats
   cycles: 401720032 # Simulated unhalted cycles
   cCycles: 31171 # Cycles due to contention stalls
   instrs: 625005926 # Simulated instructions
   uops: 750421408 # Retired micro-ops
   bbls: 83820449 # Basic blocks
   approxInstrs: 6871287 # Instrs with approx uop decoding
   mispredBranches: 1800380 # Mispredicted branches
   condBranches: 64862688 # conditional branches
  westmere-5: # Core stats
   cycles: 401720006 # Simulated unhalted cycles
   cCycles: 31833 # Cycles due to contention stalls
   instrs: 625004171 # Simulated instructions
   uops: 750419252 # Retired micro-ops
   bbls: 83820211 # Basic blocks
   approxInstrs: 6871224 # Instrs with approx uop decoding
   mispredBranches: 1800361 # Mispredicted branches
   condBranches: 64862550 # conditional branches
  westmere-6: # Core stats
   cycles: 401720004 # Simulated unhalted cycles
   cCycles: 31242 # Cycles due to contention stalls
   instrs: 625005593 # Simulated instructions
   uops: 750421016 # Retired micro-ops
   bbls: 83820398 # Basic blocks
   approxInstrs: 6871273 # Instrs with approx uop decoding
   mispredBranches: 1800378 # Mispredicted branches
   condBranches: 64862658 # conditional branches
  westmere-7: # Core stats
   cycles: 401720010 # Simulated unhalted cycles
   cCycles: 29852 # Cycles due to contention stalls
   instrs: 625000684 # Simulated instructions
   uops: 750414921 # Retired micro-ops
   bbls: 83819737 # Basic blocks
   approxInstrs: 6871100 # Instrs with approx uop decoding
   mispredBranches: 1800327 # Mispredicted branches
   condBranches: 64862282 # conditional branches
 l1i: # Cache stats
  l1i-0: # Filter cache stats
   fhGETS: 112022337 # Filtered GETS hits
   fhGETX: 0 # Filtered GETX hits
   hGETS: 1226563 # GETS hits
   hGETX: 0 # GETX hits
   mGETS: 45562 # GETS misses
   mGETXIM: 0 # GETX I->M misses
   mGETXSM: 0 # GETX S->M misses (upgrade misses)
   PUTS: 0 # Clean evictions (from lower level)
   PUTX: 0 # Dirty evictions (from lower level)
   INV: 47 # Invalidates (from upper level)
   INVX: 0 # Downgrades (from upper level)
   FWD: 0 # Forwards (from upper level)
   latGETnl: 484090 # GET request latency on next level
   latGETnet: 0 # GET request latency on network to next level
  l1i-1: # Filter cache stats
   fhGETS: 112021353 # Filtered GETS hits
   fhGETX: 0 # Filtered GETX hits
   hGETS: 1226422 # GETS hits
   hGETX: 0 # GETX hits
   mGETS: 45491 # GETS misses
   mGETXIM: 0 # GETX I->M misses
   mGETXSM: 0 # GETX S->M misses (upgrade misses)
   PUTS: 0 # Clean evictions (from lower level)
   PUTX: 0 # Dirty evictions (from lower level)
   INV: 62 # Invalidates (from upper level)
   INVX: 0 # Downgrades (from upper level)
   FWD: 0 # Forwards (from upper level)
   latGETnl: 487886 # GET request latency on next level
   latGETnet: 0 # GET request latency on network to next level
  l1i-2: # Filter cache stats
   fhGETS: 112021501 # Filtered GETS hits
   fhGETX: 0 # Filtered GETX hits
   hGETS: 1226430 # GETS hits
   hGETX: 0 # GETX hits
   mGETS: 45485 # GETS misses
   mGETXIM: 0 # GETX I->M misses
   mGETXSM: 0 # GETX S->M misses (upgrade misses)
   PUTS: 0 # Clean evictions (from lower level)
   PUTX: 0 # Dirty evictions (from lower level)
   INV: 62 # Invalidates (from upper level)
   INVX: 0 # Downgrades (from upper level)
   FWD: 0 # Forwards (from upper level)
   latGETnl: 479456 # GET request latency on next level
   latGETnet: 0 # GET request latency on network to next level
  l1i-3: # Filter cache stats
   fhGETS: 112021410 # Filtered GETS hits
   fhGETX: 0 # Filtered GETX hits
   hGETS: 1226423 # GETS hits
   hGETX: 0 # GETX hits
   mGETS: 45491 # GETS misses
   mGETXIM: 0 # GETX I->M misses
   mGETXSM: 0 # GETX S->M misses (upgrade misses)
   PUTS: 0 # Clean evictions (from lower level)
   PUTX: 0 # Dirty evictions (from lower level)
   INV: 62 # Invalidates (from upper level)
   INVX: 0 # Downgrades (from upper level)
   FWD: 0 # Forwards (from upper level)
   latGETnl: 475286 # GET request latency on next level
   latGETnet: 0 # GET request latency on network to next level
  l1i-4: # Filter cache stats
   fhGETS: 112021628 # Filtered GETS hits
   fhGETX: 0 # Filtered GETX hits
   hGETS: 1226425 # GETS hits
   hGETX: 0 # GETX hits
   mGETS: 45497 # GETS misses
   mGETXIM: 0 # GETX I->M misses
   mGETXSM: 0 # GETX S->M misses (upgrade misses)
   PUTS: 0 # Clean evictions (from lower level)
   PUTX: 0 # Dirty evictions (from lower level)
   INV: 62 # Invalidates (from upper level)
   INVX: 0 # Downgrades (from upper level)
   FWD: 0 # Forwards (from upper level)
   latGETnl: 476816 # GET request latency on next level
   latGETnet: 0 # GET request latency on network to next level
  l1i-5: # Filter cache stats
   fhGETS: 112021262 # Filtered GETS hits
   fhGETX: 0 # Filtered GETX hits
   hGETS: 1226426 # GETS hits
   hGETX: 0 # GETX hits
   mGETS: 45491 # GETS misses
   mGETXIM: 0 # GETX I->M misses
   mGETXSM: 0 # GETX S->M misses (upgrade misses)
   PUTS: 0 # Clean evictions (from lower level)
   PUTX: 0 # Dirty evictions (from lower level)
   INV: 62 # Invalidates (from upper level)
   INVX: 0 # Downgrades (from upper level)
   FWD: 0 # Forwards (from upper level)
   latGETnl: 476372 # GET request latency on next level
   latGETnet: 0 # GET request latency on network to next level
  l1i-6: # Filter cache stats
   fhGETS: 112021531 # Filtered GETS hits
   fhGETX: 0 # Filtered GETX hits
   hGETS: 1226421 # GETS hits
   hGETX: 0 # GETX hits
   mGETS: 45495 # GETS misses
   mGETXIM: 0 # GETX I->M misses
   mGETXSM: 0 # GETX S->M misses (upgrade misses)
   PUTS: 0 # Clean evictions (from lower level)
   PUTX: 0 # Dirty evictions (from lower level)
   INV: 62 # Invalidates (from upper level)
   INVX: 0 # Downgrades (from upper level)
   FWD: 0 # Forwards (from upper level)
   latGETnl: 480192 # GET request latency on next level
   latGETnet: 0 # GET request latency on network to next level
  l1i-7: # Filter cache stats
   fhGETS: 112020435 # Filtered GETS hits
   fhGETX: 0 # Filtered GETX hits
   hGETS: 1226425 # GETS hits
   hGETX: 0 # GETX hits
   mGETS: 45489 # GETS misses
   mGETXIM: 0 # GETX I->M misses
   mGETXSM: 0 # GETX S->M misses (upgrade misses)
   PUTS: 0 # Clean evictions (from lower level)
   PUTX: 0 # Dirty evictions (from lower level)
   INV: 61 # Invalidates (from upper level)
   INVX: 0 # Downgrades (from upper level)
   FWD: 0 # Forwards (from upper level)
   latGETnl: 477156 # GET request latency on next level
   latGETnet: 0 # GET request latency on network to next level
 l1d: # Cache stats
  l1d-0: # Filter cache stats
   fhGETS: 160974292 # Filtered GETS hits
   fhGETX: 38007636 # Filtered GETX hits
   hGETS: 11096963 # GETS hits
   hGETX: 11692564 # GETX hits
   mGETS: 1335903 # GETS misses
   mGETXIM: 1105303 # GETX I->M misses
   mGETXSM: 18 # GETX S->M misses (upgrade misses)
   PUTS: 0 # Clean evictions (from lower level)
   PUTX: 0 # Dirty evictions (from lower level)
   INV: 101 # Invalidates (from upper level)
   INVX: 40 # Downgrades (from upper level)
   FWD: 0 # Forwards (from upper level)
   latGETnl: 24587390 # GET request latency on next level
   latGETnet: 0 # GET request latency on network to next level
  l1d-1: # Filter cache stats
   fhGETS: 157364391 # Filtered GETS hits
   fhGETX: 37716326 # Filtered GETX hits
   hGETS: 14704026 # GETS hits
   hGETX: 11989316 # GETX hits
   mGETS: 1337994 # GETS misses
   mGETXIM: 1098621 # GETX I->M misses
   mGETXSM: 3 # GETX S->M misses (upgrade misses)
   PUTS: 0 # Clean evictions (from lower level)
   PUTX: 0 # Dirty evictions (from lower level)
   INV: 72 # Invalidates (from upper level)
   INVX: 121 # Downgrades (from upper level)
   FWD: 0 # Forwards (from upper level)
   latGETnl: 24534919 # GET request latency on next level
   latGETnet: 0 # GET request latency on network to next level
  l1d-2: # Filter cache stats
   fhGETS: 160967068 # Filtered GETS hits
   fhGETX: 38008310 # Filtered GETX hits
   hGETS: 11102151 # GETS hits
   hGETX: 11691911 # GETX hits
   mGETS: 1337311 # GETS misses
   mGETXIM: 1104069 # GETX I->M misses
   mGETXSM: 6 # GETX S->M misses (upgrade misses)
   PUTS: 0 # Clean evictions (from lower level)
   PUTX: 0 # Dirty evictions (from lower level)
   INV: 34 # Invalidates (from upper level)
   INVX: 62 # Downgrades (from upper level)
   FWD: 0 # Forwards (from upper level)
   latGETnl: 24573086 # GET request latency on next level
   latGETnet: 0 # GET request latency on network to next level
  l1d-3: # Filter cache stats
   fhGETS: 160981848 # Filtered GETS hits
   fhGETX: 38008746 # Filtered GETX hits
   hGETS: 11088788 # GETS hits
   hGETX: 11690853 # GETX hits
   mGETS: 1335773 # GETS misses
   mGETXIM: 1104660 # GETX I->M misses
   mGETXSM: 6 # GETX S->M misses (upgrade misses)
   PUTS: 0 # Clean evictions (from lower level)
   PUTX: 0 # Dirty evictions (from lower level)
   INV: 67 # Invalidates (from upper level)
   INVX: 61 # Downgrades (from upper level)
   FWD: 0 # Forwards (from upper level)
   latGETnl: 24567258 # GET request latency on next level
   latGETnet: 0 # GET request latency on network to next level
  l1d-4: # Filter cache stats
   fhGETS: 160887844 # Filtered GETS hits
   fhGETX: 38019581 # Filtered GETX hits
   hGETS: 11182710 # GETS hits
   hGETX: 11672387 # GETX hits
   mGETS: 1336088 # GETS misses
   mGETXIM: 1112349 # GETX I->M misses
   mGETXSM: 5 # GETX S->M misses (upgrade misses)
   PUTS: 0 # Clean evictions (from lower level)
   PUTX: 0 # Dirty evictions (from lower level)
   INV: 71 # Invalidates (from upper level)
   INVX: 49 # Downgrades (from upper level)
   FWD: 0 # Forwards (from upper level)
   latGETnl: 24647870 # GET request latency on next level
   latGETnet: 0 # GET request latency on network to next level
  l1d-5: # Filter cache stats
   fhGETS: 158857266 # Filtered GETS hits
   fhGETX: 38012059 # Filtered GETX hits
   hGETS: 13210667 # GETS hits
   hGETX: 11684645 # GETX hits
   mGETS: 1338200 # GETS misses
   mGETXIM: 1107512 # GETX I->M misses
   mGETXSM: 5 # GETX S->M misses (upgrade misses)
   PUTS: 0 # Clean evictions (from lower level)
   PUTX: 0 # Dirty evictions (from lower level)
   INV: 53 # Invalidates (from upper level)
   INVX: 83 # Downgrades (from upper level)
   FWD: 0 # Forwards (from upper level)
   latGETnl: 24620170 # GET request latency on next level
   latGETnet: 0 # GET request latency on network to next level
  l1d-6: # Filter cache stats
   fhGETS: 156617719 # Filtered GETS hits
   fhGETX: 37728309 # Filtered GETX hits
   hGETS: 15449532 # GETS hits
   hGETX: 11975952 # GETX hits
   mGETS: 1339313 # GETS misses
   mGETXIM: 1100038 # GETX I->M misses
   mGETXSM: 5 # GETX S->M misses (upgrade misses)
   PUTS: 0 # Clean evictions (from lower level)
   PUTX: 0 # Dirty evictions (from lower level)
   INV: 58 # Invalidates (from upper level)
   INVX: 32 # Downgrades (from upper level)
   FWD: 0 # Forwards (from upper level)
   latGETnl: 24554237 # GET request latency on next level
   latGETnet: 0 # GET request latency on network to next level
  l1d-7: # Filter cache stats
   fhGETS: 161149875 # Filtered GETS hits
   fhGETX: 38009353 # Filtered GETX hits
   hGETS: 10917489 # GETS hits
   hGETX: 11694413 # GETX hits
   mGETS: 1337690 # GETS misses
   mGETXIM: 1100255 # GETX I->M misses
   mGETXSM: 6 # GETX S->M misses (upgrade misses)
   PUTS: 0 # Clean evictions (from lower level)
   PUTX: 0 # Dirty evictions (from lower level)
   INV: 37 # Invalidates (from upper level)
   INVX: 41 # Downgrades (from upper level)
   FWD: 0 # Forwards (from upper level)
   latGETnl: 24536953 # GET request latency on next level
   latGETnet: 0 # GET request latency on network to next level
 l2: # Cache stats
  l2-0: # Cache stats
   hGETS: 1380115 # GETS hits
   hGETX: 1104059 # GETX hits
   mGETS: 1350 # GETS misses
   mGETXIM: 1244 # GETX I->M misses
   mGETXSM: 18 # GETX S->M misses (upgrade misses)
   PUTS: 1190408 # Clean evictions (from lower level)
   PUTX: 1295210 # Dirty evictions (from lower level)
   INV: 184 # Invalidates (from upper level)
   INVX: 41 # Downgrades (from upper level)
   FWD: 0 # Forwards (from upper level)
   latGETnl: 203620 # GET request latency on next level
   latGETnet: 0 # GET request latency on network to next level
  l2-1: # Cache stats
   hGETS: 1382221 # GETS hits
   hGETX: 1097493 # GETX hits
   mGETS: 1264 # GETS misses
   mGETXIM: 1128 # GETX I->M misses
   mGETXSM: 3 # GETX S->M misses (upgrade misses)
   PUTS: 1192722 # Clean evictions (from lower level)
   PUTX: 1288258 # Dirty evictions (from lower level)
   INV: 189 # Invalidates (from upper level)
   INVX: 121 # Downgrades (from upper level)
   FWD: 0 # Forwards (from upper level)
   latGETnl: 201715 # GET request latency on next level
   latGETnet: 0 # GET request latency on network to next level
  l2-2: # Cache stats
   hGETS: 1381537 # GETS hits
   hGETX: 1102973 # GETX hits
   mGETS: 1259 # GETS misses
   mGETXIM: 1096 # GETX I->M misses
   mGETXSM: 6 # GETX S->M misses (upgrade misses)
   PUTS: 1191046 # Clean evictions (from lower level)
   PUTX: 1294732 # Dirty evictions (from lower level)
   INV: 146 # Invalidates (from upper level)
   INVX: 62 # Downgrades (from upper level)
   FWD: 0 # Forwards (from upper level)
   latGETnl: 183832 # GET request latency on next level
   latGETnet: 0 # GET request latency on network to next level
  l2-3: # Cache stats
   hGETS: 1379997 # GETS hits
   hGETX: 1103535 # GETX hits
   mGETS: 1267 # GETS misses
   mGETXIM: 1125 # GETX I->M misses
   mGETXSM: 6 # GETX S->M misses (upgrade misses)
   PUTS: 1189971 # Clean evictions (from lower level)
   PUTX: 1294835 # Dirty evictions (from lower level)
   INV: 190 # Invalidates (from upper level)
   INVX: 61 # Downgrades (from upper level)
   FWD: 0 # Forwards (from upper level)
   latGETnl: 183244 # GET request latency on next level
   latGETnet: 0 # GET request latency on network to next level
  l2-4: # Cache stats
   hGETS: 1380314 # GETS hits
   hGETX: 1111217 # GETX hits
   mGETS: 1271 # GETS misses
   mGETXIM: 1132 # GETX I->M misses
   mGETXSM: 5 # GETX S->M misses (upgrade misses)
   PUTS: 1190033 # Clean evictions (from lower level)
   PUTX: 1302776 # Dirty evictions (from lower level)
   INV: 191 # Invalidates (from upper level)
   INVX: 49 # Downgrades (from upper level)
   FWD: 0 # Forwards (from upper level)
   latGETnl: 185296 # GET request latency on next level
   latGETnet: 0 # GET request latency on network to next level
  l2-5: # Cache stats
   hGETS: 1382422 # GETS hits
   hGETX: 1106402 # GETX hits
   mGETS: 1269 # GETS misses
   mGETXIM: 1110 # GETX I->M misses
   mGETXSM: 5 # GETX S->M misses (upgrade misses)
   PUTS: 1191881 # Clean evictions (from lower level)
   PUTX: 1298215 # Dirty evictions (from lower level)
   INV: 184 # Invalidates (from upper level)
   INVX: 83 # Downgrades (from upper level)
   FWD: 0 # Forwards (from upper level)
   latGETnl: 184462 # GET request latency on next level
   latGETnet: 0 # GET request latency on network to next level
  l2-6: # Cache stats
   hGETS: 1383539 # GETS hits
   hGETX: 1098909 # GETX hits
   mGETS: 1269 # GETS misses
   mGETXIM: 1129 # GETX I->M misses
   mGETXSM: 5 # GETX S->M misses (upgrade misses)
   PUTS: 1191368 # Clean evictions (from lower level)
   PUTX: 1292366 # Dirty evictions (from lower level)
   INV: 174 # Invalidates (from upper level)
   INVX: 32 # Downgrades (from upper level)
   FWD: 0 # Forwards (from upper level)
   latGETnl: 185919 # GET request latency on next level
   latGETnet: 0 # GET request latency on network to next level
  l2-7: # Cache stats
   hGETS: 1381921 # GETS hits
   hGETX: 1099151 # GETX hits
   mGETS: 1258 # GETS misses
   mGETXIM: 1104 # GETX I->M misses
   mGETXSM: 6 # GETX S->M misses (upgrade misses)
   PUTS: 1192907 # Clean evictions (from lower level)
   PUTX: 1289438 # Dirty evictions (from lower level)
   INV: 118 # Invalidates (from upper level)
   INVX: 41 # Downgrades (from upper level)
   FWD: 0 # Forwards (from upper level)
   latGETnl: 179709 # GET request latency on next level
   latGETnet: 0 # GET request latency on network to next level
 l3: # Cache stats
  l3-0b0: # Cache stats
   hGETS: 930 # GETS hits
   hGETX: 5 # GETX hits
   mGETS: 308 # GETS misses
   mGETXIM: 1118 # GETX I->M misses
   mGETXSM: 0 # GETX S->M misses (upgrade misses)
   PUTS: 0 # Clean evictions (from lower level)
   PUTX: 0 # Dirty evictions (from lower level)
   INV: 0 # Invalidates (from upper level)
   INVX: 0 # Downgrades (from upper level)
   FWD: 0 # Forwards (from upper level)
   latGETnl: 128340 # GET request latency on next level
   latGETnet: 0 # GET request latency on network to next level
  l3-0b1: # Cache stats
   hGETS: 985 # GETS hits
   hGETX: 12 # GETX hits
   mGETS: 321 # GETS misses
   mGETXIM: 1112 # GETX I->M misses
   mGETXSM: 0 # GETX S->M misses (upgrade misses)
   PUTS: 0 # Clean evictions (from lower level)
   PUTX: 0 # Dirty evictions (from lower level)
   INV: 0 # Invalidates (from upper level)
   INVX: 0 # Downgrades (from upper level)
   FWD: 0 # Forwards (from upper level)
   latGETnl: 128970 # GET request latency on next level
   latGETnet: 0 # GET request latency on network to next level
  l3-0b2: # Cache stats
   hGETS: 972 # GETS hits
   hGETX: 7 # GETX hits
   mGETS: 289 # GETS misses
   mGETXIM: 1155 # GETX I->M misses
   mGETXSM: 0 # GETX S->M misses (upgrade misses)
   PUTS: 0 # Clean evictions (from lower level)
   PUTX: 0 # Dirty evictions (from lower level)
   INV: 0 # Invalidates (from upper level)
   INVX: 0 # Downgrades (from upper level)
   FWD: 0 # Forwards (from upper level)
   latGETnl: 129960 # GET request latency on next level
   latGETnet: 0 # GET request latency on network to next level
  l3-0b3: # Cache stats
   hGETS: 967 # GETS hits
   hGETX: 4 # GETX hits
   mGETS: 318 # GETS misses
   mGETXIM: 1125 # GETX I->M misses
   mGETXSM: 0 # GETX S->M misses (upgrade misses)
   PUTS: 0 # Clean evictions (from lower level)
   PUTX: 0 # Dirty evictions (from lower level)
   INV: 0 # Invalidates (from upper level)
   INVX: 0 # Downgrades (from upper level)
   FWD: 0 # Forwards (from upper level)
   latGETnl: 129870 # GET request latency on next level
   latGETnet: 0 # GET request latency on network to next level
  l3-0b4: # Cache stats
   hGETS: 925 # GETS hits
   hGETX: 5 # GETX hits
   mGETS: 298 # GETS misses
   mGETXIM: 1141 # GETX I->M misses
   mGETXSM: 0 # GETX S->M misses (upgrade misses)
   PUTS: 0 # Clean evictions (from lower level)
   PUTX: 0 # Dirty evictions (from lower level)
   INV: 0 # Invalidates (from upper level)
   INVX: 0 # Downgrades (from upper level)
   FWD: 0 # Forwards (from upper level)
   latGETnl: 129510 # GET request latency on next level
   latGETnet: 0 # GET request latency on network to next level
  l3-0b5: # Cache stats
   hGETS: 1003 # GETS hits
   hGETX: 19 # GETX hits
   mGETS: 322 # GETS misses
   mGETXIM: 1126 # GETX I->M misses
   mGETXSM: 0 # GETX S->M misses (upgrade misses)
   PUTS: 0 # Clean evictions (from lower level)
   PUTX: 0 # Dirty evictions (from lower level)
   INV: 0 # Invalidates (from upper level)
   INVX: 0 # Downgrades (from upper level)
   FWD: 0 # Forwards (from upper level)
   latGETnl: 130320 # GET request latency on next level
   latGETnet: 0 # GET request latency on network to next level
  l3-0b6: # Cache stats
   hGETS: 982 # GETS hits
   hGETX: 13 # GETX hits
   mGETS: 320 # GETS misses
   mGETXIM: 1130 # GETX I->M misses
   mGETXSM: 0 # GETX S->M misses (upgrade misses)
   PUTS: 1 # Clean evictions (from lower level)
   PUTX: 0 # Dirty evictions (from lower level)
   INV: 0 # Invalidates (from upper level)
   INVX: 0 # Downgrades (from upper level)
   FWD: 0 # Forwards (from upper level)
   latGETnl: 130500 # GET request latency on next level
   latGETnet: 0 # GET request latency on network to next level
  l3-0b7: # Cache stats
   hGETS: 954 # GETS hits
   hGETX: 17 # GETX hits
   mGETS: 313 # GETS misses
   mGETXIM: 1133 # GETX I->M misses
   mGETXSM: 0 # GETX S->M misses (upgrade misses)
   PUTS: 1 # Clean evictions (from lower level)
   PUTX: 0 # Dirty evictions (from lower level)
   INV: 0 # Invalidates (from upper level)
   INVX: 0 # Downgrades (from upper level)
   FWD: 0 # Forwards (from upper level)
   latGETnl: 130140 # GET request latency on next level
   latGETnet: 0 # GET request latency on network to next level
 mem: # Memory controller stats
  mem-0: # Memory controller stats
   rd: 2925 # Read requests
   wr: 106 # Write requests
   rdlat: 598694 # Total latency experienced by read requests
   wrlat: 67003 # Total latency experienced by write requests
   rdhits: 281 # Read row hits
   wrhits: 3 # Write row hits
   mlh: # latency histogram for memory requests
    0: 0
    1: 0
    2: 0
    3: 0
    4: 0
    5: 0
    6: 0
    7: 0
    8: 0
    9: 0
    10: 0
    11: 12
    12: 31
    13: 1706
    14: 246
    15: 110
    16: 100
    17: 42
    18: 34
    19: 35
    20: 33
    21: 32
    22: 39
    23: 23
    24: 26
    25: 27
    26: 14
    27: 16
    28: 15
    29: 13
    30: 5
    31: 9
    32: 7
    33: 11
    34: 11
    35: 8
    36: 5
    37: 8
    38: 8
    39: 4
    40: 7
    41: 14
    42: 6
    43: 2
    44: 1
    45: 6
    46: 11
    47: 5
    48: 4
    49: 3
    50: 8
    51: 4
    52: 4
    53: 3
    54: 5
    55: 7
    56: 5
    57: 2
    58: 5
    59: 0
    60: 4
    61: 5
    62: 6
    63: 6
    64: 3
    65: 3
    66: 3
    67: 7
    68: 5
    69: 13
    70: 9
    71: 8
    72: 6
    73: 8
    74: 6
    75: 11
    76: 10
    77: 13
    78: 8
    79: 4
    80: 5
    81: 6
    82: 6
    83: 3
    84: 1
    85: 3
    86: 4
    87: 3
    88: 4
    89: 2
    90: 6
    91: 2
    92: 4
    93: 0
    94: 1
    95: 0
    96: 0
    97: 0
    98: 0
    99: 5
  mem-1: # Memory controller stats
   rd: 2869 # Read requests
   wr: 122 # Write requests
   rdlat: 575310 # Total latency experienced by read requests
   wrlat: 76107 # Total latency experienced by write requests
   rdhits: 281 # Read row hits
   wrhits: 1 # Write row hits
   mlh: # latency histogram for memory requests
    0: 0
    1: 0
    2: 0
    3: 0
    4: 0
    5: 0
    6: 0
    7: 0
    8: 0
    9: 0
    10: 0
    11: 9
    12: 20
    13: 1727
    14: 237
    15: 88
    16: 60
    17: 44
    18: 29
    19: 36
    20: 37
    21: 35
    22: 29
    23: 22
    24: 26
    25: 25
    26: 17
    27: 23
    28: 13
    29: 17
    30: 16
    31: 11
    32: 17
    33: 11
    34: 10
    35: 10
    36: 9
    37: 9
    38: 6
    39: 9
    40: 5
    41: 12
    42: 9
    43: 7
    44: 2
    45: 2
    46: 7
    47: 6
    48: 2
    49: 3
    50: 5
    51: 4
    52: 3
    53: 5
    54: 3
    55: 6
    56: 5
    57: 7
    58: 10
    59: 5
    60: 2
    61: 10
    62: 5
    63: 9
    64: 7
    65: 6
    66: 8
    67: 8
    68: 7
    69: 5
    70: 4
    71: 11
    72: 3
    73: 11
    74: 6
    75: 5
    76: 2
    77: 3
    78: 4
    79: 4
    80: 3
    81: 6
    82: 3
    83: 4
    84: 1
    85: 2
    86: 4
    87: 2
    88: 1
    89: 4
    90: 0
    91: 2
    92: 1
    93: 0
    94: 0
    95: 1
    96: 0
    97: 1
    98: 2
    99: 2
  mem-2: # Memory controller stats
   rd: 2867 # Read requests
   wr: 107 # Write requests
   rdlat: 552277 # Total latency experienced by read requests
   wrlat: 58981 # Total latency experienced by write requests
   rdhits: 293 # Read row hits
   wrhits: 3 # Write row hits
   mlh: # latency histogram for memory requests
    0: 0
    1: 0
    2: 0
    3: 0
    4: 0
    5: 0
    6: 0
    7: 0
    8: 0
    9: 0
    10: 0
    11: 12
    12: 21
    13: 1687
    14: 273
    15: 97
    16: 85
    17: 49
    18: 35
    19: 44
    20: 39
    21: 35
    22: 32
    23: 25
    24: 26
    25: 34
    26: 16
    27: 8
    28: 21
    29: 26
    30: 4
    31: 5
    32: 6
    33: 7
    34: 9
    35: 9
    36: 11
    37: 4
    38: 6
    39: 5
    40: 3
    41: 5
    42: 6
    43: 3
    44: 1
    45: 3
    46: 7
    47: 3
    48: 7
    49: 8
    50: 3
    51: 4
    52: 3
    53: 3
    54: 2
    55: 4
    56: 10
    57: 5
    58: 1
    59: 8
    60: 7
    61: 10
    62: 9
    63: 10
    64: 13
    65: 5
    66: 6
    67: 8
    68: 7
    69: 7
    70: 9
    71: 6
    72: 9
    73: 3
    74: 3
    75: 5
    76: 8
    77: 6
    78: 3
    79: 1
    80: 3
    81: 2
    82: 0
    83: 2
    84: 0
    85: 0
    86: 1
    87: 0
    88: 2
    89: 0
    90: 0
    91: 1
    92: 0
    93: 0
    94: 0
    95: 1
    96: 0
    97: 0
    98: 0
    99: 0
  mem-3: # Memory controller stats
   rd: 2868 # Read requests
   wr: 118 # Write requests
   rdlat: 560497 # Total latency experienced by read requests
   wrlat: 64093 # Total latency experienced by write requests
   rdhits: 265 # Read row hits
   wrhits: 2 # Write row hits
   mlh: # latency histogram for memory requests
    0: 0
    1: 0
    2: 0
    3: 0
    4: 0
    5: 0
    6: 0
    7: 0
    8: 0
    9: 0
    10: 0
    11: 8
    12: 21
    13: 1717
    14: 265
    15: 91
    16: 75
    17: 45
    18: 35
    19: 38
    20: 46
    21: 25
    22: 20
    23: 25
    24: 19
    25: 26
    26: 17
    27: 20
    28: 16
    29: 8
    30: 12
    31: 12
    32: 16
    33: 7
    34: 11
    35: 7
    36: 7
    37: 5
    38: 5
    39: 5
    40: 0
    41: 9
    42: 8
    43: 12
    44: 7
    45: 6
    46: 6
    47: 4
    48: 1
    49: 7
    50: 3
    51: 8
    52: 9
    53: 11
    54: 3
    55: 10
    56: 11
    57: 9
    58: 3
    59: 3
    60: 6
    61: 8
    62: 11
    63: 10
    64: 8
    65: 4
    66: 4
    67: 3
    68: 4
    69: 6
    70: 7
    71: 9
    72: 3
    73: 2
    74: 6
    75: 4
    76: 5
    77: 3
    78: 2
    79: 2
    80: 1
    81: 5
    82: 1
    83: 3
    84: 1
    85: 1
    86: 3
    87: 2
    88: 2
    89: 1
    90: 1
    91: 1
    92: 1
    93: 0
    94: 1
    95: 0
    96: 1
    97: 0
    98: 2
    99: 0
 sched: # Scheduler stats
  thCr: 9 # Threads created
  thFn: 0 # Threads finished
  schedEvs: 9 # Schedule events
  waitEvs: 1 # Wait events
  handoffEvs: 0 # Handoff events
  sleepEvs: 0 # Sleep events
  idlePhases: 0 # Phases with no thread active
  idlePeriods: 0 # Periods with no thread active
  occHist: # Occupancy histogram
   0: 0
   1: 0
   2: 1
   3: 0
   4: 0
   5: 0
   6: 0
   7: 0
   8: 40172
  rqSzHist: # Run queue size histogram
   0: 40172
   1: 1
   2: 0
   3: 0
   4: 0
   5: 0
   6: 0
   7: 0
   8: 0
   9: 0
   10: 0
   11: 0
   12: 0
   13: 0
   14: 0
   15: 0
   16: 0
 procCycles: # Per-process unhalted core cycles
  0: 3213780151
  1: 0
  2: 0
  3: 0
  4: 0
  5: 0
  6: 0
  7: 0
  8: 0
  9: 0
  10: 0
  11: 0
  12: 0
  13: 0
  14: 0
  15: 0
  16: 0
  17: 0
  18: 0
  19: 0
  20: 0
  21: 0
  22: 0
  23: 0
  24: 0
  25: 0
  26: 0
  27: 0
  28: 0
  29: 0
  30: 0
  31: 0
  32: 0
  33: 0
  34: 0
  35: 0
  36: 0
  37: 0
  38: 0
  39: 0
  40: 0
  41: 0
  42: 0
  43: 0
  44: 0
  45: 0
  46: 0
  47: 0
  48: 0
  49: 0
  50: 0
  51: 0
  52: 0
  53: 0
  54: 0
  55: 0
  56: 0
  57: 0
  58: 0
  59: 0
  60: 0
  61: 0
  62: 0
  63: 0
 procInstrs: # Per-process instructions
  0: 5000041388
  1: 0
  2: 0
  3: 0
  4: 0
  5: 0
  6: 0
  7: 0
  8: 0
  9: 0
  10: 0
  11: 0
  12: 0
  13: 0
  14: 0
  15: 0
  16: 0
  17: 0
  18: 0
  19: 0
  20: 0
  21: 0
  22: 0
  23: 0
  24: 0
  25: 0
  26: 0
  27: 0
  28: 0
  29: 0
  30: 0
  31: 0
  32: 0
  33: 0
  34: 0
  35: 0
  36: 0
  37: 0
  38: 0
  39: 0
  40: 0
  41: 0
  42: 0
  43: 0
  44: 0
  45: 0
  46: 0
  47: 0
  48: 0
  49: 0
  50: 0
  51: 0
  52: 0
  53: 0
  54: 0
  55: 0
  56: 0
  57: 0
  58: 0
  59: 0
  60: 0
  61: 0
  62: 0
  63: 0
 heartbeats: # Per-process heartbeats
  0: 0
  1: 0
  2: 0
  3: 0
  4: 0
  5: 0
  6: 0
  7: 0
  8: 0
  9: 0
  10: 0
  11: 0
  12: 0
  13: 0
  14: 0
  15: 0
  16: 0
  17: 0
  18: 0
  19: 0
  20: 0
  21: 0
  22: 0
  23: 0
  24: 0
  25: 0
  26: 0
  27: 0
  28: 0
  29: 0
  30: 0
  31: 0
  32: 0
  33: 0
  34: 0
  35: 0
  36: 0
  37: 0
  38: 0
  39: 0
  40: 0
  41: 0
  42: 0
  43: 0
  44: 0
  45: 0
  46: 0
  47: 0
  48: 0
  49: 0
  50: 0
  51: 0
  52: 0
  53: 0
  54: 0
  55: 0
  56: 0
  57: 0
  58: 0
  59: 0
  60: 0
  61: 0
  62: 0
  63: 0
===
