# zsim stats
===
root: # Stats
 contention: # Contention simulation stats
  domain-0: # Domain stats
   time: 293821275 # Weave simulation time
 time: # Simulator time breakdown
  init: 2766664716916
  bound: 10263329411
  weave: 374642806
  ff: 0
 trigger: 20000 # Reason for this stats dump
 phase: 6854 # Simulated phases
 westmere: # Core stats
  westmere-0: # Core stats
   cycles: 68540499 # Simulated unhalted cycles
   cCycles: 4196265 # Cycles due to contention stalls
   instrs: 100003275 # Simulated instructions
   uops: 116949798 # Retired micro-ops
   bbls: 30041008 # Basic blocks
   approxInstrs: 315256 # Instrs with approx uop decoding
   mispredBranches: 237759 # Mispredicted branches
   condBranches: 22695861 # conditional branches
 l1i: # Cache stats
  l1i-0: # Filter cache stats
   fhGETS: 28131151 # Filtered GETS hits
   fhGETX: 0 # Filtered GETX hits
   hGETS: 2780297 # GETS hits
   hGETX: 0 # GETX hits
   mGETS: 404402 # GETS misses
   mGETXIM: 0 # GETX I->M misses
   mGETXSM: 0 # GETX S->M misses (upgrade misses)
   PUTS: 0 # Clean evictions (from lower level)
   PUTX: 0 # Dirty evictions (from lower level)
   INV: 2424 # Invalidates (from upper level)
   INVX: 0 # Downgrades (from upper level)
   FWD: 0 # Forwards (from upper level)
   latGETnl: 5334854 # GET request latency on next level
   latGETnet: 0 # GET request latency on network to next level
 l1d: # Cache stats
  l1d-0: # Filter cache stats
   fhGETS: 25527755 # Filtered GETS hits
   fhGETX: 9013101 # Filtered GETX hits
   hGETS: 4224023 # GETS hits
   hGETX: 1327615 # GETX hits
   mGETS: 1429993 # GETS misses
   mGETXIM: 207683 # GETX I->M misses
   mGETXSM: 0 # GETX S->M misses (upgrade misses)
   PUTS: 0 # Clean evictions (from lower level)
   PUTX: 0 # Dirty evictions (from lower level)
   INV: 2539 # Invalidates (from upper level)
   INVX: 0 # Downgrades (from upper level)
   FWD: 0 # Forwards (from upper level)
   latGETnl: 43799472 # GET request latency on next level
   latGETnet: 0 # GET request latency on network to next level
 l2: # Cache stats
  l2-0: # Cache stats
   hGETS: 1615188 # GETS hits
   hGETX: 30416 # GETX hits
   mGETS: 219207 # GETS misses
   mGETXIM: 177267 # GETX I->M misses
   mGETXSM: 0 # GETX S->M misses (upgrade misses)
   PUTS: 1684767 # Clean evictions (from lower level)
   PUTX: 351333 # Dirty evictions (from lower level)
   INV: 10987 # Invalidates (from upper level)
   INVX: 0 # Downgrades (from upper level)
   FWD: 0 # Forwards (from upper level)
   latGETnl: 28713546 # GET request latency on next level
   latGETnet: 0 # GET request latency on network to next level
 l3: # Cache stats
  l3-0: # Cache stats
   hGETS: 132118 # GETS hits
   hGETX: 51043 # GETX hits
   mGETS: 87089 # GETS misses
   mGETXIM: 126224 # GETX I->M misses
   mGETXSM: 0 # GETX S->M misses (upgrade misses)
   PUTS: 122550 # Clean evictions (from lower level)
   PUTX: 258848 # Dirty evictions (from lower level)
   INV: 0 # Invalidates (from upper level)
   INVX: 0 # Downgrades (from upper level)
   FWD: 0 # Forwards (from upper level)
   latGETnl: 19198170 # GET request latency on next level
   latGETnet: 0 # GET request latency on network to next level
 mem: # Memory controller stats
  mem-0: # Memory controller stats
   rd: 53290 # Read requests
   wr: 37856 # Write requests
   rdlat: 7207500 # Total latency experienced by read requests
   wrlat: 5833309 # Total latency experienced by write requests
   rdhits: 55 # Read row hits
   wrhits: 57 # Write row hits
   mlh: # latency histogram for memory requests
    0: 0
    1: 0
    2: 0
    3: 0
    4: 0
    5: 0
    6: 0
    7: 0
    8: 0
    9: 0
    10: 0
    11: 3
    12: 5
    13: 49994
    14: 1089
    15: 812
    16: 495
    17: 59
    18: 31
    19: 29
    20: 31
    21: 27
    22: 25
    23: 46
    24: 31
    25: 36
    26: 30
    27: 20
    28: 19
    29: 25
    30: 20
    31: 31
    32: 38
    33: 26
    34: 33
    35: 38
    36: 46
    37: 49
    38: 51
    39: 31
    40: 32
    41: 29
    42: 22
    43: 16
    44: 8
    45: 5
    46: 4
    47: 1
    48: 1
    49: 2
    50: 0
    51: 0
    52: 0
    53: 0
    54: 0
    55: 0
    56: 0
    57: 0
    58: 0
    59: 0
    60: 0
    61: 0
    62: 0
    63: 0
    64: 0
    65: 0
    66: 0
    67: 0
    68: 0
    69: 0
    70: 0
    71: 0
    72: 0
    73: 0
    74: 0
    75: 0
    76: 0
    77: 0
    78: 0
    79: 0
    80: 0
    81: 0
    82: 0
    83: 0
    84: 0
    85: 0
    86: 0
    87: 0
    88: 0
    89: 0
    90: 0
    91: 0
    92: 0
    93: 0
    94: 0
    95: 0
    96: 0
    97: 0
    98: 0
    99: 0
  mem-1: # Memory controller stats
   rd: 53330 # Read requests
   wr: 38033 # Write requests
   rdlat: 7207272 # Total latency experienced by read requests
   wrlat: 5884774 # Total latency experienced by write requests
   rdhits: 39 # Read row hits
   wrhits: 65 # Write row hits
   mlh: # latency histogram for memory requests
    0: 0
    1: 0
    2: 0
    3: 0
    4: 0
    5: 0
    6: 0
    7: 0
    8: 0
    9: 0
    10: 0
    11: 0
    12: 6
    13: 50037
    14: 1097
    15: 815
    16: 501
    17: 40
    18: 22
    19: 48
    20: 36
    21: 30
    22: 23
    23: 26
    24: 56
    25: 46
    26: 26
    27: 20
    28: 32
    29: 26
    30: 23
    31: 24
    32: 27
    33: 20
    34: 33
    35: 37
    36: 41
    37: 48
    38: 40
    39: 48
    40: 35
    41: 21
    42: 19
    43: 10
    44: 2
    45: 10
    46: 2
    47: 2
    48: 1
    49: 0
    50: 0
    51: 0
    52: 0
    53: 0
    54: 0
    55: 0
    56: 0
    57: 0
    58: 0
    59: 0
    60: 0
    61: 0
    62: 0
    63: 0
    64: 0
    65: 0
    66: 0
    67: 0
    68: 0
    69: 0
    70: 0
    71: 0
    72: 0
    73: 0
    74: 0
    75: 0
    76: 0
    77: 0
    78: 0
    79: 0
    80: 0
    81: 0
    82: 0
    83: 0
    84: 0
    85: 0
    86: 0
    87: 0
    88: 0
    89: 0
    90: 0
    91: 0
    92: 0
    93: 0
    94: 0
    95: 0
    96: 0
    97: 0
    98: 0
    99: 0
  mem-2: # Memory controller stats
   rd: 53373 # Read requests
   wr: 37833 # Write requests
   rdlat: 7205379 # Total latency experienced by read requests
   wrlat: 5866828 # Total latency experienced by write requests
   rdhits: 67 # Read row hits
   wrhits: 69 # Write row hits
   mlh: # latency histogram for memory requests
    0: 0
    1: 0
    2: 0
    3: 0
    4: 0
    5: 0
    6: 0
    7: 0
    8: 0
    9: 0
    10: 0
    11: 5
    12: 10
    13: 50139
    14: 1078
    15: 780
    16: 506
    17: 46
    18: 34
    19: 33
    20: 31
    21: 33
    22: 35
    23: 31
    24: 49
    25: 42
    26: 18
    27: 19
    28: 27
    29: 29
    30: 26
    31: 33
    32: 32
    33: 30
    34: 29
    35: 40
    36: 35
    37: 33
    38: 32
    39: 28
    40: 37
    41: 25
    42: 20
    43: 13
    44: 6
    45: 5
    46: 1
    47: 2
    48: 0
    49: 0
    50: 1
    51: 0
    52: 0
    53: 0
    54: 0
    55: 0
    56: 0
    57: 0
    58: 0
    59: 0
    60: 0
    61: 0
    62: 0
    63: 0
    64: 0
    65: 0
    66: 0
    67: 0
    68: 0
    69: 0
    70: 0
    71: 0
    72: 0
    73: 0
    74: 0
    75: 0
    76: 0
    77: 0
    78: 0
    79: 0
    80: 0
    81: 0
    82: 0
    83: 0
    84: 0
    85: 0
    86: 0
    87: 0
    88: 0
    89: 0
    90: 0
    91: 0
    92: 0
    93: 0
    94: 0
    95: 0
    96: 0
    97: 0
    98: 0
    99: 0
  mem-3: # Memory controller stats
   rd: 53320 # Read requests
   wr: 37866 # Write requests
   rdlat: 7205158 # Total latency experienced by read requests
   wrlat: 5854096 # Total latency experienced by write requests
   rdhits: 69 # Read row hits
   wrhits: 48 # Write row hits
   mlh: # latency histogram for memory requests
    0: 0
    1: 0
    2: 0
    3: 0
    4: 0
    5: 0
    6: 0
    7: 0
    8: 0
    9: 0
    10: 0
    11: 0
    12: 8
    13: 50133
    14: 1067
    15: 743
    16: 486
    17: 45
    18: 33
    19: 31
    20: 44
    21: 33
    22: 30
    23: 30
    24: 41
    25: 43
    26: 20
    27: 20
    28: 27
    29: 28
    30: 28
    31: 36
    32: 30
    33: 34
    34: 32
    35: 26
    36: 38
    37: 44
    38: 33
    39: 42
    40: 24
    41: 27
    42: 27
    43: 17
    44: 5
    45: 7
    46: 3
    47: 0
    48: 3
    49: 0
    50: 1
    51: 0
    52: 0
    53: 0
    54: 1
    55: 0
    56: 0
    57: 0
    58: 0
    59: 0
    60: 0
    61: 0
    62: 0
    63: 0
    64: 0
    65: 0
    66: 0
    67: 0
    68: 0
    69: 0
    70: 0
    71: 0
    72: 0
    73: 0
    74: 0
    75: 0
    76: 0
    77: 0
    78: 0
    79: 0
    80: 0
    81: 0
    82: 0
    83: 0
    84: 0
    85: 0
    86: 0
    87: 0
    88: 0
    89: 0
    90: 0
    91: 0
    92: 0
    93: 0
    94: 0
    95: 0
    96: 0
    97: 0
    98: 0
    99: 0
 sched: # Scheduler stats
  thCr: 1 # Threads created
  thFn: 1 # Threads finished
  schedEvs: 1 # Schedule events
  waitEvs: 0 # Wait events
  handoffEvs: 0 # Handoff events
  sleepEvs: 0 # Sleep events
  idlePhases: 0 # Phases with no thread active
  idlePeriods: 0 # Periods with no thread active
  occHist: # Occupancy histogram
   0: 0
   1: 6854
  rqSzHist: # Run queue size histogram
   0: 6854
   1: 0
   2: 0
   3: 0
   4: 0
   5: 0
   6: 0
   7: 0
   8: 0
   9: 0
   10: 0
   11: 0
   12: 0
   13: 0
   14: 0
   15: 0
   16: 0
 procCycles: # Per-process unhalted core cycles
  0: 68540499
  1: 0
  2: 0
  3: 0
  4: 0
  5: 0
  6: 0
  7: 0
  8: 0
  9: 0
  10: 0
  11: 0
  12: 0
  13: 0
  14: 0
  15: 0
  16: 0
  17: 0
  18: 0
  19: 0
  20: 0
  21: 0
  22: 0
  23: 0
  24: 0
  25: 0
  26: 0
  27: 0
  28: 0
  29: 0
  30: 0
  31: 0
  32: 0
  33: 0
  34: 0
  35: 0
  36: 0
  37: 0
  38: 0
  39: 0
  40: 0
  41: 0
  42: 0
  43: 0
  44: 0
  45: 0
  46: 0
  47: 0
  48: 0
  49: 0
  50: 0
  51: 0
  52: 0
  53: 0
  54: 0
  55: 0
  56: 0
  57: 0
  58: 0
  59: 0
  60: 0
  61: 0
  62: 0
  63: 0
 procInstrs: # Per-process instructions
  0: 100003275
  1: 0
  2: 0
  3: 0
  4: 0
  5: 0
  6: 0
  7: 0
  8: 0
  9: 0
  10: 0
  11: 0
  12: 0
  13: 0
  14: 0
  15: 0
  16: 0
  17: 0
  18: 0
  19: 0
  20: 0
  21: 0
  22: 0
  23: 0
  24: 0
  25: 0
  26: 0
  27: 0
  28: 0
  29: 0
  30: 0
  31: 0
  32: 0
  33: 0
  34: 0
  35: 0
  36: 0
  37: 0
  38: 0
  39: 0
  40: 0
  41: 0
  42: 0
  43: 0
  44: 0
  45: 0
  46: 0
  47: 0
  48: 0
  49: 0
  50: 0
  51: 0
  52: 0
  53: 0
  54: 0
  55: 0
  56: 0
  57: 0
  58: 0
  59: 0
  60: 0
  61: 0
  62: 0
  63: 0
 heartbeats: # Per-process heartbeats
  0: 0
  1: 0
  2: 0
  3: 0
  4: 0
  5: 0
  6: 0
  7: 0
  8: 0
  9: 0
  10: 0
  11: 0
  12: 0
  13: 0
  14: 0
  15: 0
  16: 0
  17: 0
  18: 0
  19: 0
  20: 0
  21: 0
  22: 0
  23: 0
  24: 0
  25: 0
  26: 0
  27: 0
  28: 0
  29: 0
  30: 0
  31: 0
  32: 0
  33: 0
  34: 0
  35: 0
  36: 0
  37: 0
  38: 0
  39: 0
  40: 0
  41: 0
  42: 0
  43: 0
  44: 0
  45: 0
  46: 0
  47: 0
  48: 0
  49: 0
  50: 0
  51: 0
  52: 0
  53: 0
  54: 0
  55: 0
  56: 0
  57: 0
  58: 0
  59: 0
  60: 0
  61: 0
  62: 0
  63: 0
===
