# zsim stats
===
root: # Stats
 contention: # Contention simulation stats
  domain-0: # Domain stats
   time: 219638938 # Weave simulation time
 time: # Simulator time breakdown
  init: 2737456053630
  bound: 10061221736
  weave: 284613039
  ff: 0
 trigger: 20000 # Reason for this stats dump
 phase: 6510 # Simulated phases
 westmere: # Core stats
  westmere-0: # Core stats
   cycles: 65101712 # Simulated unhalted cycles
   cCycles: 6201127 # Cycles due to contention stalls
   instrs: 100009806 # Simulated instructions
   uops: 142682344 # Retired micro-ops
   bbls: 4785910 # Basic blocks
   approxInstrs: 432 # Instrs with approx uop decoding
   mispredBranches: 23098 # Mispredicted branches
   condBranches: 4718600 # conditional branches
 l1i: # Cache stats
  l1i-0: # Filter cache stats
   fhGETS: 9440939 # Filtered GETS hits
   fhGETX: 0 # Filtered GETX hits
   hGETS: 20727 # GETS hits
   hGETX: 0 # GETX hits
   mGETS: 1900 # GETS misses
   mGETXIM: 0 # GETX I->M misses
   mGETXSM: 0 # GETX S->M misses (upgrade misses)
   PUTS: 0 # Clean evictions (from lower level)
   PUTX: 0 # Dirty evictions (from lower level)
   INV: 0 # Invalidates (from upper level)
   INVX: 0 # Downgrades (from upper level)
   FWD: 0 # Forwards (from upper level)
   latGETnl: 108130 # GET request latency on next level
   latGETnet: 0 # GET request latency on network to next level
 l1d: # Cache stats
  l1d-0: # Filter cache stats
   fhGETS: 27530165 # Filtered GETS hits
   fhGETX: 9109413 # Filtered GETX hits
   hGETS: 15302991 # GETS hits
   hGETX: 5945420 # GETX hits
   mGETS: 244094 # GETS misses
   mGETXIM: 291863 # GETX I->M misses
   mGETXSM: 0 # GETX S->M misses (upgrade misses)
   PUTS: 0 # Clean evictions (from lower level)
   PUTX: 0 # Dirty evictions (from lower level)
   INV: 0 # Invalidates (from upper level)
   INVX: 0 # Downgrades (from upper level)
   FWD: 0 # Forwards (from upper level)
   latGETnl: 27304420 # GET request latency on next level
   latGETnet: 0 # GET request latency on network to next level
 l2: # Cache stats
  l2-0: # Cache stats
   hGETS: 216313 # GETS hits
   hGETX: 1354 # GETX hits
   mGETS: 29681 # GETS misses
   mGETXIM: 290509 # GETX I->M misses
   mGETXSM: 0 # GETX S->M misses (upgrade misses)
   PUTS: 244293 # Clean evictions (from lower level)
   PUTX: 292618 # Dirty evictions (from lower level)
   INV: 0 # Invalidates (from upper level)
   INVX: 0 # Downgrades (from upper level)
   FWD: 0 # Forwards (from upper level)
   latGETnl: 22033980 # GET request latency on next level
   latGETnet: 0 # GET request latency on network to next level
 l3: # Cache stats
  l3-0: # Cache stats
   hGETS: 24981 # GETS hits
   hGETX: 135771 # GETX hits
   mGETS: 4700 # GETS misses
   mGETXIM: 154738 # GETX I->M misses
   mGETXSM: 0 # GETX S->M misses (upgrade misses)
   PUTS: 27380 # Clean evictions (from lower level)
   PUTX: 288714 # Dirty evictions (from lower level)
   INV: 0 # Invalidates (from upper level)
   INVX: 0 # Downgrades (from upper level)
   FWD: 0 # Forwards (from upper level)
   latGETnl: 14349420 # GET request latency on next level
   latGETnet: 0 # GET request latency on network to next level
 mem: # Memory controller stats
  mem-0: # Memory controller stats
   rd: 39862 # Read requests
   wr: 31175 # Write requests
   rdlat: 6139521 # Total latency experienced by read requests
   wrlat: 4731237 # Total latency experienced by write requests
   rdhits: 6 # Read row hits
   wrhits: 48 # Write row hits
   mlh: # latency histogram for memory requests
    0: 0
    1: 0
    2: 0
    3: 0
    4: 0
    5: 0
    6: 0
    7: 0
    8: 0
    9: 0
    10: 0
    11: 0
    12: 2
    13: 30056
    14: 2263
    15: 36
    16: 28
    17: 13
    18: 13
    19: 17
    20: 14
    21: 16
    22: 31
    23: 6718
    24: 40
    25: 84
    26: 28
    27: 30
    28: 13
    29: 18
    30: 17
    31: 23
    32: 19
    33: 17
    34: 20
    35: 21
    36: 29
    37: 32
    38: 17
    39: 21
    40: 25
    41: 29
    42: 32
    43: 18
    44: 6
    45: 5
    46: 7
    47: 46
    48: 11
    49: 8
    50: 9
    51: 8
    52: 9
    53: 13
    54: 0
    55: 0
    56: 0
    57: 0
    58: 0
    59: 0
    60: 0
    61: 0
    62: 0
    63: 0
    64: 0
    65: 0
    66: 0
    67: 0
    68: 0
    69: 0
    70: 0
    71: 0
    72: 0
    73: 0
    74: 0
    75: 0
    76: 0
    77: 0
    78: 0
    79: 0
    80: 0
    81: 0
    82: 0
    83: 0
    84: 0
    85: 0
    86: 0
    87: 0
    88: 0
    89: 0
    90: 0
    91: 0
    92: 0
    93: 0
    94: 0
    95: 0
    96: 0
    97: 0
    98: 0
    99: 0
  mem-1: # Memory controller stats
   rd: 39873 # Read requests
   wr: 31174 # Write requests
   rdlat: 6117581 # Total latency experienced by read requests
   wrlat: 4734801 # Total latency experienced by write requests
   rdhits: 4 # Read row hits
   wrhits: 74 # Write row hits
   mlh: # latency histogram for memory requests
    0: 0
    1: 0
    2: 0
    3: 0
    4: 0
    5: 0
    6: 0
    7: 0
    8: 0
    9: 0
    10: 0
    11: 1
    12: 0
    13: 30151
    14: 2263
    15: 34
    16: 29
    17: 15
    18: 18
    19: 16
    20: 12
    21: 9
    22: 29
    23: 6735
    24: 29
    25: 76
    26: 17
    27: 23
    28: 31
    29: 21
    30: 23
    31: 12
    32: 31
    33: 24
    34: 18
    35: 17
    36: 19
    37: 15
    38: 16
    39: 16
    40: 19
    41: 15
    42: 26
    43: 20
    44: 6
    45: 4
    46: 5
    47: 36
    48: 8
    49: 7
    50: 6
    51: 7
    52: 11
    53: 3
    54: 0
    55: 0
    56: 0
    57: 0
    58: 0
    59: 0
    60: 0
    61: 0
    62: 0
    63: 0
    64: 0
    65: 0
    66: 0
    67: 0
    68: 0
    69: 0
    70: 0
    71: 0
    72: 0
    73: 0
    74: 0
    75: 0
    76: 0
    77: 0
    78: 0
    79: 0
    80: 0
    81: 0
    82: 0
    83: 0
    84: 0
    85: 0
    86: 0
    87: 0
    88: 0
    89: 0
    90: 0
    91: 0
    92: 0
    93: 0
    94: 0
    95: 0
    96: 0
    97: 0
    98: 0
    99: 0
  mem-2: # Memory controller stats
   rd: 39860 # Read requests
   wr: 31141 # Write requests
   rdlat: 6131055 # Total latency experienced by read requests
   wrlat: 4735391 # Total latency experienced by write requests
   rdhits: 3 # Read row hits
   wrhits: 49 # Write row hits
   mlh: # latency histogram for memory requests
    0: 0
    1: 0
    2: 0
    3: 0
    4: 0
    5: 0
    6: 0
    7: 0
    8: 0
    9: 0
    10: 0
    11: 0
    12: 0
    13: 30052
    14: 2273
    15: 43
    16: 23
    17: 13
    18: 19
    19: 17
    20: 18
    21: 6
    22: 33
    23: 6747
    24: 42
    25: 72
    26: 28
    27: 20
    28: 21
    29: 24
    30: 20
    31: 24
    32: 15
    33: 30
    34: 21
    35: 16
    36: 19
    37: 23
    38: 24
    39: 17
    40: 31
    41: 31
    42: 24
    43: 12
    44: 3
    45: 3
    46: 6
    47: 30
    48: 15
    49: 8
    50: 8
    51: 13
    52: 11
    53: 4
    54: 1
    55: 0
    56: 0
    57: 0
    58: 0
    59: 0
    60: 0
    61: 0
    62: 0
    63: 0
    64: 0
    65: 0
    66: 0
    67: 0
    68: 0
    69: 0
    70: 0
    71: 0
    72: 0
    73: 0
    74: 0
    75: 0
    76: 0
    77: 0
    78: 0
    79: 0
    80: 0
    81: 0
    82: 0
    83: 0
    84: 0
    85: 0
    86: 0
    87: 0
    88: 0
    89: 0
    90: 0
    91: 0
    92: 0
    93: 0
    94: 0
    95: 0
    96: 0
    97: 0
    98: 0
    99: 0
  mem-3: # Memory controller stats
   rd: 39841 # Read requests
   wr: 31124 # Write requests
   rdlat: 6117306 # Total latency experienced by read requests
   wrlat: 4732278 # Total latency experienced by write requests
   rdhits: 5 # Read row hits
   wrhits: 64 # Write row hits
   mlh: # latency histogram for memory requests
    0: 0
    1: 0
    2: 0
    3: 0
    4: 0
    5: 0
    6: 0
    7: 0
    8: 0
    9: 0
    10: 0
    11: 0
    12: 1
    13: 30121
    14: 2276
    15: 46
    16: 22
    17: 18
    18: 4
    19: 8
    20: 16
    21: 16
    22: 34
    23: 6716
    24: 31
    25: 69
    26: 18
    27: 20
    28: 22
    29: 17
    30: 23
    31: 24
    32: 14
    33: 13
    34: 12
    35: 17
    36: 23
    37: 13
    38: 17
    39: 20
    40: 28
    41: 21
    42: 28
    43: 16
    44: 5
    45: 3
    46: 11
    47: 48
    48: 12
    49: 5
    50: 10
    51: 3
    52: 14
    53: 6
    54: 0
    55: 0
    56: 0
    57: 0
    58: 0
    59: 0
    60: 0
    61: 0
    62: 0
    63: 0
    64: 0
    65: 0
    66: 0
    67: 0
    68: 0
    69: 0
    70: 0
    71: 0
    72: 0
    73: 0
    74: 0
    75: 0
    76: 0
    77: 0
    78: 0
    79: 0
    80: 0
    81: 0
    82: 0
    83: 0
    84: 0
    85: 0
    86: 0
    87: 0
    88: 0
    89: 0
    90: 0
    91: 0
    92: 0
    93: 0
    94: 0
    95: 0
    96: 0
    97: 0
    98: 0
    99: 0
 sched: # Scheduler stats
  thCr: 1 # Threads created
  thFn: 1 # Threads finished
  schedEvs: 1 # Schedule events
  waitEvs: 0 # Wait events
  handoffEvs: 0 # Handoff events
  sleepEvs: 0 # Sleep events
  idlePhases: 0 # Phases with no thread active
  idlePeriods: 0 # Periods with no thread active
  occHist: # Occupancy histogram
   0: 0
   1: 6510
  rqSzHist: # Run queue size histogram
   0: 6510
   1: 0
   2: 0
   3: 0
   4: 0
   5: 0
   6: 0
   7: 0
   8: 0
   9: 0
   10: 0
   11: 0
   12: 0
   13: 0
   14: 0
   15: 0
   16: 0
 procCycles: # Per-process unhalted core cycles
  0: 65101712
  1: 0
  2: 0
  3: 0
  4: 0
  5: 0
  6: 0
  7: 0
  8: 0
  9: 0
  10: 0
  11: 0
  12: 0
  13: 0
  14: 0
  15: 0
  16: 0
  17: 0
  18: 0
  19: 0
  20: 0
  21: 0
  22: 0
  23: 0
  24: 0
  25: 0
  26: 0
  27: 0
  28: 0
  29: 0
  30: 0
  31: 0
  32: 0
  33: 0
  34: 0
  35: 0
  36: 0
  37: 0
  38: 0
  39: 0
  40: 0
  41: 0
  42: 0
  43: 0
  44: 0
  45: 0
  46: 0
  47: 0
  48: 0
  49: 0
  50: 0
  51: 0
  52: 0
  53: 0
  54: 0
  55: 0
  56: 0
  57: 0
  58: 0
  59: 0
  60: 0
  61: 0
  62: 0
  63: 0
 procInstrs: # Per-process instructions
  0: 100009806
  1: 0
  2: 0
  3: 0
  4: 0
  5: 0
  6: 0
  7: 0
  8: 0
  9: 0
  10: 0
  11: 0
  12: 0
  13: 0
  14: 0
  15: 0
  16: 0
  17: 0
  18: 0
  19: 0
  20: 0
  21: 0
  22: 0
  23: 0
  24: 0
  25: 0
  26: 0
  27: 0
  28: 0
  29: 0
  30: 0
  31: 0
  32: 0
  33: 0
  34: 0
  35: 0
  36: 0
  37: 0
  38: 0
  39: 0
  40: 0
  41: 0
  42: 0
  43: 0
  44: 0
  45: 0
  46: 0
  47: 0
  48: 0
  49: 0
  50: 0
  51: 0
  52: 0
  53: 0
  54: 0
  55: 0
  56: 0
  57: 0
  58: 0
  59: 0
  60: 0
  61: 0
  62: 0
  63: 0
 heartbeats: # Per-process heartbeats
  0: 0
  1: 0
  2: 0
  3: 0
  4: 0
  5: 0
  6: 0
  7: 0
  8: 0
  9: 0
  10: 0
  11: 0
  12: 0
  13: 0
  14: 0
  15: 0
  16: 0
  17: 0
  18: 0
  19: 0
  20: 0
  21: 0
  22: 0
  23: 0
  24: 0
  25: 0
  26: 0
  27: 0
  28: 0
  29: 0
  30: 0
  31: 0
  32: 0
  33: 0
  34: 0
  35: 0
  36: 0
  37: 0
  38: 0
  39: 0
  40: 0
  41: 0
  42: 0
  43: 0
  44: 0
  45: 0
  46: 0
  47: 0
  48: 0
  49: 0
  50: 0
  51: 0
  52: 0
  53: 0
  54: 0
  55: 0
  56: 0
  57: 0
  58: 0
  59: 0
  60: 0
  61: 0
  62: 0
  63: 0
===
