# zsim stats
===
root: # Stats
 contention: # Contention simulation stats
  domain-0: # Domain stats
   time: 45872666 # Weave simulation time
 time: # Simulator time breakdown
  init: 2786050417
  bound: 8828805921
  weave: 98031944
  ff: 0
 trigger: 20000 # Reason for this stats dump
 phase: 5484 # Simulated phases
 westmere: # Core stats
  westmere-0: # Core stats
   cycles: 54840085 # Simulated unhalted cycles
   cCycles: 863585 # Cycles due to contention stalls
   instrs: 100017929 # Simulated instructions
   uops: 115462340 # Retired micro-ops
   bbls: 23507843 # Basic blocks
   approxInstrs: 1076197 # Instrs with approx uop decoding
   mispredBranches: 268977 # Mispredicted branches
   condBranches: 18724461 # conditional branches
 l1i: # Cache stats
  l1i-0: # Filter cache stats
   fhGETS: 21259510 # Filtered GETS hits
   fhGETX: 0 # Filtered GETX hits
   hGETS: 3811113 # GETS hits
   hGETX: 0 # GETX hits
   mGETS: 2611 # GETS misses
   mGETXIM: 0 # GETX I->M misses
   mGETXSM: 0 # GETX S->M misses (upgrade misses)
   PUTS: 0 # Clean evictions (from lower level)
   PUTX: 0 # Dirty evictions (from lower level)
   INV: 479 # Invalidates (from upper level)
   INVX: 0 # Downgrades (from upper level)
   FWD: 0 # Forwards (from upper level)
   latGETnl: 141712 # GET request latency on next level
   latGETnet: 0 # GET request latency on network to next level
 l1d: # Cache stats
  l1d-0: # Filter cache stats
   fhGETS: 21241541 # Filtered GETS hits
   fhGETX: 11469610 # Filtered GETX hits
   hGETS: 1150721 # GETS hits
   hGETX: 501888 # GETX hits
   mGETS: 19769 # GETS misses
   mGETXIM: 32341 # GETX I->M misses
   mGETXSM: 0 # GETX S->M misses (upgrade misses)
   PUTS: 0 # Clean evictions (from lower level)
   PUTX: 0 # Dirty evictions (from lower level)
   INV: 1769 # Invalidates (from upper level)
   INVX: 0 # Downgrades (from upper level)
   FWD: 0 # Forwards (from upper level)
   latGETnl: 4881582 # GET request latency on next level
   latGETnet: 0 # GET request latency on network to next level
 l2: # Cache stats
  l2-0: # Cache stats
   hGETS: 8746 # GETS hits
   hGETX: 5789 # GETX hits
   mGETS: 13634 # GETS misses
   mGETXIM: 26552 # GETX I->M misses
   mGETXSM: 0 # GETX S->M misses (upgrade misses)
   PUTS: 16359 # Clean evictions (from lower level)
   PUTX: 35198 # Dirty evictions (from lower level)
   INV: 5717 # Invalidates (from upper level)
   INVX: 0 # Downgrades (from upper level)
   FWD: 0 # Forwards (from upper level)
   latGETnl: 4476084 # GET request latency on next level
   latGETnet: 0 # GET request latency on network to next level
 l3: # Cache stats
  l3-0: # Cache stats
   hGETS: 1115 # GETS hits
   hGETX: 53 # GETX hits
   mGETS: 12519 # GETS misses
   mGETXIM: 26499 # GETX I->M misses
   mGETXSM: 0 # GETX S->M misses (upgrade misses)
   PUTS: 9440 # Clean evictions (from lower level)
   PUTX: 20959 # Dirty evictions (from lower level)
   INV: 0 # Invalidates (from upper level)
   INVX: 0 # Downgrades (from upper level)
   FWD: 0 # Forwards (from upper level)
   latGETnl: 3511620 # GET request latency on next level
   latGETnet: 0 # GET request latency on network to next level
 mem: # Memory controller stats
  mem-0: # Memory controller stats
   rd: 9761 # Read requests
   wr: 2816 # Write requests
   rdlat: 1318966 # Total latency experienced by read requests
   wrlat: 408743 # Total latency experienced by write requests
   rdhits: 2 # Read row hits
   wrhits: 6 # Write row hits
   mlh: # latency histogram for memory requests
    0: 0
    1: 0
    2: 0
    3: 0
    4: 0
    5: 0
    6: 0
    7: 0
    8: 0
    9: 0
    10: 0
    11: 0
    12: 1
    13: 9299
    14: 98
    15: 106
    16: 60
    17: 13
    18: 11
    19: 13
    20: 7
    21: 13
    22: 5
    23: 7
    24: 16
    25: 6
    26: 4
    27: 4
    28: 3
    29: 5
    30: 8
    31: 10
    32: 6
    33: 6
    34: 9
    35: 6
    36: 8
    37: 7
    38: 7
    39: 5
    40: 3
    41: 6
    42: 6
    43: 2
    44: 0
    45: 0
    46: 0
    47: 1
    48: 0
    49: 0
    50: 0
    51: 0
    52: 0
    53: 0
    54: 0
    55: 0
    56: 0
    57: 0
    58: 0
    59: 0
    60: 0
    61: 0
    62: 0
    63: 0
    64: 0
    65: 0
    66: 0
    67: 0
    68: 0
    69: 0
    70: 0
    71: 0
    72: 0
    73: 0
    74: 0
    75: 0
    76: 0
    77: 0
    78: 0
    79: 0
    80: 0
    81: 0
    82: 0
    83: 0
    84: 0
    85: 0
    86: 0
    87: 0
    88: 0
    89: 0
    90: 0
    91: 0
    92: 0
    93: 0
    94: 0
    95: 0
    96: 0
    97: 0
    98: 0
    99: 0
  mem-1: # Memory controller stats
   rd: 9740 # Read requests
   wr: 2809 # Write requests
   rdlat: 1312292 # Total latency experienced by read requests
   wrlat: 407604 # Total latency experienced by write requests
   rdhits: 1 # Read row hits
   wrhits: 5 # Write row hits
   mlh: # latency histogram for memory requests
    0: 0
    1: 0
    2: 0
    3: 0
    4: 0
    5: 0
    6: 0
    7: 0
    8: 0
    9: 0
    10: 0
    11: 0
    12: 0
    13: 9294
    14: 107
    15: 114
    16: 54
    17: 18
    18: 9
    19: 10
    20: 9
    21: 7
    22: 6
    23: 5
    24: 8
    25: 3
    26: 7
    27: 5
    28: 2
    29: 5
    30: 3
    31: 11
    32: 4
    33: 9
    34: 2
    35: 10
    36: 5
    37: 6
    38: 3
    39: 3
    40: 5
    41: 8
    42: 4
    43: 1
    44: 0
    45: 0
    46: 2
    47: 1
    48: 0
    49: 0
    50: 0
    51: 0
    52: 0
    53: 0
    54: 0
    55: 0
    56: 0
    57: 0
    58: 0
    59: 0
    60: 0
    61: 0
    62: 0
    63: 0
    64: 0
    65: 0
    66: 0
    67: 0
    68: 0
    69: 0
    70: 0
    71: 0
    72: 0
    73: 0
    74: 0
    75: 0
    76: 0
    77: 0
    78: 0
    79: 0
    80: 0
    81: 0
    82: 0
    83: 0
    84: 0
    85: 0
    86: 0
    87: 0
    88: 0
    89: 0
    90: 0
    91: 0
    92: 0
    93: 0
    94: 0
    95: 0
    96: 0
    97: 0
    98: 0
    99: 0
  mem-2: # Memory controller stats
   rd: 9751 # Read requests
   wr: 2826 # Write requests
   rdlat: 1313366 # Total latency experienced by read requests
   wrlat: 405490 # Total latency experienced by write requests
   rdhits: 4 # Read row hits
   wrhits: 9 # Write row hits
   mlh: # latency histogram for memory requests
    0: 0
    1: 0
    2: 0
    3: 0
    4: 0
    5: 0
    6: 0
    7: 0
    8: 0
    9: 0
    10: 0
    11: 1
    12: 1
    13: 9348
    14: 83
    15: 87
    16: 55
    17: 16
    18: 13
    19: 5
    20: 8
    21: 7
    22: 7
    23: 8
    24: 9
    25: 3
    26: 5
    27: 3
    28: 4
    29: 7
    30: 6
    31: 11
    32: 7
    33: 8
    34: 8
    35: 4
    36: 10
    37: 1
    38: 7
    39: 6
    40: 3
    41: 4
    42: 2
    43: 2
    44: 1
    45: 0
    46: 0
    47: 1
    48: 0
    49: 0
    50: 0
    51: 0
    52: 0
    53: 0
    54: 0
    55: 0
    56: 0
    57: 0
    58: 0
    59: 0
    60: 0
    61: 0
    62: 0
    63: 0
    64: 0
    65: 0
    66: 0
    67: 0
    68: 0
    69: 0
    70: 0
    71: 0
    72: 0
    73: 0
    74: 0
    75: 0
    76: 0
    77: 0
    78: 0
    79: 0
    80: 0
    81: 0
    82: 0
    83: 0
    84: 0
    85: 0
    86: 0
    87: 0
    88: 0
    89: 0
    90: 0
    91: 0
    92: 0
    93: 0
    94: 0
    95: 0
    96: 0
    97: 0
    98: 0
    99: 0
  mem-3: # Memory controller stats
   rd: 9766 # Read requests
   wr: 2824 # Write requests
   rdlat: 1314121 # Total latency experienced by read requests
   wrlat: 413861 # Total latency experienced by write requests
   rdhits: 7 # Read row hits
   wrhits: 2 # Write row hits
   mlh: # latency histogram for memory requests
    0: 0
    1: 0
    2: 0
    3: 0
    4: 0
    5: 0
    6: 0
    7: 0
    8: 0
    9: 0
    10: 0
    11: 3
    12: 1
    13: 9337
    14: 114
    15: 113
    16: 55
    17: 15
    18: 1
    19: 5
    20: 6
    21: 5
    22: 3
    23: 2
    24: 3
    25: 3
    26: 4
    27: 8
    28: 2
    29: 3
    30: 5
    31: 11
    32: 8
    33: 4
    34: 5
    35: 3
    36: 7
    37: 10
    38: 7
    39: 2
    40: 6
    41: 6
    42: 5
    43: 2
    44: 1
    45: 1
    46: 0
    47: 0
    48: 0
    49: 0
    50: 0
    51: 0
    52: 0
    53: 0
    54: 0
    55: 0
    56: 0
    57: 0
    58: 0
    59: 0
    60: 0
    61: 0
    62: 0
    63: 0
    64: 0
    65: 0
    66: 0
    67: 0
    68: 0
    69: 0
    70: 0
    71: 0
    72: 0
    73: 0
    74: 0
    75: 0
    76: 0
    77: 0
    78: 0
    79: 0
    80: 0
    81: 0
    82: 0
    83: 0
    84: 0
    85: 0
    86: 0
    87: 0
    88: 0
    89: 0
    90: 0
    91: 0
    92: 0
    93: 0
    94: 0
    95: 0
    96: 0
    97: 0
    98: 0
    99: 0
 sched: # Scheduler stats
  thCr: 1 # Threads created
  thFn: 1 # Threads finished
  schedEvs: 1 # Schedule events
  waitEvs: 0 # Wait events
  handoffEvs: 0 # Handoff events
  sleepEvs: 0 # Sleep events
  idlePhases: 0 # Phases with no thread active
  idlePeriods: 0 # Periods with no thread active
  occHist: # Occupancy histogram
   0: 0
   1: 5484
  rqSzHist: # Run queue size histogram
   0: 5484
   1: 0
   2: 0
   3: 0
   4: 0
   5: 0
   6: 0
   7: 0
   8: 0
   9: 0
   10: 0
   11: 0
   12: 0
   13: 0
   14: 0
   15: 0
   16: 0
 procCycles: # Per-process unhalted core cycles
  0: 54840085
  1: 0
  2: 0
  3: 0
  4: 0
  5: 0
  6: 0
  7: 0
  8: 0
  9: 0
  10: 0
  11: 0
  12: 0
  13: 0
  14: 0
  15: 0
  16: 0
  17: 0
  18: 0
  19: 0
  20: 0
  21: 0
  22: 0
  23: 0
  24: 0
  25: 0
  26: 0
  27: 0
  28: 0
  29: 0
  30: 0
  31: 0
  32: 0
  33: 0
  34: 0
  35: 0
  36: 0
  37: 0
  38: 0
  39: 0
  40: 0
  41: 0
  42: 0
  43: 0
  44: 0
  45: 0
  46: 0
  47: 0
  48: 0
  49: 0
  50: 0
  51: 0
  52: 0
  53: 0
  54: 0
  55: 0
  56: 0
  57: 0
  58: 0
  59: 0
  60: 0
  61: 0
  62: 0
  63: 0
 procInstrs: # Per-process instructions
  0: 100017929
  1: 0
  2: 0
  3: 0
  4: 0
  5: 0
  6: 0
  7: 0
  8: 0
  9: 0
  10: 0
  11: 0
  12: 0
  13: 0
  14: 0
  15: 0
  16: 0
  17: 0
  18: 0
  19: 0
  20: 0
  21: 0
  22: 0
  23: 0
  24: 0
  25: 0
  26: 0
  27: 0
  28: 0
  29: 0
  30: 0
  31: 0
  32: 0
  33: 0
  34: 0
  35: 0
  36: 0
  37: 0
  38: 0
  39: 0
  40: 0
  41: 0
  42: 0
  43: 0
  44: 0
  45: 0
  46: 0
  47: 0
  48: 0
  49: 0
  50: 0
  51: 0
  52: 0
  53: 0
  54: 0
  55: 0
  56: 0
  57: 0
  58: 0
  59: 0
  60: 0
  61: 0
  62: 0
  63: 0
 heartbeats: # Per-process heartbeats
  0: 0
  1: 0
  2: 0
  3: 0
  4: 0
  5: 0
  6: 0
  7: 0
  8: 0
  9: 0
  10: 0
  11: 0
  12: 0
  13: 0
  14: 0
  15: 0
  16: 0
  17: 0
  18: 0
  19: 0
  20: 0
  21: 0
  22: 0
  23: 0
  24: 0
  25: 0
  26: 0
  27: 0
  28: 0
  29: 0
  30: 0
  31: 0
  32: 0
  33: 0
  34: 0
  35: 0
  36: 0
  37: 0
  38: 0
  39: 0
  40: 0
  41: 0
  42: 0
  43: 0
  44: 0
  45: 0
  46: 0
  47: 0
  48: 0
  49: 0
  50: 0
  51: 0
  52: 0
  53: 0
  54: 0
  55: 0
  56: 0
  57: 0
  58: 0
  59: 0
  60: 0
  61: 0
  62: 0
  63: 0
===
