# zsim stats
===
root: # Stats
 contention: # Contention simulation stats
  domain-0: # Domain stats
   time: 1763125208 # Weave simulation time
 time: # Simulator time breakdown
  init: 1420839643986
  bound: 12240435424
  weave: 1969085694
  ff: 0
 trigger: 20000 # Reason for this stats dump
 phase: 22316 # Simulated phases
 westmere: # Core stats
  westmere-0: # Core stats
   cycles: 223161926 # Simulated unhalted cycles
   cCycles: 41810743 # Cycles due to contention stalls
   instrs: 100002789 # Simulated instructions
   uops: 108915672 # Retired micro-ops
   bbls: 19845039 # Basic blocks
   approxInstrs: 1672503 # Instrs with approx uop decoding
   mispredBranches: 1185115 # Mispredicted branches
   condBranches: 18692976 # conditional branches
 l1i: # Cache stats
  l1i-0: # Filter cache stats
   fhGETS: 25986103 # Filtered GETS hits
   fhGETX: 0 # Filtered GETX hits
   hGETS: 190211 # GETS hits
   hGETX: 0 # GETX hits
   mGETS: 2277 # GETS misses
   mGETXIM: 0 # GETX I->M misses
   mGETXSM: 0 # GETX S->M misses (upgrade misses)
   PUTS: 0 # Clean evictions (from lower level)
   PUTX: 0 # Dirty evictions (from lower level)
   INV: 7 # Invalidates (from upper level)
   INVX: 0 # Downgrades (from upper level)
   FWD: 0 # Forwards (from upper level)
   latGETnl: 267240 # GET request latency on next level
   latGETnet: 0 # GET request latency on network to next level
 l1d: # Cache stats
  l1d-0: # Filter cache stats
   fhGETS: 22577810 # Filtered GETS hits
   fhGETX: 4149510 # Filtered GETX hits
   hGETS: 2345679 # GETS hits
   hGETX: 2570448 # GETX hits
   mGETS: 3381432 # GETS misses
   mGETXIM: 691266 # GETX I->M misses
   mGETXSM: 0 # GETX S->M misses (upgrade misses)
   PUTS: 0 # Clean evictions (from lower level)
   PUTX: 0 # Dirty evictions (from lower level)
   INV: 0 # Invalidates (from upper level)
   INVX: 0 # Downgrades (from upper level)
   FWD: 0 # Forwards (from upper level)
   latGETnl: 307579224 # GET request latency on next level
   latGETnet: 0 # GET request latency on network to next level
 l2: # Cache stats
  l2-0: # Cache stats
   hGETS: 691758 # GETS hits
   hGETX: 100751 # GETX hits
   mGETS: 2691951 # GETS misses
   mGETXIM: 590515 # GETX I->M misses
   mGETXSM: 0 # GETX S->M misses (upgrade misses)
   PUTS: 2317061 # Clean evictions (from lower level)
   PUTX: 1756887 # Dirty evictions (from lower level)
   INV: 0 # Invalidates (from upper level)
   INVX: 0 # Downgrades (from upper level)
   FWD: 0 # Forwards (from upper level)
   latGETnl: 267096714 # GET request latency on next level
   latGETnet: 0 # GET request latency on network to next level
 l3: # Cache stats
  l3-0: # Cache stats
   hGETS: 971647 # GETS hits
   hGETX: 218402 # GETX hits
   mGETS: 1720304 # GETS misses
   mGETXIM: 372113 # GETX I->M misses
   mGETXSM: 0 # GETX S->M misses (upgrade misses)
   PUTS: 1956137 # Clean evictions (from lower level)
   PUTX: 1322233 # Dirty evictions (from lower level)
   INV: 0 # Invalidates (from upper level)
   INVX: 0 # Downgrades (from upper level)
   FWD: 0 # Forwards (from upper level)
   latGETnl: 188317530 # GET request latency on next level
   latGETnet: 0 # GET request latency on network to next level
 mem: # Memory controller stats
  mem-0: # Memory controller stats
   rd: 522665 # Read requests
   wr: 205113 # Write requests
   rdlat: 71100768 # Total latency experienced by read requests
   wrlat: 30647615 # Total latency experienced by write requests
   rdhits: 13313 # Read row hits
   wrhits: 1345 # Write row hits
   mlh: # latency histogram for memory requests
    0: 0
    1: 0
    2: 0
    3: 0
    4: 0
    5: 0
    6: 0
    7: 0
    8: 0
    9: 0
    10: 0
    11: 645
    12: 542
    13: 461506
    14: 38892
    15: 7148
    16: 3086
    17: 1039
    18: 426
    19: 485
    20: 467
    21: 643
    22: 442
    23: 551
    24: 912
    25: 631
    26: 179
    27: 190
    28: 228
    29: 269
    30: 303
    31: 288
    32: 328
    33: 337
    34: 342
    35: 368
    36: 329
    37: 318
    38: 264
    39: 301
    40: 290
    41: 277
    42: 265
    43: 147
    44: 46
    45: 38
    46: 33
    47: 50
    48: 40
    49: 8
    50: 7
    51: 2
    52: 2
    53: 1
    54: 0
    55: 0
    56: 0
    57: 0
    58: 0
    59: 0
    60: 0
    61: 0
    62: 0
    63: 0
    64: 0
    65: 0
    66: 0
    67: 0
    68: 0
    69: 0
    70: 0
    71: 0
    72: 0
    73: 0
    74: 0
    75: 0
    76: 0
    77: 0
    78: 0
    79: 0
    80: 0
    81: 0
    82: 0
    83: 0
    84: 0
    85: 0
    86: 0
    87: 0
    88: 0
    89: 0
    90: 0
    91: 0
    92: 0
    93: 0
    94: 0
    95: 0
    96: 0
    97: 0
    98: 0
    99: 0
  mem-1: # Memory controller stats
   rd: 523658 # Read requests
   wr: 205250 # Write requests
   rdlat: 71231761 # Total latency experienced by read requests
   wrlat: 30699667 # Total latency experienced by write requests
   rdhits: 13070 # Read row hits
   wrhits: 1379 # Write row hits
   mlh: # latency histogram for memory requests
    0: 0
    1: 0
    2: 0
    3: 0
    4: 0
    5: 0
    6: 0
    7: 0
    8: 0
    9: 0
    10: 0
    11: 625
    12: 472
    13: 462419
    14: 38049
    15: 7732
    16: 3659
    17: 1074
    18: 373
    19: 433
    20: 459
    21: 695
    22: 472
    23: 530
    24: 859
    25: 548
    26: 195
    27: 189
    28: 235
    29: 255
    30: 321
    31: 363
    32: 358
    33: 310
    34: 314
    35: 327
    36: 324
    37: 276
    38: 276
    39: 290
    40: 301
    41: 290
    42: 277
    43: 130
    44: 37
    45: 27
    46: 44
    47: 48
    48: 46
    49: 7
    50: 9
    51: 2
    52: 1
    53: 1
    54: 1
    55: 1
    56: 0
    57: 3
    58: 0
    59: 0
    60: 0
    61: 1
    62: 0
    63: 0
    64: 0
    65: 0
    66: 0
    67: 0
    68: 0
    69: 0
    70: 0
    71: 0
    72: 0
    73: 0
    74: 0
    75: 0
    76: 0
    77: 0
    78: 0
    79: 0
    80: 0
    81: 0
    82: 0
    83: 0
    84: 0
    85: 0
    86: 0
    87: 0
    88: 0
    89: 0
    90: 0
    91: 0
    92: 0
    93: 0
    94: 0
    95: 0
    96: 0
    97: 0
    98: 0
    99: 0
  mem-2: # Memory controller stats
   rd: 522285 # Read requests
   wr: 204140 # Write requests
   rdlat: 71042408 # Total latency experienced by read requests
   wrlat: 30491023 # Total latency experienced by write requests
   rdhits: 12777 # Read row hits
   wrhits: 1243 # Write row hits
   mlh: # latency histogram for memory requests
    0: 0
    1: 0
    2: 0
    3: 0
    4: 0
    5: 0
    6: 0
    7: 0
    8: 0
    9: 0
    10: 0
    11: 599
    12: 503
    13: 460794
    14: 40005
    15: 6852
    16: 2912
    17: 983
    18: 350
    19: 390
    20: 431
    21: 566
    22: 390
    23: 639
    24: 986
    25: 629
    26: 201
    27: 227
    28: 235
    29: 244
    30: 314
    31: 310
    32: 365
    33: 326
    34: 321
    35: 277
    36: 334
    37: 317
    38: 270
    39: 314
    40: 298
    41: 279
    42: 267
    43: 150
    44: 35
    45: 36
    46: 28
    47: 49
    48: 40
    49: 7
    50: 4
    51: 1
    52: 4
    53: 1
    54: 2
    55: 0
    56: 0
    57: 0
    58: 0
    59: 0
    60: 0
    61: 0
    62: 0
    63: 0
    64: 0
    65: 0
    66: 0
    67: 0
    68: 0
    69: 0
    70: 0
    71: 0
    72: 0
    73: 0
    74: 0
    75: 0
    76: 0
    77: 0
    78: 0
    79: 0
    80: 0
    81: 0
    82: 0
    83: 0
    84: 0
    85: 0
    86: 0
    87: 0
    88: 0
    89: 0
    90: 0
    91: 0
    92: 0
    93: 0
    94: 0
    95: 0
    96: 0
    97: 0
    98: 0
    99: 0
  mem-3: # Memory controller stats
   rd: 523802 # Read requests
   wr: 204499 # Write requests
   rdlat: 71234285 # Total latency experienced by read requests
   wrlat: 30552180 # Total latency experienced by write requests
   rdhits: 13126 # Read row hits
   wrhits: 1332 # Write row hits
   mlh: # latency histogram for memory requests
    0: 0
    1: 0
    2: 0
    3: 0
    4: 0
    5: 0
    6: 0
    7: 0
    8: 0
    9: 0
    10: 0
    11: 730
    12: 483
    13: 462162
    14: 39494
    15: 7227
    16: 2962
    17: 1083
    18: 423
    19: 439
    20: 515
    21: 541
    22: 514
    23: 476
    24: 995
    25: 590
    26: 172
    27: 220
    28: 216
    29: 287
    30: 282
    31: 300
    32: 311
    33: 332
    34: 335
    35: 331
    36: 284
    37: 293
    38: 293
    39: 300
    40: 309
    41: 296
    42: 277
    43: 117
    44: 51
    45: 32
    46: 45
    47: 29
    48: 40
    49: 5
    50: 4
    51: 1
    52: 4
    53: 1
    54: 0
    55: 0
    56: 1
    57: 0
    58: 0
    59: 0
    60: 0
    61: 0
    62: 0
    63: 0
    64: 0
    65: 0
    66: 0
    67: 0
    68: 0
    69: 0
    70: 0
    71: 0
    72: 0
    73: 0
    74: 0
    75: 0
    76: 0
    77: 0
    78: 0
    79: 0
    80: 0
    81: 0
    82: 0
    83: 0
    84: 0
    85: 0
    86: 0
    87: 0
    88: 0
    89: 0
    90: 0
    91: 0
    92: 0
    93: 0
    94: 0
    95: 0
    96: 0
    97: 0
    98: 0
    99: 0
 sched: # Scheduler stats
  thCr: 1 # Threads created
  thFn: 1 # Threads finished
  schedEvs: 1 # Schedule events
  waitEvs: 0 # Wait events
  handoffEvs: 0 # Handoff events
  sleepEvs: 0 # Sleep events
  idlePhases: 0 # Phases with no thread active
  idlePeriods: 0 # Periods with no thread active
  occHist: # Occupancy histogram
   0: 0
   1: 22316
  rqSzHist: # Run queue size histogram
   0: 22316
   1: 0
   2: 0
   3: 0
   4: 0
   5: 0
   6: 0
   7: 0
   8: 0
   9: 0
   10: 0
   11: 0
   12: 0
   13: 0
   14: 0
   15: 0
   16: 0
 procCycles: # Per-process unhalted core cycles
  0: 223161926
  1: 0
  2: 0
  3: 0
  4: 0
  5: 0
  6: 0
  7: 0
  8: 0
  9: 0
  10: 0
  11: 0
  12: 0
  13: 0
  14: 0
  15: 0
  16: 0
  17: 0
  18: 0
  19: 0
  20: 0
  21: 0
  22: 0
  23: 0
  24: 0
  25: 0
  26: 0
  27: 0
  28: 0
  29: 0
  30: 0
  31: 0
  32: 0
  33: 0
  34: 0
  35: 0
  36: 0
  37: 0
  38: 0
  39: 0
  40: 0
  41: 0
  42: 0
  43: 0
  44: 0
  45: 0
  46: 0
  47: 0
  48: 0
  49: 0
  50: 0
  51: 0
  52: 0
  53: 0
  54: 0
  55: 0
  56: 0
  57: 0
  58: 0
  59: 0
  60: 0
  61: 0
  62: 0
  63: 0
 procInstrs: # Per-process instructions
  0: 100002789
  1: 0
  2: 0
  3: 0
  4: 0
  5: 0
  6: 0
  7: 0
  8: 0
  9: 0
  10: 0
  11: 0
  12: 0
  13: 0
  14: 0
  15: 0
  16: 0
  17: 0
  18: 0
  19: 0
  20: 0
  21: 0
  22: 0
  23: 0
  24: 0
  25: 0
  26: 0
  27: 0
  28: 0
  29: 0
  30: 0
  31: 0
  32: 0
  33: 0
  34: 0
  35: 0
  36: 0
  37: 0
  38: 0
  39: 0
  40: 0
  41: 0
  42: 0
  43: 0
  44: 0
  45: 0
  46: 0
  47: 0
  48: 0
  49: 0
  50: 0
  51: 0
  52: 0
  53: 0
  54: 0
  55: 0
  56: 0
  57: 0
  58: 0
  59: 0
  60: 0
  61: 0
  62: 0
  63: 0
 heartbeats: # Per-process heartbeats
  0: 0
  1: 0
  2: 0
  3: 0
  4: 0
  5: 0
  6: 0
  7: 0
  8: 0
  9: 0
  10: 0
  11: 0
  12: 0
  13: 0
  14: 0
  15: 0
  16: 0
  17: 0
  18: 0
  19: 0
  20: 0
  21: 0
  22: 0
  23: 0
  24: 0
  25: 0
  26: 0
  27: 0
  28: 0
  29: 0
  30: 0
  31: 0
  32: 0
  33: 0
  34: 0
  35: 0
  36: 0
  37: 0
  38: 0
  39: 0
  40: 0
  41: 0
  42: 0
  43: 0
  44: 0
  45: 0
  46: 0
  47: 0
  48: 0
  49: 0
  50: 0
  51: 0
  52: 0
  53: 0
  54: 0
  55: 0
  56: 0
  57: 0
  58: 0
  59: 0
  60: 0
  61: 0
  62: 0
  63: 0
===
