# zsim stats
===
root: # Stats
 contention: # Contention simulation stats
  domain-0: # Domain stats
   time: 302561225 # Weave simulation time
 time: # Simulator time breakdown
  init: 2749734855355
  bound: 9929379549
  weave: 372807497
  ff: 0
 trigger: 20000 # Reason for this stats dump
 phase: 6985 # Simulated phases
 westmere: # Core stats
  westmere-0: # Core stats
   cycles: 69850577 # Simulated unhalted cycles
   cCycles: 4668302 # Cycles due to contention stalls
   instrs: 100008314 # Simulated instructions
   uops: 116956424 # Retired micro-ops
   bbls: 30042214 # Basic blocks
   approxInstrs: 315264 # Instrs with approx uop decoding
   mispredBranches: 237774 # Mispredicted branches
   condBranches: 22696436 # conditional branches
 l1i: # Cache stats
  l1i-0: # Filter cache stats
   fhGETS: 28132399 # Filtered GETS hits
   fhGETX: 0 # Filtered GETX hits
   hGETS: 2780306 # GETS hits
   hGETX: 0 # GETX hits
   mGETS: 404817 # GETS misses
   mGETXIM: 0 # GETX I->M misses
   mGETXSM: 0 # GETX S->M misses (upgrade misses)
   PUTS: 0 # Clean evictions (from lower level)
   PUTX: 0 # Dirty evictions (from lower level)
   INV: 2923 # Invalidates (from upper level)
   INVX: 0 # Downgrades (from upper level)
   FWD: 0 # Forwards (from upper level)
   latGETnl: 5366826 # GET request latency on next level
   latGETnet: 0 # GET request latency on network to next level
 l1d: # Cache stats
  l1d-0: # Filter cache stats
   fhGETS: 25529058 # Filtered GETS hits
   fhGETX: 9013798 # Filtered GETX hits
   hGETS: 4223918 # GETS hits
   hGETX: 1327589 # GETX hits
   mGETS: 1430458 # GETS misses
   mGETXIM: 207963 # GETX I->M misses
   mGETXSM: 0 # GETX S->M misses (upgrade misses)
   PUTS: 0 # Clean evictions (from lower level)
   PUTX: 0 # Dirty evictions (from lower level)
   INV: 6585 # Invalidates (from upper level)
   INVX: 0 # Downgrades (from upper level)
   FWD: 0 # Forwards (from upper level)
   latGETnl: 44678800 # GET request latency on next level
   latGETnet: 0 # GET request latency on network to next level
 l2: # Cache stats
  l2-0: # Cache stats
   hGETS: 1613120 # GETS hits
   hGETX: 30304 # GETX hits
   mGETS: 222155 # GETS misses
   mGETXIM: 177659 # GETX I->M misses
   mGETXSM: 0 # GETX S->M misses (upgrade misses)
   PUTS: 1683611 # Clean evictions (from lower level)
   PUTX: 349134 # Dirty evictions (from lower level)
   INV: 31585 # Invalidates (from upper level)
   INVX: 0 # Downgrades (from upper level)
   FWD: 0 # Forwards (from upper level)
   latGETnl: 29613246 # GET request latency on next level
   latGETnet: 0 # GET request latency on network to next level
 l3: # Cache stats
  l3-0: # Cache stats
   hGETS: 127758 # GETS hits
   hGETX: 49637 # GETX hits
   mGETS: 94397 # GETS misses
   mGETXIM: 128022 # GETX I->M misses
   mGETXSM: 0 # GETX S->M misses (upgrade misses)
   PUTS: 119994 # Clean evictions (from lower level)
   PUTX: 244165 # Dirty evictions (from lower level)
   INV: 0 # Invalidates (from upper level)
   INVX: 0 # Downgrades (from upper level)
   FWD: 0 # Forwards (from upper level)
   latGETnl: 20017710 # GET request latency on next level
   latGETnet: 0 # GET request latency on network to next level
 mem: # Memory controller stats
  mem-0: # Memory controller stats
   rd: 55611 # Read requests
   wr: 38229 # Write requests
   rdlat: 7499151 # Total latency experienced by read requests
   wrlat: 5821450 # Total latency experienced by write requests
   rdhits: 72 # Read row hits
   wrhits: 45 # Write row hits
   mlh: # latency histogram for memory requests
    0: 0
    1: 0
    2: 0
    3: 0
    4: 0
    5: 0
    6: 0
    7: 0
    8: 0
    9: 0
    10: 0
    11: 8
    12: 8
    13: 52365
    14: 1152
    15: 737
    16: 489
    17: 49
    18: 31
    19: 26
    20: 28
    21: 34
    22: 42
    23: 44
    24: 47
    25: 36
    26: 23
    27: 29
    28: 19
    29: 20
    30: 15
    31: 31
    32: 39
    33: 34
    34: 33
    35: 32
    36: 31
    37: 25
    38: 35
    39: 37
    40: 22
    41: 28
    42: 28
    43: 16
    44: 5
    45: 8
    46: 2
    47: 1
    48: 1
    49: 1
    50: 0
    51: 0
    52: 0
    53: 0
    54: 0
    55: 0
    56: 0
    57: 0
    58: 0
    59: 0
    60: 0
    61: 0
    62: 0
    63: 0
    64: 0
    65: 0
    66: 0
    67: 0
    68: 0
    69: 0
    70: 0
    71: 0
    72: 0
    73: 0
    74: 0
    75: 0
    76: 0
    77: 0
    78: 0
    79: 0
    80: 0
    81: 0
    82: 0
    83: 0
    84: 0
    85: 0
    86: 0
    87: 0
    88: 0
    89: 0
    90: 0
    91: 0
    92: 0
    93: 0
    94: 0
    95: 0
    96: 0
    97: 0
    98: 0
    99: 0
  mem-1: # Memory controller stats
   rd: 55824 # Read requests
   wr: 38495 # Write requests
   rdlat: 7524180 # Total latency experienced by read requests
   wrlat: 5862567 # Total latency experienced by write requests
   rdhits: 57 # Read row hits
   wrhits: 41 # Write row hits
   mlh: # latency histogram for memory requests
    0: 0
    1: 0
    2: 0
    3: 0
    4: 0
    5: 0
    6: 0
    7: 0
    8: 0
    9: 0
    10: 0
    11: 5
    12: 12
    13: 52561
    14: 1198
    15: 746
    16: 471
    17: 43
    18: 37
    19: 33
    20: 36
    21: 28
    22: 21
    23: 37
    24: 47
    25: 41
    26: 21
    27: 22
    28: 24
    29: 22
    30: 29
    31: 24
    32: 34
    33: 35
    34: 20
    35: 34
    36: 30
    37: 36
    38: 25
    39: 40
    40: 25
    41: 26
    42: 31
    43: 12
    44: 9
    45: 4
    46: 1
    47: 2
    48: 1
    49: 0
    50: 0
    51: 0
    52: 0
    53: 1
    54: 0
    55: 0
    56: 0
    57: 0
    58: 0
    59: 0
    60: 0
    61: 0
    62: 0
    63: 0
    64: 0
    65: 0
    66: 0
    67: 0
    68: 0
    69: 0
    70: 0
    71: 0
    72: 0
    73: 0
    74: 0
    75: 0
    76: 0
    77: 0
    78: 0
    79: 0
    80: 0
    81: 0
    82: 0
    83: 0
    84: 0
    85: 0
    86: 0
    87: 0
    88: 0
    89: 0
    90: 0
    91: 0
    92: 0
    93: 0
    94: 0
    95: 0
    96: 0
    97: 0
    98: 0
    99: 0
  mem-2: # Memory controller stats
   rd: 55421 # Read requests
   wr: 38189 # Write requests
   rdlat: 7474199 # Total latency experienced by read requests
   wrlat: 5826652 # Total latency experienced by write requests
   rdhits: 83 # Read row hits
   wrhits: 41 # Write row hits
   mlh: # latency histogram for memory requests
    0: 0
    1: 0
    2: 0
    3: 0
    4: 0
    5: 0
    6: 0
    7: 0
    8: 0
    9: 0
    10: 0
    11: 5
    12: 19
    13: 52197
    14: 1173
    15: 724
    16: 453
    17: 37
    18: 35
    19: 23
    20: 33
    21: 21
    22: 27
    23: 31
    24: 58
    25: 47
    26: 25
    27: 30
    28: 18
    29: 31
    30: 25
    31: 27
    32: 37
    33: 34
    34: 51
    35: 29
    36: 39
    37: 33
    38: 28
    39: 23
    40: 24
    41: 28
    42: 22
    43: 13
    44: 5
    45: 8
    46: 2
    47: 5
    48: 1
    49: 0
    50: 0
    51: 0
    52: 0
    53: 0
    54: 0
    55: 0
    56: 0
    57: 0
    58: 0
    59: 0
    60: 0
    61: 0
    62: 0
    63: 0
    64: 0
    65: 0
    66: 0
    67: 0
    68: 0
    69: 0
    70: 0
    71: 0
    72: 0
    73: 0
    74: 0
    75: 0
    76: 0
    77: 0
    78: 0
    79: 0
    80: 0
    81: 0
    82: 0
    83: 0
    84: 0
    85: 0
    86: 0
    87: 0
    88: 0
    89: 0
    90: 0
    91: 0
    92: 0
    93: 0
    94: 0
    95: 0
    96: 0
    97: 0
    98: 0
    99: 0
  mem-3: # Memory controller stats
   rd: 55559 # Read requests
   wr: 38266 # Write requests
   rdlat: 7500983 # Total latency experienced by read requests
   wrlat: 5835701 # Total latency experienced by write requests
   rdhits: 83 # Read row hits
   wrhits: 44 # Write row hits
   mlh: # latency histogram for memory requests
    0: 0
    1: 0
    2: 0
    3: 0
    4: 0
    5: 0
    6: 0
    7: 0
    8: 0
    9: 0
    10: 0
    11: 4
    12: 13
    13: 52268
    14: 1167
    15: 714
    16: 484
    17: 53
    18: 32
    19: 35
    20: 38
    21: 29
    22: 26
    23: 46
    24: 59
    25: 42
    26: 18
    27: 18
    28: 32
    29: 23
    30: 24
    31: 36
    32: 36
    33: 35
    34: 36
    35: 49
    36: 19
    37: 38
    38: 34
    39: 30
    40: 26
    41: 33
    42: 31
    43: 12
    44: 7
    45: 5
    46: 3
    47: 1
    48: 2
    49: 0
    50: 0
    51: 1
    52: 0
    53: 0
    54: 0
    55: 0
    56: 0
    57: 0
    58: 0
    59: 0
    60: 0
    61: 0
    62: 0
    63: 0
    64: 0
    65: 0
    66: 0
    67: 0
    68: 0
    69: 0
    70: 0
    71: 0
    72: 0
    73: 0
    74: 0
    75: 0
    76: 0
    77: 0
    78: 0
    79: 0
    80: 0
    81: 0
    82: 0
    83: 0
    84: 0
    85: 0
    86: 0
    87: 0
    88: 0
    89: 0
    90: 0
    91: 0
    92: 0
    93: 0
    94: 0
    95: 0
    96: 0
    97: 0
    98: 0
    99: 0
 sched: # Scheduler stats
  thCr: 1 # Threads created
  thFn: 1 # Threads finished
  schedEvs: 1 # Schedule events
  waitEvs: 0 # Wait events
  handoffEvs: 0 # Handoff events
  sleepEvs: 0 # Sleep events
  idlePhases: 0 # Phases with no thread active
  idlePeriods: 0 # Periods with no thread active
  occHist: # Occupancy histogram
   0: 0
   1: 6985
  rqSzHist: # Run queue size histogram
   0: 6985
   1: 0
   2: 0
   3: 0
   4: 0
   5: 0
   6: 0
   7: 0
   8: 0
   9: 0
   10: 0
   11: 0
   12: 0
   13: 0
   14: 0
   15: 0
   16: 0
 procCycles: # Per-process unhalted core cycles
  0: 69850577
  1: 0
  2: 0
  3: 0
  4: 0
  5: 0
  6: 0
  7: 0
  8: 0
  9: 0
  10: 0
  11: 0
  12: 0
  13: 0
  14: 0
  15: 0
  16: 0
  17: 0
  18: 0
  19: 0
  20: 0
  21: 0
  22: 0
  23: 0
  24: 0
  25: 0
  26: 0
  27: 0
  28: 0
  29: 0
  30: 0
  31: 0
  32: 0
  33: 0
  34: 0
  35: 0
  36: 0
  37: 0
  38: 0
  39: 0
  40: 0
  41: 0
  42: 0
  43: 0
  44: 0
  45: 0
  46: 0
  47: 0
  48: 0
  49: 0
  50: 0
  51: 0
  52: 0
  53: 0
  54: 0
  55: 0
  56: 0
  57: 0
  58: 0
  59: 0
  60: 0
  61: 0
  62: 0
  63: 0
 procInstrs: # Per-process instructions
  0: 100008314
  1: 0
  2: 0
  3: 0
  4: 0
  5: 0
  6: 0
  7: 0
  8: 0
  9: 0
  10: 0
  11: 0
  12: 0
  13: 0
  14: 0
  15: 0
  16: 0
  17: 0
  18: 0
  19: 0
  20: 0
  21: 0
  22: 0
  23: 0
  24: 0
  25: 0
  26: 0
  27: 0
  28: 0
  29: 0
  30: 0
  31: 0
  32: 0
  33: 0
  34: 0
  35: 0
  36: 0
  37: 0
  38: 0
  39: 0
  40: 0
  41: 0
  42: 0
  43: 0
  44: 0
  45: 0
  46: 0
  47: 0
  48: 0
  49: 0
  50: 0
  51: 0
  52: 0
  53: 0
  54: 0
  55: 0
  56: 0
  57: 0
  58: 0
  59: 0
  60: 0
  61: 0
  62: 0
  63: 0
 heartbeats: # Per-process heartbeats
  0: 0
  1: 0
  2: 0
  3: 0
  4: 0
  5: 0
  6: 0
  7: 0
  8: 0
  9: 0
  10: 0
  11: 0
  12: 0
  13: 0
  14: 0
  15: 0
  16: 0
  17: 0
  18: 0
  19: 0
  20: 0
  21: 0
  22: 0
  23: 0
  24: 0
  25: 0
  26: 0
  27: 0
  28: 0
  29: 0
  30: 0
  31: 0
  32: 0
  33: 0
  34: 0
  35: 0
  36: 0
  37: 0
  38: 0
  39: 0
  40: 0
  41: 0
  42: 0
  43: 0
  44: 0
  45: 0
  46: 0
  47: 0
  48: 0
  49: 0
  50: 0
  51: 0
  52: 0
  53: 0
  54: 0
  55: 0
  56: 0
  57: 0
  58: 0
  59: 0
  60: 0
  61: 0
  62: 0
  63: 0
===
