# zsim stats
===
root: # Stats
 contention: # Contention simulation stats
  domain-0: # Domain stats
   time: 203373416 # Weave simulation time
 time: # Simulator time breakdown
  init: 2757884527919
  bound: 10108379820
  weave: 260250697
  ff: 0
 trigger: 20000 # Reason for this stats dump
 phase: 6402 # Simulated phases
 westmere: # Core stats
  westmere-0: # Core stats
   cycles: 64020783 # Simulated unhalted cycles
   cCycles: 5110126 # Cycles due to contention stalls
   instrs: 100010361 # Simulated instructions
   uops: 142683071 # Retired micro-ops
   bbls: 4785958 # Basic blocks
   approxInstrs: 432 # Instrs with approx uop decoding
   mispredBranches: 23098 # Mispredicted branches
   condBranches: 4718647 # conditional branches
 l1i: # Cache stats
  l1i-0: # Filter cache stats
   fhGETS: 9440455 # Filtered GETS hits
   fhGETX: 0 # Filtered GETX hits
   hGETS: 19991 # GETS hits
   hGETX: 0 # GETX hits
   mGETS: 2535 # GETS misses
   mGETXIM: 0 # GETX I->M misses
   mGETXSM: 0 # GETX S->M misses (upgrade misses)
   PUTS: 0 # Clean evictions (from lower level)
   PUTX: 0 # Dirty evictions (from lower level)
   INV: 919 # Invalidates (from upper level)
   INVX: 0 # Downgrades (from upper level)
   FWD: 0 # Forwards (from upper level)
   latGETnl: 202818 # GET request latency on next level
   latGETnet: 0 # GET request latency on network to next level
 l1d: # Cache stats
  l1d-0: # Filter cache stats
   fhGETS: 27538912 # Filtered GETS hits
   fhGETX: 9099144 # Filtered GETX hits
   hGETS: 15294087 # GETS hits
   hGETX: 5955707 # GETX hits
   mGETS: 244478 # GETS misses
   mGETXIM: 291904 # GETX I->M misses
   mGETXSM: 0 # GETX S->M misses (upgrade misses)
   PUTS: 0 # Clean evictions (from lower level)
   PUTX: 0 # Dirty evictions (from lower level)
   INV: 6701 # Invalidates (from upper level)
   INVX: 0 # Downgrades (from upper level)
   FWD: 0 # Forwards (from upper level)
   latGETnl: 25454694 # GET request latency on next level
   latGETnet: 0 # GET request latency on network to next level
 l2: # Cache stats
  l2-0: # Cache stats
   hGETS: 212721 # GETS hits
   hGETX: 1473 # GETX hits
   mGETS: 34292 # GETS misses
   mGETXIM: 290431 # GETX I->M misses
   mGETXSM: 0 # GETX S->M misses (upgrade misses)
   PUTS: 242914 # Clean evictions (from lower level)
   PUTX: 287513 # Dirty evictions (from lower level)
   INV: 27387 # Invalidates (from upper level)
   INVX: 0 # Downgrades (from upper level)
   FWD: 0 # Forwards (from upper level)
   latGETnl: 20268342 # GET request latency on next level
   latGETnet: 0 # GET request latency on network to next level
 l3: # Cache stats
  l3-0: # Cache stats
   hGETS: 21612 # GETS hits
   hGETX: 164500 # GETX hits
   mGETS: 12680 # GETS misses
   mGETXIM: 125931 # GETX I->M misses
   mGETXSM: 0 # GETX S->M misses (upgrade misses)
   PUTS: 26395 # Clean evictions (from lower level)
   PUTX: 266875 # Dirty evictions (from lower level)
   INV: 0 # Invalidates (from upper level)
   INVX: 0 # Downgrades (from upper level)
   FWD: 0 # Forwards (from upper level)
   latGETnl: 12474990 # GET request latency on next level
   latGETnet: 0 # GET request latency on network to next level
 mem: # Memory controller stats
  mem-0: # Memory controller stats
   rd: 34778 # Read requests
   wr: 24476 # Write requests
   rdlat: 5179128 # Total latency experienced by read requests
   wrlat: 3648233 # Total latency experienced by write requests
   rdhits: 6 # Read row hits
   wrhits: 37 # Write row hits
   mlh: # latency histogram for memory requests
    0: 0
    1: 0
    2: 0
    3: 0
    4: 0
    5: 0
    6: 0
    7: 0
    8: 0
    9: 0
    10: 0
    11: 1
    12: 1
    13: 27634
    14: 2232
    15: 45
    16: 49
    17: 13
    18: 15
    19: 8
    20: 12
    21: 4
    22: 95
    23: 4151
    24: 31
    25: 61
    26: 18
    27: 18
    28: 23
    29: 27
    30: 15
    31: 24
    32: 16
    33: 19
    34: 17
    35: 26
    36: 21
    37: 14
    38: 26
    39: 26
    40: 23
    41: 17
    42: 13
    43: 15
    44: 5
    45: 4
    46: 4
    47: 22
    48: 6
    49: 5
    50: 8
    51: 4
    52: 8
    53: 2
    54: 0
    55: 0
    56: 0
    57: 0
    58: 0
    59: 0
    60: 0
    61: 0
    62: 0
    63: 0
    64: 0
    65: 0
    66: 0
    67: 0
    68: 0
    69: 0
    70: 0
    71: 0
    72: 0
    73: 0
    74: 0
    75: 0
    76: 0
    77: 0
    78: 0
    79: 0
    80: 0
    81: 0
    82: 0
    83: 0
    84: 0
    85: 0
    86: 0
    87: 0
    88: 0
    89: 0
    90: 0
    91: 0
    92: 0
    93: 0
    94: 0
    95: 0
    96: 0
    97: 0
    98: 0
    99: 0
  mem-1: # Memory controller stats
   rd: 34655 # Read requests
   wr: 24202 # Write requests
   rdlat: 5158795 # Total latency experienced by read requests
   wrlat: 3613798 # Total latency experienced by write requests
   rdhits: 4 # Read row hits
   wrhits: 34 # Write row hits
   mlh: # latency histogram for memory requests
    0: 0
    1: 0
    2: 0
    3: 0
    4: 0
    5: 0
    6: 0
    7: 0
    8: 0
    9: 0
    10: 0
    11: 2
    12: 0
    13: 27500
    14: 2266
    15: 44
    16: 41
    17: 18
    18: 13
    19: 27
    20: 19
    21: 21
    22: 87
    23: 4116
    24: 29
    25: 50
    26: 19
    27: 20
    28: 18
    29: 11
    30: 26
    31: 31
    32: 24
    33: 16
    34: 17
    35: 23
    36: 27
    37: 11
    38: 19
    39: 12
    40: 18
    41: 28
    42: 27
    43: 12
    44: 1
    45: 3
    46: 9
    47: 27
    48: 6
    49: 4
    50: 7
    51: 0
    52: 4
    53: 2
    54: 0
    55: 0
    56: 0
    57: 0
    58: 0
    59: 0
    60: 0
    61: 0
    62: 0
    63: 0
    64: 0
    65: 0
    66: 0
    67: 0
    68: 0
    69: 0
    70: 0
    71: 0
    72: 0
    73: 0
    74: 0
    75: 0
    76: 0
    77: 0
    78: 0
    79: 0
    80: 0
    81: 0
    82: 0
    83: 0
    84: 0
    85: 0
    86: 0
    87: 0
    88: 0
    89: 0
    90: 0
    91: 0
    92: 0
    93: 0
    94: 0
    95: 0
    96: 0
    97: 0
    98: 0
    99: 0
  mem-2: # Memory controller stats
   rd: 34490 # Read requests
   wr: 24231 # Write requests
   rdlat: 5121001 # Total latency experienced by read requests
   wrlat: 3612455 # Total latency experienced by write requests
   rdhits: 4 # Read row hits
   wrhits: 41 # Write row hits
   mlh: # latency histogram for memory requests
    0: 0
    1: 0
    2: 0
    3: 0
    4: 0
    5: 0
    6: 0
    7: 0
    8: 0
    9: 0
    10: 0
    11: 0
    12: 0
    13: 27420
    14: 2256
    15: 49
    16: 47
    17: 17
    18: 22
    19: 14
    20: 13
    21: 18
    22: 80
    23: 4100
    24: 21
    25: 60
    26: 22
    27: 9
    28: 22
    29: 26
    30: 29
    31: 15
    32: 14
    33: 18
    34: 18
    35: 25
    36: 28
    37: 8
    38: 13
    39: 17
    40: 17
    41: 15
    42: 15
    43: 13
    44: 4
    45: 2
    46: 8
    47: 17
    48: 3
    49: 2
    50: 2
    51: 4
    52: 3
    53: 4
    54: 0
    55: 0
    56: 0
    57: 0
    58: 0
    59: 0
    60: 0
    61: 0
    62: 0
    63: 0
    64: 0
    65: 0
    66: 0
    67: 0
    68: 0
    69: 0
    70: 0
    71: 0
    72: 0
    73: 0
    74: 0
    75: 0
    76: 0
    77: 0
    78: 0
    79: 0
    80: 0
    81: 0
    82: 0
    83: 0
    84: 0
    85: 0
    86: 0
    87: 0
    88: 0
    89: 0
    90: 0
    91: 0
    92: 0
    93: 0
    94: 0
    95: 0
    96: 0
    97: 0
    98: 0
    99: 0
  mem-3: # Memory controller stats
   rd: 34688 # Read requests
   wr: 24375 # Write requests
   rdlat: 5164019 # Total latency experienced by read requests
   wrlat: 3633188 # Total latency experienced by write requests
   rdhits: 8 # Read row hits
   wrhits: 46 # Write row hits
   mlh: # latency histogram for memory requests
    0: 0
    1: 0
    2: 0
    3: 0
    4: 0
    5: 0
    6: 0
    7: 0
    8: 0
    9: 0
    10: 0
    11: 0
    12: 1
    13: 27513
    14: 2252
    15: 46
    16: 51
    17: 21
    18: 14
    19: 13
    20: 20
    21: 12
    22: 90
    23: 4135
    24: 34
    25: 58
    26: 24
    27: 25
    28: 31
    29: 17
    30: 25
    31: 24
    32: 21
    33: 21
    34: 17
    35: 12
    36: 16
    37: 23
    38: 27
    39: 23
    40: 14
    41: 16
    42: 25
    43: 8
    44: 5
    45: 2
    46: 5
    47: 24
    48: 8
    49: 2
    50: 4
    51: 1
    52: 7
    53: 1
    54: 0
    55: 0
    56: 0
    57: 0
    58: 0
    59: 0
    60: 0
    61: 0
    62: 0
    63: 0
    64: 0
    65: 0
    66: 0
    67: 0
    68: 0
    69: 0
    70: 0
    71: 0
    72: 0
    73: 0
    74: 0
    75: 0
    76: 0
    77: 0
    78: 0
    79: 0
    80: 0
    81: 0
    82: 0
    83: 0
    84: 0
    85: 0
    86: 0
    87: 0
    88: 0
    89: 0
    90: 0
    91: 0
    92: 0
    93: 0
    94: 0
    95: 0
    96: 0
    97: 0
    98: 0
    99: 0
 sched: # Scheduler stats
  thCr: 1 # Threads created
  thFn: 1 # Threads finished
  schedEvs: 1 # Schedule events
  waitEvs: 0 # Wait events
  handoffEvs: 0 # Handoff events
  sleepEvs: 0 # Sleep events
  idlePhases: 0 # Phases with no thread active
  idlePeriods: 0 # Periods with no thread active
  occHist: # Occupancy histogram
   0: 0
   1: 6402
  rqSzHist: # Run queue size histogram
   0: 6402
   1: 0
   2: 0
   3: 0
   4: 0
   5: 0
   6: 0
   7: 0
   8: 0
   9: 0
   10: 0
   11: 0
   12: 0
   13: 0
   14: 0
   15: 0
   16: 0
 procCycles: # Per-process unhalted core cycles
  0: 64020783
  1: 0
  2: 0
  3: 0
  4: 0
  5: 0
  6: 0
  7: 0
  8: 0
  9: 0
  10: 0
  11: 0
  12: 0
  13: 0
  14: 0
  15: 0
  16: 0
  17: 0
  18: 0
  19: 0
  20: 0
  21: 0
  22: 0
  23: 0
  24: 0
  25: 0
  26: 0
  27: 0
  28: 0
  29: 0
  30: 0
  31: 0
  32: 0
  33: 0
  34: 0
  35: 0
  36: 0
  37: 0
  38: 0
  39: 0
  40: 0
  41: 0
  42: 0
  43: 0
  44: 0
  45: 0
  46: 0
  47: 0
  48: 0
  49: 0
  50: 0
  51: 0
  52: 0
  53: 0
  54: 0
  55: 0
  56: 0
  57: 0
  58: 0
  59: 0
  60: 0
  61: 0
  62: 0
  63: 0
 procInstrs: # Per-process instructions
  0: 100010361
  1: 0
  2: 0
  3: 0
  4: 0
  5: 0
  6: 0
  7: 0
  8: 0
  9: 0
  10: 0
  11: 0
  12: 0
  13: 0
  14: 0
  15: 0
  16: 0
  17: 0
  18: 0
  19: 0
  20: 0
  21: 0
  22: 0
  23: 0
  24: 0
  25: 0
  26: 0
  27: 0
  28: 0
  29: 0
  30: 0
  31: 0
  32: 0
  33: 0
  34: 0
  35: 0
  36: 0
  37: 0
  38: 0
  39: 0
  40: 0
  41: 0
  42: 0
  43: 0
  44: 0
  45: 0
  46: 0
  47: 0
  48: 0
  49: 0
  50: 0
  51: 0
  52: 0
  53: 0
  54: 0
  55: 0
  56: 0
  57: 0
  58: 0
  59: 0
  60: 0
  61: 0
  62: 0
  63: 0
 heartbeats: # Per-process heartbeats
  0: 0
  1: 0
  2: 0
  3: 0
  4: 0
  5: 0
  6: 0
  7: 0
  8: 0
  9: 0
  10: 0
  11: 0
  12: 0
  13: 0
  14: 0
  15: 0
  16: 0
  17: 0
  18: 0
  19: 0
  20: 0
  21: 0
  22: 0
  23: 0
  24: 0
  25: 0
  26: 0
  27: 0
  28: 0
  29: 0
  30: 0
  31: 0
  32: 0
  33: 0
  34: 0
  35: 0
  36: 0
  37: 0
  38: 0
  39: 0
  40: 0
  41: 0
  42: 0
  43: 0
  44: 0
  45: 0
  46: 0
  47: 0
  48: 0
  49: 0
  50: 0
  51: 0
  52: 0
  53: 0
  54: 0
  55: 0
  56: 0
  57: 0
  58: 0
  59: 0
  60: 0
  61: 0
  62: 0
  63: 0
===
